{"D:\\agora vai\\backend\\src\\app.ts": {"path":"D:\\agora vai\\backend\\src\\app.ts","statementMap":{"0":{"start":{"line":1,"column":0},"end":{"line":1,"column":30}},"1":{"start":{"line":2,"column":0},"end":{"line":2,"column":28}},"2":{"start":{"line":3,"column":0},"end":{"line":3,"column":28}},"3":{"start":{"line":4,"column":0},"end":{"line":4,"column":43}},"4":{"start":{"line":5,"column":0},"end":{"line":5,"column":33}},"5":{"start":{"line":6,"column":0},"end":{"line":6,"column":44}},"6":{"start":{"line":7,"column":0},"end":{"line":7,"column":29}},"7":{"start":{"line":8,"column":0},"end":{"line":8,"column":43}},"8":{"start":{"line":9,"column":0},"end":{"line":9,"column":72}},"9":{"start":{"line":10,"column":0},"end":{"line":10,"column":68}},"10":{"start":{"line":11,"column":0},"end":{"line":11,"column":65}},"11":{"start":{"line":12,"column":0},"end":{"line":12,"column":72}},"12":{"start":{"line":13,"column":0},"end":{"line":13,"column":94}},"13":{"start":{"line":14,"column":0},"end":{"line":14,"column":86}},"14":{"start":{"line":16,"column":0},"end":{"line":16,"column":16}},"15":{"start":{"line":18,"column":12},"end":{"line":18,"column":21}},"16":{"start":{"line":21,"column":0},"end":{"line":21,"column":16}},"17":{"start":{"line":24,"column":0},"end":{"line":24,"column":29}},"18":{"start":{"line":27,"column":0},"end":{"line":27,"column":41}},"19":{"start":{"line":30,"column":0},"end":{"line":30,"column":21}},"20":{"start":{"line":33,"column":0},"end":{"line":33,"column":18}},"21":{"start":{"line":35,"column":0},"end":{"line":47,"column":3}},"22":{"start":{"line":37,"column":2},"end":{"line":37,"column":292}},"23":{"start":{"line":38,"column":2},"end":{"line":38,"column":53}},"24":{"start":{"line":39,"column":2},"end":{"line":39,"column":43}},"25":{"start":{"line":40,"column":2},"end":{"line":40,"column":70}},"26":{"start":{"line":41,"column":2},"end":{"line":41,"column":94}},"27":{"start":{"line":43,"column":2},"end":{"line":45,"column":3}},"28":{"start":{"line":44,"column":4},"end":{"line":44,"column":95}},"29":{"start":{"line":46,"column":2},"end":{"line":46,"column":9}},"30":{"start":{"line":49,"column":0},"end":{"line":49,"column":23}},"31":{"start":{"line":51,"column":0},"end":{"line":56,"column":2}},"32":{"start":{"line":59,"column":0},"end":{"line":59,"column":38}},"33":{"start":{"line":62,"column":0},"end":{"line":62,"column":78}},"34":{"start":{"line":62,"column":38},"end":{"line":62,"column":76}},"35":{"start":{"line":65,"column":0},"end":{"line":71,"column":3}},"36":{"start":{"line":66,"column":2},"end":{"line":70,"column":5}},"37":{"start":{"line":74,"column":0},"end":{"line":83,"column":1}},"38":{"start":{"line":75,"column":15},"end":{"line":75,"column":30}},"39":{"start":{"line":76,"column":2},"end":{"line":76,"column":61}},"40":{"start":{"line":77,"column":2},"end":{"line":79,"column":5}},"41":{"start":{"line":78,"column":4},"end":{"line":78,"column":73}},"42":{"start":{"line":80,"column":2},"end":{"line":82,"column":5}},"43":{"start":{"line":81,"column":4},"end":{"line":81,"column":70}},"44":{"start":{"line":87,"column":0},"end":{"line":87,"column":70}},"45":{"start":{"line":88,"column":0},"end":{"line":88,"column":48}},"46":{"start":{"line":91,"column":0},"end":{"line":91,"column":78}},"47":{"start":{"line":92,"column":0},"end":{"line":92,"column":37}},"48":{"start":{"line":95,"column":0},"end":{"line":95,"column":31}},"49":{"start":{"line":96,"column":0},"end":{"line":96,"column":26}},"50":{"start":{"line":97,"column":0},"end":{"line":97,"column":23}},"51":{"start":{"line":100,"column":0},"end":{"line":100,"column":32}},"52":{"start":{"line":101,"column":0},"end":{"line":101,"column":34}},"53":{"start":{"line":104,"column":0},"end":{"line":104,"column":37}},"54":{"start":{"line":107,"column":0},"end":{"line":107,"column":102}},"55":{"start":{"line":108,"column":0},"end":{"line":108,"column":81}},"56":{"start":{"line":111,"column":0},"end":{"line":111,"column":47}},"57":{"start":{"line":112,"column":0},"end":{"line":129,"column":3}},"58":{"start":{"line":113,"column":17},"end":{"line":113,"column":35}},"59":{"start":{"line":114,"column":2},"end":{"line":122,"column":3}},"60":{"start":{"line":115,"column":4},"end":{"line":115,"column":54}},"61":{"start":{"line":116,"column":4},"end":{"line":116,"column":59}},"62":{"start":{"line":117,"column":4},"end":{"line":117,"column":78}},"63":{"start":{"line":118,"column":5},"end":{"line":121,"column":7}},"64":{"start":{"line":123,"column":2},"end":{"line":128,"column":5}},"65":{"start":{"line":132,"column":0},"end":{"line":132,"column":30}},"66":{"start":{"line":136,"column":0},"end":{"line":136,"column":37}},"67":{"start":{"line":138,"column":0},"end":{"line":156,"column":3}},"68":{"start":{"line":139,"column":17},"end":{"line":139,"column":35}},"69":{"start":{"line":140,"column":2},"end":{"line":148,"column":3}},"70":{"start":{"line":141,"column":4},"end":{"line":141,"column":54}},"71":{"start":{"line":142,"column":4},"end":{"line":142,"column":59}},"72":{"start":{"line":143,"column":4},"end":{"line":143,"column":78}},"73":{"start":{"line":144,"column":5},"end":{"line":147,"column":7}},"74":{"start":{"line":149,"column":2},"end":{"line":149,"column":42}},"75":{"start":{"line":150,"column":2},"end":{"line":155,"column":5}},"76":{"start":{"line":158,"column":0},"end":{"line":158,"column":19}}},"fnMap":{"0":{"name":"(anonymous_10)","decl":{"start":{"line":35,"column":8},"end":{"line":35,"column":9}},"loc":{"start":{"line":35,"column":27},"end":{"line":47,"column":1}}},"1":{"name":"(anonymous_11)","decl":{"start":{"line":62,"column":24},"end":{"line":62,"column":25}},"loc":{"start":{"line":62,"column":38},"end":{"line":62,"column":76}}},"2":{"name":"(anonymous_12)","decl":{"start":{"line":65,"column":13},"end":{"line":65,"column":14}},"loc":{"start":{"line":65,"column":26},"end":{"line":71,"column":1}}},"3":{"name":"(anonymous_13)","decl":{"start":{"line":77,"column":35},"end":{"line":77,"column":36}},"loc":{"start":{"line":77,"column":48},"end":{"line":79,"column":3}}},"4":{"name":"(anonymous_14)","decl":{"start":{"line":80,"column":32},"end":{"line":80,"column":33}},"loc":{"start":{"line":80,"column":45},"end":{"line":82,"column":3}}},"5":{"name":"(anonymous_15)","decl":{"start":{"line":112,"column":8},"end":{"line":112,"column":9}},"loc":{"start":{"line":112,"column":21},"end":{"line":129,"column":1}}},"6":{"name":"(anonymous_16)","decl":{"start":{"line":138,"column":8},"end":{"line":138,"column":9}},"loc":{"start":{"line":138,"column":71},"end":{"line":156,"column":1}}}},"branchMap":{"0":{"loc":{"start":{"line":43,"column":2},"end":{"line":45,"column":3}},"type":"if","locations":[{"start":{"line":43,"column":2},"end":{"line":45,"column":3}},{"start":{},"end":{}}]},"1":{"loc":{"start":{"line":53,"column":14},"end":{"line":53,"column":72}},"type":"binary-expr","locations":[{"start":{"line":53,"column":14},"end":{"line":53,"column":54}},{"start":{"line":53,"column":58},"end":{"line":53,"column":72}}]},"2":{"loc":{"start":{"line":54,"column":9},"end":{"line":54,"column":59}},"type":"binary-expr","locations":[{"start":{"line":54,"column":9},"end":{"line":54,"column":52}},{"start":{"line":54,"column":56},"end":{"line":54,"column":59}}]},"3":{"loc":{"start":{"line":74,"column":0},"end":{"line":83,"column":1}},"type":"if","locations":[{"start":{"line":74,"column":0},"end":{"line":83,"column":1}},{"start":{},"end":{}}]},"4":{"loc":{"start":{"line":87,"column":30},"end":{"line":87,"column":65}},"type":"binary-expr","locations":[{"start":{"line":87,"column":30},"end":{"line":87,"column":55}},{"start":{"line":87,"column":59},"end":{"line":87,"column":65}}]},"5":{"loc":{"start":{"line":114,"column":2},"end":{"line":122,"column":3}},"type":"if","locations":[{"start":{"line":114,"column":2},"end":{"line":122,"column":3}},{"start":{},"end":{}}]},"6":{"loc":{"start":{"line":114,"column":6},"end":{"line":114,"column":47}},"type":"binary-expr","locations":[{"start":{"line":114,"column":6},"end":{"line":114,"column":12}},{"start":{"line":114,"column":16},"end":{"line":114,"column":47}}]},"7":{"loc":{"start":{"line":140,"column":2},"end":{"line":148,"column":3}},"type":"if","locations":[{"start":{"line":140,"column":2},"end":{"line":148,"column":3}},{"start":{},"end":{}}]},"8":{"loc":{"start":{"line":140,"column":6},"end":{"line":140,"column":47}},"type":"binary-expr","locations":[{"start":{"line":140,"column":6},"end":{"line":140,"column":12}},{"start":{"line":140,"column":16},"end":{"line":140,"column":47}}]},"9":{"loc":{"start":{"line":152,"column":11},"end":{"line":152,"column":40}},"type":"binary-expr","locations":[{"start":{"line":152,"column":11},"end":{"line":152,"column":22}},{"start":{"line":152,"column":26},"end":{"line":152,"column":40}}]}},"s":{"0":12,"1":12,"2":12,"3":12,"4":12,"5":12,"6":12,"7":12,"8":12,"9":12,"10":12,"11":12,"12":12,"13":12,"14":12,"15":12,"16":12,"17":12,"18":12,"19":12,"20":12,"21":12,"22":22,"23":22,"24":22,"25":22,"26":22,"27":22,"28":0,"29":22,"30":12,"31":12,"32":12,"33":12,"34":0,"35":12,"36":0,"37":12,"38":0,"39":0,"40":0,"41":0,"42":0,"43":0,"44":12,"45":12,"46":12,"47":12,"48":12,"49":12,"50":12,"51":12,"52":12,"53":12,"54":12,"55":12,"56":12,"57":12,"58":0,"59":0,"60":0,"61":0,"62":0,"63":0,"64":0,"65":12,"66":12,"67":12,"68":11,"69":11,"70":0,"71":0,"72":0,"73":0,"74":11,"75":11,"76":12},"f":{"0":22,"1":0,"2":0,"3":0,"4":0,"5":0,"6":11},"b":{"0":[0,22],"1":[12,0],"2":[12,0],"3":[0,12],"4":[12,0],"5":[0,0],"6":[0,0],"7":[0,11],"8":[11,0],"9":[11,0]}}
,"D:\\agora vai\\backend\\src\\api\\v1.ts": {"path":"D:\\agora vai\\backend\\src\\api\\v1.ts","statementMap":{"0":{"start":{"line":1,"column":0},"end":{"line":1,"column":33}},"1":{"start":{"line":2,"column":0},"end":{"line":2,"column":31}},"2":{"start":{"line":4,"column":14},"end":{"line":4,"column":22}},"3":{"start":{"line":6,"column":0},"end":{"line":6,"column":23}},"4":{"start":{"line":8,"column":0},"end":{"line":8,"column":21}}},"fnMap":{},"branchMap":{},"s":{"0":12,"1":12,"2":12,"3":12,"4":12},"f":{},"b":{}}
,"D:\\agora vai\\backend\\src\\config\\asyncContext.ts": {"path":"D:\\agora vai\\backend\\src\\config\\asyncContext.ts","statementMap":{"0":{"start":{"line":16,"column":0},"end":{"line":16,"column":16}},"1":{"start":{"line":1,"column":0},"end":{"line":1,"column":48}},"2":{"start":{"line":14,"column":13},"end":{"line":14,"column":63}},"3":{"start":{"line":17,"column":16},"end":{"line":17,"column":34}},"4":{"start":{"line":18,"column":2},"end":{"line":18,"column":26}}},"fnMap":{"0":{"name":"getRequestId","decl":{"start":{"line":16,"column":16},"end":{"line":16,"column":28}},"loc":{"start":{"line":16,"column":28},"end":{"line":19,"column":1}}}},"branchMap":{},"s":{"0":28,"1":28,"2":28,"3":97,"4":97},"f":{"0":97},"b":{}}
,"D:\\agora vai\\backend\\src\\config\\cloudinary.ts": {"path":"D:\\agora vai\\backend\\src\\config\\cloudinary.ts","statementMap":{"0":{"start":{"line":1,"column":0},"end":{"line":1,"column":46}},"1":{"start":{"line":2,"column":0},"end":{"line":2,"column":33}},"2":{"start":{"line":3,"column":0},"end":{"line":3,"column":30}},"3":{"start":{"line":6,"column":0},"end":{"line":6,"column":16}},"4":{"start":{"line":8,"column":18},"end":{"line":8,"column":66}},"5":{"start":{"line":9,"column":15},"end":{"line":9,"column":60}},"6":{"start":{"line":10,"column":18},"end":{"line":10,"column":66}},"7":{"start":{"line":12,"column":0},"end":{"line":14,"column":1}},"8":{"start":{"line":13,"column":2},"end":{"line":13,"column":137}},"9":{"start":{"line":16,"column":0},"end":{"line":20,"column":3}},"10":{"start":{"line":22,"column":0},"end":{"line":22,"column":26}}},"fnMap":{},"branchMap":{"0":{"loc":{"start":{"line":8,"column":19},"end":{"line":8,"column":58}},"type":"binary-expr","locations":[{"start":{"line":8,"column":19},"end":{"line":8,"column":52}},{"start":{"line":8,"column":56},"end":{"line":8,"column":58}}]},"1":{"loc":{"start":{"line":9,"column":16},"end":{"line":9,"column":52}},"type":"binary-expr","locations":[{"start":{"line":9,"column":16},"end":{"line":9,"column":46}},{"start":{"line":9,"column":50},"end":{"line":9,"column":52}}]},"2":{"loc":{"start":{"line":10,"column":19},"end":{"line":10,"column":58}},"type":"binary-expr","locations":[{"start":{"line":10,"column":19},"end":{"line":10,"column":52}},{"start":{"line":10,"column":56},"end":{"line":10,"column":58}}]},"3":{"loc":{"start":{"line":12,"column":0},"end":{"line":14,"column":1}},"type":"if","locations":[{"start":{"line":12,"column":0},"end":{"line":14,"column":1}},{"start":{},"end":{}}]},"4":{"loc":{"start":{"line":12,"column":4},"end":{"line":12,"column":39}},"type":"binary-expr","locations":[{"start":{"line":12,"column":4},"end":{"line":12,"column":14}},{"start":{"line":12,"column":18},"end":{"line":12,"column":25}},{"start":{"line":12,"column":29},"end":{"line":12,"column":39}}]}},"s":{"0":13,"1":13,"2":13,"3":13,"4":13,"5":13,"6":13,"7":13,"8":0,"9":13,"10":13},"f":{},"b":{"0":[13,0],"1":[13,0],"2":[13,0],"3":[0,13],"4":[13,13,13]}}
,"D:\\agora vai\\backend\\src\\config\\cors.ts": {"path":"D:\\agora vai\\backend\\src\\config\\cors.ts","statementMap":{"0":{"start":{"line":23,"column":0},"end":{"line":23,"column":16}},"1":{"start":{"line":6,"column":23},"end":{"line":6,"column":98}},"2":{"start":{"line":9,"column":26},"end":{"line":12,"column":2}},"3":{"start":{"line":14,"column":13},"end":{"line":21,"column":23}},"4":{"start":{"line":19,"column":18},"end":{"line":19,"column":28}},"5":{"start":{"line":20,"column":21},"end":{"line":20,"column":93}},"6":{"start":{"line":21,"column":18},"end":{"line":21,"column":21}},"7":{"start":{"line":24,"column":17},"end":{"line":24,"column":35}},"8":{"start":{"line":25,"column":23},"end":{"line":25,"column":60}},"9":{"start":{"line":28,"column":2},"end":{"line":36,"column":3}},"10":{"start":{"line":29,"column":4},"end":{"line":29,"column":54}},"11":{"start":{"line":30,"column":9},"end":{"line":36,"column":3}},"12":{"start":{"line":31,"column":4},"end":{"line":31,"column":54}},"13":{"start":{"line":32,"column":9},"end":{"line":36,"column":3}},"14":{"start":{"line":34,"column":19},"end":{"line":34,"column":46}},"15":{"start":{"line":35,"column":4},"end":{"line":35,"column":84}},"16":{"start":{"line":39,"column":2},"end":{"line":39,"column":82}},"17":{"start":{"line":40,"column":2},"end":{"line":43,"column":4}},"18":{"start":{"line":44,"column":2},"end":{"line":44,"column":57}},"19":{"start":{"line":45,"column":2},"end":{"line":45,"column":31}},"20":{"start":{"line":48,"column":2},"end":{"line":50,"column":3}},"21":{"start":{"line":49,"column":4},"end":{"line":49,"column":33}},"22":{"start":{"line":52,"column":2},"end":{"line":52,"column":9}}},"fnMap":{"0":{"name":"(anonymous_0)","decl":{"start":{"line":19,"column":9},"end":{"line":19,"column":10}},"loc":{"start":{"line":19,"column":18},"end":{"line":19,"column":28}}},"1":{"name":"(anonymous_1)","decl":{"start":{"line":20,"column":12},"end":{"line":20,"column":13}},"loc":{"start":{"line":20,"column":21},"end":{"line":20,"column":93}}},"2":{"name":"(anonymous_2)","decl":{"start":{"line":21,"column":9},"end":{"line":21,"column":10}},"loc":{"start":{"line":21,"column":18},"end":{"line":21,"column":21}}},"3":{"name":"dynamicCors","decl":{"start":{"line":23,"column":16},"end":{"line":23,"column":27}},"loc":{"start":{"line":23,"column":75},"end":{"line":53,"column":1}}}},"branchMap":{"0":{"loc":{"start":{"line":17,"column":7},"end":{"line":17,"column":37}},"type":"binary-expr","locations":[{"start":{"line":17,"column":7},"end":{"line":17,"column":31}},{"start":{"line":17,"column":35},"end":{"line":17,"column":37}}]},"1":{"loc":{"start":{"line":20,"column":21},"end":{"line":20,"column":93}},"type":"binary-expr","locations":[{"start":{"line":20,"column":21},"end":{"line":20,"column":24}},{"start":{"line":20,"column":28},"end":{"line":20,"column":57}},{"start":{"line":20,"column":61},"end":{"line":20,"column":93}}]},"2":{"loc":{"start":{"line":28,"column":2},"end":{"line":36,"column":3}},"type":"if","locations":[{"start":{"line":28,"column":2},"end":{"line":36,"column":3}},{"start":{"line":30,"column":9},"end":{"line":36,"column":3}}]},"3":{"loc":{"start":{"line":28,"column":6},"end":{"line":28,"column":61}},"type":"binary-expr","locations":[{"start":{"line":28,"column":6},"end":{"line":28,"column":19}},{"start":{"line":28,"column":23},"end":{"line":28,"column":29}},{"start":{"line":28,"column":33},"end":{"line":28,"column":61}}]},"4":{"loc":{"start":{"line":30,"column":9},"end":{"line":36,"column":3}},"type":"if","locations":[{"start":{"line":30,"column":9},"end":{"line":36,"column":3}},{"start":{"line":32,"column":9},"end":{"line":36,"column":3}}]},"5":{"loc":{"start":{"line":30,"column":13},"end":{"line":30,"column":54}},"type":"binary-expr","locations":[{"start":{"line":30,"column":13},"end":{"line":30,"column":19}},{"start":{"line":30,"column":23},"end":{"line":30,"column":54}}]},"6":{"loc":{"start":{"line":32,"column":9},"end":{"line":36,"column":3}},"type":"if","locations":[{"start":{"line":32,"column":9},"end":{"line":36,"column":3}},{"start":{},"end":{}}]},"7":{"loc":{"start":{"line":32,"column":13},"end":{"line":32,"column":35}},"type":"binary-expr","locations":[{"start":{"line":32,"column":13},"end":{"line":32,"column":25}},{"start":{"line":32,"column":29},"end":{"line":32,"column":35}}]},"8":{"loc":{"start":{"line":48,"column":2},"end":{"line":50,"column":3}},"type":"if","locations":[{"start":{"line":48,"column":2},"end":{"line":50,"column":3}},{"start":{},"end":{}}]}},"s":{"0":12,"1":12,"2":12,"3":12,"4":16,"5":16,"6":60,"7":22,"8":22,"9":22,"10":0,"11":22,"12":0,"13":22,"14":0,"15":0,"16":22,"17":22,"18":22,"19":22,"20":22,"21":0,"22":22},"f":{"0":16,"1":16,"2":60,"3":22},"b":{"0":[12,10],"1":[16,6,0],"2":[0,22],"3":[22,22,0],"4":[0,22],"5":[22,0],"6":[0,22],"7":[22,0],"8":[0,22]}}
,"D:\\agora vai\\backend\\src\\config\\database.ts": {"path":"D:\\agora vai\\backend\\src\\config\\database.ts","statementMap":{"0":{"start":{"line":1,"column":0},"end":{"line":1,"column":46}},"1":{"start":{"line":2,"column":0},"end":{"line":2,"column":46}},"2":{"start":{"line":3,"column":0},"end":{"line":3,"column":26}},"3":{"start":{"line":4,"column":0},"end":{"line":4,"column":33}},"4":{"start":{"line":5,"column":0},"end":{"line":5,"column":30}},"5":{"start":{"line":8,"column":0},"end":{"line":8,"column":16}},"6":{"start":{"line":10,"column":25},"end":{"line":10,"column":54}},"7":{"start":{"line":11,"column":13},"end":{"line":11,"column":43}},"8":{"start":{"line":12,"column":16},"end":{"line":12,"column":34}},"9":{"start":{"line":21,"column":0},"end":{"line":34,"column":1}},"10":{"start":{"line":22,"column":2},"end":{"line":25,"column":5}},"11":{"start":{"line":27,"column":2},"end":{"line":32,"column":3}},"12":{"start":{"line":28,"column":4},"end":{"line":31,"column":7}},"13":{"start":{"line":33,"column":2},"end":{"line":33,"column":27}},"14":{"start":{"line":37,"column":0},"end":{"line":42,"column":3}},"15":{"start":{"line":38,"column":2},"end":{"line":38,"column":79}},"16":{"start":{"line":39,"column":2},"end":{"line":41,"column":3}},"17":{"start":{"line":40,"column":4},"end":{"line":40,"column":20}},"18":{"start":{"line":44,"column":0},"end":{"line":46,"column":3}},"19":{"start":{"line":45,"column":2},"end":{"line":45,"column":29}},"20":{"start":{"line":49,"column":0},"end":{"line":49,"column":22}}},"fnMap":{"0":{"name":"(anonymous_10)","decl":{"start":{"line":37,"column":24},"end":{"line":37,"column":25}},"loc":{"start":{"line":37,"column":34},"end":{"line":42,"column":1}}},"1":{"name":"(anonymous_11)","decl":{"start":{"line":44,"column":25},"end":{"line":44,"column":30}},"loc":{"start":{"line":44,"column":36},"end":{"line":46,"column":1}}}},"branchMap":{"0":{"loc":{"start":{"line":21,"column":0},"end":{"line":34,"column":1}},"type":"if","locations":[{"start":{"line":21,"column":0},"end":{"line":34,"column":1}},{"start":{"line":26,"column":7},"end":{"line":34,"column":1}}]},"1":{"loc":{"start":{"line":27,"column":2},"end":{"line":32,"column":3}},"type":"if","locations":[{"start":{"line":27,"column":2},"end":{"line":32,"column":3}},{"start":{},"end":{}}]},"2":{"loc":{"start":{"line":39,"column":2},"end":{"line":41,"column":3}},"type":"if","locations":[{"start":{"line":39,"column":2},"end":{"line":41,"column":3}},{"start":{},"end":{}}]}},"s":{"0":18,"1":18,"2":18,"3":18,"4":18,"5":18,"6":18,"7":18,"8":18,"9":18,"10":0,"11":18,"12":18,"13":18,"14":18,"15":0,"16":0,"17":0,"18":18,"19":0,"20":18},"f":{"0":0,"1":0},"b":{"0":[0,18],"1":[18,0],"2":[0,0]}}
,"D:\\agora vai\\backend\\src\\config\\ensureAdmin.ts": {"path":"D:\\agora vai\\backend\\src\\config\\ensureAdmin.ts","statementMap":{"0":{"start":{"line":3,"column":0},"end":{"line":3,"column":16}},"1":{"start":{"line":4,"column":2},"end":{"line":6,"column":3}},"2":{"start":{"line":5,"column":4},"end":{"line":5,"column":63}},"3":{"start":{"line":7,"column":2},"end":{"line":7,"column":16}}},"fnMap":{"0":{"name":"ensureAdmin","decl":{"start":{"line":3,"column":16},"end":{"line":3,"column":27}},"loc":{"start":{"line":3,"column":75},"end":{"line":8,"column":1}}}},"branchMap":{"0":{"loc":{"start":{"line":4,"column":2},"end":{"line":6,"column":3}},"type":"if","locations":[{"start":{"line":4,"column":2},"end":{"line":6,"column":3}},{"start":{},"end":{}}]}},"s":{"0":12,"1":0,"2":0,"3":0},"f":{"0":0},"b":{"0":[0,0]}}
,"D:\\agora vai\\backend\\src\\config\\environment.ts": {"path":"D:\\agora vai\\backend\\src\\config\\environment.ts","statementMap":{"0":{"start":{"line":86,"column":0},"end":{"line":86,"column":16}},"1":{"start":{"line":2,"column":0},"end":{"line":2,"column":30}},"2":{"start":{"line":5,"column":2},"end":{"line":16,"column":3}},"3":{"start":{"line":7,"column":4},"end":{"line":10,"column":5}},"4":{"start":{"line":8,"column":6},"end":{"line":8,"column":80}},"5":{"start":{"line":9,"column":6},"end":{"line":9,"column":22}},"6":{"start":{"line":13,"column":22},"end":{"line":13,"column":71}},"7":{"start":{"line":14,"column":4},"end":{"line":14,"column":115}},"8":{"start":{"line":15,"column":4},"end":{"line":15,"column":21}},"9":{"start":{"line":17,"column":2},"end":{"line":17,"column":15}},"10":{"start":{"line":20,"column":13},"end":{"line":42,"column":2}},"11":{"start":{"line":46,"column":28},"end":{"line":46,"column":30}},"12":{"start":{"line":47,"column":36},"end":{"line":47,"column":38}},"13":{"start":{"line":50,"column":2},"end":{"line":50,"column":64}},"14":{"start":{"line":50,"column":27},"end":{"line":50,"column":64}},"15":{"start":{"line":51,"column":2},"end":{"line":51,"column":60}},"16":{"start":{"line":51,"column":25},"end":{"line":51,"column":60}},"17":{"start":{"line":54,"column":19},"end":{"line":54,"column":48}},"18":{"start":{"line":55,"column":2},"end":{"line":59,"column":3}},"19":{"start":{"line":56,"column":4},"end":{"line":58,"column":5}},"20":{"start":{"line":57,"column":6},"end":{"line":57,"column":96}},"21":{"start":{"line":62,"column":2},"end":{"line":64,"column":3}},"22":{"start":{"line":63,"column":4},"end":{"line":63,"column":70}},"23":{"start":{"line":65,"column":2},"end":{"line":67,"column":3}},"24":{"start":{"line":66,"column":4},"end":{"line":66,"column":62}},"25":{"start":{"line":69,"column":2},"end":{"line":72,"column":3}},"26":{"start":{"line":70,"column":4},"end":{"line":70,"column":93}},"27":{"start":{"line":71,"column":4},"end":{"line":71,"column":20}},"28":{"start":{"line":74,"column":2},"end":{"line":76,"column":3}},"29":{"start":{"line":75,"column":4},"end":{"line":75,"column":80}},"30":{"start":{"line":78,"column":2},"end":{"line":80,"column":3}},"31":{"start":{"line":79,"column":4},"end":{"line":79,"column":104}},"32":{"start":{"line":83,"column":0},"end":{"line":83,"column":19}},"33":{"start":{"line":87,"column":17},"end":{"line":87,"column":34}},"34":{"start":{"line":88,"column":23},"end":{"line":88,"column":47}},"35":{"start":{"line":90,"column":2},"end":{"line":119,"column":3}},"36":{"start":{"line":92,"column":16},"end":{"line":102,"column":6}},"37":{"start":{"line":105,"column":17},"end":{"line":110,"column":6}},"38":{"start":{"line":112,"column":4},"end":{"line":115,"column":6}},"39":{"start":{"line":117,"column":4},"end":{"line":117,"column":162}},"40":{"start":{"line":118,"column":4},"end":{"line":118,"column":16}}},"fnMap":{"0":{"name":"required","decl":{"start":{"line":4,"column":9},"end":{"line":4,"column":17}},"loc":{"start":{"line":4,"column":57},"end":{"line":18,"column":1}}},"1":{"name":"validateCritical","decl":{"start":{"line":45,"column":9},"end":{"line":45,"column":25}},"loc":{"start":{"line":45,"column":25},"end":{"line":81,"column":1}}},"2":{"name":"generateSelfSignedCert","decl":{"start":{"line":86,"column":16},"end":{"line":86,"column":38}},"loc":{"start":{"line":86,"column":38},"end":{"line":120,"column":1}}}},"branchMap":{"0":{"loc":{"start":{"line":5,"column":2},"end":{"line":16,"column":3}},"type":"if","locations":[{"start":{"line":5,"column":2},"end":{"line":16,"column":3}},{"start":{},"end":{}}]},"1":{"loc":{"start":{"line":7,"column":4},"end":{"line":10,"column":5}},"type":"if","locations":[{"start":{"line":7,"column":4},"end":{"line":10,"column":5}},{"start":{},"end":{}}]},"2":{"loc":{"start":{"line":24,"column":15},"end":{"line":24,"column":61}},"type":"binary-expr","locations":[{"start":{"line":24,"column":15},"end":{"line":24,"column":48}},{"start":{"line":24,"column":52},"end":{"line":24,"column":61}}]},"3":{"loc":{"start":{"line":25,"column":12},"end":{"line":25,"column":55}},"type":"binary-expr","locations":[{"start":{"line":25,"column":12},"end":{"line":25,"column":42}},{"start":{"line":25,"column":46},"end":{"line":25,"column":55}}]},"4":{"loc":{"start":{"line":26,"column":15},"end":{"line":26,"column":61}},"type":"binary-expr","locations":[{"start":{"line":26,"column":15},"end":{"line":26,"column":48}},{"start":{"line":26,"column":52},"end":{"line":26,"column":61}}]},"5":{"loc":{"start":{"line":28,"column":16},"end":{"line":28,"column":55}},"type":"binary-expr","locations":[{"start":{"line":28,"column":16},"end":{"line":28,"column":42}},{"start":{"line":28,"column":46},"end":{"line":28,"column":55}}]},"6":{"loc":{"start":{"line":30,"column":10},"end":{"line":30,"column":44}},"type":"binary-expr","locations":[{"start":{"line":30,"column":10},"end":{"line":30,"column":31}},{"start":{"line":30,"column":35},"end":{"line":30,"column":44}}]},"7":{"loc":{"start":{"line":31,"column":10},"end":{"line":31,"column":75}},"type":"cond-expr","locations":[{"start":{"line":31,"column":34},"end":{"line":31,"column":63}},{"start":{"line":31,"column":66},"end":{"line":31,"column":75}}]},"8":{"loc":{"start":{"line":32,"column":10},"end":{"line":32,"column":44}},"type":"binary-expr","locations":[{"start":{"line":32,"column":10},"end":{"line":32,"column":31}},{"start":{"line":32,"column":35},"end":{"line":32,"column":44}}]},"9":{"loc":{"start":{"line":33,"column":10},"end":{"line":33,"column":44}},"type":"binary-expr","locations":[{"start":{"line":33,"column":10},"end":{"line":33,"column":31}},{"start":{"line":33,"column":35},"end":{"line":33,"column":44}}]},"10":{"loc":{"start":{"line":36,"column":13},"end":{"line":36,"column":125}},"type":"binary-expr","locations":[{"start":{"line":36,"column":14},"end":{"line":36,"column":50}},{"start":{"line":36,"column":54},"end":{"line":36,"column":91}},{"start":{"line":36,"column":96},"end":{"line":36,"column":125}}]},"11":{"loc":{"start":{"line":37,"column":13},"end":{"line":37,"column":50}},"type":"binary-expr","locations":[{"start":{"line":37,"column":13},"end":{"line":37,"column":37}},{"start":{"line":37,"column":41},"end":{"line":37,"column":50}}]},"12":{"loc":{"start":{"line":38,"column":14},"end":{"line":38,"column":52}},"type":"binary-expr","locations":[{"start":{"line":38,"column":14},"end":{"line":38,"column":39}},{"start":{"line":38,"column":43},"end":{"line":38,"column":52}}]},"13":{"loc":{"start":{"line":39,"column":12},"end":{"line":39,"column":48}},"type":"binary-expr","locations":[{"start":{"line":39,"column":12},"end":{"line":39,"column":35}},{"start":{"line":39,"column":39},"end":{"line":39,"column":48}}]},"14":{"loc":{"start":{"line":40,"column":16},"end":{"line":40,"column":55}},"type":"binary-expr","locations":[{"start":{"line":40,"column":16},"end":{"line":40,"column":42}},{"start":{"line":40,"column":46},"end":{"line":40,"column":55}}]},"15":{"loc":{"start":{"line":50,"column":2},"end":{"line":50,"column":64}},"type":"if","locations":[{"start":{"line":50,"column":2},"end":{"line":50,"column":64}},{"start":{},"end":{}}]},"16":{"loc":{"start":{"line":51,"column":2},"end":{"line":51,"column":60}},"type":"if","locations":[{"start":{"line":51,"column":2},"end":{"line":51,"column":60}},{"start":{},"end":{}}]},"17":{"loc":{"start":{"line":55,"column":2},"end":{"line":59,"column":3}},"type":"if","locations":[{"start":{"line":55,"column":2},"end":{"line":59,"column":3}},{"start":{},"end":{}}]},"18":{"loc":{"start":{"line":55,"column":6},"end":{"line":55,"column":78}},"type":"binary-expr","locations":[{"start":{"line":55,"column":6},"end":{"line":55,"column":43}},{"start":{"line":55,"column":47},"end":{"line":55,"column":65}},{"start":{"line":55,"column":69},"end":{"line":55,"column":78}}]},"19":{"loc":{"start":{"line":56,"column":4},"end":{"line":58,"column":5}},"type":"if","locations":[{"start":{"line":56,"column":4},"end":{"line":58,"column":5}},{"start":{},"end":{}}]},"20":{"loc":{"start":{"line":56,"column":8},"end":{"line":56,"column":51}},"type":"binary-expr","locations":[{"start":{"line":56,"column":8},"end":{"line":56,"column":28}},{"start":{"line":56,"column":32},"end":{"line":56,"column":51}}]},"21":{"loc":{"start":{"line":62,"column":2},"end":{"line":64,"column":3}},"type":"if","locations":[{"start":{"line":62,"column":2},"end":{"line":64,"column":3}},{"start":{},"end":{}}]},"22":{"loc":{"start":{"line":62,"column":6},"end":{"line":62,"column":95}},"type":"binary-expr","locations":[{"start":{"line":62,"column":6},"end":{"line":62,"column":34}},{"start":{"line":62,"column":38},"end":{"line":62,"column":63}},{"start":{"line":62,"column":67},"end":{"line":62,"column":95}}]},"23":{"loc":{"start":{"line":65,"column":2},"end":{"line":67,"column":3}},"type":"if","locations":[{"start":{"line":65,"column":2},"end":{"line":67,"column":3}},{"start":{},"end":{}}]},"24":{"loc":{"start":{"line":65,"column":6},"end":{"line":65,"column":65}},"type":"binary-expr","locations":[{"start":{"line":65,"column":6},"end":{"line":65,"column":23}},{"start":{"line":65,"column":27},"end":{"line":65,"column":44}},{"start":{"line":65,"column":48},"end":{"line":65,"column":65}}]},"25":{"loc":{"start":{"line":69,"column":2},"end":{"line":72,"column":3}},"type":"if","locations":[{"start":{"line":69,"column":2},"end":{"line":72,"column":3}},{"start":{},"end":{}}]},"26":{"loc":{"start":{"line":69,"column":6},"end":{"line":69,"column":73}},"type":"binary-expr","locations":[{"start":{"line":69,"column":6},"end":{"line":69,"column":43}},{"start":{"line":69,"column":47},"end":{"line":69,"column":73}}]},"27":{"loc":{"start":{"line":74,"column":2},"end":{"line":76,"column":3}},"type":"if","locations":[{"start":{"line":74,"column":2},"end":{"line":76,"column":3}},{"start":{},"end":{}}]},"28":{"loc":{"start":{"line":78,"column":2},"end":{"line":80,"column":3}},"type":"if","locations":[{"start":{"line":78,"column":2},"end":{"line":80,"column":3}},{"start":{},"end":{}}]}},"s":{"0":15,"1":15,"2":30,"3":4,"4":0,"5":0,"6":4,"7":4,"8":4,"9":26,"10":15,"11":15,"12":15,"13":15,"14":0,"15":15,"16":0,"17":15,"18":15,"19":0,"20":0,"21":15,"22":2,"23":15,"24":2,"25":15,"26":0,"27":0,"28":15,"29":2,"30":15,"31":0,"32":15,"33":0,"34":0,"35":0,"36":0,"37":0,"38":0,"39":0,"40":0},"f":{"0":30,"1":15,"2":0},"b":{"0":[4,26],"1":[0,4],"2":[15,2],"3":[15,2],"4":[15,2],"5":[15,2],"6":[15,2],"7":[13,2],"8":[15,2],"9":[15,2],"10":[15,15,0],"11":[15,15],"12":[15,15],"13":[15,15],"14":[15,15],"15":[0,15],"16":[0,15],"17":[0,15],"18":[15,0,0],"19":[0,0],"20":[0,0],"21":[2,13],"22":[15,13,13],"23":[2,13],"24":[15,13,13],"25":[0,15],"26":[15,0],"27":[2,13],"28":[0,15]}}
,"D:\\agora vai\\backend\\src\\config\\logger.ts": {"path":"D:\\agora vai\\backend\\src\\config\\logger.ts","statementMap":{"0":{"start":{"line":1,"column":0},"end":{"line":1,"column":24}},"1":{"start":{"line":2,"column":0},"end":{"line":2,"column":46}},"2":{"start":{"line":4,"column":22},"end":{"line":4,"column":59}},"3":{"start":{"line":6,"column":19},"end":{"line":22,"column":2}},"4":{"start":{"line":9,"column":22},"end":{"line":9,"column":36}},"5":{"start":{"line":10,"column":4},"end":{"line":10,"column":42}},"6":{"start":{"line":25,"column":15},"end":{"line":65,"column":2}},"7":{"start":{"line":27,"column":4},"end":{"line":33,"column":5}},"8":{"start":{"line":29,"column":6},"end":{"line":29,"column":57}},"9":{"start":{"line":32,"column":6},"end":{"line":32,"column":51}},"10":{"start":{"line":37,"column":4},"end":{"line":41,"column":5}},"11":{"start":{"line":38,"column":6},"end":{"line":38,"column":57}},"12":{"start":{"line":40,"column":6},"end":{"line":40,"column":51}},"13":{"start":{"line":45,"column":4},"end":{"line":49,"column":5}},"14":{"start":{"line":46,"column":6},"end":{"line":46,"column":58}},"15":{"start":{"line":48,"column":6},"end":{"line":48,"column":52}},"16":{"start":{"line":53,"column":4},"end":{"line":57,"column":5}},"17":{"start":{"line":54,"column":6},"end":{"line":54,"column":58}},"18":{"start":{"line":56,"column":6},"end":{"line":56,"column":52}},"19":{"start":{"line":67,"column":0},"end":{"line":67,"column":22}}},"fnMap":{"0":{"name":"(anonymous_1)","decl":{"start":{"line":8,"column":9},"end":{"line":8,"column":12}},"loc":{"start":{"line":8,"column":14},"end":{"line":11,"column":3}}},"1":{"name":"(anonymous_2)","decl":{"start":{"line":26,"column":8},"end":{"line":26,"column":9}},"loc":{"start":{"line":26,"column":51},"end":{"line":34,"column":3}}},"2":{"name":"(anonymous_3)","decl":{"start":{"line":36,"column":8},"end":{"line":36,"column":9}},"loc":{"start":{"line":36,"column":51},"end":{"line":42,"column":3}}},"3":{"name":"(anonymous_4)","decl":{"start":{"line":44,"column":9},"end":{"line":44,"column":10}},"loc":{"start":{"line":44,"column":52},"end":{"line":50,"column":3}}},"4":{"name":"(anonymous_5)","decl":{"start":{"line":52,"column":9},"end":{"line":52,"column":10}},"loc":{"start":{"line":52,"column":52},"end":{"line":58,"column":3}}}},"branchMap":{"0":{"loc":{"start":{"line":7,"column":9},"end":{"line":7,"column":40}},"type":"binary-expr","locations":[{"start":{"line":7,"column":9},"end":{"line":7,"column":30}},{"start":{"line":7,"column":34},"end":{"line":7,"column":40}}]},"1":{"loc":{"start":{"line":10,"column":11},"end":{"line":10,"column":41}},"type":"cond-expr","locations":[{"start":{"line":10,"column":23},"end":{"line":10,"column":36}},{"start":{"line":10,"column":39},"end":{"line":10,"column":41}}]},"2":{"loc":{"start":{"line":12,"column":6},"end":{"line":21,"column":4}},"type":"binary-expr","locations":[{"start":{"line":12,"column":6},"end":{"line":12,"column":19}},{"start":{"line":12,"column":23},"end":{"line":21,"column":4}}]},"3":{"loc":{"start":{"line":27,"column":4},"end":{"line":33,"column":5}},"type":"if","locations":[{"start":{"line":27,"column":4},"end":{"line":33,"column":5}},{"start":{"line":30,"column":11},"end":{"line":33,"column":5}}]},"4":{"loc":{"start":{"line":29,"column":22},"end":{"line":29,"column":41}},"type":"binary-expr","locations":[{"start":{"line":29,"column":22},"end":{"line":29,"column":35}},{"start":{"line":29,"column":39},"end":{"line":29,"column":41}}]},"5":{"loc":{"start":{"line":37,"column":4},"end":{"line":41,"column":5}},"type":"if","locations":[{"start":{"line":37,"column":4},"end":{"line":41,"column":5}},{"start":{"line":39,"column":11},"end":{"line":41,"column":5}}]},"6":{"loc":{"start":{"line":38,"column":22},"end":{"line":38,"column":41}},"type":"binary-expr","locations":[{"start":{"line":38,"column":22},"end":{"line":38,"column":35}},{"start":{"line":38,"column":39},"end":{"line":38,"column":41}}]},"7":{"loc":{"start":{"line":45,"column":4},"end":{"line":49,"column":5}},"type":"if","locations":[{"start":{"line":45,"column":4},"end":{"line":49,"column":5}},{"start":{"line":47,"column":11},"end":{"line":49,"column":5}}]},"8":{"loc":{"start":{"line":46,"column":23},"end":{"line":46,"column":42}},"type":"binary-expr","locations":[{"start":{"line":46,"column":23},"end":{"line":46,"column":36}},{"start":{"line":46,"column":40},"end":{"line":46,"column":42}}]},"9":{"loc":{"start":{"line":53,"column":4},"end":{"line":57,"column":5}},"type":"if","locations":[{"start":{"line":53,"column":4},"end":{"line":57,"column":5}},{"start":{"line":55,"column":11},"end":{"line":57,"column":5}}]},"10":{"loc":{"start":{"line":54,"column":23},"end":{"line":54,"column":42}},"type":"binary-expr","locations":[{"start":{"line":54,"column":23},"end":{"line":54,"column":36}},{"start":{"line":54,"column":40},"end":{"line":54,"column":42}}]}},"s":{"0":28,"1":28,"2":28,"3":28,"4":97,"5":97,"6":28,"7":64,"8":36,"9":28,"10":9,"11":0,"12":9,"13":24,"14":1,"15":23,"16":9,"17":6,"18":3,"19":28},"f":{"0":97,"1":64,"2":9,"3":24,"4":9},"b":{"0":[28,10],"1":[19,78],"2":[28,28],"3":[36,28],"4":[36,36],"5":[0,9],"6":[0,0],"7":[1,23],"8":[1,1],"9":[6,3],"10":[6,6]}}
,"D:\\agora vai\\backend\\src\\config\\metricsCollector.ts": {"path":"D:\\agora vai\\backend\\src\\config\\metricsCollector.ts","statementMap":{"0":{"start":{"line":29,"column":10},"end":{"line":29,"column":40}},"1":{"start":{"line":30,"column":10},"end":{"line":30,"column":64}},"2":{"start":{"line":31,"column":10},"end":{"line":31,"column":41}},"3":{"start":{"line":32,"column":10},"end":{"line":32,"column":36}},"4":{"start":{"line":36,"column":4},"end":{"line":36,"column":53}},"5":{"start":{"line":36,"column":22},"end":{"line":36,"column":36}},"6":{"start":{"line":40,"column":4},"end":{"line":42,"column":5}},"7":{"start":{"line":41,"column":6},"end":{"line":41,"column":57}},"8":{"start":{"line":43,"column":4},"end":{"line":43,"column":37}},"9":{"start":{"line":50,"column":4},"end":{"line":50,"column":30}},"10":{"start":{"line":53,"column":16},"end":{"line":53,"column":69}},"11":{"start":{"line":54,"column":18},"end":{"line":59,"column":6}},"12":{"start":{"line":61,"column":4},"end":{"line":61,"column":18}},"13":{"start":{"line":62,"column":4},"end":{"line":62,"column":43}},"14":{"start":{"line":63,"column":4},"end":{"line":63,"column":42}},"15":{"start":{"line":65,"column":4},"end":{"line":67,"column":5}},"16":{"start":{"line":66,"column":6},"end":{"line":66,"column":25}},"17":{"start":{"line":70,"column":4},"end":{"line":72,"column":5}},"18":{"start":{"line":71,"column":6},"end":{"line":71,"column":53}},"19":{"start":{"line":74,"column":4},"end":{"line":74,"column":39}},"20":{"start":{"line":82,"column":4},"end":{"line":84,"column":46}},"21":{"start":{"line":91,"column":4},"end":{"line":91,"column":35}},"22":{"start":{"line":91,"column":26},"end":{"line":91,"column":35}},"23":{"start":{"line":92,"column":19},"end":{"line":92,"column":49}},"24":{"start":{"line":92,"column":43},"end":{"line":92,"column":48}},"25":{"start":{"line":93,"column":18},"end":{"line":93,"column":58}},"26":{"start":{"line":94,"column":4},"end":{"line":94,"column":38}},"27":{"start":{"line":101,"column":27},"end":{"line":101,"column":53}},"28":{"start":{"line":102,"column":4},"end":{"line":102,"column":74}},"29":{"start":{"line":102,"column":44},"end":{"line":102,"column":72}},"30":{"start":{"line":104,"column":4},"end":{"line":106,"column":5}},"31":{"start":{"line":105,"column":6},"end":{"line":105,"column":65}},"32":{"start":{"line":114,"column":16},"end":{"line":114,"column":26}},"33":{"start":{"line":115,"column":26},"end":{"line":115,"column":67}},"34":{"start":{"line":116,"column":26},"end":{"line":116,"column":77}},"35":{"start":{"line":116,"column":51},"end":{"line":116,"column":76}},"36":{"start":{"line":117,"column":21},"end":{"line":117,"column":42}},"37":{"start":{"line":119,"column":28},"end":{"line":119,"column":30}},"38":{"start":{"line":122,"column":4},"end":{"line":122,"column":65}},"39":{"start":{"line":123,"column":4},"end":{"line":123,"column":47}},"40":{"start":{"line":124,"column":4},"end":{"line":124,"column":97}},"41":{"start":{"line":127,"column":4},"end":{"line":127,"column":81}},"42":{"start":{"line":128,"column":4},"end":{"line":128,"column":59}},"43":{"start":{"line":129,"column":4},"end":{"line":129,"column":61}},"44":{"start":{"line":132,"column":4},"end":{"line":132,"column":74}},"45":{"start":{"line":133,"column":4},"end":{"line":133,"column":54}},"46":{"start":{"line":134,"column":4},"end":{"line":134,"column":62}},"47":{"start":{"line":136,"column":4},"end":{"line":136,"column":76}},"48":{"start":{"line":137,"column":4},"end":{"line":137,"column":55}},"49":{"start":{"line":138,"column":4},"end":{"line":138,"column":64}},"50":{"start":{"line":140,"column":4},"end":{"line":140,"column":69}},"51":{"start":{"line":141,"column":4},"end":{"line":141,"column":48}},"52":{"start":{"line":142,"column":4},"end":{"line":142,"column":51}},"53":{"start":{"line":145,"column":35},"end":{"line":145,"column":36}},"54":{"start":{"line":146,"column":33},"end":{"line":146,"column":34}},"55":{"start":{"line":147,"column":4},"end":{"line":150,"column":7}},"56":{"start":{"line":148,"column":6},"end":{"line":148,"column":46}},"57":{"start":{"line":149,"column":6},"end":{"line":149,"column":49}},"58":{"start":{"line":152,"column":4},"end":{"line":152,"column":79}},"59":{"start":{"line":153,"column":4},"end":{"line":153,"column":53}},"60":{"start":{"line":154,"column":4},"end":{"line":154,"column":66}},"61":{"start":{"line":156,"column":4},"end":{"line":156,"column":85}},"62":{"start":{"line":157,"column":4},"end":{"line":157,"column":51}},"63":{"start":{"line":158,"column":4},"end":{"line":158,"column":62}},"64":{"start":{"line":161,"column":25},"end":{"line":161,"column":59}},"65":{"start":{"line":161,"column":48},"end":{"line":161,"column":58}},"66":{"start":{"line":162,"column":4},"end":{"line":168,"column":5}},"67":{"start":{"line":163,"column":6},"end":{"line":163,"column":78}},"68":{"start":{"line":164,"column":6},"end":{"line":164,"column":65}},"69":{"start":{"line":165,"column":6},"end":{"line":165,"column":110}},"70":{"start":{"line":166,"column":6},"end":{"line":166,"column":111}},"71":{"start":{"line":167,"column":6},"end":{"line":167,"column":111}},"72":{"start":{"line":171,"column":4},"end":{"line":171,"column":76}},"73":{"start":{"line":172,"column":4},"end":{"line":172,"column":62}},"74":{"start":{"line":173,"column":4},"end":{"line":177,"column":7}},"75":{"start":{"line":174,"column":29},"end":{"line":174,"column":43}},"76":{"start":{"line":175,"column":23},"end":{"line":175,"column":48}},"77":{"start":{"line":176,"column":6},"end":{"line":176,"column":103}},"78":{"start":{"line":179,"column":4},"end":{"line":179,"column":72}},"79":{"start":{"line":180,"column":4},"end":{"line":180,"column":60}},"80":{"start":{"line":181,"column":4},"end":{"line":185,"column":7}},"81":{"start":{"line":182,"column":29},"end":{"line":182,"column":43}},"82":{"start":{"line":183,"column":23},"end":{"line":183,"column":48}},"83":{"start":{"line":184,"column":6},"end":{"line":184,"column":106}},"84":{"start":{"line":187,"column":4},"end":{"line":187,"column":35}},"85":{"start":{"line":194,"column":16},"end":{"line":194,"column":26}},"86":{"start":{"line":195,"column":26},"end":{"line":195,"column":67}},"87":{"start":{"line":196,"column":26},"end":{"line":196,"column":77}},"88":{"start":{"line":196,"column":51},"end":{"line":196,"column":76}},"89":{"start":{"line":199,"column":21},"end":{"line":199,"column":42}},"90":{"start":{"line":202,"column":25},"end":{"line":202,"column":59}},"91":{"start":{"line":202,"column":48},"end":{"line":202,"column":58}},"92":{"start":{"line":205,"column":23},"end":{"line":205,"column":76}},"93":{"start":{"line":205,"column":49},"end":{"line":205,"column":68}},"94":{"start":{"line":206,"column":22},"end":{"line":208,"column":9}},"95":{"start":{"line":211,"column":46},"end":{"line":211,"column":48}},"96":{"start":{"line":212,"column":4},"end":{"line":222,"column":7}},"97":{"start":{"line":213,"column":6},"end":{"line":221,"column":8}},"98":{"start":{"line":224,"column":4},"end":{"line":261,"column":6}},"99":{"start":{"line":252,"column":55},"end":{"line":252,"column":60}},"100":{"start":{"line":268,"column":17},"end":{"line":268,"column":44}},"101":{"start":{"line":269,"column":18},"end":{"line":269,"column":54}},"102":{"start":{"line":270,"column":20},"end":{"line":270,"column":53}},"103":{"start":{"line":271,"column":17},"end":{"line":271,"column":29}},"104":{"start":{"line":273,"column":18},"end":{"line":273,"column":20}},"105":{"start":{"line":274,"column":4},"end":{"line":274,"column":41}},"106":{"start":{"line":274,"column":18},"end":{"line":274,"column":41}},"107":{"start":{"line":275,"column":4},"end":{"line":275,"column":43}},"108":{"start":{"line":275,"column":19},"end":{"line":275,"column":43}},"109":{"start":{"line":276,"column":4},"end":{"line":276,"column":47}},"110":{"start":{"line":276,"column":21},"end":{"line":276,"column":47}},"111":{"start":{"line":277,"column":4},"end":{"line":277,"column":27}},"112":{"start":{"line":279,"column":4},"end":{"line":279,"column":27}},"113":{"start":{"line":286,"column":4},"end":{"line":286,"column":22}},"114":{"start":{"line":287,"column":4},"end":{"line":287,"column":31}},"115":{"start":{"line":288,"column":4},"end":{"line":288,"column":32}},"116":{"start":{"line":292,"column":13},"end":{"line":292,"column":63}}},"fnMap":{"0":{"name":"(anonymous_0)","decl":{"start":{"line":34,"column":2},"end":{"line":34,"column":null}},"loc":{"start":{"line":34,"column":2},"end":{"line":37,"column":3}}},"1":{"name":"(anonymous_1)","decl":{"start":{"line":36,"column":16},"end":{"line":36,"column":19}},"loc":{"start":{"line":36,"column":22},"end":{"line":36,"column":36}}},"2":{"name":"(anonymous_2)","decl":{"start":{"line":39,"column":2},"end":{"line":39,"column":8}},"loc":{"start":{"line":39,"column":20},"end":{"line":44,"column":3}}},"3":{"name":"(anonymous_3)","decl":{"start":{"line":49,"column":2},"end":{"line":49,"column":8}},"loc":{"start":{"line":49,"column":30},"end":{"line":75,"column":3}}},"4":{"name":"(anonymous_4)","decl":{"start":{"line":81,"column":10},"end":{"line":81,"column":23}},"loc":{"start":{"line":81,"column":36},"end":{"line":85,"column":3}}},"5":{"name":"(anonymous_5)","decl":{"start":{"line":90,"column":10},"end":{"line":90,"column":20}},"loc":{"start":{"line":90,"column":45},"end":{"line":95,"column":3}}},"6":{"name":"(anonymous_6)","decl":{"start":{"line":92,"column":33},"end":{"line":92,"column":34}},"loc":{"start":{"line":92,"column":43},"end":{"line":92,"column":48}}},"7":{"name":"(anonymous_7)","decl":{"start":{"line":100,"column":10},"end":{"line":100,"column":17}},"loc":{"start":{"line":100,"column":17},"end":{"line":107,"column":3}}},"8":{"name":"(anonymous_8)","decl":{"start":{"line":102,"column":39},"end":{"line":102,"column":40}},"loc":{"start":{"line":102,"column":44},"end":{"line":102,"column":72}}},"9":{"name":"(anonymous_9)","decl":{"start":{"line":113,"column":2},"end":{"line":113,"column":22}},"loc":{"start":{"line":113,"column":22},"end":{"line":188,"column":3}}},"10":{"name":"(anonymous_10)","decl":{"start":{"line":116,"column":46},"end":{"line":116,"column":47}},"loc":{"start":{"line":116,"column":51},"end":{"line":116,"column":76}}},"11":{"name":"(anonymous_11)","decl":{"start":{"line":147,"column":31},"end":{"line":147,"column":36}},"loc":{"start":{"line":147,"column":39},"end":{"line":150,"column":5}}},"12":{"name":"(anonymous_12)","decl":{"start":{"line":161,"column":43},"end":{"line":161,"column":44}},"loc":{"start":{"line":161,"column":48},"end":{"line":161,"column":58}}},"13":{"name":"(anonymous_13)","decl":{"start":{"line":173,"column":31},"end":{"line":173,"column":32}},"loc":{"start":{"line":173,"column":46},"end":{"line":177,"column":5}}},"14":{"name":"(anonymous_14)","decl":{"start":{"line":181,"column":31},"end":{"line":181,"column":32}},"loc":{"start":{"line":181,"column":46},"end":{"line":185,"column":5}}},"15":{"name":"(anonymous_15)","decl":{"start":{"line":193,"column":2},"end":{"line":193,"column":22}},"loc":{"start":{"line":193,"column":22},"end":{"line":262,"column":3}}},"16":{"name":"(anonymous_16)","decl":{"start":{"line":196,"column":46},"end":{"line":196,"column":47}},"loc":{"start":{"line":196,"column":51},"end":{"line":196,"column":76}}},"17":{"name":"(anonymous_17)","decl":{"start":{"line":202,"column":43},"end":{"line":202,"column":44}},"loc":{"start":{"line":202,"column":48},"end":{"line":202,"column":58}}},"18":{"name":"(anonymous_18)","decl":{"start":{"line":205,"column":44},"end":{"line":205,"column":45}},"loc":{"start":{"line":205,"column":49},"end":{"line":205,"column":68}}},"19":{"name":"(anonymous_19)","decl":{"start":{"line":212,"column":31},"end":{"line":212,"column":32}},"loc":{"start":{"line":212,"column":46},"end":{"line":222,"column":5}}},"20":{"name":"(anonymous_20)","decl":{"start":{"line":252,"column":45},"end":{"line":252,"column":46}},"loc":{"start":{"line":252,"column":55},"end":{"line":252,"column":60}}},"21":{"name":"(anonymous_21)","decl":{"start":{"line":267,"column":10},"end":{"line":267,"column":22}},"loc":{"start":{"line":267,"column":38},"end":{"line":280,"column":3}}},"22":{"name":"(anonymous_22)","decl":{"start":{"line":285,"column":2},"end":{"line":285,"column":7}},"loc":{"start":{"line":285,"column":7},"end":{"line":289,"column":3}}}},"branchMap":{"0":{"loc":{"start":{"line":40,"column":4},"end":{"line":42,"column":5}},"type":"if","locations":[{"start":{"line":40,"column":4},"end":{"line":42,"column":5}},{"start":{},"end":{}}]},"1":{"loc":{"start":{"line":54,"column":18},"end":{"line":59,"column":6}},"type":"binary-expr","locations":[{"start":{"line":54,"column":18},"end":{"line":54,"column":45}},{"start":{"line":54,"column":49},"end":{"line":59,"column":6}}]},"2":{"loc":{"start":{"line":65,"column":4},"end":{"line":67,"column":5}},"type":"if","locations":[{"start":{"line":65,"column":4},"end":{"line":67,"column":5}},{"start":{},"end":{}}]},"3":{"loc":{"start":{"line":70,"column":4},"end":{"line":72,"column":5}},"type":"if","locations":[{"start":{"line":70,"column":4},"end":{"line":72,"column":5}},{"start":{},"end":{}}]},"4":{"loc":{"start":{"line":91,"column":4},"end":{"line":91,"column":35}},"type":"if","locations":[{"start":{"line":91,"column":4},"end":{"line":91,"column":35}},{"start":{},"end":{}}]},"5":{"loc":{"start":{"line":104,"column":4},"end":{"line":106,"column":5}},"type":"if","locations":[{"start":{"line":104,"column":4},"end":{"line":106,"column":5}},{"start":{},"end":{}}]},"6":{"loc":{"start":{"line":162,"column":4},"end":{"line":168,"column":5}},"type":"if","locations":[{"start":{"line":162,"column":4},"end":{"line":168,"column":5}},{"start":{},"end":{}}]},"7":{"loc":{"start":{"line":206,"column":22},"end":{"line":208,"column":9}},"type":"cond-expr","locations":[{"start":{"line":207,"column":8},"end":{"line":207,"column":49}},{"start":{"line":208,"column":8},"end":{"line":208,"column":9}}]},"8":{"loc":{"start":{"line":216,"column":19},"end":{"line":216,"column":101}},"type":"cond-expr","locations":[{"start":{"line":216,"column":37},"end":{"line":216,"column":94}},{"start":{"line":216,"column":97},"end":{"line":216,"column":101}}]},"9":{"loc":{"start":{"line":217,"column":22},"end":{"line":217,"column":89}},"type":"cond-expr","locations":[{"start":{"line":217,"column":40},"end":{"line":217,"column":85}},{"start":{"line":217,"column":88},"end":{"line":217,"column":89}}]},"10":{"loc":{"start":{"line":251,"column":17},"end":{"line":253,"column":15}},"type":"cond-expr","locations":[{"start":{"line":252,"column":14},"end":{"line":252,"column":87}},{"start":{"line":253,"column":14},"end":{"line":253,"column":15}}]},"11":{"loc":{"start":{"line":257,"column":17},"end":{"line":257,"column":72}},"type":"cond-expr","locations":[{"start":{"line":257,"column":43},"end":{"line":257,"column":68}},{"start":{"line":257,"column":71},"end":{"line":257,"column":72}}]},"12":{"loc":{"start":{"line":274,"column":4},"end":{"line":274,"column":41}},"type":"if","locations":[{"start":{"line":274,"column":4},"end":{"line":274,"column":41}},{"start":{},"end":{}}]},"13":{"loc":{"start":{"line":275,"column":4},"end":{"line":275,"column":43}},"type":"if","locations":[{"start":{"line":275,"column":4},"end":{"line":275,"column":43}},{"start":{},"end":{}}]},"14":{"loc":{"start":{"line":276,"column":4},"end":{"line":276,"column":47}},"type":"if","locations":[{"start":{"line":276,"column":4},"end":{"line":276,"column":47}},{"start":{},"end":{}}]}},"s":{"0":13,"1":13,"2":13,"3":13,"4":13,"5":0,"6":13,"7":13,"8":13,"9":45,"10":45,"11":45,"12":45,"13":45,"14":45,"15":45,"16":38,"17":45,"18":0,"19":45,"20":45,"21":0,"22":0,"23":0,"24":0,"25":0,"26":0,"27":0,"28":0,"29":0,"30":0,"31":0,"32":0,"33":0,"34":0,"35":0,"36":0,"37":0,"38":0,"39":0,"40":0,"41":0,"42":0,"43":0,"44":0,"45":0,"46":0,"47":0,"48":0,"49":0,"50":0,"51":0,"52":0,"53":0,"54":0,"55":0,"56":0,"57":0,"58":0,"59":0,"60":0,"61":0,"62":0,"63":0,"64":0,"65":0,"66":0,"67":0,"68":0,"69":0,"70":0,"71":0,"72":0,"73":0,"74":0,"75":0,"76":0,"77":0,"78":0,"79":0,"80":0,"81":0,"82":0,"83":0,"84":0,"85":0,"86":0,"87":0,"88":0,"89":0,"90":0,"91":0,"92":0,"93":0,"94":0,"95":0,"96":0,"97":0,"98":0,"99":0,"100":0,"101":0,"102":0,"103":0,"104":0,"105":0,"106":0,"107":0,"108":0,"109":0,"110":0,"111":0,"112":0,"113":0,"114":0,"115":0,"116":13},"f":{"0":13,"1":0,"2":13,"3":45,"4":45,"5":0,"6":0,"7":0,"8":0,"9":0,"10":0,"11":0,"12":0,"13":0,"14":0,"15":0,"16":0,"17":0,"18":0,"19":0,"20":0,"21":0,"22":0},"b":{"0":[13,0],"1":[45,20],"2":[38,7],"3":[0,45],"4":[0,0],"5":[0,0],"6":[0,0],"7":[0,0],"8":[0,0],"9":[0,0],"10":[0,0],"11":[0,0],"12":[0,0],"13":[0,0],"14":[0,0]}}
,"D:\\agora vai\\backend\\src\\config\\prisma.ts": {"path":"D:\\agora vai\\backend\\src\\config\\prisma.ts","statementMap":{"0":{"start":{"line":1,"column":0},"end":{"line":1,"column":9}},"1":{"start":{"line":1,"column":9},"end":{"line":1,"column":36}}},"fnMap":{"0":{"name":"(anonymous_0)","decl":{"start":{"line":1,"column":9},"end":{"line":1,"column":15}},"loc":{"start":{"line":1,"column":9},"end":{"line":1,"column":36}}}},"branchMap":{},"s":{"0":17,"1":70},"f":{"0":53},"b":{}}
,"D:\\agora vai\\backend\\src\\config\\securityMonitor.ts": {"path":"D:\\agora vai\\backend\\src\\config\\securityMonitor.ts","statementMap":{"0":{"start":{"line":1,"column":0},"end":{"line":1,"column":30}},"1":{"start":{"line":2,"column":0},"end":{"line":2,"column":47}},"2":{"start":{"line":23,"column":10},"end":{"line":30,"column":4}},"3":{"start":{"line":32,"column":19},"end":{"line":37,"column":4}},"4":{"start":{"line":39,"column":19},"end":{"line":39,"column":44}},"5":{"start":{"line":40,"column":19},"end":{"line":40,"column":52}},"6":{"start":{"line":45,"column":4},"end":{"line":47,"column":30}},"7":{"start":{"line":46,"column":6},"end":{"line":46,"column":30}},"8":{"start":{"line":50,"column":4},"end":{"line":56,"column":5}},"9":{"start":{"line":51,"column":6},"end":{"line":53,"column":7}},"10":{"start":{"line":52,"column":9},"end":{"line":52,"column":43}},"11":{"start":{"line":61,"column":4},"end":{"line":64,"column":5}},"12":{"start":{"line":62,"column":6},"end":{"line":62,"column":46}},"13":{"start":{"line":63,"column":6},"end":{"line":63,"column":36}},"14":{"start":{"line":68,"column":4},"end":{"line":68,"column":48}},"15":{"start":{"line":69,"column":4},"end":{"line":76,"column":7}},"16":{"start":{"line":78,"column":4},"end":{"line":84,"column":7}},"17":{"start":{"line":86,"column":4},"end":{"line":86,"column":27}},"18":{"start":{"line":90,"column":4},"end":{"line":90,"column":48}},"19":{"start":{"line":91,"column":4},"end":{"line":98,"column":7}},"20":{"start":{"line":100,"column":4},"end":{"line":106,"column":7}},"21":{"start":{"line":108,"column":4},"end":{"line":108,"column":27}},"22":{"start":{"line":112,"column":4},"end":{"line":112,"column":50}},"23":{"start":{"line":113,"column":4},"end":{"line":120,"column":7}},"24":{"start":{"line":122,"column":4},"end":{"line":128,"column":7}},"25":{"start":{"line":130,"column":4},"end":{"line":130,"column":27}},"26":{"start":{"line":134,"column":4},"end":{"line":134,"column":48}},"27":{"start":{"line":135,"column":4},"end":{"line":142,"column":7}},"28":{"start":{"line":144,"column":4},"end":{"line":150,"column":7}},"29":{"start":{"line":152,"column":4},"end":{"line":152,"column":27}},"30":{"start":{"line":156,"column":4},"end":{"line":156,"column":50}},"31":{"start":{"line":159,"column":4},"end":{"line":161,"column":5}},"32":{"start":{"line":160,"column":6},"end":{"line":160,"column":107}},"33":{"start":{"line":165,"column":16},"end":{"line":165,"column":26}},"34":{"start":{"line":166,"column":25},"end":{"line":166,"column":60}},"35":{"start":{"line":167,"column":23},"end":{"line":167,"column":63}},"36":{"start":{"line":170,"column":25},"end":{"line":171,"column":null}},"37":{"start":{"line":171,"column":15},"end":{"line":171,"column":46}},"38":{"start":{"line":174,"column":25},"end":{"line":175,"column":null}},"39":{"start":{"line":175,"column":15},"end":{"line":175,"column":44}},"40":{"start":{"line":178,"column":35},"end":{"line":178,"column":94}},"41":{"start":{"line":178,"column":60},"end":{"line":178,"column":86}},"42":{"start":{"line":179,"column":35},"end":{"line":179,"column":94}},"43":{"start":{"line":179,"column":60},"end":{"line":179,"column":86}},"44":{"start":{"line":180,"column":37},"end":{"line":180,"column":98}},"45":{"start":{"line":180,"column":62},"end":{"line":180,"column":90}},"46":{"start":{"line":181,"column":40},"end":{"line":181,"column":105}},"47":{"start":{"line":181,"column":65},"end":{"line":181,"column":97}},"48":{"start":{"line":184,"column":4},"end":{"line":186,"column":5}},"49":{"start":{"line":185,"column":6},"end":{"line":185,"column":110}},"50":{"start":{"line":188,"column":4},"end":{"line":190,"column":5}},"51":{"start":{"line":189,"column":6},"end":{"line":189,"column":109}},"52":{"start":{"line":192,"column":4},"end":{"line":194,"column":5}},"53":{"start":{"line":193,"column":6},"end":{"line":193,"column":114}},"54":{"start":{"line":196,"column":4},"end":{"line":198,"column":5}},"55":{"start":{"line":197,"column":6},"end":{"line":197,"column":117}},"56":{"start":{"line":202,"column":4},"end":{"line":202,"column":80}},"57":{"start":{"line":205,"column":4},"end":{"line":208,"column":7}},"58":{"start":{"line":218,"column":4},"end":{"line":218,"column":39}},"59":{"start":{"line":222,"column":4},"end":{"line":222,"column":78}},"60":{"start":{"line":222,"column":61},"end":{"line":222,"column":76}},"61":{"start":{"line":226,"column":4},"end":{"line":226,"column":82}},"62":{"start":{"line":226,"column":61},"end":{"line":226,"column":80}},"63":{"start":{"line":230,"column":23},"end":{"line":230,"column":60}},"64":{"start":{"line":231,"column":4},"end":{"line":233,"column":6}},"65":{"start":{"line":232,"column":15},"end":{"line":232,"column":44}},"66":{"start":{"line":238,"column":25},"end":{"line":238,"column":47}},"67":{"start":{"line":239,"column":16},"end":{"line":239,"column":26}},"68":{"start":{"line":240,"column":27},"end":{"line":240,"column":66}},"69":{"start":{"line":243,"column":25},"end":{"line":243,"column":88}},"70":{"start":{"line":243,"column":54},"end":{"line":243,"column":87}},"71":{"start":{"line":245,"column":4},"end":{"line":251,"column":5}},"72":{"start":{"line":246,"column":6},"end":{"line":249,"column":9}},"73":{"start":{"line":250,"column":6},"end":{"line":250,"column":18}},"74":{"start":{"line":253,"column":4},"end":{"line":253,"column":17}},"75":{"start":{"line":258,"column":4},"end":{"line":265,"column":6}},"76":{"start":{"line":269,"column":13},"end":{"line":269,"column":53}},"77":{"start":{"line":272,"column":44},"end":{"line":287,"column":1}},"78":{"start":{"line":273,"column":13},"end":{"line":273,"column":64}},"79":{"start":{"line":274,"column":20},"end":{"line":274,"column":54}},"80":{"start":{"line":277,"column":2},"end":{"line":277,"column":47}},"81":{"start":{"line":280,"column":2},"end":{"line":284,"column":4}},"82":{"start":{"line":286,"column":2},"end":{"line":286,"column":9}},"83":{"start":{"line":272,"column":13},"end":{"line":272,"column":44}}},"fnMap":{"0":{"name":"(anonymous_1)","decl":{"start":{"line":43,"column":2},"end":{"line":43,"column":null}},"loc":{"start":{"line":43,"column":2},"end":{"line":57,"column":3}}},"1":{"name":"(anonymous_2)","decl":{"start":{"line":45,"column":36},"end":{"line":45,"column":39}},"loc":{"start":{"line":45,"column":41},"end":{"line":47,"column":5}}},"2":{"name":"(anonymous_3)","decl":{"start":{"line":60,"column":2},"end":{"line":60,"column":6}},"loc":{"start":{"line":60,"column":6},"end":{"line":65,"column":3}}},"3":{"name":"(anonymous_4)","decl":{"start":{"line":67,"column":2},"end":{"line":67,"column":20}},"loc":{"start":{"line":67,"column":83},"end":{"line":87,"column":3}}},"4":{"name":"(anonymous_5)","decl":{"start":{"line":89,"column":2},"end":{"line":89,"column":20}},"loc":{"start":{"line":89,"column":83},"end":{"line":109,"column":3}}},"5":{"name":"(anonymous_6)","decl":{"start":{"line":111,"column":2},"end":{"line":111,"column":22}},"loc":{"start":{"line":111,"column":85},"end":{"line":131,"column":3}}},"6":{"name":"(anonymous_7)","decl":{"start":{"line":133,"column":2},"end":{"line":133,"column":26}},"loc":{"start":{"line":133,"column":89},"end":{"line":153,"column":3}}},"7":{"name":"(anonymous_8)","decl":{"start":{"line":155,"column":10},"end":{"line":155,"column":21}},"loc":{"start":{"line":155,"column":42},"end":{"line":162,"column":3}}},"8":{"name":"(anonymous_9)","decl":{"start":{"line":164,"column":10},"end":{"line":164,"column":25}},"loc":{"start":{"line":164,"column":25},"end":{"line":199,"column":3}}},"9":{"name":"(anonymous_10)","decl":{"start":{"line":171,"column":6},"end":{"line":171,"column":11}},"loc":{"start":{"line":171,"column":15},"end":{"line":171,"column":46}}},"10":{"name":"(anonymous_11)","decl":{"start":{"line":175,"column":6},"end":{"line":175,"column":11}},"loc":{"start":{"line":175,"column":15},"end":{"line":175,"column":44}}},"11":{"name":"(anonymous_12)","decl":{"start":{"line":178,"column":55},"end":{"line":178,"column":56}},"loc":{"start":{"line":178,"column":60},"end":{"line":178,"column":86}}},"12":{"name":"(anonymous_13)","decl":{"start":{"line":179,"column":55},"end":{"line":179,"column":56}},"loc":{"start":{"line":179,"column":60},"end":{"line":179,"column":86}}},"13":{"name":"(anonymous_14)","decl":{"start":{"line":180,"column":57},"end":{"line":180,"column":58}},"loc":{"start":{"line":180,"column":62},"end":{"line":180,"column":90}}},"14":{"name":"(anonymous_15)","decl":{"start":{"line":181,"column":60},"end":{"line":181,"column":61}},"loc":{"start":{"line":181,"column":65},"end":{"line":181,"column":97}}},"15":{"name":"(anonymous_16)","decl":{"start":{"line":201,"column":10},"end":{"line":201,"column":23}},"loc":{"start":{"line":201,"column":70},"end":{"line":215,"column":3}}},"16":{"name":"(anonymous_17)","decl":{"start":{"line":217,"column":2},"end":{"line":217,"column":20}},"loc":{"start":{"line":217,"column":20},"end":{"line":219,"column":3}}},"17":{"name":"(anonymous_18)","decl":{"start":{"line":221,"column":2},"end":{"line":221,"column":15}},"loc":{"start":{"line":221,"column":26},"end":{"line":223,"column":3}}},"18":{"name":"(anonymous_19)","decl":{"start":{"line":222,"column":52},"end":{"line":222,"column":57}},"loc":{"start":{"line":222,"column":61},"end":{"line":222,"column":76}}},"19":{"name":"(anonymous_20)","decl":{"start":{"line":225,"column":2},"end":{"line":225,"column":17}},"loc":{"start":{"line":225,"column":45},"end":{"line":227,"column":3}}},"20":{"name":"(anonymous_21)","decl":{"start":{"line":226,"column":52},"end":{"line":226,"column":57}},"loc":{"start":{"line":226,"column":61},"end":{"line":226,"column":80}}},"21":{"name":"(anonymous_22)","decl":{"start":{"line":229,"column":10},"end":{"line":229,"column":26}},"loc":{"start":{"line":229,"column":26},"end":{"line":234,"column":3}}},"22":{"name":"(anonymous_23)","decl":{"start":{"line":232,"column":6},"end":{"line":232,"column":11}},"loc":{"start":{"line":232,"column":15},"end":{"line":232,"column":44}}},"23":{"name":"(anonymous_24)","decl":{"start":{"line":237,"column":2},"end":{"line":237,"column":26}},"loc":{"start":{"line":237,"column":37},"end":{"line":254,"column":3}}},"24":{"name":"(anonymous_25)","decl":{"start":{"line":243,"column":45},"end":{"line":243,"column":50}},"loc":{"start":{"line":243,"column":54},"end":{"line":243,"column":87}}},"25":{"name":"(anonymous_26)","decl":{"start":{"line":257,"column":2},"end":{"line":257,"column":14}},"loc":{"start":{"line":257,"column":14},"end":{"line":266,"column":3}}},"26":{"name":"(anonymous_27)","decl":{"start":{"line":272,"column":44},"end":{"line":272,"column":45}},"loc":{"start":{"line":272,"column":78},"end":{"line":287,"column":1}}}},"branchMap":{"0":{"loc":{"start":{"line":51,"column":6},"end":{"line":53,"column":7}},"type":"if","locations":[{"start":{"line":51,"column":6},"end":{"line":53,"column":7}},{"start":{},"end":{}}]},"1":{"loc":{"start":{"line":51,"column":10},"end":{"line":51,"column":85}},"type":"binary-expr","locations":[{"start":{"line":51,"column":10},"end":{"line":51,"column":27}},{"start":{"line":51,"column":31},"end":{"line":51,"column":85}}]},"2":{"loc":{"start":{"line":61,"column":4},"end":{"line":64,"column":5}},"type":"if","locations":[{"start":{"line":61,"column":4},"end":{"line":64,"column":5}},{"start":{},"end":{}}]},"3":{"loc":{"start":{"line":159,"column":4},"end":{"line":161,"column":5}},"type":"if","locations":[{"start":{"line":159,"column":4},"end":{"line":161,"column":5}},{"start":{},"end":{}}]},"4":{"loc":{"start":{"line":184,"column":4},"end":{"line":186,"column":5}},"type":"if","locations":[{"start":{"line":184,"column":4},"end":{"line":186,"column":5}},{"start":{},"end":{}}]},"5":{"loc":{"start":{"line":188,"column":4},"end":{"line":190,"column":5}},"type":"if","locations":[{"start":{"line":188,"column":4},"end":{"line":190,"column":5}},{"start":{},"end":{}}]},"6":{"loc":{"start":{"line":192,"column":4},"end":{"line":194,"column":5}},"type":"if","locations":[{"start":{"line":192,"column":4},"end":{"line":194,"column":5}},{"start":{},"end":{}}]},"7":{"loc":{"start":{"line":196,"column":4},"end":{"line":198,"column":5}},"type":"if","locations":[{"start":{"line":196,"column":4},"end":{"line":198,"column":5}},{"start":{},"end":{}}]},"8":{"loc":{"start":{"line":245,"column":4},"end":{"line":251,"column":5}},"type":"if","locations":[{"start":{"line":245,"column":4},"end":{"line":251,"column":5}},{"start":{},"end":{}}]},"9":{"loc":{"start":{"line":273,"column":13},"end":{"line":273,"column":64}},"type":"binary-expr","locations":[{"start":{"line":273,"column":13},"end":{"line":273,"column":19}},{"start":{"line":273,"column":23},"end":{"line":273,"column":51}},{"start":{"line":273,"column":55},"end":{"line":273,"column":64}}]},"10":{"loc":{"start":{"line":274,"column":20},"end":{"line":274,"column":54}},"type":"binary-expr","locations":[{"start":{"line":274,"column":20},"end":{"line":274,"column":41}},{"start":{"line":274,"column":45},"end":{"line":274,"column":54}}]}},"s":{"0":13,"1":13,"2":13,"3":13,"4":13,"5":13,"6":13,"7":0,"8":13,"9":13,"10":13,"11":0,"12":0,"13":0,"14":3,"15":3,"16":3,"17":3,"18":0,"19":0,"20":0,"21":0,"22":0,"23":0,"24":0,"25":0,"26":0,"27":0,"28":0,"29":0,"30":3,"31":3,"32":0,"33":3,"34":3,"35":3,"36":3,"37":3,"38":3,"39":3,"40":3,"41":3,"42":3,"43":3,"44":3,"45":3,"46":3,"47":3,"48":3,"49":0,"50":3,"51":0,"52":3,"53":0,"54":3,"55":0,"56":0,"57":0,"58":0,"59":22,"60":0,"61":0,"62":0,"63":0,"64":0,"65":0,"66":22,"67":22,"68":22,"69":22,"70":0,"71":22,"72":0,"73":0,"74":22,"75":0,"76":13,"77":13,"78":22,"79":22,"80":22,"81":22,"82":22,"83":13},"f":{"0":13,"1":0,"2":0,"3":3,"4":0,"5":0,"6":0,"7":3,"8":3,"9":3,"10":3,"11":3,"12":3,"13":3,"14":3,"15":0,"16":0,"17":22,"18":0,"19":0,"20":0,"21":0,"22":0,"23":22,"24":0,"25":0,"26":22},"b":{"0":[13,0],"1":[13,13],"2":[0,0],"3":[0,3],"4":[0,3],"5":[0,3],"6":[0,3],"7":[0,3],"8":[0,22],"9":[22,0,0],"10":[22,22]}}
,"D:\\agora vai\\backend\\src\\config\\sentry.ts": {"path":"D:\\agora vai\\backend\\src\\config\\sentry.ts","statementMap":{"0":{"start":{"line":12,"column":0},"end":{"line":12,"column":16}},"1":{"start":{"line":60,"column":0},"end":{"line":60,"column":16}},"2":{"start":{"line":67,"column":0},"end":{"line":67,"column":16}},"3":{"start":{"line":78,"column":0},"end":{"line":78,"column":16}},"4":{"start":{"line":85,"column":0},"end":{"line":85,"column":16}},"5":{"start":{"line":92,"column":0},"end":{"line":92,"column":16}},"6":{"start":{"line":99,"column":0},"end":{"line":99,"column":16}},"7":{"start":{"line":1,"column":0},"end":{"line":1,"column":39}},"8":{"start":{"line":3,"column":0},"end":{"line":3,"column":30}},"9":{"start":{"line":9,"column":19},"end":{"line":9,"column":49}},"10":{"start":{"line":10,"column":21},"end":{"line":10,"column":58}},"11":{"start":{"line":13,"column":2},"end":{"line":18,"column":3}},"12":{"start":{"line":14,"column":4},"end":{"line":16,"column":5}},"13":{"start":{"line":15,"column":6},"end":{"line":15,"column":94}},"14":{"start":{"line":17,"column":4},"end":{"line":17,"column":11}},"15":{"start":{"line":20,"column":2},"end":{"line":54,"column":5}},"16":{"start":{"line":39,"column":6},"end":{"line":42,"column":7}},"17":{"start":{"line":40,"column":8},"end":{"line":40,"column":51}},"18":{"start":{"line":41,"column":8},"end":{"line":41,"column":44}},"19":{"start":{"line":43,"column":6},"end":{"line":51,"column":7}},"20":{"start":{"line":45,"column":30},"end":{"line":45,"column":92}},"21":{"start":{"line":46,"column":8},"end":{"line":50,"column":9}},"22":{"start":{"line":47,"column":10},"end":{"line":49,"column":11}},"23":{"start":{"line":48,"column":13},"end":{"line":48,"column":80}},"24":{"start":{"line":52,"column":6},"end":{"line":52,"column":19}},"25":{"start":{"line":61,"column":2},"end":{"line":61,"column":38}},"26":{"start":{"line":68,"column":2},"end":{"line":72,"column":5}},"27":{"start":{"line":79,"column":2},"end":{"line":79,"column":23}},"28":{"start":{"line":86,"column":2},"end":{"line":86,"column":60}},"29":{"start":{"line":93,"column":2},"end":{"line":93,"column":47}},"30":{"start":{"line":101,"column":2},"end":{"line":101,"column":73}},"31":{"start":{"line":102,"column":2},"end":{"line":102,"column":57}},"32":{"start":{"line":103,"column":2},"end":{"line":103,"column":9}},"33":{"start":{"line":106,"column":0},"end":{"line":114,"column":2}}},"fnMap":{"0":{"name":"initSentry","decl":{"start":{"line":12,"column":16},"end":{"line":12,"column":26}},"loc":{"start":{"line":12,"column":39},"end":{"line":55,"column":1}}},"1":{"name":"(anonymous_11)","decl":{"start":{"line":37,"column":4},"end":{"line":37,"column":14}},"loc":{"start":{"line":37,"column":20},"end":{"line":53,"column":5}}},"2":{"name":"sentryErrorHandler","decl":{"start":{"line":60,"column":16},"end":{"line":60,"column":34}},"loc":{"start":{"line":60,"column":34},"end":{"line":62,"column":1}}},"3":{"name":"setSentryUser","decl":{"start":{"line":67,"column":16},"end":{"line":67,"column":29}},"loc":{"start":{"line":67,"column":75},"end":{"line":73,"column":1}}},"4":{"name":"clearSentryUser","decl":{"start":{"line":78,"column":16},"end":{"line":78,"column":31}},"loc":{"start":{"line":78,"column":31},"end":{"line":80,"column":1}}},"5":{"name":"captureException","decl":{"start":{"line":85,"column":16},"end":{"line":85,"column":32}},"loc":{"start":{"line":85,"column":80},"end":{"line":87,"column":1}}},"6":{"name":"captureMessage","decl":{"start":{"line":92,"column":16},"end":{"line":92,"column":30}},"loc":{"start":{"line":92,"column":92},"end":{"line":94,"column":1}}},"7":{"name":"sentryRequestContext","decl":{"start":{"line":99,"column":16},"end":{"line":99,"column":36}},"loc":{"start":{"line":99,"column":85},"end":{"line":104,"column":1}}}},"branchMap":{"0":{"loc":{"start":{"line":13,"column":2},"end":{"line":18,"column":3}},"type":"if","locations":[{"start":{"line":13,"column":2},"end":{"line":18,"column":3}},{"start":{},"end":{}}]},"1":{"loc":{"start":{"line":14,"column":4},"end":{"line":16,"column":5}},"type":"if","locations":[{"start":{"line":14,"column":4},"end":{"line":16,"column":5}},{"start":{},"end":{}}]},"2":{"loc":{"start":{"line":22,"column":17},"end":{"line":22,"column":54}},"type":"binary-expr","locations":[{"start":{"line":22,"column":17},"end":{"line":22,"column":37}},{"start":{"line":22,"column":41},"end":{"line":22,"column":54}}]},"3":{"loc":{"start":{"line":23,"column":13},"end":{"line":23,"column":55}},"type":"binary-expr","locations":[{"start":{"line":23,"column":13},"end":{"line":23,"column":44}},{"start":{"line":23,"column":48},"end":{"line":23,"column":55}}]},"4":{"loc":{"start":{"line":26,"column":22},"end":{"line":26,"column":46}},"type":"cond-expr","locations":[{"start":{"line":26,"column":37},"end":{"line":26,"column":40}},{"start":{"line":26,"column":43},"end":{"line":26,"column":46}}]},"5":{"loc":{"start":{"line":39,"column":6},"end":{"line":42,"column":7}},"type":"if","locations":[{"start":{"line":39,"column":6},"end":{"line":42,"column":7}},{"start":{},"end":{}}]},"6":{"loc":{"start":{"line":43,"column":6},"end":{"line":51,"column":7}},"type":"if","locations":[{"start":{"line":43,"column":6},"end":{"line":51,"column":7}},{"start":{},"end":{}}]},"7":{"loc":{"start":{"line":47,"column":10},"end":{"line":49,"column":11}},"type":"if","locations":[{"start":{"line":47,"column":10},"end":{"line":49,"column":11}},{"start":{},"end":{}}]},"8":{"loc":{"start":{"line":47,"column":14},"end":{"line":47,"column":103}},"type":"binary-expr","locations":[{"start":{"line":47,"column":14},"end":{"line":47,"column":52}},{"start":{"line":47,"column":56},"end":{"line":47,"column":74}},{"start":{"line":47,"column":78},"end":{"line":47,"column":103}}]},"9":{"loc":{"start":{"line":92,"column":48},"end":{"line":92,"column":92}},"type":"default-arg","locations":[{"start":{"line":92,"column":86},"end":{"line":92,"column":92}}]},"10":{"loc":{"start":{"line":101,"column":31},"end":{"line":101,"column":71}},"type":"binary-expr","locations":[{"start":{"line":101,"column":31},"end":{"line":101,"column":58}},{"start":{"line":101,"column":62},"end":{"line":101,"column":71}}]}},"s":{"0":12,"1":12,"2":12,"3":12,"4":12,"5":12,"6":12,"7":12,"8":12,"9":12,"10":12,"11":12,"12":12,"13":0,"14":12,"15":0,"16":0,"17":0,"18":0,"19":0,"20":0,"21":0,"22":0,"23":0,"24":0,"25":12,"26":0,"27":0,"28":0,"29":0,"30":0,"31":0,"32":0,"33":12},"f":{"0":12,"1":0,"2":12,"3":0,"4":0,"5":0,"6":0,"7":0},"b":{"0":[12,0],"1":[0,12],"2":[0,0],"3":[0,0],"4":[0,0],"5":[0,0],"6":[0,0],"7":[0,0],"8":[0,0,0],"9":[0],"10":[0,0]}}
,"D:\\agora vai\\backend\\src\\config\\telemetry.ts": {"path":"D:\\agora vai\\backend\\src\\config\\telemetry.ts","statementMap":{"0":{"start":{"line":68,"column":0},"end":{"line":68,"column":16}},"1":{"start":{"line":2,"column":0},"end":{"line":2,"column":30}},"2":{"start":{"line":19,"column":10},"end":{"line":25,"column":4}},"3":{"start":{"line":27,"column":10},"end":{"line":27,"column":31}},"4":{"start":{"line":30,"column":4},"end":{"line":33,"column":6}},"5":{"start":{"line":37,"column":4},"end":{"line":37,"column":28}},"6":{"start":{"line":41,"column":4},"end":{"line":41,"column":26}},"7":{"start":{"line":45,"column":4},"end":{"line":48,"column":7}},"8":{"start":{"line":52,"column":4},"end":{"line":55,"column":7}},"9":{"start":{"line":59,"column":4},"end":{"line":59,"column":23}},"10":{"start":{"line":63,"column":23},"end":{"line":63,"column":60}},"11":{"start":{"line":64,"column":4},"end":{"line":64,"column":76}},"12":{"start":{"line":64,"column":46},"end":{"line":64,"column":74}},"13":{"start":{"line":69,"column":2},"end":{"line":69,"column":40}},"14":{"start":{"line":72,"column":2},"end":{"line":74,"column":21}},"15":{"start":{"line":73,"column":4},"end":{"line":73,"column":38}},"16":{"start":{"line":77,"column":13},"end":{"line":77,"column":55}},"17":{"start":{"line":79,"column":39},"end":{"line":109,"column":1}},"18":{"start":{"line":80,"column":16},"end":{"line":80,"column":26}},"19":{"start":{"line":82,"column":2},"end":{"line":82,"column":39}},"20":{"start":{"line":84,"column":2},"end":{"line":105,"column":5}},"21":{"start":{"line":85,"column":21},"end":{"line":85,"column":39}},"22":{"start":{"line":87,"column":4},"end":{"line":93,"column":5}},"23":{"start":{"line":88,"column":6},"end":{"line":92,"column":9}},"24":{"start":{"line":95,"column":4},"end":{"line":104,"column":5}},"25":{"start":{"line":96,"column":6},"end":{"line":96,"column":41}},"26":{"start":{"line":98,"column":6},"end":{"line":103,"column":7}},"27":{"start":{"line":99,"column":8},"end":{"line":102,"column":11}},"28":{"start":{"line":107,"column":2},"end":{"line":107,"column":74}},"29":{"start":{"line":108,"column":2},"end":{"line":108,"column":9}},"30":{"start":{"line":79,"column":13},"end":{"line":79,"column":39}}},"fnMap":{"0":{"name":"(anonymous_1)","decl":{"start":{"line":18,"column":0},"end":{"line":18,"column":6}},"loc":{"start":{"line":18,"column":0},"end":{"line":66,"column":1}}},"1":{"name":"(anonymous_2)","decl":{"start":{"line":29,"column":2},"end":{"line":29,"column":12}},"loc":{"start":{"line":29,"column":12},"end":{"line":34,"column":3}}},"2":{"name":"(anonymous_3)","decl":{"start":{"line":36,"column":2},"end":{"line":36,"column":19}},"loc":{"start":{"line":36,"column":19},"end":{"line":38,"column":3}}},"3":{"name":"(anonymous_4)","decl":{"start":{"line":40,"column":2},"end":{"line":40,"column":17}},"loc":{"start":{"line":40,"column":17},"end":{"line":42,"column":3}}},"4":{"name":"(anonymous_5)","decl":{"start":{"line":44,"column":2},"end":{"line":44,"column":14}},"loc":{"start":{"line":44,"column":25},"end":{"line":49,"column":3}}},"5":{"name":"(anonymous_6)","decl":{"start":{"line":51,"column":2},"end":{"line":51,"column":10}},"loc":{"start":{"line":51,"column":42},"end":{"line":56,"column":3}}},"6":{"name":"(anonymous_7)","decl":{"start":{"line":58,"column":2},"end":{"line":58,"column":11}},"loc":{"start":{"line":58,"column":11},"end":{"line":60,"column":3}}},"7":{"name":"(anonymous_8)","decl":{"start":{"line":62,"column":2},"end":{"line":62,"column":16}},"loc":{"start":{"line":62,"column":16},"end":{"line":65,"column":3}}},"8":{"name":"(anonymous_9)","decl":{"start":{"line":64,"column":37},"end":{"line":64,"column":42}},"loc":{"start":{"line":64,"column":46},"end":{"line":64,"column":74}}},"9":{"name":"configureTelemetry","decl":{"start":{"line":68,"column":16},"end":{"line":68,"column":34}},"loc":{"start":{"line":68,"column":34},"end":{"line":75,"column":1}}},"10":{"name":"(anonymous_11)","decl":{"start":{"line":72,"column":14},"end":{"line":72,"column":17}},"loc":{"start":{"line":72,"column":19},"end":{"line":74,"column":3}}},"11":{"name":"(anonymous_12)","decl":{"start":{"line":79,"column":39},"end":{"line":79,"column":40}},"loc":{"start":{"line":79,"column":73},"end":{"line":109,"column":1}}},"12":{"name":"(anonymous_13)","decl":{"start":{"line":84,"column":19},"end":{"line":84,"column":22}},"loc":{"start":{"line":84,"column":24},"end":{"line":105,"column":3}}}},"branchMap":{"0":{"loc":{"start":{"line":87,"column":4},"end":{"line":93,"column":5}},"type":"if","locations":[{"start":{"line":87,"column":4},"end":{"line":93,"column":5}},{"start":{},"end":{}}]},"1":{"loc":{"start":{"line":95,"column":4},"end":{"line":104,"column":5}},"type":"if","locations":[{"start":{"line":95,"column":4},"end":{"line":104,"column":5}},{"start":{},"end":{}}]},"2":{"loc":{"start":{"line":98,"column":6},"end":{"line":103,"column":7}},"type":"if","locations":[{"start":{"line":98,"column":6},"end":{"line":103,"column":7}},{"start":{},"end":{}}]}},"s":{"0":13,"1":13,"2":13,"3":13,"4":0,"5":0,"6":0,"7":0,"8":0,
[...]
ap":{"0":{"start":{"line":15,"column":0},"end":{"line":15,"column":7}},"1":{"start":{"line":1,"column":0},"end":{"line":1,"column":31}},"2":{"start":{"line":2,"column":0},"end":{"line":2,"column":22}},"3":{"start":{"line":3,"column":0},"end":{"line":3,"column":33}},"4":{"start":{"line":4,"column":0},"end":{"line":4,"column":31}},"5":{"start":{"line":6,"column":15},"end":{"line":6,"column":36}},"6":{"start":{"line":16,"column":83},"end":{"line":16,"column":90}},"7":{"start":{"line":18,"column":16},"end":{"line":18,"column":33}},"8":{"start":{"line":19,"column":1},"end":{"line":19,"column":107}},"9":{"start":{"line":19,"column":41},"end":{"line":19,"column":107}},"10":{"start":{"line":20,"column":1},"end":{"line":20,"column":82}},"11":{"start":{"line":20,"column":35},"end":{"line":20,"column":82}},"12":{"start":{"line":23,"column":26},"end":{"line":23,"column":106}},"13":{"start":{"line":24,"column":1},"end":{"line":26,"column":2}},"14":{"start":{"line":25,"column":2},"end":{"line":25,"column":54}},"15":{"start":{"line":29,"column":1},"end":{"line":36,"column":2}},"16":{"start":{"line":30,"column":15},"end":{"line":30,"column":40}},"17":{"start":{"line":32,"column":26},"end":{"line":32,"column":87}},"18":{"start":{"line":33,"column":2},"end":{"line":35,"column":3}},"19":{"start":{"line":34,"column":3},"end":{"line":34,"column":50}},"20":{"start":{"line":38,"column":20},"end":{"line":38,"column":41}},"21":{"start":{"line":39,"column":17},"end":{"line":39,"column":64}},"22":{"start":{"line":39,"column":34},"end":{"line":39,"column":52}},"23":{"start":{"line":42,"column":25},"end":{"line":42,"column":86}},"24":{"start":{"line":44,"column":24},"end":{"line":67,"column":3}},"25":{"start":{"line":45,"column":3},"end":{"line":65,"column":4}},"26":{"start":{"line":46,"column":15},"end":{"line":46,"column":33}},"27":{"start":{"line":47,"column":4},"end":{"line":53,"column":5}},"28":{"start":{"line":48,"column":19},"end":{"line":48,"column":97}},"29":{"start":{"line":49,"column":5},"end":{"line":52,"column":6}},"30":{"start":{"line":50,"column":28},"end":{"line":50,"column":54}},"31":{"start":{"line":51,"column":6},"end":{"line":51,"column":56}},"32":{"start":{"line":51,"column":44},"end":{"line":51,"column":56}},"33":{"start":{"line":54,"column":4},"end":{"line":62,"column":5}},"34":{"start":{"line":56,"column":5},"end":{"line":56,"column":56}},"35":{"start":{"line":56,"column":44},"end":{"line":56,"column":56}},"36":{"start":{"line":57,"column":20},"end":{"line":57,"column":44}},"37":{"start":{"line":58,"column":5},"end":{"line":61,"column":6}},"38":{"start":{"line":59,"column":28},"end":{"line":59,"column":54}},"39":{"start":{"line":60,"column":6},"end":{"line":60,"column":56}},"40":{"start":{"line":60,"column":44},"end":{"line":60,"column":56}},"41":{"start":{"line":66,"column":3},"end":{"line":66,"column":16}},"42":{"start":{"line":69,"column":22},"end":{"line":75,"column":2}},"43":{"start":{"line":70,"column":2},"end":{"line":70,"column":71}},"44":{"start":{"line":70,"column":35},"end":{"line":70,"column":71}},"45":{"start":{"line":71,"column":20},"end":{"line":71,"column":57}},"46":{"start":{"line":72,"column":2},"end":{"line":74,"column":3}},"47":{"start":{"line":73,"column":3},"end":{"line":73,"column":86}},"48":{"start":{"line":73,"column":33},"end":{"line":73,"column":86}},"49":{"start":{"line":77,"column":1},"end":{"line":158,"column":2}},"50":{"start":{"line":78,"column":2},"end":{"line":78,"column":38}},"51":{"start":{"line":80,"column":19},"end":{"line":80,"column":143}},"52":{"start":{"line":82,"column":2},"end":{"line":153,"column":3}},"53":{"start":{"line":82,"column":15},"end":{"line":82,"column":16}},"54":{"start":{"line":84,"column":32},"end":{"line":84,"column":49}},"55":{"start":{"line":85,"column":25},"end":{"line":85,"column":43}},"56":{"start":{"line":86,"column":31},"end":{"line":86,"column":33}},"57":{"start":{"line":87,"column":5},"end":{"line":108,"column":6}},"58":{"start":{"line":89,"column":16},"end":{"line":89,"column":43}},"59":{"start":{"line":90,"column":6},"end":{"line":107,"column":7}},"60":{"start":{"line":92,"column":7},"end":{"line":102,"column":8}},"61":{"start":{"line":94,"column":8},"end":{"line":94,"column":76}},"62":{"start":{"line":94,"column":45},"end":{"line":94,"column":73}},"63":{"start":{"line":97,"column":8},"end":{"line":101,"column":9}},"64":{"start":{"line":98,"column":9},"end":{"line":98,"column":66}},"65":{"start":{"line":98,"column":43},"end":{"line":98,"column":66}},"66":{"start":{"line":103,"column":13},"end":{"line":107,"column":7}},"67":{"start":{"line":104,"column":7},"end":{"line":104,"column":61}},"68":{"start":{"line":104,"column":31},"end":{"line":104,"column":61}},"69":{"start":{"line":106,"column":7},"end":{"line":106,"column":34}},"70":{"start":{"line":109,"column":26},"end":{"line":109,"column":67}},"71":{"start":{"line":112,"column":32},"end":{"line":112,"column":51}},"72":{"start":{"line":113,"column":4},"end":{"line":113,"column":70}},"73":{"start":{"line":113,"column":38},"end":{"line":113,"column":70}},"74":{"start":{"line":115,"column":17},"end":{"line":115,"column":152}},"75":{"start":{"line":116,"column":3},"end":{"line":150,"column":4}},"76":{"start":{"line":117,"column":16},"end":{"line":117,"column":44}},"77":{"start":{"line":118,"column":4},"end":{"line":118,"column":59}},"78":{"start":{"line":118,"column":14},"end":{"line":118,"column":59}},"79":{"start":{"line":122,"column":4},"end":{"line":126,"column":5}},"80":{"start":{"line":123,"column":5},"end":{"line":123,"column":40}},"81":{"start":{"line":125,"column":5},"end":{"line":125,"column":45}},"82":{"start":{"line":129,"column":4},"end":{"line":131,"column":5}},"83":{"start":{"line":130,"column":5},"end":{"line":130,"column":55}},"84":{"start":{"line":134,"column":4},"end":{"line":136,"column":5}},"85":{"start":{"line":135,"column":5},"end":{"line":135,"column":57}},"86":{"start":{"line":139,"column":4},"end":{"line":144,"column":5}},"87":{"start":{"line":140,"column":18},"end":{"line":140,"column":44}},"88":{"start":{"line":141,"column":5},"end":{"line":143,"column":6}},"89":{"start":{"line":142,"column":6},"end":{"line":142,"column":53}},"90":{"start":{"line":147,"column":4},"end":{"line":147,"column":41}},"91":{"start":{"line":148,"column":4},"end":{"line":148,"column":25}},"92":{"start":{"line":149,"column":4},"end":{"line":149,"column":13}},"93":{"start":{"line":151,"column":3},"end":{"line":151,"column":25}},"94":{"start":{"line":152,"column":3},"end":{"line":152,"column":15}},"95":{"start":{"line":154,"column":2},"end":{"line":154,"column":40}},"96":{"start":{"line":156,"column":2},"end":{"line":156,"column":24}},"97":{"start":{"line":157,"column":2},"end":{"line":157,"column":12}}},"fnMap":{"0":{"name":"safeFetch","decl":{"start":{"line":15,"column":22},"end":{"line":15,"column":31}},"loc":{"start":{"line":15,"column":80},"end":{"line":159,"column":1}}},"1":{"name":"(anonymous_2)","decl":{"start":{"line":39,"column":28},"end":{"line":39,"column":31}},"loc":{"start":{"line":39,"column":34},"end":{"line":39,"column":52}}},"2":{"name":"(anonymous_3)","decl":{"start":{"line":44,"column":24},"end":{"line":44,"column":25}},"loc":{"start":{"line":44,"column":41},"end":{"line":67,"column":3}}},"3":{"name":"(anonymous_4)","decl":{"start":{"line":69,"column":22},"end":{"line":69,"column":27}},"loc":{"start":{"line":69,"column":49},"end":{"line":75,"column":2}}},"4":{"name":"(anonymous_5)","decl":{"start":{"line":94,"column":18},"end":{"line":94,"column":19}},"loc":{"start":{"line":94,"column":45},"end":{"line":94,"column":73}}}},"branchMap":{"0":{"loc":{"start":{"line":15,"column":50},"end":{"line":15,"column":80}},"type":"default-arg","locations":[{"start":{"line":15,"column":78},"end":{"line":15,"column":80}}]},"1":{"loc":{"start":{"line":16,"column":9},"end":{"line":16,"column":25}},"type":"default-arg","locations":[{"start":{"line":16,"column":24},"end":{"line":16,"column":25}}]},"2":{"loc":{"start":{"line":16,"column":27},"end":{"line":16,"column":44}},"type":"default-arg","locations":[{"start":{"line":16,"column":39},"end":{"line":16,"column":44}}]},"3":{"loc":{"start":{"line":16,"column":46},"end":{"line":16,"column":78}},"type":"default-arg","locations":[{"start":{"line":16,"column":61},"end":{"line":16,"column":78}}]},"4":{"loc":{"start":{"line":19,"column":1},"end":{"line":19,"column":107}},"type":"if","locations":[{"start":{"line":19,"column":1},"end":{"line":19,"column":107}},{"start":{},"end":{}}]},"5":{"loc":{"start":{"line":19,"column":5},"end":{"line":19,"column":39}},"type":"binary-expr","locations":[{"start":{"line":19,"column":5},"end":{"line":19,"column":20}},{"start":{"line":19,"column":24},"end":{"line":19,"column":39}}]},"6":{"loc":{"start":{"line":20,"column":1},"end":{"line":20,"column":82}},"type":"if","locations":[{"start":{"line":20,"column":1},"end":{"line":20,"column":82}},{"start":{},"end":{}}]},"7":{"loc":{"start":{"line":24,"column":1},"end":{"line":26,"column":2}},"type":"if","locations":[{"start":{"line":24,"column":1},"end":{"line":26,"column":2}},{"start":{},"end":{}}]},"8":{"loc":{"start":{"line":29,"column":1},"end":{"line":36,"column":2}},"type":"if","locations":[{"start":{"line":29,"column":1},"end":{"line":36,"column":2}},{"start":{},"end":{}}]},"9":{"loc":{"start":{"line":33,"column":2},"end":{"line":35,"column":3}},"type":"if","locations":[{"start":{"line":33,"column":2},"end":{"line":35,"column":3}},{"start":{},"end":{}}]},"10":{"loc":{"start":{"line":47,"column":4},"end":{"line":53,"column":5}},"type":"if","locations":[{"start":{"line":47,"column":4},"end":{"line":53,"column":5}},{"start":{},"end":{}}]},"11":{"loc":{"start":{"line":51,"column":6},"end":{"line":51,"column":56}},"type":"if","locations":[{"start":{"line":51,"column":6},"end":{"line":51,"column":56}},{"start":{},"end":{}}]},"12":{"loc":{"start":{"line":54,"column":4},"end":{"line":62,"column":5}},"type":"if","locations":[{"start":{"line":54,"column":4},"end":{"line":62,"column":5}},{"start":{},"end":{}}]},"13":{"loc":{"start":{"line":56,"column":5},"end":{"line":56,"column":56}},"type":"if","locations":[{"start":{"line":56,"column":5},"end":{"line":56,"column":56}},{"start":{},"end":{}}]},"14":{"loc":{"start":{"line":60,"column":6},"end":{"line":60,"column":56}},"type":"if","locations":[{"start":{"line":60,"column":6},"end":{"line":60,"column":56}},{"start":{},"end":{}}]},"15":{"loc":{"start":{"line":70,"column":2},"end":{"line":70,"column":71}},"type":"if","locations":[{"start":{"line":70,"column":2},"end":{"line":70,"column":71}},{"start":{},"end":{}}]},"16":{"loc":{"start":{"line":73,"column":3},"end":{"line":73,"column":86}},"type":"if","locations":[{"start":{"line":73,"column":3},"end":{"line":73,"column":86}},{"start":{},"end":{}}]},"17":{"loc":{"start":{"line":80,"column":71},"end":{"line":80,"column":107}},"type":"cond-expr","locations":[{"start":{"line":80,"column":85},"end":{"line":80,"column":102}},{"start":{"line":80,"column":105},"end":{"line":80,"column":107}}]},"18":{"loc":{"start":{"line":85,"column":25},"end":{"line":85,"column":43}},"type":"binary-expr","locations":[{"start":{"line":85,"column":25},"end":{"line":85,"column":37}},{"start":{"line":85,"column":41},"end":{"line":85,"column":43}}]},"19":{"loc":{"start":{"line":87,"column":5},"end":{"line":108,"column":6}},"type":"if","locations":[{"start":{"line":87,"column":5},"end":{"line":108,"column":6}},{"start":{},"end":{}}]},"20":{"loc":{"start":{"line":90,"column":6},"end":{"line":107,"column":7}},"type":"if","locations":[{"start":{"line":90,"column":6},"end":{"line":107,"column":7}},{"start":{"line":103,"column":13},"end":{"line":107,"column":7}}]},"21":{"loc":{"start":{"line":90,"column":10},"end":{"line":90,"column":66}},"type":"binary-expr","locations":[{"start":{"line":90,"column":10},"end":{"line":90,"column":31}},{"start":{"line":90,"column":35},"end":{"line":90,"column":66}}]},"22":{"loc":{"start":{"line":103,"column":13},"end":{"line":107,"column":7}},"type":"if","locations":[{"start":{"line":103,"column":13},"end":{"line":107,"column":7}},{"start":{"line":105,"column":13},"end":{"line":107,"column":7}}]},"23":{"loc":{"start":{"line":113,"column":4},"end":{"line":113,"column":70}},"type":"if","locations":[{"start":{"line":113,"column":4},"end":{"line":113,"column":70}},{"start":{},"end":{}}]},"24":{"loc":{"start":{"line":116,"column":3},"end":{"line":150,"column":4}},"type":"if","locations":[{"start":{"line":116,"column":3},"end":{"line":150,"column":4}},{"start":{},"end":{}}]},"25":{"loc":{"start":{"line":116,"column":7},"end":{"line":116,"column":46}},"type":"binary-expr","locations":[{"start":{"line":116,"column":7},"end":{"line":116,"column":25}},{"start":{"line":116,"column":29},"end":{"line":116,"column":46}}]},"26":{"loc":{"start":{"line":118,"column":4},"end":{"line":118,"column":59}},"type":"if","locations":[{"start":{"line":118,"column":4},"end":{"line":118,"column":59}},{"start":{},"end":{}}]},"27":{"loc":{"start":{"line":129,"column":4},"end":{"line":131,"column":5}},"type":"if","locations":[{"start":{"line":129,"column":4},"end":{"line":131,"column":5}},{"start":{},"end":{}}]},"28":{"loc":{"start":{"line":134,"column":4},"end":{"line":136,"column":5}},"type":"if","locations":[{"start":{"line":134,"column":4},"end":{"line":136,"column":5}},{"start":{},"end":{}}]},"29":{"loc":{"start":{"line":139,"column":4},"end":{"line":144,"column":5}},"type":"if","locations":[{"start":{"line":139,"column":4},"end":{"line":144,"column":5}},{"start":{},"end":{}}]},"30":{"loc":{"start":{"line":141,"column":5},"end":{"line":143,"column":6}},"type":"if","locations":[{"start":{"line":141,"column":5},"end":{"line":143,"column":6}},{"start":{},"end":{}}]}},"s":{"0":14,"1":14,"2":14,"3":14,"4":14,"5":14,"6":5,"7":5,"8":5,"9":0,"10":5,"11":0,"12":5,"13":5,"14":0,"15":5,"16":0,"17":0,"18":0,"19":0,"20":5,"21":5,"22":0,"23":5,"24":5,"25":4,"26":4,"27":4,"28":4,"29":4,"30":9,"31":9,"32":3,"33":1,"34":0,"35":0,"36":0,"37":0,"38":0,"39":0,"40":0,"41":1,"42":5,"43":5,"44":1,"45":4,"46":4,"47":4,"48":3,"49":5,"50":5,"51":1,"52":1,"53":1,"54":1,"55":1,"56":1,"57":1,"58":0,"59":0,"60":0,"61":0,"62":0,"63":0,"64":0,"65":0,"66":0,"67":0,"68":0,"69":0,"70":1,"71":1,"72":1,"73":0,"74":1,"75":1,"76":0,"77":0,"78":0,"79":0,"80":0,"81":0,"82":0,"83":0,"84":0,"85":0,"86":0,"87":0,"88":0,"89":0,"90":0,"91":0,"92":0,"93":1,"94":1,"95":0,"96":4,"97":4},"f":{"0":5,"1":0,"2":4,"3":5,"4":0},"b":{"0":[1],"1":[5],"2":[5],"3":[1],"4":[0,5],"5":[5,5],"6":[0,5],"7":[0,5],"8":[0,5],"9":[0,0],"10":[4,0],"11":[3,6],"12":[0,1],"13":[0,0],"14":[0,0],"15":[1,4],"16":[3,1],"17":[0,1],"18":[1,1],"19":[0,1],"20":[0,0],"21":[0,0],"22":[0,0],"23":[0,1],"24":[0,1],"25":[1,0],"26":[0,0],"27":[0,0],"28":[0,0],"29":[0,0],"30":[0,0]}}
,"D:\\agora vai\\backend\\src\\validators\\bookingSchema.ts": {"path":"D:\\agora vai\\backend\\src\\validators\\bookingSchema.ts","statementMap":{"0":{"start":{"line":1,"column":0},"end":{"line":1,"column":24}},"1":{"start":{"line":2,"column":0},"end":{"line":2,"column":63}},"2":{"start":{"line":5,"column":26},"end":{"line":68,"column":4}},"3":{"start":{"line":25,"column":23},"end":{"line":25,"column":36}},"4":{"start":{"line":26,"column":8},"end":{"line":26,"column":30}},"5":{"start":{"line":31,"column":23},"end":{"line":31,"column":36}},"6":{"start":{"line":32,"column":8},"end":{"line":32,"column":30}},"7":{"start":{"line":71,"column":13},"end":{"line":103,"column":4}},"8":{"start":{"line":75,"column":6},"end":{"line":75,"column":85}},"9":{"start":{"line":85,"column":6},"end":{"line":85,"column":79}},"10":{"start":{"line":95,"column":24},"end":{"line":95,"column":48}},"11":{"start":{"line":96,"column":22},"end":{"line":96,"column":49}},"12":{"start":{"line":97,"column":6},"end":{"line":97,"column":33}},"13":{"start":{"line":106,"column":13},"end":{"line":116,"column":3}},"14":{"start":{"line":119,"column":13},"end":{"line":119,"column":63}},"15":{"start":{"line":122,"column":13},"end":{"line":124,"column":3}},"16":{"start":{"line":127,"column":13},"end":{"line":129,"column":3}},"17":{"start":{"line":132,"column":13},"end":{"line":134,"column":3}}},"fnMap":{"0":{"name":"(anonymous_0)","decl":{"start":{"line":24,"column":14},"end":{"line":24,"column":15}},"loc":{"start":{"line":24,"column":20},"end":{"line":27,"column":7}}},"1":{"name":"(anonymous_1)","decl":{"start":{"line":30,"column":14},"end":{"line":30,"column":15}},"loc":{"start":{"line":30,"column":20},"end":{"line":33,"column":7}}},"2":{"name":"(anonymous_2)","decl":{"start":{"line":73,"column":4},"end":{"line":73,"column":5}},"loc":{"start":{"line":73,"column":13},"end":{"line":76,"column":5}}},"3":{"name":"(anonymous_3)","decl":{"start":{"line":83,"column":4},"end":{"line":83,"column":5}},"loc":{"start":{"line":83,"column":13},"end":{"line":86,"column":5}}},"4":{"name":"(anonymous_4)","decl":{"start":{"line":93,"column":4},"end":{"line":93,"column":5}},"loc":{"start":{"line":93,"column":13},"end":{"line":98,"column":5}}}},"branchMap":{"0":{"loc":{"start":{"line":75,"column":13},"end":{"line":75,"column":84}},"type":"binary-expr","locations":[{"start":{"line":75,"column":13},"end":{"line":75,"column":24}},{"start":{"line":75,"column":28},"end":{"line":75,"column":41}},{"start":{"line":75,"column":46},"end":{"line":75,"column":61}},{"start":{"line":75,"column":65},"end":{"line":75,"column":83}}]},"1":{"loc":{"start":{"line":85,"column":13},"end":{"line":85,"column":78}},"type":"binary-expr","locations":[{"start":{"line":85,"column":13},"end":{"line":85,"column":23}},{"start":{"line":85,"column":28},"end":{"line":85,"column":45}},{"start":{"line":85,"column":49},"end":{"line":85,"column":77}}]}},"s":{"0":12,"1":12,"2":12,"3":0,"4":0,"5":0,"6":0,"7":12,"8":0,"9":0,"10":0,"11":0,"12":0,"13":12,"14":12,"15":12,"16":12,"17":12},"f":{"0":0,"1":0,"2":0,"3":0,"4":0},"b":{"0":[0,0,0,0],"1":[0,0,0]}}
,"D:\\agora vai\\backend\\src\\validators\\categorySchema.ts": {"path":"D:\\agora vai\\backend\\src\\validators\\categorySchema.ts","statementMap":{"0":{"start":{"line":1,"column":0},"end":{"line":1,"column":24}},"1":{"start":{"line":3,"column":13},"end":{"line":5,"column":3}},"2":{"start":{"line":7,"column":13},"end":{"line":9,"column":3}}},"fnMap":{},"branchMap":{},"s":{"0":12,"1":12,"2":12},"f":{},"b":{}}
,"D:\\agora vai\\backend\\src\\validators\\equipmentSchema.ts": {"path":"D:\\agora vai\\backend\\src\\validators\\equipmentSchema.ts","statementMap":{"0":{"start":{"line":1,"column":0},"end":{"line":1,"column":24}},"1":{"start":{"line":3,"column":13},"end":{"line":8,"column":3}}},"fnMap":{},"branchMap":{},"s":{"0":12,"1":12},"f":{},"b":{}}
,"D:\\agora vai\\backend\\src\\validators\\reviewSchema.ts": {"path":"D:\\agora vai\\backend\\src\\validators\\reviewSchema.ts","statementMap":{"0":{"start":{"line":1,"column":0},"end":{"line":1,"column":24}},"1":{"start":{"line":3,"column":13},"end":{"line":8,"column":12}}},"fnMap":{},"branchMap":{},"s":{"0":12,"1":12},"f":{},"b":{}}
,"D:\\agora vai\\backend\\src\\validators\\userSchema.ts": {"path":"D:\\agora vai\\backend\\src\\validators\\userSchema.ts","statementMap":{"0":{"start":{"line":1,"column":0},"end":{"line":1,"column":24}},"1":{"start":{"line":3,"column":13},"end":{"line":19,"column":3}},"2":{"start":{"line":22,"column":24},"end":{"line":22,"column":63}},"3":{"start":{"line":23,"column":29},"end":{"line":29,"column":69}},"4":{"start":{"line":30,"column":28},"end":{"line":30,"column":89}},"5":{"start":{"line":31,"column":31},"end":{"line":31,"column":91}},"6":{"start":{"line":33,"column":13},"end":{"line":37,"column":3}},"7":{"start":{"line":39,"column":13},"end":{"line":43,"column":3}}},"fnMap":{},"branchMap":{"0":{"loc":{"start":{"line":31,"column":31},"end":{"line":31,"column":91}},"type":"cond-expr","locations":[{"start":{"line":31,"column":49},"end":{"line":31,"column":69}},{"start":{"line":31,"column":72},"end":{"line":31,"column":91}}]}},"s":{"0":13,"1":13,"2":13,"3":13,"4":13,"5":13,"6":13,"7":13},"f":{},"b":{"0":[0,13]}}
}
