{"D:\\agora vai\\backend\\src\\config\\database.ts": {"path":"D:\\agora vai\\backend\\src\\config\\database.ts","statementMap":{"0":{"start":{"line":1,"column":0},"end":{"line":1,"column":46}},"1":{"start":{"line":10,"column":0},"end":{"line":31,"column":1}},"2":{"start":{"line":11,"column":2},"end":{"line":18,"column":5}},"3":{"start":{"line":20,"column":2},"end":{"line":29,"column":3}},"4":{"start":{"line":21,"column":4},"end":{"line":28,"column":7}},"5":{"start":{"line":30,"column":2},"end":{"line":30,"column":27}},"6":{"start":{"line":34,"column":0},"end":{"line":37,"column":3}},"7":{"start":{"line":35,"column":2},"end":{"line":35,"column":65}},"8":{"start":{"line":36,"column":2},"end":{"line":36,"column":18}},"9":{"start":{"line":40,"column":25},"end":{"line":44,"column":1}},"10":{"start":{"line":41,"column":2},"end":{"line":41,"column":52}},"11":{"start":{"line":42,"column":2},"end":{"line":42,"column":29}},"12":{"start":{"line":43,"column":2},"end":{"line":43,"column":18}},"13":{"start":{"line":46,"column":0},"end":{"line":46,"column":39}},"14":{"start":{"line":47,"column":0},"end":{"line":47,"column":40}},"15":{"start":{"line":48,"column":0},"end":{"line":50,"column":3}},"16":{"start":{"line":49,"column":2},"end":{"line":49,"column":29}},"17":{"start":{"line":53,"column":0},"end":{"line":53,"column":22}}},"fnMap":{"0":{"name":"(anonymous_0)","decl":{"start":{"line":34,"column":24},"end":{"line":34,"column":25}},"loc":{"start":{"line":34,"column":34},"end":{"line":37,"column":1}}},"1":{"name":"(anonymous_1)","decl":{"start":{"line":40,"column":25},"end":{"line":40,"column":30}},"loc":{"start":{"line":40,"column":36},"end":{"line":44,"column":1}}},"2":{"name":"(anonymous_2)","decl":{"start":{"line":48,"column":25},"end":{"line":48,"column":30}},"loc":{"start":{"line":48,"column":36},"end":{"line":50,"column":1}}}},"branchMap":{"0":{"loc":{"start":{"line":10,"column":0},"end":{"line":31,"column":1}},"type":"if","locations":[{"start":{"line":10,"column":0},"end":{"line":31,"column":1}},{"start":{"line":19,"column":7},"end":{"line":31,"column":1}}]},"1":{"loc":{"start":{"line":20,"column":2},"end":{"line":29,"column":3}},"type":"if","locations":[{"start":{"line":20,"column":2},"end":{"line":29,"column":3}},{"start":{},"end":{}}]}},"s":{"0":1,"1":1,"2":0,"3":1,"4":1,"5":0,"6":0,"7":0,"8":0,"9":0,"10":0,"11":0,"12":0,"13":0,"14":0,"15":0,"16":0,"17":0},"f":{"0":0,"1":0,"2":0},"b":{"0":[0,1],"1":[1,0]}}
,"D:\\agora vai\\backend\\src\\config\\environment.ts": {"path":"D:\\agora vai\\backend\\src\\config\\environment.ts","statementMap":{"0":{"start":{"line":4,"column":2},"end":{"line":15,"column":3}},"1":{"start":{"line":6,"column":4},"end":{"line":9,"column":5}},"2":{"start":{"line":7,"column":6},"end":{"line":7,"column":72}},"3":{"start":{"line":8,"column":6},"end":{"line":8,"column":22}},"4":{"start":{"line":12,"column":22},"end":{"line":12,"column":71}},"5":{"start":{"line":13,"column":4},"end":{"line":13,"column":104}},"6":{"start":{"line":14,"column":4},"end":{"line":14,"column":21}},"7":{"start":{"line":16,"column":2},"end":{"line":16,"column":15}},"8":{"start":{"line":19,"column":13},"end":{"line":34,"column":2}},"9":{"start":{"line":38,"column":28},"end":{"line":38,"column":30}},"10":{"start":{"line":39,"column":2},"end":{"line":41,"column":3}},"11":{"start":{"line":40,"column":4},"end":{"line":40,"column":85}},"12":{"start":{"line":42,"column":2},"end":{"line":44,"column":3}},"13":{"start":{"line":43,"column":4},"end":{"line":43,"column":52}},"14":{"start":{"line":45,"column":2},"end":{"line":45,"column":52}},"15":{"start":{"line":45,"column":25},"end":{"line":45,"column":52}},"16":{"start":{"line":46,"column":2},"end":{"line":49,"column":3}},"17":{"start":{"line":47,"column":4},"end":{"line":47,"column":88}},"18":{"start":{"line":48,"column":4},"end":{"line":48,"column":20}},"19":{"start":{"line":50,"column":2},"end":{"line":52,"column":3}},"20":{"start":{"line":51,"column":4},"end":{"line":51,"column":89}},"21":{"start":{"line":55,"column":0},"end":{"line":55,"column":19}}},"fnMap":{"0":{"name":"required","decl":{"start":{"line":3,"column":9},"end":{"line":3,"column":17}},"loc":{"start":{"line":3,"column":57},"end":{"line":17,"column":1}}},"1":{"name":"validateCritical","decl":{"start":{"line":37,"column":9},"end":{"line":37,"column":25}},"loc":{"start":{"line":37,"column":25},"end":{"line":53,"column":1}}}},"branchMap":{"0":{"loc":{"start":{"line":4,"column":2},"end":{"line":15,"column":3}},"type":"if","locations":[{"start":{"line":4,"column":2},"end":{"line":15,"column":3}},{"start":{},"end":{}}]},"1":{"loc":{"start":{"line":6,"column":4},"end":{"line":9,"column":5}},"type":"if","locations":[{"start":{"line":6,"column":4},"end":{"line":9,"column":5}},{"start":{},"end":{}}]},"2":{"loc":{"start":{"line":23,"column":15},"end":{"line":23,"column":61}},"type":"binary-expr","locations":[{"start":{"line":23,"column":15},"end":{"line":23,"column":48}},{"start":{"line":23,"column":52},"end":{"line":23,"column":61}}]},"3":{"loc":{"start":{"line":24,"column":12},"end":{"line":24,"column":55}},"type":"binary-expr","locations":[{"start":{"line":24,"column":12},"end":{"line":24,"column":42}},{"start":{"line":24,"column":46},"end":{"line":24,"column":55}}]},"4":{"loc":{"start":{"line":25,"column":15},"end":{"line":25,"column":61}},"type":"binary-expr","locations":[{"start":{"line":25,"column":15},"end":{"line":25,"column":48}},{"start":{"line":25,"column":52},"end":{"line":25,"column":61}}]},"5":{"loc":{"start":{"line":27,"column":16},"end":{"line":27,"column":55}},"type":"binary-expr","locations":[{"start":{"line":27,"column":16},"end":{"line":27,"column":42}},{"start":{"line":27,"column":46},"end":{"line":27,"column":55}}]},"6":{"loc":{"start":{"line":29,"column":10},"end":{"line":29,"column":44}},"type":"binary-expr","locations":[{"start":{"line":29,"column":10},"end":{"line":29,"column":31}},{"start":{"line":29,"column":35},"end":{"line":29,"column":44}}]},"7":{"loc":{"start":{"line":30,"column":10},"end":{"line":30,"column":75}},"type":"cond-expr","locations":[{"start":{"line":30,"column":34},"end":{"line":30,"column":63}},{"start":{"line":30,"column":66},"end":{"line":30,"column":75}}]},"8":{"loc":{"start":{"line":31,"column":10},"end":{"line":31,"column":44}},"type":"binary-expr","locations":[{"start":{"line":31,"column":10},"end":{"line":31,"column":31}},{"start":{"line":31,"column":35},"end":{"line":31,"column":44}}]},"9":{"loc":{"start":{"line":32,"column":10},"end":{"line":32,"column":44}},"type":"binary-expr","locations":[{"start":{"line":32,"column":10},"end":{"line":32,"column":31}},{"start":{"line":32,"column":35},"end":{"line":32,"column":44}}]},"10":{"loc":{"start":{"line":39,"column":2},"end":{"line":41,"column":3}},"type":"if","locations":[{"start":{"line":39,"column":2},"end":{"line":41,"column":3}},{"start":{},"end":{}}]},"11":{"loc":{"start":{"line":39,"column":6},"end":{"line":39,"column":95}},"type":"binary-expr","locations":[{"start":{"line":39,"column":6},"end":{"line":39,"column":34}},{"start":{"line":39,"column":38},"end":{"line":39,"column":63}},{"start":{"line":39,"column":67},"end":{"line":39,"column":95}}]},"12":{"loc":{"start":{"line":42,"column":2},"end":{"line":44,"column":3}},"type":"if","locations":[{"start":{"line":42,"column":2},"end":{"line":44,"column":3}},{"start":{},"end":{}}]},"13":{"loc":{"start":{"line":42,"column":6},"end":{"line":42,"column":65}},"type":"binary-expr","locations":[{"start":{"line":42,"column":6},"end":{"line":42,"column":23}},{"start":{"line":42,"column":27},"end":{"line":42,"column":44}},{"start":{"line":42,"column":48},"end":{"line":42,"column":65}}]},"14":{"loc":{"start":{"line":45,"column":2},"end":{"line":45,"column":52}},"type":"if","locations":[{"start":{"line":45,"column":2},"end":{"line":45,"column":52}},{"start":{},"end":{}}]},"15":{"loc":{"start":{"line":46,"column":2},"end":{"line":49,"column":3}},"type":"if","locations":[{"start":{"line":46,"column":2},"end":{"line":49,"column":3}},{"start":{},"end":{}}]},"16":{"loc":{"start":{"line":46,"column":6},"end":{"line":46,"column":65}},"type":"binary-expr","locations":[{"start":{"line":46,"column":6},"end":{"line":46,"column":43}},{"start":{"line":46,"column":47},"end":{"line":46,"column":65}}]},"17":{"loc":{"start":{"line":50,"column":2},"end":{"line":52,"column":3}},"type":"if","locations":[{"start":{"line":50,"column":2},"end":{"line":52,"column":3}},{"start":{},"end":{}}]}},"s":{"0":4,"1":4,"2":0,"3":0,"4":4,"5":4,"6":4,"7":0,"8":2,"9":2,"10":2,"11":2,"12":2,"13":2,"14":2,"15":0,"16":2,"17":0,"18":0,"19":2,"20":2,"21":2},"f":{"0":4,"1":2},"b":{"0":[4,0],"1":[0,4],"2":[2,2],"3":[2,2],"4":[2,2],"5":[2,2],"6":[2,2],"7":[0,2],"8":[2,2],"9":[2,2],"10":[2,0],"11":[2,0,0],"12":[2,0],"13":[2,0,0],"14":[0,2],"15":[0,2],"16":[2,0],"17":[2,0]}}
,"D:\\agora vai\\backend\\src\\config\\logger.ts": {"path":"D:\\agora vai\\backend\\src\\config\\logger.ts","statementMap":{"0":{"start":{"line":1,"column":0},"end":{"line":1,"column":24}},"1":{"start":{"line":3,"column":15},"end":{"line":13,"column":2}},"2":{"start":{"line":15,"column":0},"end":{"line":15,"column":22}}},"fnMap":{},"branchMap":{"0":{"loc":{"start":{"line":4,"column":9},"end":{"line":4,"column":40}},"type":"binary-expr","locations":[{"start":{"line":4,"column":9},"end":{"line":4,"column":30}},{"start":{"line":4,"column":34},"end":{"line":4,"column":40}}]}},"s":{"0":1,"1":1,"2":1},"f":{},"b":{"0":[1,1]}}
,"D:\\agora vai\\backend\\src\\config\\prisma.ts": {"path":"D:\\agora vai\\backend\\src\\config\\prisma.ts","statementMap":{"0":{"start":{"line":1,"column":0},"end":{"line":1,"column":9}},"1":{"start":{"line":1,"column":9},"end":{"line":1,"column":36}}},"fnMap":{"0":{"name":"(anonymous_0)","decl":{"start":{"line":1,"column":9},"end":{"line":1,"column":15}},"loc":{"start":{"line":1,"column":9},"end":{"line":1,"column":36}}}},"branchMap":{},"s":{"0":1,"1":0},"f":{"0":0},"b":{}}
,"D:\\agora vai\\backend\\src\\controllers\\userController.ts": {"path":"D:\\agora vai\\backend\\src\\controllers\\userController.ts","statementMap":{"0":{"start":{"line":10,"column":0},"end":{"line":10,"column":7}},"1":{"start":{"line":23,"column":0},"end":{"line":23,"column":7}},"2":{"start":{"line":36,"column":0},"end":{"line":36,"column":7}},"3":{"start":{"line":45,"column":0},"end":{"line":45,"column":7}},"4":{"start":{"line":73,"column":0},"end":{"line":73,"column":7}},"5":{"start":{"line":82,"column":0},"end":{"line":82,"column":7}},"6":{"start":{"line":91,"column":0},"end":{"line":91,"column":7}},"7":{"start":{"line":100,"column":0},"end":{"line":100,"column":7}},"8":{"start":{"line":112,"column":0},"end":{"line":112,"column":7}},"9":{"start":{"line":2,"column":0},"end":{"line":2,"column":42}},"10":{"start":{"line":3,"column":0},"end":{"line":3,"column":55}},"11":{"start":{"line":4,"column":0},"end":{"line":4,"column":null}},"12":{"start":{"line":11,"column":16},"end":{"line":11,"column":54}},"13":{"start":{"line":12,"column":2},"end":{"line":14,"column":3}},"14":{"start":{"line":13,"column":4},"end":{"line":13,"column":67}},"15":{"start":{"line":15,"column":2},"end":{"line":20,"column":3}},"16":{"start":{"line":16,"column":17},"end":{"line":16,"column":55}},"17":{"start":{"line":17,"column":4},"end":{"line":17,"column":38}},"18":{"start":{"line":19,"column":4},"end":{"line":19,"column":58}},"19":{"start":{"line":24,"column":16},"end":{"line":24,"column":51}},"20":{"start":{"line":25,"column":2},"end":{"line":27,"column":3}},"21":{"start":{"line":26,"column":4},"end":{"line":26,"column":67}},"22":{"start":{"line":28,"column":2},"end":{"line":33,"column":3}},"23":{"start":{"line":29,"column":19},"end":{"line":29,"column":54}},"24":{"start":{"line":30,"column":4},"end":{"line":30,"column":28}},"25":{"start":{"line":32,"column":4},"end":{"line":32,"column":58}},"26":{"start":{"line":37,"column":2},"end":{"line":42,"column":3}},"27":{"start":{"line":38,"column":17},"end":{"line":38,"column":58}},"28":{"start":{"line":39,"column":4},"end":{"line":39,"column":26}},"29":{"start":{"line":41,"column":4},"end":{"line":41,"column":58}},"30":{"start":{"line":46,"column":16},"end":{"line":46,"column":55}},"31":{"start":{"line":47,"column":2},"end":{"line":49,"column":3}},"32":{"start":{"line":48,"column":4},"end":{"line":48,"column":67}},"33":{"start":{"line":50,"column":2},"end":{"line":70,"column":3}},"34":{"start":{"line":52,"column":28},"end":{"line":52,"column":45}},"35":{"start":{"line":53,"column":4},"end":{"line":60,"column":5}},"36":{"start":{"line":55,"column":6},"end":{"line":59,"column":7}},"37":{"start":{"line":56,"column":8},"end":{"line":56,"column":54}},"38":{"start":{"line":58,"column":8},"end":{"line":58,"column":31}},"39":{"start":{"line":62,"column":17},"end":{"line":65,"column":null}},"40":{"start":{"line":67,"column":4},"end":{"line":67,"column":26}},"41":{"start":{"line":69,"column":4},"end":{"line":69,"column":58}},"42":{"start":{"line":74,"column":2},"end":{"line":79,"column":3}},"43":{"start":{"line":75,"column":18},"end":{"line":75,"column":47}},"44":{"start":{"line":76,"column":4},"end":{"line":76,"column":27}},"45":{"start":{"line":78,"column":4},"end":{"line":78,"column":58}},"46":{"start":{"line":83,"column":2},"end":{"line":88,"column":3}},"47":{"start":{"line":84,"column":4},"end":{"line":84,"column":53}},"48":{"start":{"line":85,"column":4},"end":{"line":85,"column":67}},"49":{"start":{"line":87,"column":4},"end":{"line":87,"column":58}},"50":{"start":{"line":92,"column":2},"end":{"line":97,"column":3}},"51":{"start":{"line":93,"column":4},"end":{"line":93,"column":71}},"52":{"start":{"line":94,"column":4},"end":{"line":94,"column":66}},"53":{"start":{"line":96,"column":4},"end":{"line":96,"column":58}},"54":{"start":{"line":101,"column":2},"end":{"line":109,"column":3}},"55":{"start":{"line":102,"column":18},"end":{"line":102,"column":61}},"56":{"start":{"line":103,"column":4},"end":{"line":106,"column":7}},"57":{"start":{"line":108,"column":4},"end":{"line":108,"column":58}},"58":{"start":{"line":113,"column":2},"end":{"line":121,"column":3}},"59":{"start":{"line":114,"column":4},"end":{"line":114,"column":48}},"60":{"start":{"line":115,"column":4},"end":{"line":115,"column":75}},"61":{"start":{"line":117,"column":4},"end":{"line":119,"column":5}},"62":{"start":{"line":118,"column":6},"end":{"line":118,"column":76}},"63":{"start":{"line":120,"column":4},"end":{"line":120,"column":74}}},"fnMap":{"0":{"name":"register","decl":{"start":{"line":10,"column":22},"end":{"line":10,"column":30}},"loc":{"start":{"line":10,"column":58},"end":{"line":21,"column":1}}},"1":{"name":"login","decl":{"start":{"line":23,"column":22},"end":{"line":23,"column":27}},"loc":{"start":{"line":23,"column":55},"end":{"line":34,"column":1}}},"2":{"name":"getProfile","decl":{"start":{"line":36,"column":22},"end":{"line":36,"column":32}},"loc":{"start":{"line":36,"column":60},"end":{"line":43,"column":1}}},"3":{"name":"updateProfile","decl":{"start":{"line":45,"column":22},"end":{"line":45,"column":35}},"loc":{"start":{"line":45,"column":63},"end":{"line":71,"column":1}}},"4":{"name":"listUsers","decl":{"start":{"line":73,"column":22},"end":{"line":73,"column":31}},"loc":{"start":{"line":73,"column":59},"end":{"line":80,"column":1}}},"5":{"name":"forgotPassword","decl":{"start":{"line":82,"column":22},"end":{"line":82,"column":36}},"loc":{"start":{"line":82,"column":64},"end":{"line":89,"column":1}}},"6":{"name":"resetPassword","decl":{"start":{"line":91,"column":22},"end":{"line":91,"column":35}},"loc":{"start":{"line":91,"column":63},"end":{"line":98,"column":1}}},"7":{"name":"getStats","decl":{"start":{"line":100,"column":22},"end":{"line":100,"column":30}},"loc":{"start":{"line":100,"column":58},"end":{"line":110,"column":1}}},"8":{"name":"promoteVip","decl":{"start":{"line":112,"column":22},"end":{"line":112,"column":32}},"loc":{"start":{"line":112,"column":60},"end":{"line":122,"column":1}}}},"branchMap":{"0":{"loc":{"start":{"line":12,"column":2},"end":{"line":14,"column":3}},"type":"if","locations":[{"start":{"line":12,"column":2},"end":{"line":14,"column":3}},{"start":{},"end":{}}]},"1":{"loc":{"start":{"line":25,"column":2},"end":{"line":27,"column":3}},"type":"if","locations":[{"start":{"line":25,"column":2},"end":{"line":27,"column":3}},{"start":{},"end":{}}]},"2":{"loc":{"start":{"line":47,"column":2},"end":{"line":49,"column":3}},"type":"if","locations":[{"start":{"line":47,"column":2},"end":{"line":49,"column":3}},{"start":{},"end":{}}]},"3":{"loc":{"start":{"line":53,"column":4},"end":{"line":60,"column":5}},"type":"if","locations":[{"start":{"line":53,"column":4},"end":{"line":60,"column":5}},{"start":{},"end":{}}]},"4":{"loc":{"start":{"line":53,"column":8},"end":{"line":53,"column":62}},"type":"binary-expr","locations":[{"start":{"line":53,"column":8},"end":{"line":53,"column":23}},{"start":{"line":53,"column":27},"end":{"line":53,"column":62}}]},"5":{"loc":{"start":{"line":55,"column":6},"end":{"line":59,"column":7}},"type":"if","locations":[{"start":{"line":55,"column":6},"end":{"line":59,"column":7}},{"start":{"line":57,"column":13},"end":{"line":59,"column":7}}]},"6":{"loc":{"start":{"line":117,"column":4},"end":{"line":119,"column":5}},"type":"if","locations":[{"start":{"line":117,"column":4},"end":{"line":119,"column":5}},{"start":{},"end":{}}]},"7":{"loc":{"start":{"line":117,"column":8},"end":{"line":117,"column":68}},"type":"binary-expr","locations":[{"start":{"line":117,"column":8},"end":{"line":117,"column":21}},{"start":{"line":117,"column":25},"end":{"line":117,"column":68}}]}},"s":{"0":1,"1":1,"2":1,"3":1,"4":1,"5":1,"6":1,"7":1,"8":1,"9":1,"10":1,"11":1,"12":0,"13":0,"14":0,"15":0,"16":0,"17":0,"18":0,"19":0,"20":0,"21":0,"22":0,"23":0,"24":0,"25":0,"26":0,"27":0,"28":0,"29":0,"30":0,"31":0,"32":0,"33":0,"34":0,"35":0,"36":0,"37":0,"38":0,"39":0,"40":0,"41":0,"42":0,"43":0,"44":0,"45":0,"46":0,"47":0,"48":0,"49":0,"50":0,"51":0,"52":0,"53":0,"54":0,"55":0,"56":0,"57":0,"58":3,"59":3,"60":1,"61":2,"62":1,"63":1},"f":{"0":0,"1":0,"2":0,"3":0,"4":0,"5":0,"6":0,"7":0,"8":3},"b":{"0":[0,0],"1":[0,0],"2":[0,0],"3":[0,0],"4":[0,0],"5":[0,0],"6":[1,1],"7":[2,2]}}
,"D:\\agora vai\\backend\\src\\services\\bookingService.ts": {"path":"D:\\agora vai\\backend\\src\\services\\bookingService.ts","statementMap":{"0":{"start":{"line":1,"column":0},"end":{"line":1,"column":81}},"1":{"start":{"line":3,"column":0},"end":{"line":3,"column":null}},"2":{"start":{"line":10,"column":0},"end":{"line":10,"column":38}},"3":{"start":{"line":11,"column":0},"end":{"line":11,"column":42}},"4":{"start":{"line":56,"column":10},"end":{"line":56,"column":26}},"5":{"start":{"line":59,"column":19},"end":{"line":150,"column":4}},"6":{"start":{"line":18,"column":16},"end":{"line":18,"column":26}},"7":{"start":{"line":19,"column":23},"end":{"line":19,"column":48}},"8":{"start":{"line":21,"column":21},"end":{"line":33,"column":6}},"9":{"start":{"line":36,"column":53},"end":{"line":36,"column":55}},"10":{"start":{"line":37,"column":4},"end":{"line":42,"column":5}},"11":{"start":{"line":38,"column":19},"end":{"line":38,"column":46}},"12":{"start":{"line":39,"column":20},"end":{"line":39,"column":39}},"13":{"start":{"line":40,"column":18},"end":{"line":40,"column":42}},"14":{"start":{"line":41,"column":6},"end":{"line":41,"column":87}},"15":{"start":{"line":45,"column":69},"end":{"line":45,"column":71}},"16":{"start":{"line":46,"column":4},"end":{"line":53,"column":5}},"17":{"start":{"line":46,"column":17},"end":{"line":46,"column":18}},"18":{"start":{"line":47,"column":18},"end":{"line":47,"column":38}},"19":{"start":{"line":48,"column":6},"end":{"line":52,"column":9}},"20":{"start":{"line":54,"column":4},"end":{"line":54,"column":18}},"21":{"start":{"line":156,"column":4},"end":{"line":320,"column":5}},"22":{"start":{"line":158,"column":6},"end":{"line":160,"column":7}},"23":{"start":{"line":159,"column":8},"end":{"line":159,"column":77}},"24":{"start":{"line":162,"column":24},"end":{"line":162,"column":48}},"25":{"start":{"line":163,"column":27},"end":{"line":163,"column":54}},"26":{"start":{"line":165,"column":6},"end":{"line":167,"column":7}},"27":{"start":{"line":166,"column":8},"end":{"line":166,"column":77}},"28":{"start":{"line":169,"column":6},"end":{"line":171,"column":7}},"29":{"start":{"line":170,"column":8},"end":{"line":170,"column":91}},"30":{"start":{"line":174,"column":22},"end":{"line":176,"column":8}},"31":{"start":{"line":178,"column":6},"end":{"line":180,"column":7}},"32":{"start":{"line":179,"column":8},"end":{"line":179,"column":75}},"33":{"start":{"line":183,"column":23},"end":{"line":183,"column":43}},"34":{"start":{"line":184,"column":6},"end":{"line":196,"column":7}},"35":{"start":{"line":185,"column":8},"end":{"line":195,"column":9}},"36":{"start":{"line":186,"column":22},"end":{"line":188,"column":12}},"37":{"start":{"line":189,"column":10},"end":{"line":189,"column":58}},"38":{"start":{"line":190,"column":15},"end":{"line":195,"column":9}},"39":{"start":{"line":191,"column":29},"end":{"line":193,"column":12}},"40":{"start":{"line":194,"column":10},"end":{"line":194,"column":88}},"41":{"start":{"line":194,"column":54},"end":{"line":194,"column":83}},"42":{"start":{"line":199,"column":21},"end":{"line":199,"column":34}},"43":{"start":{"line":200,"column":6},"end":{"line":238,"column":7}},"44":{"start":{"line":201,"column":21},"end":{"line":203,"column":10}},"45":{"start":{"line":205,"column":8},"end":{"line":213,"column":9}},"46":{"start":{"line":206,"column":10},"end":{"line":212,"column":13}},"47":{"start":{"line":214,"column":8},"end":{"line":214,"column":29}},"48":{"start":{"line":215,"column":13},"end":{"line":238,"column":7}},"49":{"start":{"line":217,"column":8},"end":{"line":237,"column":9}},"50":{"start":{"line":219,"column":23},"end":{"line":221,"column":12}},"51":{"start":{"line":223,"column":10},"end":{"line":234,"column":11}},"52":{"start":{"line":224,"column":27},"end":{"line":230,"column":14}},"53":{"start":{"line":231,"column":12},"end":{"line":231,"column":33}},"54":{"start":{"line":233,"column":12},"end":{"line":233,"column":71}},"55":{"start":{"line":236,"column":10},"end":{"line":236,"column":119}},"56":{"start":{"line":240,"column":6},"end":{"line":242,"column":7}},"57":{"start":{"line":241,"column":8},"end":{"line":241,"column":95}},"58":{"start":{"line":247,"column":26},"end":{"line":281,"column":8}},"59":{"start":{"line":279,"column":48},"end":{"line":279,"column":54}},"60":{"start":{"line":284,"column":6},"end":{"line":300,"column":7}},"61":{"start":{"line":285,"column":8},"end":{"line":288,"column":11}},"62":{"start":{"line":291,"column":8},"end":{"line":298,"column":9}},"63":{"start":{"line":292,"column":10},"end":{"line":292,"column":111}},"64":{"start":{"line":293,"column":27},"end":{"line":296,"column":12}},"65":{"start":{"line":297,"column":10},"end":{"line":297,"column":40}},"66":{"start":{"line":297,"column":24},"end":{"line":297,"column":40}},"67":{"start":{"line":299,"column":8},"end":{"line":299,"column":18}},"68":{"start":{"line":302,"column":6},"end":{"line":302,"column":65}},"69":{"start":{"line":303,"column":6},"end":{"line":303,"column":21}},"70":{"start":{"line":306,"column":6},"end":{"line":306,"column":63}},"71":{"start":{"line":307,"column":6},"end":{"line":310,"column":7}},"72":{"start":{"line":309,"column":8},"end":{"line":309,"column":20}},"73":{"start":{"line":312,"column":6},"end":{"line":318,"column":7}},"74":{"start":{"line":317,"column":8},"end":{"line":317,"column":95}},"75":{"start":{"line":319,"column":6},"end":{"line":319,"column":120}},"76":{"start":{"line":327,"column":4},"end":{"line":379,"column":5}},"77":{"start":{"line":331,"column":34},"end":{"line":362,"column":15}},"78":{"start":{"line":364,"column":22},"end":{"line":367,"column":8}},"79":{"start":{"line":369,"column":6},"end":{"line":371,"column":7}},"80":{"start":{"line":370,"column":8},"end":{"line":370,"column":41}},"81":{"start":{"line":373,"column":6},"end":{"line":373,"column":21}},"82":{"start":{"line":375,"column":6},"end":{"line":377,"column":7}},"83":{"start":{"line":376,"column":8},"end":{"line":376,"column":20}},"84":{"start":{"line":378,"column":6},"end":{"line":378,"column":113}},"85":{"start":{"line":386,"column":4},"end":{"line":432,"column":5}},"86":{"start":{"line":387,"column":46},"end":{"line":387,"column":48}},"87":{"start":{"line":389,"column":6},"end":{"line":391,"column":7}},"88":{"start":{"line":390,"column":8},"end":{"line":390,"column":38}},"89":{"start":{"line":393,"column":6},"end":{"line":395,"column":7}},"90":{"start":{"line":394,"column":8},"end":{"line":394,"column":54}},"91":{"start":{"line":397,"column":6},"end":{"line":399,"column":7}},"92":{"start":{"line":398,"column":8},"end":{"line":398,"column":42}},"93":{"start":{"line":401,"column":6},"end":{"line":403,"column":7}},"94":{"start":{"line":402,"column":8},"end":{"line":402,"column":44}},"95":{"start":{"line":405,"column":6},"end":{"line":407,"column":7}},"96":{"start":{"line":406,"column":8},"end":{"line":406,"column":46}},"97":{"start":{"line":409,"column":6},"end":{"line":411,"column":7}},"98":{"start":{"line":410,"column":8},"end":{"line":410,"column":36}},"99":{"start":{"line":413,"column":6},"end":{"line":421,"column":7}},"100":{"start":{"line":414,"column":8},"end":{"line":414,"column":29}},"101":{"start":{"line":415,"column":8},"end":{"line":417,"column":9}},"102":{"start":{"line":416,"column":10},"end":{"line":416,"column":54}},"103":{"start":{"line":418,"column":8},"end":{"line":420,"column":9}},"104":{"start":{"line":419,"column":10},"end":{"line":419,"column":52}},"105":{"start":{"line":423,"column":23},"end":{"line":427,"column":8}},"106":{"start":{"line":429,"column":6},"end":{"line":429,"column":22}},"107":{"start":{"line":431,"column":6},"end":{"line":431,"column":114}},"108":{"start":{"line":439,"column":4},"end":{"line":443,"column":5}},"109":{"start":{"line":440,"column":6},"end":{"line":440,"column":53}},"110":{"start":{"line":442,"column":6},"end":{"line":442,"column":125}},"111":{"start":{"line":450,"column":4},"end":{"line":497,"column":5}},"112":{"start":{"line":451,"column":30},"end":{"line":451,"column":59}},"113":{"start":{"line":453,"column":52},"end":{"line":453,"column":54}},"114":{"start":{"line":456,"column":6},"end":{"line":456,"column":67}},"115":{"start":{"line":456,"column":27},"end":{"line":456,"column":67}},"116":{"start":{"line":457,"column":6},"end":{"line":457,"column":74}},"117":{"start":{"line":457,"column":26},"end":{"line":457,"column":74}},"118":{"start":{"line":458,"column":6},"end":{"line":458,"column":83}},"119":{"start":{"line":458,"column":29},"end":{"line":458,"column":83}},"120":{"start":{"line":459,"column":6},"end":{"line":459,"column":61}},"121":{"start":{"line":459,"column":25},"end":{"line":459,"column":61}},"122":{"start":{"line":460,"column":6},"end":{"line":460,"column":52}},"123":{"start":{"line":460,"column":22},"end":{"line":460,"column":52}},"124":{"start":{"line":461,"column":6},"end":{"line":461,"column":82}},"125":{"start":{"line":461,"column":32},"end":{"line":461,"column":82}},"126":{"start":{"line":462,"column":6},"end":{"line":462,"column":67}},"127":{"start":{"line":462,"column":27},"end":{"line":462,"column":67}},"128":{"start":{"line":465,"column":6},"end":{"line":465,"column":55}},"129":{"start":{"line":465,"column":23},"end":{"line":465,"column":55}},"130":{"start":{"line":466,"column":6},"end":{"line":466,"column":73}},"131":{"start":{"line":466,"column":29},"end":{"line":466,"column":73}},"132":{"start":{"line":467,"column":6},"end":{"line":467,"column":49}},"133":{"start":{"line":467,"column":21},"end":{"line":467,"column":49}},"134":{"start":{"line":468,"column":6},"end":{"line":468,"column":52}},"135":{"start":{"line":468,"column":22},"end":{"line":468,"column":52}},"136":{"start":{"line":469,"column":6},"end":{"line":469,"column":58}},"137":{"start":{"line":469,"column":24},"end":{"line":469,"column":58}},"138":{"start":{"line":470,"column":6},"end":{"line":470,"column":76}},"139":{"start":{"line":470,"column":30},"end":{"line":470,"column":76}},"140":{"start":{"line":471,"column":6},"end":{"line":471,"column":102}},"141":{"start":{"line":471,"column":48},"end":{"line":471,"column":102}},"142":{"start":{"line":474,"column":6},"end":{"line":474,"column":93}},"143":{"start":{"line":474,"column":45},"end":{"line":474,"column":93}},"144":{"start":{"line":475,"column":6},"end":{"line":475,"column":78}},"145":{"start":{"line":475,"column":40},"end":{"line":475,"column":78}},"146":{"start":{"line":476,"column":6},"end":{"line":476,"column":81}},"147":{"start":{"line":476,"column":41},"end":{"line":476,"column":81}},"148":{"start":{"line":477,"column":6},"end":{"line":477,"column":76}},"149":{"start":{"line":477,"column":30},"end":{"line":477,"column":76}},"150":{"start":{"line":480,"column":6},"end":{"line":480,"column":96}},"151":{"start":{"line":480,"column":44},"end":{"line":480,"column":96}},"152":{"start":{"line":481,"column":6},"end":{"line":481,"column":105}},"153":{"start":{"line":481,"column":47},"end":{"line":481,"column":105}},"154":{"start":{"line":483,"column":29},"end":{"line":487,"column":8}},"155":{"start":{"line":489,"column":6},"end":{"line":489,"column":57}},"156":{"start":{"line":490,"column":6},"end":{"line":490,"column":28}},"157":{"start":{"line":493,"column":6},"end":{"line":495,"column":7}},"158":{"start":{"line":494,"column":8},"end":{"line":494,"column":20}},"159":{"start":{"line":496,"column":6},"end":{"line":496,"column":116}},"160":{"start":{"line":504,"column":4},"end":{"line":521,"column":5}},"161":{"start":{"line":505,"column":22},"end":{"line":505,"column":51}},"162":{"start":{"line":507,"column":29},"end":{"line":511,"column":8}},"163":{"start":{"line":513,"column":6},"end":{"line":513,"column":64}},"164":{"start":{"line":514,"column":6},"end":{"line":514,"column":28}},"165":{"start":{"line":517,"column":6},"end":{"line":519,"column":7}},"166":{"start":{"line":518,"column":8},"end":{"line":518,"column":20}},"167":{"start":{"line":520,"column":6},"end":{"line":520,"column":126}},"168":{"start":{"line":528,"column":4},"end":{"line":545,"column":5}},"169":{"start":{"line":529,"column":22},"end":{"line":529,"column":51}},"170":{"start":{"line":531,"column":29},"end":{"line":535,"column":8}},"171":{"start":{"line":537,"column":6},"end":{"line":537,"column":81}},"172":{"start":{"line":538,"column":6},"end":{"line":538,"column":28}},"173":{"start":{"line":541,"column":6},"end":{"line":543,"column":7}},"174":{"start":{"line":542,"column":8},"end":{"line":542,"column":20}},"175":{"start":{"line":544,"column":6},"end":{"line":544,"column":126}},"176":{"start":{"line":552,"column":4},"end":{"line":566,"column":5}},"177":{"start":{"line":553,"column":22},"end":{"line":553,"column":51}},"178":{"start":{"line":555,"column":6},"end":{"line":557,"column":9}},"179":{"start":{"line":559,"column":6},"end":{"line":559,"column":44}},"180":{"start":{"line":562,"column":6},"end":{"line":564,"column":7}},"181":{"start":{"line":563,"column":8},"end":{"line":563,"column":20}},"182":{"start":{"line":565,"column":6},"end":{"line":565,"column":114}},"183":{"start":{"line":573,"column":20},"end":{"line":573,"column":56}},"184":{"start":{"line":574,"column":4},"end":{"line":574,"column":51}},"185":{"start":{"line":574,"column":18},"end":{"line":574,"column":51}},"186":{"start":{"line":576,"column":21},"end":{"line":583,"column":6}},"187":{"start":{"line":585,"column":4},"end":{"line":585,"column":22}},"188":{"start":{"line":589,"column":14},"end":{"line":589,"column":89}},"189":{"start":{"line":590,"column":4},"end":{"line":590,"column":15}},"190":{"start":{"line":597,"column":4},"end":{"line":597,"column":71}},"191":{"start":{"line":604,"column":4},"end":{"line":664,"column":5}},"192":{"start":{"line":605,"column":22},"end":{"line":605,"column":51}},"193":{"start":{"line":607,"column":24},"end":{"line":607,"column":59}},"194":{"start":{"line":608,"column":6},"end":{"line":608,"column":81}},"195":{"start":{"line":608,"column":44},"end":{"line":608,"column":81}},"196":{"start":{"line":611,"column":22},"end":{"line":611,"column":109}},"197":{"start":{"line":614,"column":6},"end":{"line":637,"column":7}},"198":{"start":{"line":615,"column":8},"end":{"line":636,"column":9}},"199":{"start":{"line":616,"column":10},"end":{"line":635,"column":11}},"200":{"start":{"line":617,"column":12},"end":{"line":631,"column":15}},"201":{"start":{"line":634,"column":12},"end":{"line":634,"column":62}},"202":{"start":{"line":640,"column":6},"end":{"line":650,"column":7}},"203":{"start":{"line":641,"column":29},"end":{"line":641,"column":69}},"204":{"start":{"line":641,"column":30},"end":{"line":641,"column":60}},"205":{"start":{"line":642,"column":28},"end":{"line":642,"column":57}},"206":{"start":{"line":643,"column":28},"end":{"line":643,"column":124}},"207":{"start":{"line":644,"column":27},"end":{"line":644,"column":89}},"208":{"start":{"line":645,"column":8},"end":{"line":647,"column":9}},"209":{"start":{"line":646,"column":10},"end":{"line":646,"column":108}},"210":{"start":{"line":649,"column":8},"end":{"line":649,"column":64}},"211":{"start":{"line":653,"column":6},"end":{"line":659,"column":7}},"212":{"start":{"line":654,"column":31},"end":{"line":654,"column":73}},"213":{"start":{"line":654,"column":32},"end":{"line":654,"column":64}},"214":{"start":{"line":655,"column":28},"end":{"line":655,"column":57}},"215":{"start":{"line":656,"column":8},"end":{"line":656,"column":66}},"216":{"start":{"line":658,"column":8},"end":{"line":658,"column":79}},"217":{"start":{"line":661,"column":6},"end":{"line":661,"column":43}},"218":{"start":{"line":663,"column":6},"end":{"line":663,"column":18}},"219":{"start":{"line":671,"column":4},"end":{"line":691,"column":5}},"220":{"start":{"line":672,"column":22},"end":{"line":672,"column":51}},"221":{"start":{"line":674,"column":29},"end":{"line":681,"column":8}},"222":{"start":{"line":683,"column":6},"end":{"line":683,"column":46}},"223":{"start":{"line":684,"column":6},"end":{"line":684,"column":28}},"224":{"start":{"line":687,"column":6},"end":{"line":689,"column":7}},"225":{"start":{"line":688,"column":8},"end":{"line":688,"column":20}},"226":{"start":{"line":690,"column":6},"end":{"line":690,"column":115}},"227":{"start":{"line":698,"column":4},"end":{"line":714,"column":5}},"228":{"start":{"line":699,"column":18},"end":{"line":699,"column":28}},"229":{"start":{"line":700,"column":23},"end":{"line":709,"column":8}},"230":{"start":{"line":711,"column":6},"end":{"line":711,"column":22}},"231":{"start":{"line":713,"column":6},"end":{"line":713,"column":123}},"232":{"start":{"line":721,"column":4},"end":{"line":739,"column":5}},"233":{"start":{"line":722,"column":18},"end":{"line":722,"column":28}},"234":{"start":{"line":723,"column":23},"end":{"line":734,"column":8}},"235":{"start":{"line":736,"column":6},"end":{"line":736,"column":22}},"236":{"start":{"line":738,"column":6},"end":{"line":738,"column":127}},"237":{"start":{"line":746,"column":4},"end":{"line":774,"column":5}},"238":{"start":{"line":747,"column":24},"end":{"line":747,"column":52}},"239":{"start":{"line":748,"column":22},"end":{"line":748,"column":46}},"240":{"start":{"line":750,"column":23},"end":{"line":760,"column":8}},"241":{"start":{"line":762,"column":6},"end":{"line":771,"column":10}},"242":{"start":{"line":762,"column":38},"end":{"line":771,"column":8}},"243":{"start":{"line":773,"column":6},"end":{"line":773,"column":116}},"244":{"start":{"line":781,"column":4},"end":{"line":825,"column":5}},"245":{"start":{"line":782,"column":18},"end":{"line":782,"column":28}},"246":{"start":{"line":783,"column":27},"end":{"line":783,"column":73}},"247":{"start":{"line":784,"column":25},"end":{"line":784,"column":75}},"248":{"start":{"line":792,"column":10},"end":{"line":814,"column":8}},"249":{"start":{"line":816,"column":6},"end":{"line":822,"column":8}},"250":{"start":{"line":824,"column":6},"end":{"line":824,"column":118}},"251":{"start":{"line":13,"column":0},"end":{"line":13,"column":13}}},"fnMap":{"0":{"name":"(anonymous_10)","decl":{"start":{"line":13,"column":0},"end":{"line":13,"column":13}},"loc":{"start":{"line":13,"column":0},"end":{"line":827,"column":1}}},"1":{"name":"(anonymous_11)","decl":{"start":{"line":17,"column":2},"end":{"line":17,"column":7}},"loc":{"start":{"line":17,"column":45},"end":{"line":55,"column":3}}},"2":{"name":"(anonymous_12)","decl":{"start":{"line":155,"column":2},"end":{"line":155,"column":7}},"loc":{"start":{"line":155,"column":90},"end":{"line":321,"column":3}}},"3":{"name":"(anonymous_13)","decl":{"start":{"line":194,"column":41},"end":{"line":194,"column":42}},"loc":{"start":{"line":194,"column":54},"end":{"line":194,"column":83}}},"4":{"name":"(anonymous_14)","decl":{"start":{"line":279,"column":41},"end":{"line":279,"column":43}},"loc":{"start":{"line":279,"column":48},"end":{"line":279,"column":54}}},"5":{"name":"(anonymous_15)","decl":{"start":{"line":326,"column":2},"end":{"line":326,"column":7}},"loc":{"start":{"line":326,"column":33},"end":{"line":380,"column":3}}},"6":{"name":"(anonymous_16)","decl":{"start":{"line":385,"column":2},"end":{"line":385,"column":7}},"loc":{"start":{"line":385,"column":51},"end":{"line":433,"column":3}}},"7":{"name":"(anonymous_17)","decl":{"start":{"line":438,"column":2},"end":{"line":438,"column":7}},"loc":{"start":{"line":438,"column":44},"end":{"line":444,"column":3}}},"8":{"name":"(anonymous_18)","decl":{"start":{"line":449,"column":2},"end":{"line":449,"column":7}},"loc":{"start":{"line":449,"column":58},"end":{"line":498,"column":3}}},"9":{"name":"(anonymous_19)","decl":{"start":{"line":503,"column":2},"end":{"line":503,"column":7}},"loc":{"start":{"line":503,"column":61},"end":{"line":522,"column":3}}},"10":{"name":"(anonymous_20)","decl":{"start":{"line":527,"column":2},"end":{"line":527,"column":7}},"loc":{"start":{"line":527,"column":71},"end":{"line":546,"column":3}}},"11":{"name":"(anonymous_21)","decl":{"start":{"line":551,"column":2},"end":{"line":551,"column":7}},"loc":{"start":{"line":551,"column":32},"end":{"line":567,"column":3}}},"12":{"name":"(anonymous_22)","decl":{"start":{"line":572,"column":2},"end":{"line":572,"column":7}},"loc":{"start":{"line":572,"column":103},"end":{"line":586,"column":3}}},"13":{"name":"(anonymous_23)","decl":{"start":{"line":588,"column":2},"end":{"line":588,"column":7}},"loc":{"start":{"line":588,"column":45},"end":{"line":591,"column":3}}},"14":{"name":"(anonymous_24)","decl":{"start":{"line":596,"column":2},"end":{"line":596,"column":7}},"loc":{"start":{"line":596,"column":26},"end":{"line":598,"column":3}}},"15":{"name":"(anonymous_25)","decl":{"start":{"line":603,"column":2},"end":{"line":603,"column":7}},"loc":{"start":{"line":603,"column":99},"end":{"line":665,"column":3}}},"16":{"name":"(anonymous_26)","decl":{"start":{"line":641,"column":30},"end":{"line":641,"column":43}},"loc":{"start":{"line":641,"column":30},"end":{"line":641,"column":60}}},"17":{"name":"(anonymous_27)","decl":{"start":{"line":654,"column":32},"end":{"line":654,"column":45}},"loc":{"start":{"line":654,"column":32},"end":{"line":654,"column":64}}},"18":{"name":"(anonymous_28)","decl":{"start":{"line":670,"column":2},"end":{"line":670,"column":7}},"loc":{"start":{"line":670,"column":42},"end":{"line":692,"column":3}}},"19":{"name":"(anonymous_29)","decl":{"start":{"line":697,"column":2},"end":{"line":697,"column":7}},"loc":{"start":{"line":697,"column":36},"end":{"line":715,"column":3}}},"20":{"name":"(anonymous_30)","decl":{"start":{"line":720,"column":2},"end":{"line":720,"column":7}},"loc":{"start":{"line":720,"column":35},"end":{"line":740,"column":3}}},"21":{"name":"(anonymous_31)","decl":{"start":{"line":745,"column":2},"end":{"line":745,"column":7}},"loc":{"start":{"line":745,"column":47},"end":{"line":775,"column":3}}},"22":{"name":"(anonymous_32)","decl":{"start":{"line":762,"column":26},"end":{"line":762,"column":33}},"loc":{"start":{"line":762,"column":38},"end":{"line":771,"column":8}}},"23":{"name":"(anonymous_33)","decl":{"start":{"line":780,"column":2},"end":{"line":780,"column":7}},"loc":{"start":{"line":780,"column":25},"end":{"line":826,"column":3}}}},"branchMap":{"0":{"loc":{"start":{"line":19,"column":23},"end":{"line":19,"column":48}},"type":"binary-expr","locations":[{"start":{"line":19,"column":23},"end":{"line":19,"column":27}},{"start":{"line":19,"column":31},"end":{"line":19,"column":48}}]},"1":{"loc":{"start":{"line":41,"column":28},"end":{"line":41,"column":51}},"type":"binary-expr","locations":[{"start":{"line":41,"column":28},"end":{"line":41,"column":46}},{"start":{"line":41,"column":50},"end":{"line":41,"column":51}}]},"2":{"loc":{"start":{"line":41,"column":62},"end":{"line":41,"column":85}},"type":"binary-expr","locations":[{"start":{"line":41,"column":62},"end":{"line":41,"column":80}},{"start":{"line":41,"column":84},"end":{"line":41,"column":85}}]},"3":{"loc":{"start":{"line":51,"column":15},"end":{"line":51,"column":38}},"type":"binary-expr","locations":[{"start":{"line":51,"column":15},"end":{"line":51,"column":33}},{"start":{"line":51,"column":37},"end":{"line":51,"column":38}}]},"4":{"loc":{"start":{"line":158,"column":6},"end":{"line":160,"column":7}},"type":"if","locations":[{"start":{"line":158,"column":6},"end":{"line":160,"column":7}},{"start":{},"end":{}}]},"5":{"loc":{"start":{"line":158,"column":10},"end":{"line":158,"column":47}},"type":"binary-expr","locations":[{"start":{"line":158,"column":10},"end":{"line":158,"column":25}},{"start":{"line":158,"column":29},"end":{"line":158,"column":47}}]},"6":{"loc":{"start":{"line":165,"column":6},"end":{"line":167,"column":7}},"type":"if","locations":[{"start":{"line":165,"column":6},"end":{"line":167,"column":7}},{"start":{},"end":{}}]},"7":{"loc":{"start":{"line":169,"column":6},"end":{"line":171,"column":7}},"type":"if","locations":[{"start":{"line":169,"column":6},"end":{"line":171,"column":7}},{"start":{},"end":{}}]},"8":{"loc":{"start":{"line":178,"column":6},"end":{"line":180,"column":7}},"type":"if","locations":[{"start":{"line":178,"column":6},"end":{"line":180,"column":7}},{"start":{},"end":{}}]},"9":{"loc":{"start":{"line":183,"column":23},"end":{"line":183,"column":43}},"type":"binary-expr","locations":[{"start":{"line":183,"column":23},"end":{"line":183,"column":38}},{"start":{"line":183,"column":42},"end":{"line":183,"column":43}}]},"10":{"loc":{"start":{"line":184,"column":6},"end":{"line":196,"column":7}},"type":"if","locations":[{"start":{"line":184,"column":6},"end":{"line":196,"column":7}},{"start":{},"end":{}}]},"11":{"loc":{"start":{"line":185,"column":8},"end":{"line":195,"column":9}},"type":"if","locations":[{"start":{"line":185,"column":8},"end":{"line":195,"column":9}},{"start":{"line":190,"column":15},"end":{"line":195,"column":9}}]},"12":{"loc":{"start":{"line":189,"column":23},"end":{"line":189,"column":57}},"type":"cond-expr","locations":[{"start":{"line":189,"column":36},"end":{"line":189,"column":53}},{"start":{"line":189,"column":56},"end":{"line":189,"column":57}}]},"13":{"loc":{"start":{"line":190,"column":15},"end":{"line":195,"column":9}},"type":"if","locations":[{"start":{"line":190,"column":15},"end":{"line":195,"column":9}},{"start":{},"end":{}}]},"14":{"loc":{"start":{"line":190,"column":19},"end":{"line":190,"column":68}},"type":"binary-expr","locations":[{"start":{"line":190,"column":19},"end":{"line":190,"column":36}},{"start":{"line":190,"column":40},"end":{"line":190,"column":68}}]},"15":{"loc":{"start":{"line":200,"column":6},"end":{"line":238,"column":7}},"type":"if","locations":[{"start":{"line":200,"column":6},"end":{"line":238,"column":7}},{"start":{"line":215,"column":13},"end":{"line":238,"column":7}}]},"16":{"loc":{"start":{"line":200,"column":10},"end":{"line":200,"column":34}},"type":"binary-expr","locations":[{"start":{"line":200,"column":10},"end":{"line":200,"column":19}},{"start":{"line":200,"column":23},"end":{"line":200,"column":34}}]},"17":{"loc":{"start":{"line":205,"column":8},"end":{"line":213,"column":9}},"type":"if","locations":[{"start":{"line":205,"column":8},"end":{"line":213,"column":9}},{"start":{},"end":{}}]},"18":{"loc":{"start":{"line":209,"column":21},"end":{"line":209,"column":45}},"type":"binary-expr","locations":[{"start":{"line":209,"column":21},"end":{"line":209,"column":39}},{"start":{"line":209,"column":43},"end":{"line":209,"column":45}}]},"19":{"loc":{"start":{"line":215,"column":13},"end":{"line":238,"column":7}},"type":"if","locations":[{"start":{"line":215,"column":13},"end":{"line":238,"column":7}},{"start":{},"end":{}}]},"20":{"loc":{"start":{"line":215,"column":17},"end":{"line":215,"column":67}},"type":"binary-expr","locations":[{"start":{"line":215,"column":17},"end":{"line":215,"column":26}},{"start":{"line":215,"column":30},"end":{"line":215,"column":45}},{"start":{"line":215,"column":49},"end":{"line":215,"column":67}}]},"21":{"loc":{"start":{"line":217,"column":8},"end":{"line":237,"column":9}},"type":"if","locations":[{"start":{"line":217,"column":8},"end":{"line":237,"column":9}},{"start":{"line":235,"column":15},"end":{"line":237,"column":9}}]},"22":{"loc":{"start":{"line":223,"column":10},"end":{"line":234,"column":11}},"type":"if","locations":[{"start":{"line":223,"column":10},"end":{"line":234,"column":11}},{"start":{"line":232,"column":17},"end":{"line":234,"column":11}}]},"23":{"loc":{"start":{"line":240,"column":6},"end":{"line":242,"column":7}},"type":"if","locations":[{"start":{"line":240,"column":6},"end":{"line":242,"column":7}},{"start":{},"end":{}}]},"24":{"loc":{"start":{"line":250,"column":20},"end":{"line":250,"column":47}},"type":"binary-expr","locations":[{"start":{"line":250,"column":20},"end":{"line":250,"column":35}},{"start":{"line":250,"column":39},"end":{"line":250,"column":47}}]},"25":{"loc":{"start":{"line":259,"column":24},"end":{"line":259,"column":52}},"type":"binary-expr","locations":[{"start":{"line":259,"column":24},"end":{"line":259,"column":43}},{"start":{"line":259,"column":47},"end":{"line":259,"column":52}}]},"26":{"loc":{"start":{"line":260,"column":19},"end":{"line":260,"column":41}},"type":"binary-expr","locations":[{"start":{"line":260,"column":19},"end":{"line":260,"column":33}},{"start":{"line":260,"column":37},"end":{"line":260,"column":41}}]},"27":{"loc":{"start":{"line":261,"column":20},"end":{"line":261,"column":43}},"type":"binary-expr","locations":[{"start":{"line":261,"column":20},"end":{"line":261,"column":35}},{"start":{"line":261,"column":39},"end":{"line":261,"column":43}}]},"28":{"loc":{"start":{"line":269,"column":16},"end":{"line":269,"column":50}},"type":"binary-expr","locations":[{"start":{"line":269,"column":16},"end":{"line":269,"column":27}},{"start":{"line":269,"column":31},"end":{"line":269,"column":50}}]},"29":{"loc":{"start":{"line":270,"column":24},"end":{"line":270,"column":69}},"type":"binary-expr","locations":[{"start":{"line":270,"column":24},"end":{"line":270,"column":43}},{"start":{"line":270,"column":47},"end":{"line":270,"column":69}}]},"30":{"loc":{"start":{"line":273,"column":24},"end":{"line":273,"column":51}},"type":"binary-expr","locations":[{"start":{"line":273,"column":24},"end":{"line":273,"column":38}},{"start":{"line":273,"column":42},"end":{"line":273,"column":51}}]},"31":{"loc":{"start":{"line":278,"column":20},"end":{"line":280,"column":21}},"type":"cond-expr","locations":[{"start":{"line":278,"column":40},"end":{"line":280,"column":10}},{"start":{"line":280,"column":12},"end":{"line":280,"column":21}}]},"32":{"loc":{"start":{"line":291,"column":8},"end":{"line":298,"column":9}},"type":"if","locations":[{"start":{"line":291,"column":8},"end":{"line":298,"column":9}},{"start":{},"end":{}}]},"33":{"loc":{"start":{"line":291,"column":12},"end":{"line":291,"column":51}},"type":"binary-expr","locations":[{"start":{"line":291,"column":12},"end":{"line":291,"column":33}},{"start":{"line":291,"column":37},"end":{"line":291,"column":51}}]},"34":{"loc":{"start":{"line":297,"column":10},"end":{"line":297,"column":40}},"type":"if","locations":[{"start":{"line":297,"column":10},"end":{"line":297,"column":40}},{"start":{},"end":{}}]},"35":{"loc":{"start":{"line":307,"column":6},"end":{"line":310,"column":7}},"type":"if","locations":[{"start":{"line":307,"column":6},"end":{"line":310,"column":7}},{"start":{},"end":{}}]},"36":{"loc":{"start":{"line":312,"column":6},"end":{"line":318,"column":7}},"type":"if","locations":[{"start":{"line":312,"column":6},"end":{"line":318,"column":7}},{"start":{},"end":{}}]},"37":{"loc":{"start":{"line":313,"column":8},"end":{"line":315,"column":69}},"type":"binary-expr","locations":[{"start":{"line":313,"column":8},"end":{"line":313,"column":30}},{"start":{"line":314,"column":8},"end":{"line":314,"column":21}},{"start":{"line":315,"column":8},"end":{"line":315,"column":69}}]},"38":{"loc":{"start":{"line":319,"column":56},"end":{"line":319,"column":116}},"type":"cond-expr","locations":[{"start":{"line":319,"column":81},"end":{"line":319,"column":94}},{"start":{"line":319,"column":97},"end":{"line":319,"column":116}}]},"39":{"loc":{"start":{"line":369,"column":6},"end":{"line":371,"column":7}},"type":"if","locations":[{"start":{"line":369,"column":6},"end":{"line":371,"column":7}},{"start":{},"end":{}}]},"40":{"loc":{"start":{"line":375,"column":6},"end":{"line":377,"column":7}},"type":"if","locations":[{"start":{"line":375,"column":6},"end":{"line":377,"column":7}},{"start":{},"end":{}}]},"41":{"loc":{"start":{"line":378,"column":49},"end":{"line":378,"column":109}},"type":"cond-expr","locations":[{"start":{"line":378,"column":74},"end":{"line":378,"column":87}},{"start":{"line":378,"column":90},"end":{"line":378,"column":109}}]},"42":{"loc":{"start":{"line":385,"column":23},"end":{"line":385,"column":51}},"type":"default-arg","locations":[{"start":{"line":385,"column":49},"end":{"line":385,"column":51}}]},"43":{"loc":{"start":{"line":389,"column":6},"end":{"line":391,"column":7}},"type":"if","locations":[{"start":{"line":389,"column":6},"end":{"line":391,"column":7}},{"start":{},"end":{}}]},"44":{"loc":{"start":{"line":393,"column":6},"end":{"line":395,"column":7}},"type":"if","locations":[{"start":{"line":393,"column":6},"end":{"line":395,"column":7}},{"start":{},"end":{}}]},"45":{"loc":{"start":{"line":397,"column":6},"end":{"line":399,"column":7}},"type":"if","locations":[{"start":{"line":397,"column":6},"end":{"line":399,"column":7}},{"start":{},"end":{}}]},"46":{"loc":{"start":{"line":401,"column":6},"end":{"line":403,"column":7}},"type":"if","locations":[{"start":{"line":401,"column":6},"end":{"line":403,"column":7}},{"start":{},"end":{}}]},"47":{"loc":{"start":{"line":405,"column":6},"end":{"line":407,"column":7}},"type":"if","locations":[{"start":{"line":405,"column":6},"end":{"line":407,"column":7}},{"start":{},"end":{}}]},"48":{"loc":{"start":{"line":409,"column":6},"end":{"line":411,"column":7}},"type":"if","locations":[{"start":{"line":409,"column":6},"end":{"line":411,"column":7}},{"start":{},"end":{}}]},"49":{"loc":{"start":{"line":413,"column":6},"end":{"line":421,"column":7}},"type":"if","locations":[{"start":{"line":413,"column":6},"end":{"line":421,"column":7}},{"start":{},"end":{}}]},"50":{"loc":{"start":{"line":413,"column":10},"end":{"line":413,"column":54}},"type":"binary-expr","locations":[{"start":{"line":413,"column":10},"end":{"line":413,"column":31}},{"start":{"line":413,"column":35},"end":{"line":413,"column":54}}]},"51":{"loc":{"start":{"line":415,"column":8},"end":{"line":417,"column":9}},"type":"if","locations":[{"start":{"line":415,"column":8},"end":{"line":417,"column":9}},{"start":{},"end":{}}]},"52":{"loc":{"start":{"line":418,"column":8},"end":{"line":420,"column":9}},"type":"if","locations":[{"start":{"line":418,"column":8},"end":{"line":420,"column":9}},{"start":{},"end":{}}]},"53":{"loc":{"start":{"line":431,"column":50},"end":{"line":431,"column":110}},"type":"cond-expr","locations":[{"start":{"line":431,"column":75},"end":{"line":431,"column":88}},{"start":{"line":431,"column":91},"end":{"line":431,"column":110}}]},"54":{"loc":{"start":{"line":442,"column":61},"end":{"line":442,"column":121}},"type":"cond-expr","locations":[{"start":{"line":442,"column":86},"end":{"line":442,"column":99}},{"start":{"line":442,"column":102},"end":{"line":442,"column":121}}]},"55":{"loc":{"start":{"line":456,"column":6},"end":{"line":456,"column":67}},"type":"if","locations":[{"start":{"line":456,"column":6},"end":{"line":456,"column":67}},{"start":{},"end":{}}]},"56":{"loc":{"start":{"line":457,"column":6},"end":{"line":457,"column":74}},"type":"if","locations":[{"start":{"line":457,"column":6},"end":{"line":457,"column":74}},{"start":{},"end":{}}]},"57":{"loc":{"start":{"line":458,"column":6},"end":{"line":458,"column":83}},"type":"if","locations":[{"start":{"line":458,"column":6},"end":{"line":458,"column":83}},{"start":{},"end":{}}]},"58":{"loc":{"start":{"line":459,"column":6},"end":{"line":459,"column":61}},"type":"if","locations":[{"start":{"line":459,"column":6},"end":{"line":459,"column":61}},{"start":{},"end":{}}]},"59":{"loc":{"start":{"line":460,"column":6},"end":{"line":460,"column":52}},"type":"if","locations":[{"start":{"line":460,"column":6},"end":{"line":460,"column":52}},{"start":{},"end":{}}]},"60":{"loc":{"start":{"line":461,"column":6},"end":{"line":461,"column":82}},"type":"if","locations":[{"start":{"line":461,"column":6},"end":{"line":461,"column":82}},{"start":{},"end":{}}]},"61":{"loc":{"start":{"line":462,"column":6},"end":{"line":462,"column":67}},"type":"if","locations":[{"start":{"line":462,"column":6},"end":{"line":462,"column":67}},{"start":{},"end":{}}]},"62":{"loc":{"start":{"line":465,"column":6},"end":{"line":465,"column":55}},"type":"if","locations":[{"start":{"line":465,"column":6},"end":{"line":465,"column":55}},{"start":{},"end":{}}]},"63":{"loc":{"start":{"line":466,"column":6},"end":{"line":466,"column":73}},"type":"if","locations":[{"start":{"line":466,"column":6},"end":{"line":466,"column":73}},{"start":{},"end":{}}]},"64":{"loc":{"start":{"line":467,"column":6},"end":{"line":467,"column":49}},"type":"if","locations":[{"start":{"line":467,"column":6},"end":{"line":467,"column":49}},{"start":{},"end":{}}]},"65":{"loc":{"start":{"line":468,"column":6},"end":{"line":468,"column":52}},"type":"if","locations":[{"start":{"line":468,"column":6},"end":{"line":468,"column":52}},{"start":{},"end":{}}]},"66":{"loc":{"start":{"line":469,"column":6},"end":{"line":469,"column":58}},"type":"if","locations":[{"start":{"line":469,"column":6},"end":{"line":469,"column":58}},{"start":{},"end":{}}]},"67":{"loc":{"start":{"line":470,"column":6},"end":{"line":470,"column":76}},"type":"if","locations":[{"start":{"line":470,"column":6},"end":{"line":470,"column":76}},{"start":{},"end":{}}]},"68":{"loc":{"start":{"line":471,"column":6},"end":{"line":471,"column":102}},"type":"if","locations":[{"start":{"line":471,"column":6},"end":{"line":471,"column":102}},{"start":{},"end":{}}]},"69":{"loc":{"start":{"line":474,"column":6},"end":{"line":474,"column":93}},"type":"if","locations":[{"start":{"line":474,"column":6},"end":{"line":474,"column":93}},{"start":{},"end":{}}]},"70":{"loc":{"start":{"line":475,"column":6},"end":{"line":475,"column":78}},"type":"if","locations":[{"start":{"line":475,"column":6},"end":{"line":475,"column":78}},{"start":{},"end":{}}]},"71":{"loc":{"start":{"line":476,"column":6},"end":{"line":476,"column":81}},"type":"if","locations":[{"start":{"line":476,"column":6},"end":{"line":476,"column":81}},{"start":{},"end":{}}]},"72":{"loc":{"start":{"line":477,"column":6},"end":{"line":477,"column":76}},"type":"if","locations":[{"start":{"line":477,"column":6},"end":{"line":477,"column":76}},{"start":{},"end":{}}]},"73":{"loc":{"start":{"line":480,"column":6},"end":{"line":480,"column":96}},"type":"if","locations":[{"start":{"line":480,"column":6},"end":{"line":480,"column":96}},{"start":{},"end":{}}]},"74":{"loc":{"start":{"line":481,"column":6},"end":{"line":481,"column":105}},"type":"if","locations":[{"start":{"line":481,"column":6},"end":{"line":481,"column":105}},{"start":{},"end":{}}]},"75":{"loc":{"start":{"line":493,"column":6},"end":{"line":495,"column":7}},"type":"if","locations":[{"start":{"line":493,"column":6},"end":{"line":495,"column":7}},{"start":{},"end":{}}]},"76":{"loc":{"start":{"line":496,"column":52},"end":{"line":496,"column":112}},"type":"cond-expr","locations":[{"start":{"line":496,"column":77},"end":{"line":496,"column":90}},{"start":{"line":496,"column":93},"end":{"line":496,"column":112}}]},"77":{"loc":{"start":{"line":517,"column":6},"end":{"line":519,"column":7}},"type":"if","locations":[{"start":{"line":517,"column":6},"end":{"line":519,"column":7}},{"start":{},"end":{}}]},"78":{"loc":{"start":{"line":520,"column":62},"end":{"line":520,"column":122}},"type":"cond-expr","locations":[{"start":{"line":520,"column":87},"end":{"line":520,"column":100}},{"start":{"line":520,"column":103},"end":{"line":520,"column":122}}]},"79":{"loc":{"start":{"line":541,"column":6},"end":{"line":543,"column":7}},"type":"if","locations":[{"start":{"line":541,"column":6},"end":{"line":543,"column":7}},{"start":{},"end":{}}]},"80":{"loc":{"start":{"line":544,"column":62},"end":{"line":544,"column":122}},"type":"cond-expr","locations":[{"start":{"line":544,"column":87},"end":{"line":544,"column":100}},{"start":{"line":544,"column":103},"end":{"line":544,"column":122}}]},"81":{"loc":{"start":{"line":562,"column":6},"end":{"line":564,"column":7}},"type":"if","locations":[{"start":{"line":562,"column":6},"end":{"line":564,"column":7}},{"start":{},"end":{}}]},"82":{"loc":{"start":{"line":565,"column":50},"end":{"line":565,"column":110}},"type":"cond-expr","locations":[{"start":{"line":565,"column":75},"end":{"line":565,"column":88}},{"start":{"line":565,"column":91},"end":{"line":565,"column":110}}]},"83":{"loc":{"start":{"line":574,"column":4},"end":{"line":574,"column":51}},"type":"if","locations":[{"start":{"line":574,"column":4},"end":{"line":574,"column":51}},{"start":{},"end":{}}]},"84":{"loc":{"start":{"line":580,"column":18},"end":{"line":580,"column":47}},"type":"binary-expr","locations":[{"start":{"line":580,"column":18},"end":{"line":580,"column":34}},{"start":{"line":580,"column":38},"end":{"line":580,"column":47}}]},"85":{"loc":{"start":{"line":581,"column":18},"end":{"line":581,"column":47}},"type":"binary-expr","locations":[{"start":{"line":581,"column":18},"end":{"line":581,"column":34}},{"start":{"line":581,"column":38},"end":{"line":581,"column":47}}]},"86":{"loc":{"start":{"line":608,"column":6},"end":{"line":608,"column":81}},"type":"if","locations":[{"start":{"line":608,"column":6},"end":{"line":608,"column":81}},{"start":{},"end":{}}]},"87":{"loc":{"start":{"line":614,"column":6},"end":{"line":637,"column":7}},"type":"if","locations":[{"start":{"line":614,"column":6},"end":{"line":637,"column":7}},{"start":{},"end":{}}]},"88":{"loc":{"start":{"line":614,"column":10},"end":{"line":614,"column":82}},"type":"binary-expr","locations":[{"start":{"line":614,"column":10},"end":{"line":614,"column":46}},{"start":{"line":614,"column":50},"end":{"line":614,"column":82}}]},"89":{"loc":{"start":{"line":622,"column":27},"end":{"line":622,"column":44}},"type":"binary-expr","locations":[{"start":{"line":622,"column":27},"end":{"line":622,"column":38}},{"start":{"line":622,"column":42},"end":{"line":622,"column":44}}]},"90":{"loc":{"start":{"line":623,"column":25},"end":{"line":623,"column":40}},"type":"binary-expr","locations":[{"start":{"line":623,"column":25},"end":{"line":623,"column":34}},{"start":{"line":623,"column":38},"end":{"line":623,"column":40}}]},"91":{"loc":{"start":{"line":624,"column":28},"end":{"line":624,"column":53}},"type":"binary-expr","locations":[{"start":{"line":624,"column":28},"end":{"line":624,"column":40}},{"start":{"line":624,"column":44},"end":{"line":624,"column":53}}]},"92":{"loc":{"start":{"line":625,"column":27},"end":{"line":625,"column":51}},"type":"binary-expr","locations":[{"start":{"line":625,"column":27},"end":{"line":625,"column":38}},{"start":{"line":625,"column":42},"end":{"line":625,"column":51}}]},"93":{"loc":{"start":{"line":626,"column":28},"end":{"line":626,"column":53}},"type":"binary-expr","locations":[{"start":{"line":626,"column":28},"end":{"line":626,"column":40}},{"start":{"line":626,"column":44},"end":{"line":626,"column":53}}]},"94":{"loc":{"start":{"line":627,"column":30},"end":{"line":627,"column":57}},"type":"binary-expr","locations":[{"start":{"line":627,"column":30},"end":{"line":627,"column":44}},{"start":{"line":627,"column":48},"end":{"line":627,"column":57}}]},"95":{"loc":{"start":{"line":628,"column":23},"end":{"line":628,"column":43}},"type":"binary-expr","locations":[{"start":{"line":628,"column":23},"end":{"line":628,"column":30}},{"start":{"line":628,"column":34},"end":{"line":628,"column":43}}]},"96":{"loc":{"start":{"line":643,"column":28},"end":{"line":643,"column":124}},"type":"binary-expr","locations":[{"start":{"line":643,"column":28},"end":{"line":643,"column":59}},{"start":{"line":643,"column":63},"end":{"line":643,"column":86}},{"start":{"line":643,"column":91},"end":{"line":643,"column":124}}]},"97":{"loc":{"start":{"line":644,"column":27},"end":{"line":644,"column":89}},"type":"binary-expr","locations":[{"start":{"line":644,"column":27},"end":{"line":644,"column":57}},{"start":{"line":644,"column":61},"end":{"line":644,"column":83}},{"start":{"line":644,"column":87},"end":{"line":644,"column":89}}]},"98":{"loc":{"start":{"line":645,"column":8},"end":{"line":647,"column":9}},"type":"if","locations":[{"start":{"line":645,"column":8},"end":{"line":647,"column":9}},{"start":{},"end":{}}]},"99":{"loc":{"start":{"line":678,"column":17},"end":{"line":678,"column":103}},"type":"cond-expr","locations":[{"start":{"line":678,"column":26},"end":{"line":678,"column":87}},{"start":{"line":678,"column":90},"end":{"line":678,"column":103}}]},"100":{"loc":{"start":{"line":678,"column":29},"end":{"line":678,"column":48}},"type":"binary-expr","locations":[{"start":{"line":678,"column":29},"end":{"line":678,"column":42}},{"start":{"line":678,"column":46},"end":{"line":678,"column":48}}]},"101":{"loc":{"start":{"line":687,"column":6},"end":{"line":689,"column":7}},"type":"if","locations":[{"start":{"line":687,"column":6},"end":{"line":689,"column":7}},{"start":{},"end":{}}]},"102":{"loc":{"start":{"line":690,"column":51},"end":{"line":690,"column":111}},"type":"cond-expr","locations":[{"start":{"line":690,"column":76},"end":{"line":690,"column":89}},{"start":{"line":690,"column":92},"end":{"line":690,"column":111}}]},"103":{"loc":{"start":{"line":713,"column":59},"end":{"line":713,"column":119}},"type":"cond-expr","locations":[{"start":{"line":713,"column":84},"end":{"line":713,"column":97}},{"start":{"line":713,"column":100},"end":{"line":713,"column":119}}]},"104":{"loc":{"start":{"line":738,"column":63},"end":{"line":738,"column":123}},"type":"cond-expr","locations":[{"start":{"line":738,"column":88},"end":{"line":738,"column":101}},{"start":{"line":738,"column":104},"end":{"line":738,"column":123}}]},"105":{"loc":{"start":{"line":773,"column":52},"end":{"line":773,"column":112}},"type":"cond-expr","locations":[{"start":{"line":773,"column":77},"end":{"line":773,"column":90}},{"start":{"line":773,"column":93},"end":{"line":773,"column":112}}]},"106":{"loc":{"start":{"line":821,"column":24},"end":{"line":821,"column":59}},"type":"binary-expr","locations":[{"start":{"line":821,"column":24},"end":{"line":821,"column":54}},{"start":{"line":821,"column":58},"end":{"line":821,"column":59}}]},"107":{"loc":{"start":{"line":824,"column":54},"end":{"line":824,"column":114}},"type":"cond-expr","locations":[{"start":{"line":824,"column":79},"end":{"line":824,"column":92}},{"start":{"line":824,"column":95},"end":{"line":824,"column":114}}]}},"s":{"0":1,"1":1,"2":1,"3":1,"4":1,"5":1,"6":0,"7":0,"8":0,"9":0,"10":0,"11":0,"12":0,"13":0,"14":0,"15":0,"16":0,"17":0,"18":0,"19":0,"20":0,"21":1,"22":1,"23":0,"24":1,"25":1,"26":1,"27":0,"28":1,"29":0,"30":1,"31":1,"32":0,"33":1,"34":1,"35":1,"36":0,"37":0,"38":1,"39":0,"40":0,"41":0,"42":1,"43":1,"44":1,"45":1,"46":0,"47":1,"48":0,"49":0,"50":0,"51":0,"52":0,"53":0,"54":0,"55":0,"56":1,"57":0,"58":1,"59":0,"60":1,"61":1,"62":1,"63":1,"64":1,"65":1,"66":1,"67":0,"68":0,"69":0,"70":0,"71":0,"72":0,"73":0,"74":0,"75":0,"76":0,"77":0,"78":0,"79":0,"80":0,"81":0,"82":0,"83":0,"84":0,"85":0,"86":0,"87":0,"88":0,"89":0,"90":0,"91":0,"92":0,"93":0,"94":0,"95":0,"96":0,"97":0,"98":0,"99":0,"100":0,"101":0,"102":0,"103":0,"104":0,"105":0,"106":0,"107":0,"108":0,"109":0,"110":0,"111":0,"112":0,"113":0,"114":0,"115":0,"116":0,"117":0,"118":0,"119":0,"120":0,"121":0,"122":0,"123":0,"124":0,"125":0,"126":0,"127":0,"128":0,"129":0,"130":0,"131":0,"132":0,"133":0,"134":0,"135":0,"136":0,"137":0,"138":0,"139":0,"140":0,"141":0,"142":0,"143":0,"144":0,"145":0,"146":0,"147":0,"148":0,"149":0,"150":0,"151":0,"152":0,"153":0,"154":0,"155":0,"156":0,"157":0,"158":0,"159":0,"160":0,"161":0,"162":0,"163":0,"164":0,"165":0,"166":0,"167":0,"168":0,"169":0,"170":0,"171":0,"172":0,"173":0,"174":0,"175":0,"176":0,"177":0,"178":0,"179":0,"180":0,"181":0,"182":0,"183":0,"184":0,"185":0,"186":0,"187":0,"188":0,"189":0,"190":0,"191":0,"192":0,"193":0,"194":0,"195":0,"196":0,"197":0,"198":0,"199":0,"200":0,"201":0,"202":0,"203":0,"204":0,"205":0,"206":0,"207":0,"208":0,"209":0,"210":0,"211":0,"212":0,"213":0,"214":0,"215":0,"216":0,"217":0,"218":0,"219":0,"220":0,"221":0,"222":0,"223":0,"224":0,"225":0,"226":0,"227":0,"228":0,"229":0,"230":0,"231":0,"232":0,"233":0,"234":0,"235":0,"236":0,"237":0,"238":0,"239":0,"240":0,"241":0,"242":0,"243":0,"244":0,"245":0,"246":0,"247":0,"248":0,"249":0,"250":0,"251":1},"f":{"0":1,"1":0,"2":1,"3":0,"4":0,"5":0,"6":0,"7":0,"8":0,"9":0,"10":0,"11":0,"12":0,"13":0,"14":0,"15":0,"16":0,"17":0,"18":0,"19":0,"20":0,"21":0,"22":0,"23":0},"b":{"0":[0,0],"1":[0,0],"2":[0,0],"3":[0,0],"4":[0,1],"5":[1,1],"6":[0,1],"7":[0,1],"8":[0,1],"9":[1,1],"10":[1,0],"11":[0,1],"12":[0,0],"13":[0,1],"14":[1,0],"15":[1,0],"16":[1,1],"17":[0,1],"18":[0,0],"19":[0,0],"20":[0,0,0],"21":[0,0],"22":[0,0],"23":[0,1],"24":[1,1],"25":[1,1],"26":[1,1],"27":[1,1],"28":[1,1],"29":[1,1],"30":[1,0],"31":[0,1],"32":[1,0],"33":[1,1],"34":[1,0],"35":[0,0],"36":[0,0],"37":[0,0,0],"38":[0,0],"39":[0,0],"40":[0,0],"41":[0,0],"42":[0],"43":[0,0],"44":[0,0],"45":[0,0],"46":[0,0],"47":[0,0],"48":[0,0],"49":[0,0],"50":[0,0],"51":[0,0],"52":[0,0],"53":[0,0],"54":[0,0],"55":[0,0],"56":[0,0],"57":[0,0],"58":[0,0],"59":[0,0],"60":[0,0],"61":[0,0],"62":[0,0],"63":[0,0],"64":[0,0],"65":[0,0],"66":[0,0],"67":[0,0],"68":[0,0],"69":[0,0],"70":[0,0],"71":[0,0],"72":[0,0],"73":[0,0],"74":[0,0],"75":[0,0],"76":[0,0],"77":[0,0],"78":[0,0],"79":[0,0],"80":[0,0],"81":[0,0],"82":[0,0],"83":[0,0],"84":[0,0],"85":[0,0],"86":[0,0],"87":[0,0],"88":[0,0],"89":[0,0],"90":[0,0],"91":[0,0],"92":[0,0],"93":[0,0],"94":[0,0],"95":[0,0],"96":[0,0,0],"97":[0,0,0],"98":[0,0],"99":[0,0],"100":[0,0],"101":[0,0],"102":[0,0],"103":[0,0],"104":[0,0],"105":[0,0],"106":[0,0],"107":[0,0]}}
,"D:\\agora vai\\backend\\src\\services\\emailService.ts": {"path":"D:\\agora vai\\backend\\src\\services\\emailService.ts","statementMap":{"0":{"start":{"line":2,"column":0},"end":{"line":2,"column":36}},"1":{"start":{"line":5,"column":18},"end":{"line":5,"column":39}},"2":{"start":{"line":6,"column":18},"end":{"line":6,"column":89}},"3":{"start":{"line":7,"column":18},"end":{"line":7,"column":39}},"4":{"start":{"line":8,"column":18},"end":{"line":8,"column":39}},"5":{"start":{"line":9,"column":13},"end":{"line":9,"column":81}},"6":{"start":{"line":15,"column":22},"end":{"line":15,"column":57}},"7":{"start":{"line":17,"column":4},"end":{"line":17,"column":82}},"8":{"start":{"line":19,"column":4},"end":{"line":26,"column":5}},"9":{"start":{"line":20,"column":6},"end":{"line":25,"column":9}},"10":{"start":{"line":31,"column":24},"end":{"line":31,"column":59}},"11":{"start":{"line":32,"column":4},"end":{"line":45,"column":5}},"12":{"start":{"line":33,"column":6},"end":{"line":44,"column":7}},"13":{"start":{"line":34,"column":28},"end":{"line":34,"column":64}},"14":{"start":{"line":35,"column":8},"end":{"line":40,"column":11}},"15":{"start":{"line":41,"column":8},"end":{"line":41,"column":79}},"16":{"start":{"line":43,"column":8},"end":{"line":43,"column":84}},"17":{"start":{"line":50,"column":4},"end":{"line":52,"column":5}},"18":{"start":{"line":51,"column":6},"end":{"line":51,"column":62}},"19":{"start":{"line":53,"column":17},"end":{"line":53,"column":89}},"20":{"start":{"line":54,"column":4},"end":{"line":59,"column":5}},"21":{"start":{"line":55,"column":18},"end":{"line":55,"column":52}},"22":{"start":{"line":56,"column":6},"end":{"line":56,"column":49}},"23":{"start":{"line":56,"column":15},"end":{"line":56,"column":49}},"24":{"start":{"line":60,"column":4},"end":{"line":60,"column":16}},"25":{"start":{"line":64,"column":20},"end":{"line":64,"column":67}},"26":{"start":{"line":65,"column":17},"end":{"line":65,"column":137}},"27":{"start":{"line":66,"column":17},"end":{"line":66,"column":295}},"28":{"start":{"line":67,"column":4},"end":{"line":67,"column":50}},"29":{"start":{"line":71,"column":20},"end":{"line":71,"column":56}},"30":{"start":{"line":72,"column":17},"end":{"line":72,"column":179}},"31":{"start":{"line":73,"column":17},"end":{"line":73,"column":47}},"32":{"start":{"line":74,"column":4},"end":{"line":74,"column":53}},"33":{"start":{"line":80,"column":24},"end":{"line":94,"column":6}},"34":{"start":{"line":89,"column":56},"end":{"line":89,"column":77}},"35":{"start":{"line":95,"column":4},"end":{"line":95,"column":76}},"36":{"start":{"line":99,"column":17},"end":{"line":102,"column":6}},"37":{"start":{"line":103,"column":4},"end":{"line":103,"column":112}},"38":{"start":{"line":107,"column":17},"end":{"line":112,"column":6}},"39":{"start":{"line":113,"column":4},"end":{"line":113,"column":80}},"40":{"start":{"line":117,"column":20},"end":{"line":117,"column":68}},"41":{"start":{"line":118,"column":17},"end":{"line":118,"column":198}},"42":{"start":{"line":119,"column":17},"end":{"line":119,"column":53}},"43":{"start":{"line":120,"column":4},"end":{"line":120,"column":53}},"44":{"start":{"line":11,"column":0},"end":{"line":11,"column":13}},"45":{"start":{"line":124,"column":29},"end":{"line":124,"column":47}},"46":{"start":{"line":125,"column":0},"end":{"line":125,"column":36}}},"fnMap":{"0":{"name":"(anonymous_1)","decl":{"start":{"line":14,"column":2},"end":{"line":14,"column":null}},"loc":{"start":{"line":14,"column":2},"end":{"line":27,"column":3}}},"1":{"name":"(anonymous_2)","decl":{"start":{"line":30,"column":2},"end":{"line":30,"column":7}},"loc":{"start":{"line":30,"column":12},"end":{"line":47,"column":3}}},"2":{"name":"(anonymous_3)","decl":{"start":{"line":49,"column":2},"end":{"line":49,"column":7}},"loc":{"start":{"line":49,"column":73},"end":{"line":61,"column":3}}},"3":{"name":"(anonymous_4)","decl":{"start":{"line":63,"column":2},"end":{"line":63,"column":7}},"loc":{"start":{"line":63,"column":76},"end":{"line":68,"column":3}}},"4":{"name":"(anonymous_5)","decl":{"start":{"line":70,"column":2},"end":{"line":70,"column":7}},"loc":{"start":{"line":70,"column":76},"end":{"line":75,"column":3}}},"5":{"name":"(anonymous_6)","decl":{"start":{"line":79,"column":2},"end":{"line":79,"column":7}},"loc":{"start":{"line":79,"column":55},"end":{"line":96,"column":3}}},"6":{"name":"(anonymous_7)","decl":{"start":{"line":89,"column":43},"end":{"line":89,"column":44}},"loc":{"start":{"line":89,"column":56},"end":{"line":89,"column":77}}},"7":{"name":"(anonymous_8)","decl":{"start":{"line":98,"column":2},"end":{"line":98,"column":7}},"loc":{"start":{"line":98,"column":48},"end":{"line":104,"column":3}}},"8":{"name":"(anonymous_9)","decl":{"start":{"line":106,"column":2},"end":{"line":106,"column":7}},"loc":{"start":{"line":106,"column":82},"end":{"line":114,"column":3}}},"9":{"name":"(anonymous_10)","decl":{"start":{"line":116,"column":2},"end":{"line":116,"column":7}},"loc":{"start":{"line":116,"column":62},"end":{"line":121,"column":3}}}},"branchMap":{"0":{"loc":{"start":{"line":6,"column":18},"end":{"line":6,"column":89}},"type":"cond-expr","locations":[{"start":{"line":6,"column":42},"end":{"line":6,"column":77}},{"start":{"line":6,"column":80},"end":{"line":6,"column":89}}]},"1":{"loc":{"start":{"line":9,"column":13},"end":{"line":9,"column":81}},"type":"binary-expr","locations":[{"start":{"line":9,"column":13},"end":{"line":9,"column":35}},{"start":{"line":9,"column":40},"end":{"line":9,"column":49}},{"start":{"line":9,"column":53},"end":{"line":9,"column":80}}]},"2":{"loc":{"start":{"line":19,"column":4},"end":{"line":26,"column":5}},"type":"if","locations":[{"start":{"line":19,"column":4},"end":{"line":26,"column":5}},{"start":{},"end":{}}]},"3":{"loc":{"start":{"line":19,"column":8},"end":{"line":19,"column":72}},"type":"binary-expr","locations":[{"start":{"line":19,"column":8},"end":{"line":19,"column":20}},{"start":{"line":19,"column":24},"end":{"line":19,"column":33}},{"start":{"line":19,"column":37},"end":{"line":19,"column":46}},{"start":{"line":19,"column":50},"end":{"line":19,"column":59}},{"start":{"line":19,"column":63},"end":{"line":19,"column":72}}]},"4":{"loc":{"start":{"line":32,"column":4},"end":{"line":45,"column":5}},"type":"if","locations":[{"start":{"line":32,"column":4},"end":{"line":45,"column":5}},{"start":{},"end":{}}]},"5":{"loc":{"start":{"line":50,"column":4},"end":{"line":52,"column":5}},"type":"if","locations":[{"start":{"line":50,"column":4},"end":{"line":52,"column":5}},{"start":{},"end":{}}]},"6":{"loc":{"start":{"line":56,"column":6},"end":{"line":56,"column":49}},"type":"if","locations":[{"start":{"line":56,"column":6},"end":{"line":56,"column":49}},{"start":{},"end":{}}]},"7":{"loc":{"start":{"line":65,"column":78},"end":{"line":65,"column":135}},"type":"cond-expr","locations":[{"start":{"line":65,"column":93},"end":{"line":65,"column":130}},{"start":{"line":65,"column":133},"end":{"line":65,"column":135}}]},"8":{"loc":{"start":{"line":66,"column":181},"end":{"line":66,"column":260}},"type":"cond-expr","locations":[{"start":{"line":66,"column":196},"end":{"line":66,"column":255}},{"start":{"line":66,"column":258},"end":{"line":66,"column":260}}]},"9":{"loc":{"start":{"line":89,"column":13},"end":{"line":89,"column":37}},"type":"binary-expr","locations":[{"start":{"line":89,"column":13},"end":{"line":89,"column":31}},{"start":{"line":89,"column":35},"end":{"line":89,"column":37}}]}},"s":{"0":1,"1":1,"2":1,"3":1,"4":1,"5":1,"6":2,"7":2,"8":2,"9":0,"10":0,"11":0,"12":0,"13":0,"14":0,"15":0,"16":0,"17":0,"18":0,"19":0,"20":0,"21":0,"22":0,"23":0,"24":0,"25":0,"26":0,"27":0,"28":0,"29":0,"30":0,"31":0,"32":0,"33":0,"34":0,"35":0,"36":0,"37":0,"38":0,"39":0,"40":0,"41":0,"42":0,"43":0,"44":1,"45":1,"46":1},"f":{"0":2,"1":0,"2":0,"3":0,"4":0,"5":0,"6":0,"7":0,"8":0,"9":0},"b":{"0":[0,1],"1":[1,1,1],"2":[0,2],"3":[2,2,0,0,0],"4":[0,0],"5":[0,0],"6":[0,0],"7":[0,0],"8":[0,0],"9":[0,0]}}
,"D:\\agora vai\\backend\\src\\services\\userService.ts": {"path":"D:\\agora vai\\backend\\src\\services\\userService.ts","statementMap":{"0":{"start":{"line":2,"column":0},"end":{"line":2,"column":7}},"1":{"start":{"line":10,"column":0},"end":{"line":10,"column":7}},"2":{"start":{"line":15,"column":0},"end":{"line":15,"column":7}},"3":{"start":{"line":23,"column":0},"end":{"line":23,"column":7}},"4":{"start":{"line":48,"column":0},"end":{"line":48,"column":7}},"5":{"start":{"line":56,"column":0},"end":{"line":56,"column":7}},"6":{"start":{"line":61,"column":0},"end":{"line":61,"column":7}},"7":{"start":{"line":101,"column":0},"end":{"line":101,"column":7}},"8":{"start":{"line":108,"column":0},"end":{"line":108,"column":7}},"9":{"start":{"line":115,"column":0},"end":{"line":115,"column":7}},"10":{"start":{"line":130,"column":0},"end":{"line":130,"column":7}},"11":{"start":{"line":165,"column":0},"end":{"line":165,"column":7}},"12":{"start":{"line":193,"column":0},"end":{"line":193,"column":7}},"13":{"start":{"line":240,"column":0},"end":{"line":240,"column":7}},"14":{"start":{"line":272,"column":0},"end":{"line":272,"column":7}},"15":{"start":{"line":311,"column":0},"end":{"line":311,"column":7}},"16":{"start":{"line":317,"column":0},"end":{"line":317,"column":7}},"17":{"start":{"line":334,"column":0},"end":{"line":334,"column":7}},"18":{"start":{"line":354,"column":0},"end":{"line":354,"column":7}},"19":{"start":{"line":409,"column":0},"end":{"line":409,"column":7}},"20":{"start":{"line":3,"column":2},"end":{"line":6,"column":5}},"21":{"start":{"line":11,"column":2},"end":{"line":11,"column":63}},"22":{"start":{"line":16,"column":2},"end":{"line":19,"column":5}},"23":{"start":{"line":24,"column":34},"end":{"line":24,"column":41}},"24":{"start":{"line":25,"column":15},"end":{"line":25,"column":33}},"25":{"start":{"line":27,"column":16},"end":{"line":32,"column":8}},"26":{"start":{"line":34,"column":25},"end":{"line":42,"column":4}},"27":{"start":{"line":44,"column":2},"end":{"line":44,"column":39}},"28":{"start":{"line":49,"column":2},"end":{"line":52,"column":5}},"29":{"start":{"line":57,"column":2},"end":{"line":57,"column":29}},"30":{"start":{"line":64,"column":15},"end":{"line":64,"column":65}},"31":{"start":{"line":65,"column":2},"end":{"line":74,"column":3}},"32":{"start":{"line":67,"column":4},"end":{"line":71,"column":5}},"33":{"start":{"line":68,"column":6},"end":{"line":68,"column":83}},"34":{"start":{"line":73,"column":2},"end":{"line":73,"column":27}},"35":{"start":{"line":77,"column":21},"end":{"line":77,"column":59}},"36":{"start":{"line":78,"column":27},"end":{"line":78,"column":57}},"37":{"start":{"line":80,"column":2},"end":{"line":86,"column":5}},"38":{"start":{"line":89,"column":2},"end":{"line":95,"column":3}},"39":{"start":{"line":90,"column":24},"end":{"line":90,"column":75}},"40":{"start":{"line":91,"column":21},"end":{"line":91,"column":72}},"41":{"start":{"line":92,"column":4},"end":{"line":92,"column":113}},"42":{"start":{"line":92,"column":11},"end":{"line":92,"column":41}},"43":{"start":{"line":94,"column":4},"end":{"line":94,"column":55}},"44":{"start":{"line":98,"column":2},"end":{"line":98,"column":27}},"45":{"start":{"line":102,"column":16},"end":{"line":102,"column":54}},"46":{"start":{"line":103,"column":17},"end":{"line":103,"column":59}},"47":{"start":{"line":104,"column":2},"end":{"line":104,"column":133}},"48":{"start":{"line":105,"column":2},"end":{"line":105,"column":15}},"49":{"start":{"line":109,"column":15},"end":{"line":109,"column":139}},"50":{"start":{"line":110,"column":2},"end":{"line":110,"column":59}},"51":{"start":{"line":110,"column":13},"end":{"line":110,"column":59}},"52":{"start":{"line":111,"column":2},"end":{"line":111,"column":147}},"53":{"start":{"line":112,"column":2},"end":{"line":112,"column":14}},"54":{"start":{"line":116,"column":15},"end":{"line":116,"column":70}},"55":{"start":{"line":117,"column":2},"end":{"line":117,"column":55}},"56":{"start":{"line":117,"column":13},"end":{"line":117,"column":55}},"57":{"start":{"line":118,"column":2},"end":{"line":118,"column":61}},"58":{"start":{"line":118,"column":21},"end":{"line":118,"column":61}},"59":{"start":{"line":119,"column":16},"end":{"line":119,"column":60}},"60":{"start":{"line":120,"column":22},"end":{"line":120,"column":73}},"61":{"start":{"line":121,"column":20},"end":{"line":121,"column":64}},"62":{"start":{"line":122,"column":2},"end":{"line":126,"column":3}},"63":{"start":{"line":123,"column":4},"end":{"line":123,"column":96}},"64":{"start":{"line":123,"column":11},"end":{"line":123,"column":41}},"65":{"start":{"line":125,"column":4},"end":{"line":125,"column":62}},"66":{"start":{"line":127,"column":2},"end":{"line
[...]
,"D:\\agora vai\\backend\\src\\utils\\response.ts": {"path":"D:\\agora vai\\backend\\src\\utils\\response.ts","statementMap":{"0":{"start":{"line":37,"column":13},"end":{"line":48,"column":11}},"1":{"start":{"line":53,"column":27},"end":{"line":71,"column":1}},"2":{"start":{"line":59,"column":20},"end":{"line":59,"column":43}},"3":{"start":{"line":60,"column":42},"end":{"line":68,"column":4}},"4":{"start":{"line":70,"column":2},"end":{"line":70,"column":43}},"5":{"start":{"line":53,"column":13},"end":{"line":53,"column":27}},"6":{"start":{"line":76,"column":25},"end":{"line":94,"column":1}},"7":{"start":{"line":82,"column":20},"end":{"line":82,"column":43}},"8":{"start":{"line":83,"column":37},"end":{"line":91,"column":4}},"9":{"start":{"line":93,"column":2},"end":{"line":93,"column":43}},"10":{"start":{"line":76,"column":13},"end":{"line":76,"column":25}},"11":{"start":{"line":99,"column":29},"end":{"line":141,"column":1}},"12":{"start":{"line":107,"column":21},"end":{"line":107,"column":45}},"13":{"start":{"line":108,"column":20},"end":{"line":108,"column":43}},"14":{"start":{"line":120,"column":7},"end":{"line":138,"column":4}},"15":{"start":{"line":140,"column":2},"end":{"line":140,"column":28}},"16":{"start":{"line":99,"column":13},"end":{"line":99,"column":29}},"17":{"start":{"line":146,"column":28},"end":{"line":155,"column":1}},"18":{"start":{"line":148,"column":4},"end":{"line":149,"column":66}},"19":{"start":{"line":151,"column":2},"end":{"line":151,"column":37}},"20":{"start":{"line":152,"column":2},"end":{"line":152,"column":28}},"21":{"start":{"line":154,"column":2},"end":{"line":154,"column":9}},"22":{"start":{"line":146,"column":13},"end":{"line":146,"column":28}}},"fnMap":{"0":{"name":"(anonymous_0)","decl":{"start":{"line":53,"column":27},"end":{"line":53,"column":null}},"loc":{"start":{"line":58,"column":37},"end":{"line":71,"column":1}}},"1":{"name":"(anonymous_1)","decl":{"start":{"line":76,"column":25},"end":{"line":76,"column":null}},"loc":{"start":{"line":81,"column":32},"end":{"line":94,"column":1}}},"2":{"name":"(anonymous_2)","decl":{"start":{"line":99,"column":29},"end":{"line":99,"column":null}},"loc":{"start":{"line":106,"column":14},"end":{"line":141,"column":1}}},"3":{"name":"(anonymous_3)","decl":{"start":{"line":146,"column":28},"end":{"line":146,"column":29}},"loc":{"start":{"line":146,"column":67},"end":{"line":155,"column":1}}}},"branchMap":{"0":{"loc":{"start":{"line":56,"column":2},"end":{"line":56,"column":32}},"type":"default-arg","locations":[{"start":{"line":56,"column":19},"end":{"line":56,"column":32}}]},"1":{"loc":{"start":{"line":63,"column":8},"end":{"line":63,"column":30}},"type":"binary-expr","locations":[{"start":{"line":63,"column":8},"end":{"line":63,"column":15}},{"start":{"line":63,"column":19},"end":{"line":63,"column":30}}]},"2":{"loc":{"start":{"line":66,"column":10},"end":{"line":66,"column":36}},"type":"binary-expr","locations":[{"start":{"line":66,"column":10},"end":{"line":66,"column":19}},{"start":{"line":66,"column":23},"end":{"line":66,"column":36}}]},"3":{"loc":{"start":{"line":79,"column":2},"end":{"line":79,"column":41}},"type":"default-arg","locations":[{"start":{"line":79,"column":19},"end":{"line":79,"column":41}}]},"4":{"loc":{"start":{"line":86,"column":8},"end":{"line":86,"column":28}},"type":"binary-expr","locations":[{"start":{"line":86,"column":8},"end":{"line":86,"column":14}},{"start":{"line":86,"column":18},"end":{"line":86,"column":28}}]},"5":{"loc":{"start":{"line":89,"column":10},"end":{"line":89,"column":36}},"type":"binary-expr","locations":[{"start":{"line":89,"column":10},"end":{"line":89,"column":19}},{"start":{"line":89,"column":23},"end":{"line":89,"column":36}}]},"6":{"loc":{"start":{"line":133,"column":8},"end":{"line":133,"column":30}},"type":"binary-expr","locations":[{"start":{"line":133,"column":8},"end":{"line":133,"column":15}},{"start":{"line":133,"column":19},"end":{"line":133,"column":30}}]},"7":{"loc":{"start":{"line":136,"column":10},"end":{"line":136,"column":36}},"type":"binary-expr","locations":[{"start":{"line":136,"column":10},"end":{"line":136,"column":19}},{"start":{"line":136,"column":23},"end":{"line":136,"column":36}}]},"8":{"loc":{"start":{"line":148,"column":4},"end":{"line":149,"column":66}},"type":"binary-expr","locations":[{"start":{"line":148,"column":4},"end":{"line":148,"column":31}},{"start":{"line":149,"column":4},"end":{"line":149,"column":66}}]}},"s":{"0":1,"1":1,"2":1,"3":1,"4":1,"5":1,"6":1,"7":1,"8":1,"9":1,"10":1,"11":1,"12":1,"13":1,"14":1,"15":1,"16":1,"17":1,"18":1,"19":1,"20":1,"21":1,"22":1},"f":{"0":1,"1":1,"2":1,"3":1},"b":{"0":[0],"1":[1,1],"2":[1,1],"3":[0],"4":[1,1],"5":[1,1],"6":[1,1],"7":[1,1],"8":[1,1]}}
,"D:\\agora vai\\backend\\src\\utils\\safeFetch.ts": {"path":"D:\\agora vai\\backend\\src\\utils\\safeFetch.ts","statementMap":{"0":{"start":{"line":15,"column":0},"end":{"line":15,"column":7}},"1":{"start":{"line":1,"column":0},"end":{"line":1,"column":31}},"2":{"start":{"line":2,"column":0},"end":{"line":2,"column":22}},"3":{"start":{"line":3,"column":0},"end":{"line":3,"column":33}},"4":{"start":{"line":4,"column":0},"end":{"line":4,"column":31}},"5":{"start":{"line":6,"column":15},"end":{"line":6,"column":36}},"6":{"start":{"line":16,"column":83},"end":{"line":16,"column":90}},"7":{"start":{"line":18,"column":16},"end":{"line":18,"column":33}},"8":{"start":{"line":19,"column":1},"end":{"line":19,"column":107}},"9":{"start":{"line":19,"column":41},"end":{"line":19,"column":107}},"10":{"start":{"line":20,"column":1},"end":{"line":20,"column":82}},"11":{"start":{"line":20,"column":35},"end":{"line":20,"column":82}},"12":{"start":{"line":22,"column":20},"end":{"line":22,"column":41}},"13":{"start":{"line":23,"column":17},"end":{"line":23,"column":64}},"14":{"start":{"line":23,"column":34},"end":{"line":23,"column":52}},"15":{"start":{"line":25,"column":24},"end":{"line":48,"column":3}},"16":{"start":{"line":26,"column":3},"end":{"line":46,"column":4}},"17":{"start":{"line":27,"column":15},"end":{"line":27,"column":33}},"18":{"start":{"line":28,"column":4},"end":{"line":34,"column":5}},"19":{"start":{"line":29,"column":19},"end":{"line":29,"column":97}},"20":{"start":{"line":30,"column":5},"end":{"line":33,"column":6}},"21":{"start":{"line":31,"column":28},"end":{"line":31,"column":54}},"22":{"start":{"line":32,"column":6},"end":{"line":32,"column":56}},"23":{"start":{"line":32,"column":44},"end":{"line":32,"column":56}},"24":{"start":{"line":35,"column":4},"end":{"line":43,"column":5}},"25":{"start":{"line":37,"column":5},"end":{"line":37,"column":56}},"26":{"start":{"line":37,"column":44},"end":{"line":37,"column":56}},"27":{"start":{"line":38,"column":20},"end":{"line":38,"column":44}},"28":{"start":{"line":39,"column":5},"end":{"line":42,"column":6}},"29":{"start":{"line":40,"column":28},"end":{"line":40,"column":54}},"30":{"start":{"line":41,"column":6},"end":{"line":41,"column":56}},"31":{"start":{"line":41,"column":44},"end":{"line":41,"column":56}},"32":{"start":{"line":47,"column":3},"end":{"line":47,"column":16}},"33":{"start":{"line":50,"column":22},"end":{"line":56,"column":2}},"34":{"start":{"line":51,"column":2},"end":{"line":51,"column":71}},"35":{"start":{"line":51,"column":35},"end":{"line":51,"column":71}},"36":{"start":{"line":52,"column":20},"end":{"line":52,"column":57}},"37":{"start":{"line":53,"column":2},"end":{"line":55,"column":3}},"38":{"start":{"line":54,"column":3},"end":{"line":54,"column":86}},"39":{"start":{"line":54,"column":33},"end":{"line":54,"column":86}},"40":{"start":{"line":58,"column":1},"end":{"line":113,"column":2}},"41":{"start":{"line":59,"column":2},"end":{"line":59,"column":38}},"42":{"start":{"line":61,"column":19},"end":{"line":61,"column":143}},"43":{"start":{"line":63,"column":2},"end":{"line":108,"column":3}},"44":{"start":{"line":63,"column":15},"end":{"line":63,"column":16}},"45":{"start":{"line":65,"column":32},"end":{"line":65,"column":49}},"46":{"start":{"line":66,"column":25},"end":{"line":66,"column":43}},"47":{"start":{"line":67,"column":31},"end":{"line":67,"column":33}},"48":{"start":{"line":68,"column":5},"end":{"line":89,"column":6}},"49":{"start":{"line":70,"column":16},"end":{"line":70,"column":43}},"50":{"start":{"line":71,"column":6},"end":{"line":88,"column":7}},"51":{"start":{"line":73,"column":7},"end":{"line":83,"column":8}},"52":{"start":{"line":75,"column":8},"end":{"line":75,"column":76}},"53":{"start":{"line":75,"column":45},"end":{"line":75,"column":73}},"54":{"start":{"line":78,"column":8},"end":{"line":82,"column":9}},"55":{"start":{"line":79,"column":9},"end":{"line":79,"column":66}},"56":{"start":{"line":79,"column":43},"end":{"line":79,"column":66}},"57":{"start":{"line":84,"column":13},"end":{"line":88,"column":7}},"58":{"start":{"line":85,"column":7},"end":{"line":85,"column":61}},"59":{"start":{"line":85,"column":31},"end":{"line":85,"column":61}},"60":{"start":{"line":87,"column":7},"end":{"line":87,"column":34}},"61":{"start":{"line":90,"column":26},"end":{"line":90,"column":67}},"62":{"start":{"line":93,"column":32},"end":{"line":93,"column":51}},"63":{"start":{"line":94,"column":4},"end":{"line":94,"column":70}},"64":{"start":{"line":94,"column":38},"end":{"line":94,"column":70}},"65":{"start":{"line":96,"column":17},"end":{"line":96,"column":152}},"66":{"start":{"line":97,"column":3},"end":{"line":105,"column":4}},"67":{"start":{"line":98,"column":16},"end":{"line":98,"column":44}},"68":{"start":{"line":99,"column":4},"end":{"line":99,"column":59}},"69":{"start":{"line":99,"column":14},"end":{"line":99,"column":59}},"70":{"start":{"line":100,"column":20},"end":{"line":100,"column":44}},"71":{"start":{"line":101,"column":4},"end":{"line":101,"column":91}},"72":{"start":{"line":101,"column":39},"end":{"line":101,"column":91}},"73":{"start":{"line":102,"column":4},"end":{"line":102,"column":41}},"74":{"start":{"line":103,"column":4},"end":{"line":103,"column":25}},"75":{"start":{"line":104,"column":4},"end":{"line":104,"column":13}},"76":{"start":{"line":106,"column":3},"end":{"line":106,"column":25}},"77":{"start":{"line":107,"column":3},"end":{"line":107,"column":15}},"78":{"start":{"line":109,"column":2},"end":{"line":109,"column":40}},"79":{"start":{"line":111,"column":2},"end":{"line":111,"column":24}},"80":{"start":{"line":112,"column":2},"end":{"line":112,"column":12}}},"fnMap":{"0":{"name":"safeFetch","decl":{"start":{"line":15,"column":22},"end":{"line":15,"column":31}},"loc":{"start":{"line":15,"column":80},"end":{"line":114,"column":1}}},"1":{"name":"(anonymous_2)","decl":{"start":{"line":23,"column":28},"end":{"line":23,"column":31}},"loc":{"start":{"line":23,"column":34},"end":{"line":23,"column":52}}},"2":{"name":"(anonymous_3)","decl":{"start":{"line":25,"column":24},"end":{"line":25,"column":25}},"loc":{"start":{"line":25,"column":41},"end":{"line":48,"column":3}}},"3":{"name":"(anonymous_4)","decl":{"start":{"line":50,"column":22},"end":{"line":50,"column":27}},"loc":{"start":{"line":50,"column":49},"end":{"line":56,"column":2}}},"4":{"name":"(anonymous_5)","decl":{"start":{"line":75,"column":18},"end":{"line":75,"column":19}},"loc":{"start":{"line":75,"column":45},"end":{"line":75,"column":73}}}},"branchMap":{"0":{"loc":{"start":{"line":15,"column":50},"end":{"line":15,"column":80}},"type":"default-arg","locations":[{"start":{"line":15,"column":78},"end":{"line":15,"column":80}}]},"1":{"loc":{"start":{"line":16,"column":9},"end":{"line":16,"column":25}},"type":"default-arg","locations":[{"start":{"line":16,"column":24},"end":{"line":16,"column":25}}]},"2":{"loc":{"start":{"line":16,"column":27},"end":{"line":16,"column":44}},"type":"default-arg","locations":[{"start":{"line":16,"column":39},"end":{"line":16,"column":44}}]},"3":{"loc":{"start":{"line":16,"column":46},"end":{"line":16,"column":78}},"type":"default-arg","locations":[{"start":{"line":16,"column":61},"end":{"line":16,"column":78}}]},"4":{"loc":{"start":{"line":19,"column":1},"end":{"line":19,"column":107}},"type":"if","locations":[{"start":{"line":19,"column":1},"end":{"line":19,"column":107}},{"start":{},"end":{}}]},"5":{"loc":{"start":{"line":19,"column":5},"end":{"line":19,"column":39}},"type":"binary-expr","locations":[{"start":{"line":19,"column":5},"end":{"line":19,"column":20}},{"start":{"line":19,"column":24},"end":{"line":19,"column":39}}]},"6":{"loc":{"start":{"line":20,"column":1},"end":{"line":20,"column":82}},"type":"if","locations":[{"start":{"line":20,"column":1},"end":{"line":20,"column":82}},{"start":{},"end":{}}]},"7":{"loc":{"start":{"line":28,"column":4},"end":{"line":34,"column":5}},"type":"if","locations":[{"start":{"line":28,"column":4},"end":{"line":34,"column":5}},{"start":{},"end":{}}]},"8":{"loc":{"start":{"line":32,"column":6},"end":{"line":32,"column":56}},"type":"if","locations":[{"start":{"line":32,"column":6},"end":{"line":32,"column":56}},{"start":{},"end":{}}]},"9":{"loc":{"start":{"line":35,"column":4},"end":{"line":43,"column":5}},"type":"if","locations":[{"start":{"line":35,"column":4},"end":{"line":43,"column":5}},{"start":{},"end":{}}]},"10":{"loc":{"start":{"line":37,"column":5},"end":{"line":37,"column":56}},"type":"if","locations":[{"start":{"line":37,"column":5},"end":{"line":37,"column":56}},{"start":{},"end":{}}]},"11":{"loc":{"start":{"line":41,"column":6},"end":{"line":41,"column":56}},"type":"if","locations":[{"start":{"line":41,"column":6},"end":{"line":41,"column":56}},{"start":{},"end":{}}]},"12":{"loc":{"start":{"line":51,"column":2},"end":{"line":51,"column":71}},"type":"if","locations":[{"start":{"line":51,"column":2},"end":{"line":51,"column":71}},{"start":{},"end":{}}]},"13":{"loc":{"start":{"line":54,"column":3},"end":{"line":54,"column":86}},"type":"if","locations":[{"start":{"line":54,"column":3},"end":{"line":54,"column":86}},{"start":{},"end":{}}]},"14":{"loc":{"start":{"line":61,"column":71},"end":{"line":61,"column":107}},"type":"cond-expr","locations":[{"start":{"line":61,"column":85},"end":{"line":61,"column":102}},{"start":{"line":61,"column":105},"end":{"line":61,"column":107}}]},"15":{"loc":{"start":{"line":66,"column":25},"end":{"line":66,"column":43}},"type":"binary-expr","locations":[{"start":{"line":66,"column":25},"end":{"line":66,"column":37}},{"start":{"line":66,"column":41},"end":{"line":66,"column":43}}]},"16":{"loc":{"start":{"line":68,"column":5},"end":{"line":89,"column":6}},"type":"if","locations":[{"start":{"line":68,"column":5},"end":{"line":89,"column":6}},{"start":{},"end":{}}]},"17":{"loc":{"start":{"line":71,"column":6},"end":{"line":88,"column":7}},"type":"if","locations":[{"start":{"line":71,"column":6},"end":{"line":88,"column":7}},{"start":{"line":84,"column":13},"end":{"line":88,"column":7}}]},"18":{"loc":{"start":{"line":71,"column":10},"end":{"line":71,"column":66}},"type":"binary-expr","locations":[{"start":{"line":71,"column":10},"end":{"line":71,"column":31}},{"start":{"line":71,"column":35},"end":{"line":71,"column":66}}]},"19":{"loc":{"start":{"line":84,"column":13},"end":{"line":88,"column":7}},"type":"if","locations":[{"start":{"line":84,"column":13},"end":{"line":88,"column":7}},{"start":{"line":86,"column":13},"end":{"line":88,"column":7}}]},"20":{"loc":{"start":{"line":94,"column":4},"end":{"line":94,"column":70}},"type":"if","locations":[{"start":{"line":94,"column":4},"end":{"line":94,"column":70}},{"start":{},"end":{}}]},"21":{"loc":{"start":{"line":97,"column":3},"end":{"line":105,"column":4}},"type":"if","locations":[{"start":{"line":97,"column":3},"end":{"line":105,"column":4}},{"start":{},"end":{}}]},"22":{"loc":{"start":{"line":97,"column":7},"end":{"line":97,"column":46}},"type":"binary-expr","locations":[{"start":{"line":97,"column":7},"end":{"line":97,"column":25}},{"start":{"line":97,"column":29},"end":{"line":97,"column":46}}]},"23":{"loc":{"start":{"line":99,"column":4},"end":{"line":99,"column":59}},"type":"if","locations":[{"start":{"line":99,"column":4},"end":{"line":99,"column":59}},{"start":{},"end":{}}]},"24":{"loc":{"start":{"line":101,"column":4},"end":{"line":101,"column":91}},"type":"if","locations":[{"start":{"line":101,"column":4},"end":{"line":101,"column":91}},{"start":{},"end":{}}]}},"s":{"0":2,"1":2,"2":2,"3":2,"4":2,"5":2,"6":5,"7":5,"8":5,"9":0,"10":5,"11":0,"12":5,"13":5,"14":0,"15":5,"16":4,"17":4,"18":4,"19":4,"20":4,"21":9,"22":9,"23":3,"24":1,"25":0,"26":0,"27":0,"28":0,"29":0,"30":0,"31":0,"32":1,"33":5,"34":5,"35":1,"36":4,"37":4,"38":4,"39":3,"40":5,"41":5,"42":1,"43":1,"44":1,"45":1,"46":1,"47":1,"48":1,"49":0,"50":0,"51":0,"52":0,"53":0,"54":0,"55":0,"56":0,"57":0,"58":0,"59":0,"60":0,"61":1,"62":1,"63":1,"64":0,"65":1,"66":1,"67":0,"68":0,"69":0,"70":0,"71":0,"72":0,"73":0,"74":0,"75":0,"76":1,"77":1,"78":0,"79":4,"80":4},"f":{"0":5,"1":0,"2":4,"3":5,"4":0},"b":{"0":[1],"1":[5],"2":[5],"3":[1],"4":[0,5],"5":[5,5],"6":[0,5],"7":[4,0],"8":[3,6],"9":[0,1],"10":[0,0],"11":[0,0],"12":[1,4],"13":[3,1],"14":[0,1],"15":[1,1],"16":[0,1],"17":[0,0],"18":[0,0],"19":[0,0],"20":[0,1],"21":[0,1],"22":[1,0],"23":[0,0],"24":[0,0]}}
,"D:\\agora vai\\backend\\src\\validators\\userSchema.ts": {"path":"D:\\agora vai\\backend\\src\\validators\\userSchema.ts","statementMap":{"0":{"start":{"line":1,"column":0},"end":{"line":1,"column":24}},"1":{"start":{"line":3,"column":13},"end":{"line":19,"column":3}},"2":{"start":{"line":22,"column":24},"end":{"line":22,"column":63}},"3":{"start":{"line":23,"column":29},"end":{"line":29,"column":69}},"4":{"start":{"line":30,"column":28},"end":{"line":30,"column":89}},"5":{"start":{"line":31,"column":31},"end":{"line":31,"column":91}},"6":{"start":{"line":33,"column":13},"end":{"line":37,"column":3}},"7":{"start":{"line":39,"column":13},"end":{"line":43,"column":3}}},"fnMap":{},"branchMap":{"0":{"loc":{"start":{"line":31,"column":31},"end":{"line":31,"column":91}},"type":"cond-expr","locations":[{"start":{"line":31,"column":49},"end":{"line":31,"column":69}},{"start":{"line":31,"column":72},"end":{"line":31,"column":91}}]}},"s":{"0":1,"1":1,"2":1,"3":1,"4":1,"5":1,"6":1,"7":1},"f":{},"b":{"0":[0,1]}}
}
