TN:
SF:src\config\database.ts
FN:34,(anonymous_0)
FN:40,(anonymous_1)
FN:48,(anonymous_2)
FNF:3
FNH:0
FNDA:0,(anonymous_0)
FNDA:0,(anonymous_1)
FNDA:0,(anonymous_2)
DA:1,1
DA:10,1
DA:11,0
DA:20,1
DA:21,1
DA:30,0
DA:34,0
DA:35,0
DA:36,0
DA:40,0
DA:41,0
DA:42,0
DA:43,0
DA:46,0
DA:47,0
DA:48,0
DA:49,0
DA:53,0
LF:18
LH:4
BRDA:10,0,0,0
BRDA:10,0,1,1
BRDA:20,1,0,1
BRDA:20,1,1,0
BRF:4
BRH:2
end_of_record
TN:
SF:src\config\environment.ts
FN:3,required
FN:37,validateCritical
FNF:2
FNH:2
FNDA:4,required
FNDA:2,validateCritical
DA:4,4
DA:6,4
DA:7,0
DA:8,0
DA:12,4
DA:13,4
DA:14,4
DA:16,0
DA:19,2
DA:38,2
DA:39,2
DA:40,2
DA:42,2
DA:43,2
DA:45,2
DA:46,2
DA:47,0
DA:48,0
DA:50,2
DA:51,2
DA:55,2
LF:21
LH:16
BRDA:4,0,0,4
BRDA:4,0,1,0
BRDA:6,1,0,0
BRDA:6,1,1,4
BRDA:23,2,0,2
BRDA:23,2,1,2
BRDA:24,3,0,2
BRDA:24,3,1,2
BRDA:25,4,0,2
BRDA:25,4,1,2
BRDA:27,5,0,2
BRDA:27,5,1,2
BRDA:29,6,0,2
BRDA:29,6,1,2
BRDA:30,7,0,0
BRDA:30,7,1,2
BRDA:31,8,0,2
BRDA:31,8,1,2
BRDA:32,9,0,2
BRDA:32,9,1,2
BRDA:39,10,0,2
BRDA:39,10,1,0
BRDA:39,11,0,2
BRDA:39,11,1,0
BRDA:39,11,2,0
BRDA:42,12,0,2
BRDA:42,12,1,0
BRDA:42,13,0,2
BRDA:42,13,1,0
BRDA:42,13,2,0
BRDA:45,14,0,0
BRDA:45,14,1,2
BRDA:46,15,0,0
BRDA:46,15,1,2
BRDA:46,16,0,2
BRDA:46,16,1,0
BRDA:50,17,0,2
BRDA:50,17,1,0
BRF:38
BRH:25
end_of_record
TN:
SF:src\config\logger.ts
FNF:0
FNH:0
DA:1,1
DA:3,1
DA:15,1
LF:3
LH:3
BRDA:4,0,0,1
BRDA:4,0,1,1
BRF:2
BRH:2
end_of_record
TN:
SF:src\config\prisma.ts
FN:1,(anonymous_0)
FNF:1
FNH:0
FNDA:0,(anonymous_0)
DA:1,1
LF:1
LH:1
BRF:0
BRH:0
end_of_record
TN:
SF:src\controllers\userController.ts
FN:10,register
FN:23,login
FN:36,getProfile
FN:45,updateProfile
FN:73,listUsers
FN:82,forgotPassword
FN:91,resetPassword
FN:100,getStats
FN:112,promoteVip
FNF:9
FNH:1
FNDA:0,register
FNDA:0,login
FNDA:0,getProfile
FNDA:0,updateProfile
FNDA:0,listUsers
FNDA:0,forgotPassword
FNDA:0,resetPassword
FNDA:0,getStats
FNDA:3,promoteVip
DA:2,1
DA:3,1
DA:4,1
DA:10,1
DA:11,0
DA:12,0
DA:13,0
DA:15,0
DA:16,0
DA:17,0
DA:19,0
DA:23,1
DA:24,0
DA:25,0
DA:26,0
DA:28,0
DA:29,0
DA:30,0
DA:32,0
DA:36,1
DA:37,0
DA:38,0
DA:39,0
DA:41,0
DA:45,1
DA:46,0
DA:47,0
DA:48,0
DA:50,0
DA:52,0
DA:53,0
DA:55,0
DA:56,0
DA:58,0
DA:62,0
DA:67,0
DA:69,0
DA:73,1
DA:74,0
DA:75,0
DA:76,0
DA:78,0
DA:82,1
DA:83,0
DA:84,0
DA:85,0
DA:87,0
DA:91,1
DA:92,0
DA:93,0
DA:94,0
DA:96,0
DA:100,1
DA:101,0
DA:102,0
DA:103,0
DA:108,0
DA:112,1
DA:113,3
DA:114,3
DA:115,1
DA:117,2
DA:118,1
DA:120,1
LF:64
LH:18
BRDA:12,0,0,0
BRDA:12,0,1,0
BRDA:25,1,0,0
BRDA:25,1,1,0
BRDA:47,2,0,0
BRDA:47,2,1,0
BRDA:53,3,0,0
BRDA:53,3,1,0
BRDA:53,4,0,0
BRDA:53,4,1,0
BRDA:55,5,0,0
BRDA:55,5,1,0
BRDA:117,6,0,1
BRDA:117,6,1,1
BRDA:117,7,0,2
BRDA:117,7,1,2
BRF:16
BRH:4
end_of_record
TN:
SF:src\services\bookingService.ts
FN:13,(anonymous_10)
FN:17,(anonymous_11)
FN:155,(anonymous_12)
FN:194,(anonymous_13)
FN:279,(anonymous_14)
FN:326,(anonymous_15)
FN:385,(anonymous_16)
FN:438,(anonymous_17)
FN:449,(anonymous_18)
FN:503,(anonymous_19)
FN:527,(anonymous_20)
FN:551,(anonymous_21)
FN:572,(anonymous_22)
FN:588,(anonymous_23)
FN:596,(anonymous_24)
FN:603,(anonymous_25)
FN:641,(anonymous_26)
FN:654,(anonymous_27)
FN:670,(anonymous_28)
FN:697,(anonymous_29)
FN:720,(anonymous_30)
FN:745,(anonymous_31)
FN:762,(anonymous_32)
FN:780,(anonymous_33)
FNF:24
FNH:2
FNDA:1,(anonymous_10)
FNDA:0,(anonymous_11)
FNDA:1,(anonymous_12)
FNDA:0,(anonymous_13)
FNDA:0,(anonymous_14)
FNDA:0,(anonymous_15)
FNDA:0,(anonymous_16)
FNDA:0,(anonymous_17)
FNDA:0,(anonymous_18)
FNDA:0,(anonymous_19)
FNDA:0,(anonymous_20)
FNDA:0,(anonymous_21)
FNDA:0,(anonymous_22)
FNDA:0,(anonymous_23)
FNDA:0,(anonymous_24)
FNDA:0,(anonymous_25)
FNDA:0,(anonymous_26)
FNDA:0,(anonymous_27)
FNDA:0,(anonymous_28)
FNDA:0,(anonymous_29)
FNDA:0,(anonymous_30)
FNDA:0,(anonymous_31)
FNDA:0,(anonymous_32)
FNDA:0,(anonymous_33)
DA:1,1
DA:3,1
DA:10,1
DA:11,1
DA:13,1
DA:18,0
DA:19,0
DA:21,0
DA:36,0
DA:37,0
DA:38,0
DA:39,0
DA:40,0
DA:41,0
DA:45,0
DA:46,0
DA:47,0
DA:48,0
DA:54,0
DA:56,1
DA:59,1
DA:156,1
DA:158,1
DA:159,0
DA:162,1
DA:163,1
DA:165,1
DA:166,0
DA:169,1
DA:170,0
DA:174,1
DA:178,1
DA:179,0
DA:183,1
DA:184,1
DA:185,1
DA:186,0
DA:189,0
DA:190,1
DA:191,0
DA:194,0
DA:199,1
DA:200,1
DA:201,1
DA:205,1
DA:206,0
DA:214,1
DA:215,0
DA:217,0
DA:219,0
DA:223,0
DA:224,0
DA:231,0
DA:233,0
DA:236,0
DA:240,1
DA:241,0
DA:247,1
DA:279,0
DA:284,1
DA:285,1
DA:291,1
DA:292,1
DA:293,1
DA:297,1
DA:299,0
DA:302,0
DA:303,0
DA:306,0
DA:307,0
DA:309,0
DA:312,0
DA:317,0
DA:319,0
DA:327,0
DA:331,0
DA:364,0
DA:369,0
DA:370,0
DA:373,0
DA:375,0
DA:376,0
DA:378,0
DA:386,0
DA:387,0
DA:389,0
DA:390,0
DA:393,0
DA:394,0
DA:397,0
DA:398,0
DA:401,0
DA:402,0
DA:405,0
DA:406,0
DA:409,0
DA:410,0
DA:413,0
DA:414,0
DA:415,0
DA:416,0
DA:418,0
DA:419,0
DA:423,0
DA:429,0
DA:431,0
DA:439,0
DA:440,0
DA:442,0
DA:450,0
DA:451,0
DA:453,0
DA:456,0
DA:457,0
DA:458,0
DA:459,0
DA:460,0
DA:461,0
DA:462,0
DA:465,0
DA:466,0
DA:467,0
DA:468,0
DA:469,0
DA:470,0
DA:471,0
DA:474,0
DA:475,0
DA:476,0
DA:477,0
DA:480,0
DA:481,0
DA:483,0
DA:489,0
DA:490,0
DA:493,0
DA:494,0
DA:496,0
DA:504,0
DA:505,0
DA:507,0
DA:513,0
DA:514,0
DA:517,0
DA:518,0
DA:520,0
DA:528,0
DA:529,0
DA:531,0
DA:537,0
DA:538,0
DA:541,0
DA:542,0
DA:544,0
DA:552,0
DA:553,0
DA:555,0
DA:559,0
DA:562,0
DA:563,0
DA:565,0
DA:573,0
DA:574,0
DA:576,0
DA:585,0
DA:589,0
DA:590,0
DA:597,0
DA:604,0
DA:605,0
DA:607,0
DA:608,0
DA:611,0
DA:614,0
DA:615,0
DA:616,0
DA:617,0
DA:634,0
DA:640,0
DA:641,0
DA:642,0
DA:643,0
DA:644,0
DA:645,0
DA:646,0
DA:649,0
DA:653,0
DA:654,0
DA:655,0
DA:656,0
DA:658,0
DA:661,0
DA:663,0
DA:671,0
DA:672,0
DA:674,0
DA:683,0
DA:684,0
DA:687,0
DA:688,0
DA:690,0
DA:698,0
DA:699,0
DA:700,0
DA:711,0
DA:713,0
DA:721,0
DA:722,0
DA:723,0
DA:736,0
DA:738,0
DA:746,0
DA:747,0
DA:748,0
DA:750,0
DA:762,0
DA:773,0
DA:781,0
DA:782,0
DA:783,0
DA:784,0
DA:792,0
DA:816,0
DA:824,0
LF:224
LH:32
BRDA:19,0,0,0
BRDA:19,0,1,0
BRDA:41,1,0,0
BRDA:41,1,1,0
BRDA:41,2,0,0
BRDA:41,2,1,0
BRDA:51,3,0,0
BRDA:51,3,1,0
BRDA:158,4,0,0
BRDA:158,4,1,1
BRDA:158,5,0,1
BRDA:158,5,1,1
BRDA:165,6,0,0
BRDA:165,6,1,1
BRDA:169,7,0,0
BRDA:169,7,1,1
BRDA:178,8,0,0
BRDA:178,8,1,1
BRDA:183,9,0,1
BRDA:183,9,1,1
BRDA:184,10,0,1
BRDA:184,10,1,0
BRDA:185,11,0,0
BRDA:185,11,1,1
BRDA:189,12,0,0
BRDA:189,12,1,0
BRDA:190,13,0,0
BRDA:190,13,1,1
BRDA:190,14,0,1
BRDA:190,14,1,0
BRDA:200,15,0,1
BRDA:200,15,1,0
BRDA:200,16,0,1
BRDA:200,16,1,1
BRDA:205,17,0,0
BRDA:205,17,1,1
BRDA:209,18,0,0
BRDA:209,18,1,0
BRDA:215,19,0,0
BRDA:215,19,1,0
BRDA:215,20,0,0
BRDA:215,20,1,0
BRDA:215,20,2,0
BRDA:217,21,0,0
BRDA:217,21,1,0
BRDA:223,22,0,0
BRDA:223,22,1,0
BRDA:240,23,0,0
BRDA:240,23,1,1
BRDA:250,24,0,1
BRDA:250,24,1,1
BRDA:259,25,0,1
BRDA:259,25,1,1
BRDA:260,26,0,1
BRDA:260,26,1,1
BRDA:261,27,0,1
BRDA:261,27,1,1
BRDA:269,28,0,1
BRDA:269,28,1,1
BRDA:270,29,0,1
BRDA:270,29,1,1
BRDA:273,30,0,1
BRDA:273,30,1,0
BRDA:278,31,0,0
BRDA:278,31,1,1
BRDA:291,32,0,1
BRDA:291,32,1,0
BRDA:291,33,0,1
BRDA:291,33,1,1
BRDA:297,34,0,1
BRDA:297,34,1,0
BRDA:307,35,0,0
BRDA:307,35,1,0
BRDA:312,36,0,0
BRDA:312,36,1,0
BRDA:313,37,0,0
BRDA:313,37,1,0
BRDA:313,37,2,0
BRDA:319,38,0,0
BRDA:319,38,1,0
BRDA:369,39,0,0
BRDA:369,39,1,0
BRDA:375,40,0,0
BRDA:375,40,1,0
BRDA:378,41,0,0
BRDA:378,41,1,0
BRDA:385,42,0,0
BRDA:389,43,0,0
BRDA:389,43,1,0
BRDA:393,44,0,0
BRDA:393,44,1,0
BRDA:397,45,0,0
BRDA:397,45,1,0
BRDA:401,46,0,0
BRDA:401,46,1,0
BRDA:405,47,0,0
BRDA:405,47,1,0
BRDA:409,48,0,0
BRDA:409,48,1,0
BRDA:413,49,0,0
BRDA:413,49,1,0
BRDA:413,50,0,0
BRDA:413,50,1,0
BRDA:415,51,0,0
BRDA:415,51,1,0
BRDA:418,52,0,0
BRDA:418,52,1,0
BRDA:431,53,0,0
BRDA:431,53,1,0
BRDA:442,54,0,0
BRDA:442,54,1,0
BRDA:456,55,0,0
BRDA:456,55,1,0
BRDA:457,56,0,0
BRDA:457,56,1,0
BRDA:458,57,0,0
BRDA:458,57,1,0
BRDA:459,58,0,0
BRDA:459,58,1,0
BRDA:460,59,0,0
BRDA:460,59,1,0
BRDA:461,60,0,0
BRDA:461,60,1,0
BRDA:462,61,0,0
BRDA:462,61,1,0
BRDA:465,62,0,0
BRDA:465,62,1,0
BRDA:466,63,0,0
BRDA:466,63,1,0
BRDA:467,64,0,0
BRDA:467,64,1,0
BRDA:468,65,0,0
BRDA:468,65,1,0
BRDA:469,66,0,0
BRDA:469,66,1,0
BRDA:470,67,0,0
BRDA:470,67,1,0
BRDA:471,68,0,0
BRDA:471,68,1,0
BRDA:474,69,0,0
BRDA:474,69,1,0
BRDA:475,70,0,0
BRDA:475,70,1,0
BRDA:476,71,0,0
BRDA:476,71,1,0
BRDA:477,72,0,0
BRDA:477,72,1,0
BRDA:480,73,0,0
BRDA:480,73,1,0
BRDA:481,74,0,0
BRDA:481,74,1,0
BRDA:493,75,0,0
BRDA:493,75,1,0
BRDA:496,76,0,0
BRDA:496,76,1,0
BRDA:517,77,0,0
BRDA:517,77,1,0
BRDA:520,78,0,0
BRDA:520,78,1,0
BRDA:541,79,0,0
BRDA:541,79,1,0
BRDA:544,80,0,0
BRDA:544,80,1,0
BRDA:562,81,0,0
BRDA:562,81,1,0
BRDA:565,82,0,0
BRDA:565,82,1,0
BRDA:574,83,0,0
BRDA:574,83,1,0
BRDA:580,84,0,0
BRDA:580,84,1,0
BRDA:581,85,0,0
BRDA:581,85,1,0
BRDA:608,86,0,0
BRDA:608,86,1,0
BRDA:614,87,0,0
BRDA:614,87,1,0
BRDA:614,88,0,0
BRDA:614,88,1,0
BRDA:622,89,0,0
BRDA:622,89,1,0
BRDA:623,90,0,0
BRDA:623,90,1,0
BRDA:624,91,0,0
BRDA:624,91,1,0
BRDA:625,92,0,0
BRDA:625,92,1,0
BRDA:626,93,0,0
BRDA:626,93,1,0
BRDA:627,94,0,0
BRDA:627,94,1,0
BRDA:628,95,0,0
BRDA:628,95,1,0
BRDA:643,96,0,0
BRDA:643,96,1,0
BRDA:643,96,2,0
BRDA:644,97,0,0
BRDA:644,97,1,0
BRDA:644,97,2,0
BRDA:645,98,0,0
BRDA:645,98,1,0
BRDA:678,99,0,0
BRDA:678,99,1,0
BRDA:678,100,0,0
BRDA:678,100,1,0
BRDA:687,101,0,0
BRDA:687,101,1,0
BRDA:690,102,0,0
BRDA:690,102,1,0
BRDA:713,103,0,0
BRDA:713,103,1,0
BRDA:738,104,0,0
BRDA:738,104,1,0
BRDA:773,105,0,0
BRDA:773,105,1,0
BRDA:821,106,0,0
BRDA:821,106,1,0
BRDA:824,107,0,0
BRDA:824,107,1,0
BRF:219
BRH:35
end_of_record
TN:
SF:src\services\emailService.ts
FN:14,(anonymous_1)
FN:30,(anonymous_2)
FN:49,(anonymous_3)
FN:63,(anonymous_4)
FN:70,(anonymous_5)
FN:79,(anonymous_6)
FN:89,(anonymous_7)
FN:98,(anonymous_8)
FN:106,(anonymous_9)
FN:116,(anonymous_10)
FNF:10
FNH:1
FNDA:2,(anonymous_1)
FNDA:0,(anonymous_2)
FNDA:0,(anonymous_3)
FNDA:0,(anonymous_4)
FNDA:0,(anonymous_5)
FNDA:0,(anonymous_6)
FNDA:0,(anonymous_7)
FNDA:0,(anonymous_8)
FNDA:0,(anonymous_9)
FNDA:0,(anonymous_10)
DA:2,1
DA:5,1
DA:6,1
DA:7,1
DA:8,1
DA:9,1
DA:11,1
DA:15,2
DA:17,2
DA:19,2
DA:20,0
DA:31,0
DA:32,0
DA:33,0
DA:34,0
DA:35,0
DA:41,0
DA:43,0
DA:50,0
DA:51,0
DA:53,0
DA:54,0
DA:55,0
DA:56,0
DA:60,0
DA:64,0
DA:65,0
DA:66,0
DA:67,0
DA:71,0
DA:72,0
DA:73,0
DA:74,0
DA:80,0
DA:89,0
DA:95,0
DA:99,0
DA:103,0
DA:107,0
DA:113,0
DA:117,0
DA:118,0
DA:119,0
DA:120,0
DA:124,1
DA:125,1
LF:46
LH:12
BRDA:6,0,0,0
BRDA:6,0,1,1
BRDA:9,1,0,1
BRDA:9,1,1,1
BRDA:9,1,2,1
BRDA:19,2,0,0
BRDA:19,2,1,2
BRDA:19,3,0,2
BRDA:19,3,1,2
BRDA:19,3,2,0
BRDA:19,3,3,0
BRDA:19,3,4,0
BRDA:32,4,0,0
BRDA:32,4,1,0
BRDA:50,5,0,0
BRDA:50,5,1,0
BRDA:56,6,0,0
BRDA:56,6,1,0
BRDA:65,7,0,0
BRDA:65,7,1,0
BRDA:66,8,0,0
BRDA:66,8,1,0
BRDA:89,9,0,0
BRDA:89,9,1,0
BRF:24
BRH:7
end_of_record
TN:
SF:src\services\userService.ts
FN:2,findAllClients
FN:10,deleteUser
FN:15,getUserById
FN:23,getAllUsers
FN:48,updateUserRole
FN:56,getTotalUsers
FN:61,requestPasswordReset
FN:92,(anonymous_17)
FN:101,generateEmailVerificationToken
FN:108,verifyEmailByToken
FN:115,resendEmailVerification
FN:123,(anonymous_21)
FN:130,changePassword
FN:165,register
FN:186,(anonymous_24)
FN:193,login
FN:240,getProfile
FN:272,updateProfile
FN:311,listUsers
FN:317,forgotPassword
FN:334,resetPassword
FN:354,getUserStats
FN:409,promoteToVip
FNF:23
FNH:1
FNDA:0,findAllClients
FNDA:0,deleteUser
FNDA:0,getUserById
FNDA:0,getAllUsers
FNDA:0,updateUserRole
FNDA:0,getTotalUsers
FNDA:0,requestPasswordReset
FNDA:0,(anonymous_17)
FNDA:0,generateEmailVerificationToken
FNDA:0,verifyEmailByToken
FNDA:0,resendEmailVerification
FNDA:0,(anonymous_21)
FNDA:0,changePassword
FNDA:0,register
FNDA:0,(anonymous_24)
FNDA:0,login
FNDA:0,getProfile
FNDA:0,updateProfile
FNDA:0,listUsers
FNDA:0,forgotPassword
FNDA:0,resetPassword
FNDA:0,getUserStats
FNDA:8,promoteToVip
DA:2,2
DA:3,0
DA:10,2
DA:11,0
DA:15,2
DA:16,0
DA:23,2
DA:24,0
DA:25,0
DA:27,0
DA:34,0
DA:44,0
DA:48,2
DA:49,0
DA:56,2
DA:57,0
DA:61,2
DA:64,0
DA:65,0
DA:67,0
DA:68,0
DA:73,0
DA:77,0
DA:78,0
DA:80,0
DA:89,0
DA:90,0
DA:91,0
DA:92,0
DA:94,0
DA:98,0
DA:101,2
DA:102,0
DA:103,0
DA:104,0
DA:105,0
DA:108,2
DA:109,0
DA:110,0
DA:111,0
DA:112,0
DA:115,2
DA:116,0
DA:117,0
DA:118,0
DA:119,0
DA:120,0
DA:121,0
DA:122,0
DA:123,0
DA:125,0
DA:127,0
DA:130,2
DA:131,0
DA:132,0
DA:133,0
DA:137,0
DA:138,0
DA:139,0
DA:143,0
DA:144,0
DA:149,0
DA:152,2
DA:154,2
DA:155,2
DA:156,2
DA:157,2
DA:160,2
DA:165,2
DA:166,0
DA:169,0
DA:170,0
DA:171,0
DA:176,0
DA:177,0
DA:179,0
DA:182,0
DA:183,0
DA:184,0
DA:185,0
DA:186,0
DA:188,0
DA:190,0
DA:193,2
DA:194,0
DA:195,0
DA:196,0
DA:197,0
DA:199,0
DA:200,0
DA:201,0
DA:202,0
DA:204,0
DA:211,0
DA:212,0
DA:213,0
DA:215,0
DA:216,0
DA:218,0
DA:219,0
DA:221,0
DA:222,0
DA:225,0
DA:228,0
DA:240,2
DA:241,0
DA:253,0
DA:254,0
DA:272,2
DA:277,0
DA:279,0
DA:280,0
DA:284,0
DA:285,0
DA:286,0
DA:288,0
DA:289,0
DA:302,0
DA:304,0
DA:305,0
DA:307,0
DA:311,2
DA:312,0
DA:317,2
DA:318,0
DA:319,0
DA:320,0
DA:321,0
DA:322,0
DA:331,0
DA:334,2
DA:335,0
DA:341,0
DA:342,0
DA:343,0
DA:351,0
DA:354,2
DA:355,0
DA:356,0
DA:390,0
DA:397,0
DA:399,0
DA:409,2
DA:411,8
DA:412,8
DA:415,6
DA:418,4
DA:420,4
DA:422,2
DA:426,2
DA:428,2
LF:151
LH:34
BRDA:27,0,0,0
BRDA:27,0,1,0
BRDA:65,1,0,0
BRDA:65,1,1,0
BRDA:90,2,0,0
BRDA:90,2,1,0
BRDA:92,3,0,0
BRDA:92,3,1,0
BRDA:110,4,0,0
BRDA:110,4,1,0
BRDA:117,5,0,0
BRDA:117,5,1,0
BRDA:118,6,0,0
BRDA:118,6,1,0
BRDA:120,7,0,0
BRDA:120,7,1,0
BRDA:132,8,0,0
BRDA:132,8,1,0
BRDA:138,9,0,0
BRDA:138,9,1,0
BRDA:169,10,0,0
BRDA:169,10,1,0
BRDA:184,11,0,0
BRDA:184,11,1,0
BRDA:195,12,0,0
BRDA:195,12,1,0
BRDA:197,13,0,0
BRDA:197,13,1,0
BRDA:199,14,0,0
BRDA:199,14,1,0
BRDA:199,15,0,0
BRDA:199,15,1,0
BRDA:213,16,0,0
BRDA:213,16,1,0
BRDA:213,16,2,0
BRDA:213,16,3,0
BRDA:253,17,0,0
BRDA:253,17,1,0
BRDA:279,18,0,0
BRDA:279,18,1,0
BRDA:285,19,0,0
BRDA:285,19,1,0
BRDA:304,20,0,0
BRDA:304,20,1,0
BRDA:319,21,0,0
BRDA:319,21,1,0
BRDA:341,22,0,0
BRDA:341,22,1,0
BRDA:392,23,0,0
BRDA:392,23,1,0
BRDA:412,24,0,2
BRDA:412,24,1,6
BRDA:415,25,0,2
BRDA:415,25,1,4
BRDA:420,26,0,2
BRDA:420,26,1,2
BRF:56
BRH:6
end_of_record
TN:
SF:src\utils\bookingErrors.ts
FN:2,(anonymous_0)
FN:9,(anonymous_1)
FN:16,(anonymous_2)
FN:23,(anonymous_3)
FN:30,(anonymous_4)
FNF:5
FNH:5
FNDA:1,(anonymous_0)
FNDA:1,(anonymous_1)
FNDA:1,(anonymous_2)
FNDA:1,(anonymous_3)
FNDA:1,(anonymous_4)
DA:1,2
DA:3,1
DA:4,1
DA:8,2
DA:10,1
DA:11,1
DA:15,2
DA:17,1
DA:18,1
DA:22,2
DA:24,1
DA:25,1
DA:29,2
DA:31,1
DA:32,1
LF:15
LH:15
BRDA:9,0,0,1
BRDA:23,1,0,1
BRF:2
BRH:2
end_of_record
TN:
SF:src\utils\diagnostics.ts
FN:10,runDiagnostics
FN:15,(anonymous_10)
FN:60,runDiagnosticsLegacy
FNF:3
FNH:3
FNDA:1,runDiagnostics
FNDA:1,(anonymous_10)
FNDA:1,runDiagnosticsLegacy
DA:10,1
DA:11,1
DA:14,1
DA:15,2
DA:16,0
DA:17,0
DA:18,0
DA:20,0
DA:28,1
DA:37,1
DA:38,1
DA:40,1
DA:48,1
DA:49,1
DA:56,1
DA:60,1
DA:61,1
LF:17
LH:13
BRDA:38,0,0,0
BRDA:38,0,1,1
BRF:2
BRH:1
end_of_record
TN:
SF:src\utils\errors.ts
FN:8,(anonymous_0)
FN:22,(anonymous_1)
FN:32,(anonymous_2)
FN:42,(anonymous_3)
FN:52,(anonymous_4)
FN:62,(anonymous_5)
FN:72,(anonymous_6)
FN:82,(anonymous_7)
FN:95,(anonymous_8)
FN:107,(anonymous_9)
FN:117,(anonymous_10)
FN:127,(anonymous_11)
FN:137,(anonymous_12)
FN:146,isOperationalError
FN:156,formatErrorResponse
FNF:15
FNH:15
FNDA:16,(anonymous_0)
FNDA:3,(anonymous_1)
FNDA:1,(anonymous_2)
FNDA:1,(anonymous_3)
FNDA:1,(anonymous_4)
FNDA:1,(anonymous_5)
FNDA:1,(anonymous_6)
FNDA:1,(anonymous_7)
FNDA:2,(anonymous_8)
FNDA:1,(anonymous_9)
FNDA:1,(anonymous_10)
FNDA:1,(anonymous_11)
FNDA:1,(anonymous_12)
FNDA:2,isOperationalError
FNDA:3,formatErrorResponse
DA:4,1
DA:9,16
DA:10,16
DA:11,16
DA:14,16
DA:21,1
DA:23,3
DA:24,3
DA:31,1
DA:33,1
DA:34,1
DA:41,1
DA:43,1
DA:44,1
DA:51,1
DA:53,1
DA:54,1
DA:61,1
DA:63,1
DA:64,1
DA:71,1
DA:73,1
DA:74,1
DA:81,1
DA:83,1
DA:84,1
DA:91,1
DA:96,2
DA:97,2
DA:98,2
DA:99,2
DA:106,1
DA:108,1
DA:109,1
DA:116,1
DA:118,1
DA:119,1
DA:126,1
DA:128,1
DA:129,1
DA:136,1
DA:138,1
DA:139,1
DA:146,1
DA:147,2
DA:148,1
DA:150,1
DA:156,1
DA:163,3
DA:164,2
DA:170,2
DA:171,1
DA:172,1
DA:175,2
DA:179,1
DA:189,1
LF:56
LH:56
BRDA:8,0,0,0
BRDA:8,1,0,15
BRDA:32,2,0,1
BRDA:52,3,0,1
BRDA:62,4,0,1
BRDA:72,5,0,1
BRDA:107,6,0,1
BRDA:117,7,0,1
BRDA:127,8,0,1
BRDA:137,9,0,1
BRDA:147,10,0,1
BRDA:147,10,1,1
BRDA:163,11,0,2
BRDA:163,11,1,1
BRDA:170,12,0,1
BRDA:170,12,1,1
BRF:16
BRH:15
end_of_record
TN:
SF:src\utils\response.ts
FN:53,(anonymous_0)
FN:76,(anonymous_1)
FN:99,(anonymous_2)
FN:146,(anonymous_3)
FNF:4
FNH:4
FNDA:1,(anonymous_0)
FNDA:1,(anonymous_1)
FNDA:1,(anonymous_2)
FNDA:1,(anonymous_3)
DA:37,1
DA:53,1
DA:59,1
DA:60,1
DA:70,1
DA:76,1
DA:82,1
DA:83,1
DA:93,1
DA:99,1
DA:107,1
DA:108,1
DA:120,1
DA:140,1
DA:146,1
DA:148,1
DA:151,1
DA:152,1
DA:154,1
LF:19
LH:19
BRDA:56,0,0,0
BRDA:63,1,0,1
BRDA:63,1,1,1
BRDA:66,2,0,1
BRDA:66,2,1,1
BRDA:79,3,0,0
BRDA:86,4,0,1
BRDA:86,4,1,1
BRDA:89,5,0,1
BRDA:89,5,1,1
BRDA:133,6,0,1
BRDA:133,6,1,1
BRDA:136,7,0,1
BRDA:136,7,1,1
BRDA:148,8,0,1
BRDA:148,8,1,1
BRF:16
BRH:14
end_of_record
TN:
SF:src\utils\safeFetch.ts
FN:15,safeFetch
FN:23,(anonymous_2)
FN:25,(anonymous_3)
FN:50,(anonymous_4)
FN:75,(anonymous_5)
FNF:5
FNH:3
FNDA:5,safeFetch
FNDA:0,(anonymous_2)
FNDA:4,(anonymous_3)
FNDA:5,(anonymous_4)
FNDA:0,(anonymous_5)
DA:1,2
DA:2,2
DA:3,2
DA:4,2
DA:6,2
DA:15,2
DA:16,5
DA:18,5
DA:19,5
DA:20,5
DA:22,5
DA:23,5
DA:25,5
DA:26,4
DA:27,4
DA:28,4
DA:29,4
DA:30,4
DA:31,9
DA:32,9
DA:35,1
DA:37,0
DA:38,0
DA:39,0
DA:40,0
DA:41,0
DA:47,1
DA:50,5
DA:51,5
DA:52,4
DA:53,4
DA:54,4
DA:58,5
DA:59,5
DA:61,1
DA:63,1
DA:65,1
DA:66,1
DA:67,1
DA:68,1
DA:70,0
DA:71,0
DA:73,0
DA:75,0
DA:78,0
DA:79,0
DA:84,0
DA:85,0
DA:87,0
DA:90,1
DA:93,1
DA:94,1
DA:96,1
DA:97,1
DA:98,0
DA:99,0
DA:100,0
DA:101,0
DA:102,0
DA:103,0
DA:104,0
DA:106,1
DA:107,1
DA:109,0
DA:111,4
DA:112,4
LF:66
LH:44
BRDA:15,0,0,1
BRDA:16,1,0,5
BRDA:16,2,0,5
BRDA:16,3,0,1
BRDA:19,4,0,0
BRDA:19,4,1,5
BRDA:19,5,0,5
BRDA:19,5,1,5
BRDA:20,6,0,0
BRDA:20,6,1,5
BRDA:28,7,0,4
BRDA:28,7,1,0
BRDA:32,8,0,3
BRDA:32,8,1,6
BRDA:35,9,0,0
BRDA:35,9,1,1
BRDA:37,10,0,0
BRDA:37,10,1,0
BRDA:41,11,0,0
BRDA:41,11,1,0
BRDA:51,12,0,1
BRDA:51,12,1,4
BRDA:54,13,0,3
BRDA:54,13,1,1
BRDA:61,14,0,0
BRDA:61,14,1,1
BRDA:66,15,0,1
BRDA:66,15,1,1
BRDA:68,16,0,0
BRDA:68,16,1,1
BRDA:71,17,0,0
BRDA:71,17,1,0
BRDA:71,18,0,0
BRDA:71,18,1,0
BRDA:84,19,0,0
BRDA:84,19,1,0
BRDA:94,20,0,0
BRDA:94,20,1,1
BRDA:97,21,0,0
BRDA:97,21,1,1
BRDA:97,22,0,1
BRDA:97,22,1,0
BRDA:99,23,0,0
BRDA:99,23,1,0
BRDA:101,24,0,0
BRDA:101,24,1,0
BRF:46
BRH:23
end_of_record
TN:
SF:src\validators\userSchema.ts
FNF:0
FNH:0
DA:1,1
DA:3,1
DA:22,1
DA:23,1
DA:30,1
DA:31,1
DA:33,1
DA:39,1
LF:8
LH:8
BRDA:31,0,0,0
BRDA:31,0,1,1
BRF:2
BRH:1
end_of_record
