TN:
SF:src\app.ts
FN:35,(anonymous_10)
FN:62,(anonymous_11)
FN:65,(anonymous_12)
FN:77,(anonymous_13)
FN:80,(anonymous_14)
FN:112,(anonymous_15)
FN:138,(anonymous_16)
FNF:7
FNH:2
FNDA:22,(anonymous_10)
FNDA:0,(anonymous_11)
FNDA:0,(anonymous_12)
FNDA:0,(anonymous_13)
FNDA:0,(anonymous_14)
FNDA:0,(anonymous_15)
FNDA:11,(anonymous_16)
DA:1,12
DA:2,12
DA:3,12
DA:4,12
DA:5,12
DA:6,12
DA:7,12
DA:8,12
DA:9,12
DA:10,12
DA:11,12
DA:12,12
DA:13,12
DA:14,12
DA:16,12
DA:18,12
DA:21,12
DA:24,12
DA:27,12
DA:30,12
DA:33,12
DA:35,12
DA:37,22
DA:38,22
DA:39,22
DA:40,22
DA:41,22
DA:43,22
DA:44,0
DA:46,22
DA:49,12
DA:51,12
DA:59,12
DA:62,12
DA:65,12
DA:66,0
DA:74,12
DA:75,0
DA:76,0
DA:77,0
DA:78,0
DA:80,0
DA:81,0
DA:87,12
DA:88,12
DA:91,12
DA:92,12
DA:95,12
DA:96,12
DA:97,12
DA:100,12
DA:101,12
DA:104,12
DA:107,12
DA:108,12
DA:111,12
DA:112,12
DA:113,0
DA:114,0
DA:115,0
DA:116,0
DA:117,0
DA:118,0
DA:123,0
DA:132,12
DA:136,12
DA:138,12
DA:139,11
DA:140,11
DA:141,0
DA:142,0
DA:143,0
DA:144,0
DA:149,11
DA:150,11
DA:158,12
LF:76
LH:57
BRDA:43,0,0,0
BRDA:43,0,1,22
BRDA:53,1,0,12
BRDA:53,1,1,0
BRDA:54,2,0,12
BRDA:54,2,1,0
BRDA:74,3,0,0
BRDA:74,3,1,12
BRDA:87,4,0,12
BRDA:87,4,1,0
BRDA:114,5,0,0
BRDA:114,5,1,0
BRDA:114,6,0,0
BRDA:114,6,1,0
BRDA:140,7,0,0
BRDA:140,7,1,11
BRDA:140,8,0,11
BRDA:140,8,1,0
BRDA:152,9,0,11
BRDA:152,9,1,0
BRF:20
BRH:8
end_of_record
TN:
SF:src\api\v1.ts
FNF:0
FNH:0
DA:1,12
DA:2,12
DA:4,12
DA:6,12
DA:8,12
LF:5
LH:5
BRF:0
BRH:0
end_of_record
TN:
SF:src\config\asyncContext.ts
FN:16,getRequestId
FNF:1
FNH:1
FNDA:97,getRequestId
DA:1,28
DA:14,28
DA:16,28
DA:17,97
DA:18,97
LF:5
LH:5
BRF:0
BRH:0
end_of_record
TN:
SF:src\config\cloudinary.ts
FNF:0
FNH:0
DA:1,13
DA:2,13
DA:3,13
DA:6,13
DA:8,13
DA:9,13
DA:10,13
DA:12,13
DA:13,0
DA:16,13
DA:22,13
LF:11
LH:10
BRDA:8,0,0,13
BRDA:8,0,1,0
BRDA:9,1,0,13
BRDA:9,1,1,0
BRDA:10,2,0,13
BRDA:10,2,1,0
BRDA:12,3,0,0
BRDA:12,3,1,13
BRDA:12,4,0,13
BRDA:12,4,1,13
BRDA:12,4,2,13
BRF:11
BRH:7
end_of_record
TN:
SF:src\config\cors.ts
FN:19,(anonymous_0)
FN:20,(anonymous_1)
FN:21,(anonymous_2)
FN:23,dynamicCors
FNF:4
FNH:4
FNDA:16,(anonymous_0)
FNDA:16,(anonymous_1)
FNDA:60,(anonymous_2)
FNDA:22,dynamicCors
DA:6,12
DA:9,12
DA:14,12
DA:19,16
DA:20,16
DA:21,60
DA:23,12
DA:24,22
DA:25,22
DA:28,22
DA:29,0
DA:30,22
DA:31,0
DA:32,22
DA:34,0
DA:35,0
DA:39,22
DA:40,22
DA:44,22
DA:45,22
DA:48,22
DA:49,0
DA:52,22
LF:23
LH:18
BRDA:17,0,0,12
BRDA:17,0,1,10
BRDA:20,1,0,16
BRDA:20,1,1,6
BRDA:20,1,2,0
BRDA:28,2,0,0
BRDA:28,2,1,22
BRDA:28,3,0,22
BRDA:28,3,1,22
BRDA:28,3,2,0
BRDA:30,4,0,0
BRDA:30,4,1,22
BRDA:30,5,0,22
BRDA:30,5,1,0
BRDA:32,6,0,0
BRDA:32,6,1,22
BRDA:32,7,0,22
BRDA:32,7,1,0
BRDA:48,8,0,0
BRDA:48,8,1,22
BRF:20
BRH:12
end_of_record
TN:
SF:src\config\database.ts
FN:37,(anonymous_10)
FN:44,(anonymous_11)
FNF:2
FNH:0
FNDA:0,(anonymous_10)
FNDA:0,(anonymous_11)
DA:1,18
DA:2,18
DA:3,18
DA:4,18
DA:5,18
DA:8,18
DA:10,18
DA:11,18
DA:12,18
DA:21,18
DA:22,0
DA:27,18
DA:28,18
DA:33,18
DA:37,18
DA:38,0
DA:39,0
DA:40,0
DA:44,18
DA:45,0
DA:49,18
LF:21
LH:16
BRDA:21,0,0,0
BRDA:21,0,1,18
BRDA:27,1,0,18
BRDA:27,1,1,0
BRDA:39,2,0,0
BRDA:39,2,1,0
BRF:6
BRH:2
end_of_record
TN:
SF:src\config\ensureAdmin.ts
FN:3,ensureAdmin
FNF:1
FNH:0
FNDA:0,ensureAdmin
DA:3,12
DA:4,0
DA:5,0
DA:7,0
LF:4
LH:1
BRDA:4,0,0,0
BRDA:4,0,1,0
BRF:2
BRH:0
end_of_record
TN:
SF:src\config\environment.ts
FN:4,required
FN:45,validateCritical
FN:86,generateSelfSignedCert
FNF:3
FNH:2
FNDA:30,required
FNDA:15,validateCritical
FNDA:0,generateSelfSignedCert
DA:2,15
DA:5,30
DA:7,4
DA:8,0
DA:9,0
DA:13,4
DA:14,4
DA:15,4
DA:17,26
DA:20,15
DA:46,15
DA:47,15
DA:50,15
DA:51,15
DA:54,15
DA:55,15
DA:56,0
DA:57,0
DA:62,15
DA:63,2
DA:65,15
DA:66,2
DA:69,15
DA:70,0
DA:71,0
DA:74,15
DA:75,2
DA:78,15
DA:79,0
DA:83,15
DA:86,15
DA:87,0
DA:88,0
DA:90,0
DA:92,0
DA:105,0
DA:112,0
DA:117,0
DA:118,0
LF:39
LH:24
BRDA:5,0,0,4
BRDA:5,0,1,26
BRDA:7,1,0,0
BRDA:7,1,1,4
BRDA:24,2,0,15
BRDA:24,2,1,2
BRDA:25,3,0,15
BRDA:25,3,1,2
BRDA:26,4,0,15
BRDA:26,4,1,2
BRDA:28,5,0,15
BRDA:28,5,1,2
BRDA:30,6,0,15
BRDA:30,6,1,2
BRDA:31,7,0,13
BRDA:31,7,1,2
BRDA:32,8,0,15
BRDA:32,8,1,2
BRDA:33,9,0,15
BRDA:33,9,1,2
BRDA:36,10,0,15
BRDA:36,10,1,15
BRDA:36,10,2,0
BRDA:37,11,0,15
BRDA:37,11,1,15
BRDA:38,12,0,15
BRDA:38,12,1,15
BRDA:39,13,0,15
BRDA:39,13,1,15
BRDA:40,14,0,15
BRDA:40,14,1,15
BRDA:50,15,0,0
BRDA:50,15,1,15
BRDA:51,16,0,0
BRDA:51,16,1,15
BRDA:55,17,0,0
BRDA:55,17,1,15
BRDA:55,18,0,15
BRDA:55,18,1,0
BRDA:55,18,2,0
BRDA:56,19,0,0
BRDA:56,19,1,0
BRDA:56,20,0,0
BRDA:56,20,1,0
BRDA:62,21,0,2
BRDA:62,21,1,13
BRDA:62,22,0,15
BRDA:62,22,1,13
BRDA:62,22,2,13
BRDA:65,23,0,2
BRDA:65,23,1,13
BRDA:65,24,0,15
BRDA:65,24,1,13
BRDA:65,24,2,13
BRDA:69,25,0,0
BRDA:69,25,1,15
BRDA:69,26,0,15
BRDA:69,26,1,0
BRDA:74,27,0,2
BRDA:74,27,1,13
BRDA:78,28,0,0
BRDA:78,28,1,15
BRF:62
BRH:48
end_of_record
TN:
SF:src\config\logger.ts
FN:8,(anonymous_1)
FN:26,(anonymous_2)
FN:36,(anonymous_3)
FN:44,(anonymous_4)
FN:52,(anonymous_5)
FNF:5
FNH:5
FNDA:97,(anonymous_1)
FNDA:64,(anonymous_2)
FNDA:9,(anonymous_3)
FNDA:24,(anonymous_4)
FNDA:9,(anonymous_5)
DA:1,28
DA:2,28
DA:4,28
DA:6,28
DA:9,97
DA:10,97
DA:25,28
DA:27,64
DA:29,36
DA:32,28
DA:37,9
DA:38,0
DA:40,9
DA:45,24
DA:46,1
DA:48,23
DA:53,9
DA:54,6
DA:56,3
DA:67,28
LF:20
LH:19
BRDA:7,0,0,28
BRDA:7,0,1,10
BRDA:10,1,0,19
BRDA:10,1,1,78
BRDA:12,2,0,28
BRDA:12,2,1,28
BRDA:27,3,0,36
BRDA:27,3,1,28
BRDA:29,4,0,36
BRDA:29,4,1,36
BRDA:37,5,0,0
BRDA:37,5,1,9
BRDA:38,6,0,0
BRDA:38,6,1,0
BRDA:45,7,0,1
BRDA:45,7,1,23
BRDA:46,8,0,1
BRDA:46,8,1,1
BRDA:53,9,0,6
BRDA:53,9,1,3
BRDA:54,10,0,6
BRDA:54,10,1,6
BRF:22
BRH:19
end_of_record
TN:
SF:src\config\metricsCollector.ts
FN:34,(anonymous_0)
FN:36,(anonymous_1)
FN:39,(anonymous_2)
FN:49,(anonymous_3)
FN:81,(anonymous_4)
FN:90,(anonymous_5)
FN:92,(anonymous_6)
FN:100,(anonymous_7)
FN:102,(anonymous_8)
FN:113,(anonymous_9)
FN:116,(anonymous_10)
FN:147,(anonymous_11)
FN:161,(anonymous_12)
FN:173,(anonymous_13)
FN:181,(anonymous_14)
FN:193,(anonymous_15)
FN:196,(anonymous_16)
FN:202,(anonymous_17)
FN:205,(anonymous_18)
FN:212,(anonymous_19)
FN:252,(anonymous_20)
FN:267,(anonymous_21)
FN:285,(anonymous_22)
FNF:23
FNH:4
FNDA:13,(anonymous_0)
FNDA:0,(anonymous_1)
FNDA:13,(anonymous_2)
FNDA:45,(anonymous_3)
FNDA:45,(anonymous_4)
FNDA:0,(anonymous_5)
FNDA:0,(anonymous_6)
FNDA:0,(anonymous_7)
FNDA:0,(anonymous_8)
FNDA:0,(anonymous_9)
FNDA:0,(anonymous_10)
FNDA:0,(anonymous_11)
FNDA:0,(anonymous_12)
FNDA:0,(anonymous_13)
FNDA:0,(anonymous_14)
FNDA:0,(anonymous_15)
FNDA:0,(anonymous_16)
FNDA:0,(anonymous_17)
FNDA:0,(anonymous_18)
FNDA:0,(anonymous_19)
FNDA:0,(anonymous_20)
FNDA:0,(anonymous_21)
FNDA:0,(anonymous_22)
DA:29,13
DA:30,13
DA:31,13
DA:32,13
DA:36,13
DA:40,13
DA:41,13
DA:43,13
DA:50,45
DA:53,45
DA:54,45
DA:61,45
DA:62,45
DA:63,45
DA:65,45
DA:66,38
DA:70,45
DA:71,0
DA:74,45
DA:82,45
DA:91,0
DA:92,0
DA:93,0
DA:94,0
DA:101,0
DA:102,0
DA:104,0
DA:105,0
DA:114,0
DA:115,0
DA:116,0
DA:117,0
DA:119,0
DA:122,0
DA:123,0
DA:124,0
DA:127,0
DA:128,0
DA:129,0
DA:132,0
DA:133,0
DA:134,0
DA:136,0
DA:137,0
DA:138,0
DA:140,0
DA:141,0
DA:142,0
DA:145,0
DA:146,0
DA:147,0
DA:148,0
DA:149,0
DA:152,0
DA:153,0
DA:154,0
DA:156,0
DA:157,0
DA:158,0
DA:161,0
DA:162,0
DA:163,0
DA:164,0
DA:165,0
DA:166,0
DA:167,0
DA:171,0
DA:172,0
DA:173,0
DA:174,0
DA:175,0
DA:176,0
DA:179,0
DA:180,0
DA:181,0
DA:182,0
DA:183,0
DA:184,0
DA:187,0
DA:194,0
DA:195,0
DA:196,0
DA:199,0
DA:202,0
DA:205,0
DA:206,0
DA:211,0
DA:212,0
DA:213,0
DA:224,0
DA:252,0
DA:268,0
DA:269,0
DA:270,0
DA:271,0
DA:273,0
DA:274,0
DA:275,0
DA:276,0
DA:277,0
DA:279,0
DA:286,0
DA:287,0
DA:288,0
DA:292,13
LF:105
LH:20
BRDA:40,0,0,13
BRDA:40,0,1,0
BRDA:54,1,0,45
BRDA:54,1,1,20
BRDA:65,2,0,38
BRDA:65,2,1,7
BRDA:70,3,0,0
BRDA:70,3,1,45
BRDA:91,4,0,0
BRDA:91,4,1,0
BRDA:104,5,0,0
BRDA:104,5,1,0
BRDA:162,6,0,0
BRDA:162,6,1,0
BRDA:206,7,0,0
BRDA:206,7,1,0
BRDA:216,8,0,0
BRDA:216,8,1,0
BRDA:217,9,0,0
BRDA:217,9,1,0
BRDA:251,10,0,0
BRDA:251,10,1,0
BRDA:257,11,0,0
BRDA:257,11,1,0
BRDA:274,12,0,0
BRDA:274,12,1,0
BRDA:275,13,0,0
BRDA:275,13,1,0
BRDA:276,14,0,0
BRDA:276,14,1,0
BRF:30
BRH:6
end_of_record
TN:
SF:src\config\prisma.ts
FN:1,(anonymous_0)
FNF:1
FNH:1
FNDA:53,(anonymous_0)
DA:1,70
LF:1
LH:1
BRF:0
BRH:0
end_of_record
TN:
SF:src\config\securityMonitor.ts
FN:43,(anonymous_1)
FN:45,(anonymous_2)
FN:60,(anonymous_3)
FN:67,(anonymous_4)
FN:89,(anonymous_5)
FN:111,(anonymous_6)
FN:133,(anonymous_7)
FN:155,(anonymous_8)
FN:164,(anonymous_9)
FN:171,(anonymous_10)
FN:175,(anonymous_11)
FN:178,(anonymous_12)
FN:179,(anonymous_13)
FN:180,(anonymous_14)
FN:181,(anonymous_15)
FN:201,(anonymous_16)
FN:217,(anonymous_17)
FN:221,(anonymous_18)
FN:222,(anonymous_19)
FN:225,(anonymous_20)
FN:226,(anonymous_21)
FN:229,(anonymous_22)
FN:232,(anonymous_23)
FN:237,(anonymous_24)
FN:243,(anonymous_25)
FN:257,(anonymous_26)
FN:272,(anonymous_27)
FNF:27
FNH:13
FNDA:13,(anonymous_1)
FNDA:0,(anonymous_2)
FNDA:0,(anonymous_3)
FNDA:3,(anonymous_4)
FNDA:0,(anonymous_5)
FNDA:0,(anonymous_6)
FNDA:0,(anonymous_7)
FNDA:3,(anonymous_8)
FNDA:3,(anonymous_9)
FNDA:3,(anonymous_10)
FNDA:3,(anonymous_11)
FNDA:3,(anonymous_12)
FNDA:3,(anonymous_13)
FNDA:3,(anonymous_14)
FNDA:3,(anonymous_15)
FNDA:0,(anonymous_16)
FNDA:0,(anonymous_17)
FNDA:22,(anonymous_18)
FNDA:0,(anonymous_19)
FNDA:0,(anonymous_20)
FNDA:0,(anonymous_21)
FNDA:0,(anonymous_22)
FNDA:0,(anonymous_23)
FNDA:22,(anonymous_24)
FNDA:0,(anonymous_25)
FNDA:0,(anonymous_26)
FNDA:22,(anonymous_27)
DA:1,13
DA:2,13
DA:23,13
DA:32,13
DA:39,13
DA:40,13
DA:45,13
DA:46,0
DA:50,13
DA:51,13
DA:52,13
DA:61,0
DA:62,0
DA:63,0
DA:68,3
DA:69,3
DA:78,3
DA:86,3
DA:90,0
DA:91,0
DA:100,0
DA:108,0
DA:112,0
DA:113,0
DA:122,0
DA:130,0
DA:134,0
DA:135,0
DA:144,0
DA:152,0
DA:156,3
DA:159,3
DA:160,0
DA:165,3
DA:166,3
DA:167,3
DA:170,3
DA:171,3
DA:174,3
DA:175,3
DA:178,3
DA:179,3
DA:180,3
DA:181,3
DA:184,3
DA:185,0
DA:188,3
DA:189,0
DA:192,3
DA:193,0
DA:196,3
DA:197,0
DA:202,0
DA:205,0
DA:218,0
DA:222,22
DA:226,0
DA:230,0
DA:231,0
DA:232,0
DA:238,22
DA:239,22
DA:240,22
DA:243,22
DA:245,22
DA:246,0
DA:250,0
DA:253,22
DA:258,0
DA:269,13
DA:272,13
DA:273,22
DA:274,22
DA:277,22
DA:280,22
DA:286,22
LF:76
LH:45
BRDA:51,0,0,13
BRDA:51,0,1,0
BRDA:51,1,0,13
BRDA:51,1,1,13
BRDA:61,2,0,0
BRDA:61,2,1,0
BRDA:159,3,0,0
BRDA:159,3,1,3
BRDA:184,4,0,0
BRDA:184,4,1,3
BRDA:188,5,0,0
BRDA:188,5,1,3
BRDA:192,6,0,0
BRDA:192,6,1,3
BRDA:196,7,0,0
BRDA:196,7,1,3
BRDA:245,8,0,0
BRDA:245,8,1,22
BRDA:273,9,0,22
BRDA:273,9,1,0
BRDA:273,9,2,0
BRDA:274,10,0,22
BRDA:274,10,1,22
BRF:23
BRH:12
end_of_record
TN:
SF:src\config\sentry.ts
FN:12,initSentry
FN:37,(anonymous_11)
FN:60,sentryErrorHandler
FN:67,setSentryUser
FN:78,clearSentryUser
FN:85,captureException
FN:92,captureMessage
FN:99,sentryRequestContext
FNF:8
FNH:2
FNDA:12,initSentry
FNDA:0,(anonymous_11)
FNDA:12,sentryErrorHandler
FNDA:0,setSentryUser
FNDA:0,clearSentryUser
FNDA:0,captureException
FNDA:0,captureMessage
FNDA:0,sentryRequestContext
DA:1,12
DA:3,12
DA:9,12
DA:10,12
DA:12,12
DA:13,12
DA:14,12
DA:15,0
DA:17,12
DA:20,0
DA:39,0
DA:40,0
DA:41,0
DA:43,0
DA:45,0
DA:46,0
DA:47,0
DA:48,0
DA:52,0
DA:60,12
DA:61,12
DA:67,12
DA:68,0
DA:78,12
DA:79,0
DA:85,12
DA:86,0
DA:92,12
DA:93,0
DA:99,12
DA:101,0
DA:102,0
DA:103,0
DA:106,12
LF:34
LH:16
BRDA:13,0,0,12
BRDA:13,0,1,0
BRDA:14,1,0,0
BRDA:14,1,1,12
BRDA:22,2,0,0
BRDA:22,2,1,0
BRDA:23,3,0,0
BRDA:23,3,1,0
BRDA:26,4,0,0
BRDA:26,4,1,0
BRDA:39,5,0,0
BRDA:39,5,1,0
BRDA:43,6,0,0
BRDA:43,6,1,0
BRDA:47,7,0,0
BRDA:47,7,1,0
BRDA:47,8,0,0
BRDA:47,8,1,0
BRDA:47,8,2,0
BRDA:92,9,0,0
BRDA:101,10,0,0
BRDA:101,10,1,0
BRF:22
BRH:2
end_of_record
TN:
SF:src\config\telemetry.ts
FN:18,(anonymous_1)
FN:29,(anonymous_2)
FN:36,(anonymous_3)
FN:40,(anonymous_4)
FN:44,(anonymous_5)
FN:51,(anonymous_6)
FN:58,(anonymous_7)
FN:62,(anonymous_8)
FN:64,(anonymous_9)
FN:68,configureTelemetry
FN:72,(anonymous_11)
FN:79,(anonymous_12)
FN:84,(anonymous_13)
FNF:13
FNH:1
FNDA:13,(anonymous_1)
FNDA:0,(anonymous_2)
FNDA:0,(anonymous_3)
FNDA:0,(anonymous_4)
FNDA:0,(anonymous_5)
FNDA:0,(anonymous_6)
FNDA:0,(anonymous_7)
FNDA:0,(anonymous_8)
FNDA:0,(anonymous_9)
FNDA:0,configureTelemetry
FNDA:0,(anonymous_11)
FNDA:0,(anonymous_12)
FNDA:0,(anonymous_13)
DA:2,13
DA:19,13
DA:27,13
DA:30,0
DA:37,0
DA:41,0
DA:45,0
DA:52,0
DA:59,0
DA:63,0
DA:64,0
DA:68,13
DA:69,0
DA:72,0
DA:73,0
DA:77,13
DA:79,13
DA:80,0
DA:82,0
DA:84,0
DA:85,0
DA:87,0
DA:88,0
DA:95,0
DA:96,0
DA:98,0
DA:99,0
DA:107,0
DA:108,0
LF:29
LH:6
BRDA:87,0,0,0
BRDA:87,0,1,0
BRDA:95,1,0,0
BRDA:95,1,1,0
BRDA:98,2,0,0
BRDA:98,2,1,0
BRF:6
BRH:0
end_of_record
TN:
SF:src\controllers\adminController.ts
FN:72,mapClientResponse
FN:103,(anonymous_11)
FN:106,(anonymous_12)
FN:137,(anonymous_13)
FN:223,(anonymous_14)
FN:265,(anonymous_15)
FN:284,(anonymous_16)
FN:306,(anonymous_17)
FN:346,(anonymous_18)
FN:371,(anonymous_19)
FN:386,(anonymous_20)
FN:400,(anonymous_21)
FN:413,(anonymous_22)
FN:425,(anonymous_23)
FN:442,(anonymous_24)
FN:478,(anonymous_25)
FN:492,(anonymous_26)
FN:511,(anonymous_27)
FNF:18
FNH:1
FNDA:0,mapClientResponse
FNDA:12,(anonymous_11)
FNDA:0,(anonymous_12)
FNDA:0,(anonymous_13)
FNDA:0,(anonymous_14)
FNDA:0,(anonymous_15)
FNDA:0,(anonymous_16)
FNDA:0,(anonymous_17)
FNDA:0,(anonymous_18)
FNDA:0,(anonymous_19)
FNDA:0,(anonymous_20)
FNDA:0,(anonymous_21)
FNDA:0,(anonymous_22)
FNDA:0,(anonymous_23)
FNDA:0,(anonymous_24)
FNDA:0,(anonymous_25)
FNDA:0,(anonymous_26)
FNDA:0,(anonymous_27)
DA:1,12
DA:6,12
DA:30,12
DA:40,12
DA:56,12
DA:57,12
DA:58,12
DA:59,12
DA:60,12
DA:61,12
DA:62,12
DA:63,12
DA:64,12
DA:65,12
DA:68,12
DA:69,12
DA:73,0
DA:74,0
DA:103,12
DA:106,12
DA:107,0
DA:109,0
DA:113,0
DA:119,0
DA:120,0
DA:121,0
DA:122,0
DA:125,0
DA:126,0
DA:127,0
DA:128,0
DA:129,0
DA:130,0
DA:137,0
DA:138,0
DA:139,0
DA:141,0
DA:142,0
DA:143,0
DA:146,0
DA:156,0
DA:164,0
DA:166,0
DA:170,0
DA:171,0
DA:172,0
DA:174,0
DA:177,0
DA:180,0
DA:181,0
DA:182,0
DA:183,0
DA:187,0
DA:188,0
DA:189,0
DA:190,0
DA:191,0
DA:194,0
DA:198,0
DA:207,0
DA:208,0
DA:211,0
DA:212,0
DA:218,0
DA:223,12
DA:224,0
DA:225,0
DA:230,0
DA:232,0
DA:233,0
DA:236,0
DA:239,0
DA:241,0
DA:249,0
DA:259,0
DA:265,12
DA:266,0
DA:267,0
DA:268,0
DA:269,0
DA:271,0
DA:272,0
DA:273,0
DA:276,0
DA:278,0
DA:284,12
DA:285,0
DA:286,0
DA:287,0
DA:288,0
DA:292,0
DA:296,0
DA:298,0
DA:299,0
DA:300,0
DA:301,0
DA:302,0
DA:306,0
DA:307,0
DA:310,0
DA:311,0
DA:316,0
DA:319,0
DA:320,0
DA:324,0
DA:325,0
DA:333,0
DA:334,0
DA:335,0
DA:338,0
DA:340,0
DA:346,12
DA:347,0
DA:348,0
DA:349,0
DA:350,0
DA:353,0
DA:354,0
DA:355,0
DA:357,0
DA:359,0
DA:360,0
DA:361,0
DA:364,0
DA:366,0
DA:372,0
DA:373,0
DA:374,0
DA:379,0
DA:381,0
DA:382,0
DA:387,0
DA:388,0
DA:389,0
DA:390,0
DA:391,0
DA:393,0
DA:395,0
DA:396,0
DA:401,0
DA:402,0
DA:403,0
DA:405,0
DA:406,0
DA:408,0
DA:409,0
DA:414,0
DA:415,0
DA:416,0
DA:417,0
DA:419,0
DA:420,0
DA:426,0
DA:427,0
DA:428,0
DA:434,0
DA:436,0
DA:437,0
DA:443,0
DA:444,0
DA:445,0
DA:446,0
DA:448,0
DA:454,0
DA:460,0
DA:461,0
DA:463,0
DA:473,0
DA:474,0
DA:479,0
DA:480,0
DA:481,0
DA:483,0
DA:484,0
DA:486,0
DA:487,0
DA:493,0
DA:494,0
DA:495,0
DA:497,0
DA:498,0
DA:500,0
DA:502,0
DA:503,0
DA:505,0
DA:506,0
DA:512,0
DA:513,0
DA:514,0
DA:516,0
DA:517,0
DA:518,0
DA:520,0
DA:522,0
DA:527,0
DA:528,0
DA:530,0
DA:531,0
DA:533,0
DA:536,0
DA:538,0
DA:539,0
LF:202
LH:22
BRDA:77,0,0,0
BRDA:77,0,1,0
BRDA:77,0,2,0
BRDA:78,1,0,0
BRDA:78,1,1,0
BRDA:79,2,0,0
BRDA:79,2,1,0
BRDA:80,3,0,0
BRDA:80,3,1,0
BRDA:81,4,0,0
BRDA:81,4,1,0
BRDA:82,5,0,0
BRDA:82,5,1,0
BRDA:83,6,0,0
BRDA:83,6,1,0
BRDA:84,7,0,0
BRDA:84,7,1,0
BRDA:87,8,0,0
BRDA:87,8,1,0
BRDA:88,9,0,0
BRDA:88,9,1,0
BRDA:89,10,0,0
BRDA:89,10,1,0
BRDA:109,11,0,0
BRDA:109,11,1,0
BRDA:119,12,0,0
BRDA:119,12,1,0
BRDA:120,13,0,0
BRDA:120,13,1,0
BRDA:122,14,0,0
BRDA:122,14,1,0
BRDA:127,15,0,0
BRDA:127,15,1,0
BRDA:129,16,0,0
BRDA:129,16,1,0
BRDA:139,17,0,0
BRDA:139,17,1,0
BRDA:141,18,0,0
BRDA:141,18,1,0
BRDA:149,19,0,0
BRDA:149,19,1,0
BRDA:149,20,0,0
BRDA:149,20,1,0
BRDA:151,21,0,0
BRDA:151,21,1,0
BRDA:157,22,0,0
BRDA:157,22,1,0
BRDA:157,23,0,0
BRDA:157,23,1,0
BRDA:171,24,0,0
BRDA:171,24,1,0
BRDA:181,25,0,0
BRDA:181,25,1,0
BRDA:182,26,0,0
BRDA:182,26,1,0
BRDA:189,27,0,0
BRDA:189,27,1,0
BRDA:189,28,0,0
BRDA:189,28,1,0
BRDA:189,28,2,0
BRDA:201,29,0,0
BRDA:201,29,1,0
BRDA:207,30,0,0
BRDA:207,30,1,0
BRDA:211,31,0,0
BRDA:211,31,1,0
BRDA:215,32,0,0
BRDA:215,32,1,0
BRDA:230,33,0,0
BRDA:230,33,1,0
BRDA:232,34,0,0
BRDA:232,34,1,0
BRDA:233,35,0,0
BRDA:233,35,1,0
BRDA:236,36,0,0
BRDA:236,36,1,0
BRDA:236,37,0,0
BRDA:236,37,1,0
BRDA:268,38,0,0
BRDA:268,38,1,0
BRDA:272,39,0,0
BRDA:272,39,1,0
BRDA:287,40,0,0
BRDA:287,40,1,0
BRDA:301,41,0,0
BRDA:301,41,1,0
BRDA:302,42,0,0
BRDA:302,42,1,0
BRDA:310,43,0,0
BRDA:310,43,1,0
BRDA:319,44,0,0
BRDA:319,44,1,0
BRDA:324,45,0,0
BRDA:324,45,1,0
BRDA:324,46,0,0
BRDA:324,46,1,0
BRDA:334,47,0,0
BRDA:334,47,1,0
BRDA:349,48,0,0
BRDA:349,48,1,0
BRDA:359,49,0,0
BRDA:359,49,1,0
BRDA:359,50,0,0
BRDA:359,50,1,0
BRDA:373,51,0,0
BRDA:373,52,0,0
BRDA:390,53,0,0
BRDA:390,53,1,0
BRDA:444,54,0,0
BRDA:444,54,1,0
BRDA:445,55,0,0
BRDA:445,55,1,0
BRDA:450,56,0,0
BRDA:450,56,1,0
BRDA:451,57,0,0
BRDA:451,57,1,0
BRDA:495,58,0,0
BRDA:495,58,1,0
BRDA:498,59,0,0
BRDA:498,59,1,0
BRDA:500,60,0,0
BRDA:500,60,1,0
BRDA:514,61,0,0
BRDA:514,61,1,0
BRDA:517,62,0,0
BRDA:517,62,1,0
BRDA:518,63,0,0
BRDA:518,63,1,0
BRDA:527,64,0,0
BRDA:527,64,1,0
BRF:130
BRH:0
end_of_record
TN:
SF:src\controllers\authController.ts
FN:7,validateGoogleToken
FN:48,(anonymous_11)
FN:52,(anonymous_12)
FN:77,(anonymous_13)
FN:113,(anonymous_14)
FN:133,(anonymous_15)
FN:149,(anonymous_16)
FN:158,(anonymous_17)
FN:169,(anonymous_18)
FN:179,(anonymous_19)
FN:186,(anonymous_20)
FN:205,(anonymous_21)
FN:229,(anonymous_22)
FN:251,(anonymous_23)
FN:273,(anonymous_24)
FN:403,(anonymous_25)
FN:410,(anonymous_26)
FN:419,(anonymous_27)
FN:427,(anonymous_28)
FN:444,(anonymous_29)
FN:451,(anonymous_30)
FN:460,(anonymous_31)
FN:468,(anonymous_32)
FN:483,(anonymous_33)
FN:501,(anonymous_34)
FN:515,(anonymous_35)
FN:396,(anonymous_36)
FNF:27
FNH:3
FNDA:0,validateGoogleToken
FNDA:12,(anonymous_11)
FNDA:3,(anonymous_12)
FNDA:2,(anonymous_13)
FNDA:0,(anonymous_14)
FNDA:0,(anonymous_15)
FNDA:0,(anonymous_16)
FNDA:0,(anonymous_17)
FNDA:0,(anonymous_18)
FNDA:0,(anonymous_19)
FNDA:0,(anonymous_20)
FNDA:0,(anonymous_21)
FNDA:0,(anonymous_22)
FNDA:0,(anonymous_23)
FNDA:0,(anonymous_24)
FNDA:0,(anonymous_25)
FNDA:0,(anonymous_26)
FNDA:0,(anonymous_27)
FNDA:0,(anonymous_28)
FNDA:0,(anonymous_29)
FNDA:0,(anonymous_30)
FNDA:0,(anonymous_31)
FNDA:0,(anonymous_32)
FNDA:0,(anonymous_33)
FNDA:0,(anonymous_34)
FNDA:0,(anonymous_35)
FNDA:0,(anonymous_36)
DA:2,12
DA:3,12
DA:4,12
DA:15,0
DA:16,0
DA:21,0
DA:22,0
DA:25,0
DA:27,0
DA:28,0
DA:31,0
DA:39,0
DA:40,0
DA:45,12
DA:49,12
DA:52,12
DA:57,3
DA:58,3
DA:59,3
DA:60,0
DA:61,0
DA:63,3
DA:71,0
DA:73,3
DA:77,12
DA:82,2
DA:83,2
DA:84,2
DA:85,0
DA:86,0
DA:89,2
DA:90,2
DA:91,0
DA:93,2
DA:94,0
DA:98,0
DA:100,2
DA:101,2
DA:102,0
DA:103,0
DA:105,2
DA:108,2
DA:109,2
DA:113,12
DA:118,0
DA:119,0
DA:120,0
DA:121,0
DA:122,0
DA:123,0
DA:125,0
DA:126,0
DA:127,0
DA:129,0
DA:133,12
DA:138,0
DA:139,0
DA:140,0
DA:141,0
DA:142,0
DA:144,0
DA:149,12
DA:154,0
DA:155,0
DA:156,0
DA:157,0
DA:158,0
DA:159,0
DA:161,0
DA:164,0
DA:169,12
DA:174,0
DA:175,0
DA:176,0
DA:177,0
DA:178,0
DA:179,0
DA:180,0
DA:182,0
DA:186,12
DA:191,0
DA:192,0
DA:193,0
DA:196,0
DA:198,0
DA:199,0
DA:201,0
DA:205,12
DA:210,0
DA:211,0
DA:212,0
DA:215,0
DA:217,0
DA:218,0
DA:222,0
DA:224,0
DA:229,12
DA:234,0
DA:236,0
DA:237,0
DA:244,0
DA:246,0
DA:251,12
DA:256,0
DA:257,0
DA:258,0
DA:259,0
DA:260,0
DA:262,0
DA:263,0
DA:264,0
DA:266,0
DA:269,0
DA:273,12
DA:278,0
DA:279,0
DA:282,0
DA:283,0
DA:284,0
DA:286,0
DA:287,0
DA:288,0
DA:289,0
DA:292,0
DA:293,0
DA:295,0
DA:297,0
DA:299,0
DA:301,0
DA:303,0
DA:304,0
DA:305,0
DA:308,0
DA:310,0
DA:318,0
DA:319,0
DA:322,0
DA:323,0
DA:324,0
DA:325,0
DA:327,0
DA:329,0
DA:333,0
DA:335,0
DA:336,0
DA:337,0
DA:340,0
DA:341,0
DA:342,0
DA:343,0
DA:346,0
DA:347,0
DA:349,0
DA:351,0
DA:352,0
DA:353,0
DA:356,0
DA:357,0
DA:360,0
DA:361,0
DA:362,0
DA:364,0
DA:366,0
DA:369,0
DA:375,0
DA:378,0
DA:379,0
DA:382,0
DA:383,0
DA:384,0
DA:385,0
DA:387,0
DA:390,0
DA:391,0
DA:397,0
DA:398,0
DA:399,0
DA:403,12
DA:408,0
DA:409,0
DA:410,0
DA:411,0
DA:412,0
DA:414,0
DA:419,12
DA:424,0
DA:425,0
DA:426,0
DA:427,0
DA:428,0
DA:430,0
DA:431,0
DA:432,0
DA:433,0
DA:434,0
DA:435,0
DA:437,0
DA:439,0
DA:444,12
DA:449,0
DA:450,0
DA:451,0
DA:452,0
DA:453,0
DA:455,0
DA:460,12
DA:465,0
DA:466,0
DA:467,0
DA:468,0
DA:469,0
DA:470,0
DA:471,0
DA:472,0
DA:473,0
DA:474,0
DA:475,0
DA:477,0
DA:479,0
DA:483,12
DA:488,0
DA:489,0
DA:490,0
DA:491,0
DA:494,0
DA:495,0
DA:497,0
DA:501,12
DA:506,0
DA:509,0
DA:511,0
DA:515,12
DA:520,0
DA:521,0
DA:522,0
DA:523,0
DA:524,0
DA:528,0
DA:529,0
DA:531,0
DA:532,0
DA:535,0
DA:536,0
DA:537,0
DA:538,0
DA:542,0
DA:549,0
DA:555,0
DA:566,0
DA:567,0
DA:570,0
LF:251
LH:39
BRDA:21,0,0,0
BRDA:21,0,1,0
BRDA:27,1,0,0
BRDA:27,1,1,0
BRDA:59,2,0,0
BRDA:59,2,1,3
BRDA:59,3,0,3
BRDA:59,3,1,3
BRDA:59,3,2,3
BRDA:84,4,0,0
BRDA:84,4,1,2
BRDA:84,5,0,2
BRDA:84,5,1,2
BRDA:93,6,0,0
BRDA:93,6,1,2
BRDA:101,7,0,0
BRDA:101,7,1,2
BRDA:101,8,0,2
BRDA:101,8,1,2
BRDA:101,8,2,2
BRDA:120,9,0,0
BRDA:120,9,1,0
BRDA:120,9,2,0
BRDA:121,10,0,0
BRDA:121,10,1,0
BRDA:125,11,0,0
BRDA:125,11,1,0
BRDA:140,12,0,0
BRDA:140,12,1,0
BRDA:140,12,2,0
BRDA:155,13,0,0
BRDA:155,13,1,0
BRDA:156,14,0,0
BRDA:156,14,1,0
BRDA:161,15,0,0
BRDA:161,15,1,0
BRDA:176,16,0,0
BRDA:176,16,1,0
BRDA:178,17,0,0
BRDA:178,17,1,0
BRDA:192,18,0,0
BRDA:192,18,1,0
BRDA:211,19,0,0
BRDA:211,19,1,0
BRDA:258,20,0,0
BRDA:258,20,1,0
BRDA:258,21,0,0
BRDA:258,21,1,0
BRDA:266,22,0,0
BRDA:266,22,1,0
BRDA:282,23,0,0
BRDA:282,23,1,0
BRDA:286,24,0,0
BRDA:286,24,1,0
BRDA:288,25,0,0
BRDA:288,25,1,0
BRDA:293,26,0,0
BRDA:293,26,1,0
BRDA:301,27,0,0
BRDA:301,27,1,0
BRDA:323,28,0,0
BRDA:323,28,1,0
BRDA:335,29,0,0
BRDA:335,29,1,0
BRDA:335,30,0,0
BRDA:335,30,1,0
BRDA:340,31,0,0
BRDA:340,31,1,0
BRDA:340,32,0,0
BRDA:340,32,1,0
BRDA:341,33,0,0
BRDA:341,33,1,0
BRDA:349,34,0,0
BRDA:349,34,1,0
BRDA:360,35,0,0
BRDA:360,35,1,0
BRDA:360,36,0,0
BRDA:360,36,1,0
BRDA:360,36,2,0
BRDA:362,37,0,0
BRDA:362,37,1,0
BRDA:382,38,0,0
BRDA:382,38,1,0
BRDA:383,39,0,0
BRDA:383,39,1,0
BRDA:409,40,0,0
BRDA:409,40,1,0
BRDA:426,41,0,0
BRDA:426,41,1,0
BRDA:430,42,0,0
BRDA:430,42,1,0
BRDA:431,43,0,0
BRDA:431,43,1,0
BRDA:432,44,0,0
BRDA:432,44,1,0
BRDA:450,45,0,0
BRDA:450,45,1,0
BRDA:467,46,0,0
BRDA:467,46,1,0
BRDA:470,47,0,0
BRDA:470,47,1,0
BRDA:471,48,0,0
BRDA:471,48,1,0
BRDA:472,49,0,0
BRDA:472,49,1,0
BRDA:489,50,0,0
BRDA:489,50,1,0
BRDA:522,51,0,0
BRDA:522,51,1,0
BRDA:536,52,0,0
BRDA:536,52,1,0
BRDA:397,53,0,0
BRDA:397,53,1,0
BRDA:398,54,0,0
BRDA:398,54,1,0
BRF:115
BRH:12
end_of_record
TN:
SF:src\controllers\bannerController.ts
FN:6,(anonymous_0)
FN:9,(anonymous_1)
FN:34,(anonymous_2)
FN:45,(anonymous_3)
FN:68,(anonymous_4)
FN:93,(anonymous_5)
FNF:6
FNH:1
FNDA:12,(anonymous_0)
FNDA:0,(anonymous_1)
FNDA:0,(anonymous_2)
FNDA:0,(anonymous_3)
FNDA:0,(anonymous_4)
FNDA:0,(anonymous_5)
DA:3,12
DA:6,12
DA:9,12
DA:10,0
DA:11,0
DA:12,0
DA:27,0
DA:29,0
DA:34,12
DA:35,0
DA:36,0
DA:39,0
DA:41,0
DA:45,12
DA:46,0
DA:47,0
DA:49,0
DA:62,0
DA:64,0
DA:68,12
DA:69,0
DA:70,0
DA:71,0
DA:73,0
DA:87,0
DA:89,0
DA:93,12
DA:94,0
DA:95,0
DA:96,0
DA:97,0
DA:99,0
LF:32
LH:7
BRDA:56,0,0,0
BRDA:56,0,1,0
BRDA:57,1,0,0
BRDA:57,1,1,0
BRDA:58,2,0,0
BRDA:58,2,1,0
BRDA:59,3,0,0
BRDA:59,3,1,0
BRDA:82,4,0,0
BRDA:82,4,1,0
BRDA:83,5,0,0
BRDA:83,5,1,0
BRDA:83,6,0,0
BRDA:83,6,1,0
BRDA:84,7,0,0
BRDA:84,7,1,0
BRDA:84,8,0,0
BRDA:84,8,1,0
BRF:18
BRH:0
end_of_record
TN:
SF:src\controllers\bookingController.ts
FN:10,(anonymous_1)
FN:11,(anonymous_2)
FN:48,(anonymous_3)
FN:74,(anonymous_4)
FN:138,(anonymous_5)
FN:187,(anonymous_6)
FN:228,(anonymous_7)
FN:255,(anonymous_8)
FN:309,(anonymous_9)
FN:365,(anonymous_10)
FN:405,(anonymous_11)
FN:438,(anonymous_12)
FN:487,(anonymous_13)
FN:520,(anonymous_14)
FN:543,(anonymous_15)
FN:576,(anonymous_16)
FN:597,(anonymous_17)
FN:618,(anonymous_18)
FN:647,(anonymous_19)
FN:675,(anonymous_20)
FNF:20
FNH:1
FNDA:36,(anonymous_1)
FNDA:0,(anonymous_2)
FNDA:0,(anonymous_3)
FNDA:0,(anonymous_4)
FNDA:0,(anonymous_5)
FNDA:0,(anonymous_6)
FNDA:0,(anonymous_7)
FNDA:0,(anonymous_8)
FNDA:0,(anonymous_9)
FNDA:0,(anonymous_10)
FNDA:0,(anonymous_11)
FNDA:0,(anonymous_12)
FNDA:0,(anonymous_13)
FNDA:0,(anonymous_14)
FNDA:0,(anonymous_15)
FNDA:0,(anonymous_16)
FNDA:0,(anonymous_17)
FNDA:0,(anonymous_18)
FNDA:0,(anonymous_19)
FNDA:0,(anonymous_20)
DA:2,12
DA:3,12
DA:4,12
DA:5,12
DA:6,12
DA:8,12
DA:10,12
DA:11,36
DA:12,0
DA:14,0
DA:17,0
DA:18,0
DA:19,0
DA:23,0
DA:27,0
DA:28,0
DA:30,0
DA:36,0
DA:37,0
DA:38,0
DA:43,0
DA:48,36
DA:49,0
DA:52,0
DA:53,0
DA:55,0
DA:58,0
DA:60,0
DA:62,0
DA:63,0
DA:64,0
DA:69,0
DA:74,36
DA:75,0
DA:76,0
DA:77,0
DA:78,0
DA:81,0
DA:82,0
DA:83,0
DA:86,0
DA:89,0
DA:93,0
DA:103,0
DA:106,0
DA:114,0
DA:126,0
DA:127,0
DA:128,0
DA:133,0
DA:138,36
DA:139,0
DA:140,0
DA:144,0
DA:147,0
DA:148,0
DA:149,0
DA:151,0
DA:152,0
DA:156,0
DA:159,0
DA:160,0
DA:164,0
DA:167,0
DA:169,0
DA:175,0
DA:176,0
DA:177,0
DA:182,0
DA:187,36
DA:188,0
DA:189,0
DA:190,0
DA:192,0
DA:193,0
DA:197,0
DA:200,0
DA:201,0
DA:205,0
DA:208,0
DA:210,0
DA:216,0
DA:217,0
DA:218,0
DA:223,0
DA:228,36
DA:229,0
DA:230,0
DA:233,0
DA:234,0
DA:236,0
DA:238,0
DA:243,0
DA:244,0
DA:245,0
DA:250,0
DA:255,36
DA:256,0
DA:257,0
DA:259,0
DA:260,0
DA:264,0
DA:268,0
DA:270,0
DA:271,0
DA:272,0
DA:276,0
DA:280,0
DA:281,0
DA:282,0
DA:286,0
DA:290,0
DA:292,0
DA:297,0
DA:298,0
DA:299,0
DA:304,0
DA:309,36
DA:310,0
DA:311,0
DA:313,0
DA:314,0
DA:318,0
DA:322,0
DA:323,0
DA:324,0
DA:325,0
DA:329,0
DA:332,0
DA:333,0
DA:334,0
DA:338,0
DA:343,0
DA:345,0
DA:346,0
DA:352,0
DA:353,0
DA:354,0
DA:359,0
DA:365,36
DA:366,0
DA:367,0
DA:368,0
DA:369,0
DA:370,0
DA:374,0
DA:375,0
DA:376,0
DA:377,0
DA:378,0
DA:381,0
DA:382,0
DA:383,0
DA:384,0
DA:388,0
DA:389,0
DA:390,0
DA:391,0
DA:394,0
DA:396,0
DA:398,0
DA:399,0
DA:400,0
DA:401,0
DA:405,36
DA:406,0
DA:407,0
DA:408,0
DA:409,0
DA:410,0
DA:414,0
DA:415,0
DA:416,0
DA:417,0
DA:418,0
DA:421,0
DA:422,0
DA:423,0
DA:424,0
DA:428,0
DA:429,0
DA:431,0
DA:432,0
DA:433,0
DA:434,0
DA:438,36
DA:439,0
DA:440,0
DA:442,0
DA:443,0
DA:447,0
DA:451,0
DA:452,0
DA:453,0
DA:454,0
DA:458,0
DA:461,0
DA:462,0
DA:463,0
DA:467,0
DA:471,0
DA:473,0
DA:475,0
DA:476,0
DA:477,0
DA:482,0
DA:487,36
DA:488,0
DA:489,0
DA:491,0
DA:492,0
DA:496,0
DA:499,0
DA:501,0
DA:507,0
DA:508,0
DA:509,0
DA:514,0
DA:520,36
DA:521,0
DA:522,0
DA:523,0
DA:525,0
DA:526,0
DA:527,0
DA:528,0
DA:529,0
DA:530,0
DA:533,0
DA:534,0
DA:536,0
DA:537,0
DA:538,0
DA:539,0
DA:543,36
DA:544,0
DA:545,0
DA:546,0
DA:548,0
DA:549,0
DA:553,0
DA:556,0
DA:558,0
DA:564,0
DA:565,0
DA:566,0
DA:571,0
DA:576,36
DA:577,0
DA:578,0
DA:580,0
DA:585,0
DA:586,0
DA:587,0
DA:592,0
DA:597,36
DA:598,0
DA:599,0
DA:601,0
DA:606,0
DA:607,0
DA:608,0
DA:613,0
DA:618,36
DA:619,0
DA:620,0
DA:624,0
DA:627,0
DA:628,0
DA:630,0
DA:635,0
DA:636,0
DA:637,0
DA:642,0
DA:647,36
DA:648,0
DA:649,0
DA:652,0
DA:653,0
DA:655,0
DA:657,0
DA:662,0
DA:663,0
DA:664,0
DA:669,0
DA:675,36
DA:676,0
DA:677,0
DA:678,0
DA:680,0
DA:681,0
DA:685,0
DA:689,0
DA:695,0
DA:696,0
LF:295
LH:26
BRDA:18,0,0,0
BRDA:18,0,1,0
BRDA:18,1,0,0
BRDA:18,1,1,0
BRDA:18,1,2,0
BRDA:18,1,3,0
BRDA:27,2,0,0
BRDA:27,2,1,0
BRDA:37,3,0,0
BRDA:37,3,1,0
BRDA:53,4,0,0
BRDA:53,4,1,0
BRDA:63,5,0,0
BRDA:63,5,1,0
BRDA:81,6,0,0
BRDA:81,6,1,0
BRDA:82,7,0,0
BRDA:82,7,1,0
BRDA:86,8,0,0
BRDA:86,8,1,0
BRDA:89,9,0,0
BRDA:89,9,1,0
BRDA:127,10,0,0
BRDA:127,10,1,0
BRDA:139,11,0,0
BRDA:139,11,1,0
BRDA:151,12,0,0
BRDA:151,12,1,0
BRDA:159,13,0,0
BRDA:159,13,1,0
BRDA:176,14,0,0
BRDA:176,14,1,0
BRDA:192,15,0,0
BRDA:192,15,1,0
BRDA:200,16,0,0
BRDA:200,16,1,0
BRDA:217,17,0,0
BRDA:217,17,1,0
BRDA:233,18,0,0
BRDA:233,18,1,0
BRDA:234,19,0,0
BRDA:234,19,1,0
BRDA:244,20,0,0
BRDA:244,20,1,0
BRDA:259,21,0,0
BRDA:259,21,1,0
BRDA:268,22,0,0
BRDA:268,22,1,0
BRDA:271,23,0,0
BRDA:271,23,1,0
BRDA:281,24,0,0
BRDA:281,24,1,0
BRDA:298,25,0,0
BRDA:298,25,1,0
BRDA:313,26,0,0
BRDA:313,26,1,0
BRDA:322,27,0,0
BRDA:322,27,1,0
BRDA:324,28,0,0
BRDA:324,28,1,0
BRDA:333,29,0,0
BRDA:333,29,1,0
BRDA:353,30,0,0
BRDA:353,30,1,0
BRDA:368,31,0,0
BRDA:368,31,1,0
BRDA:374,32,0,0
BRDA:374,32,1,0
BRDA:376,33,0,0
BRDA:376,33,1,0
BRDA:382,34,0,0
BRDA:382,34,1,0
BRDA:389,35,0,0
BRDA:389,35,1,0
BRDA:399,36,0,0
BRDA:399,36,1,0
BRDA:408,37,0,0
BRDA:408,37,1,0
BRDA:408,38,0,0
BRDA:408,38,1,0
BRDA:414,39,0,0
BRDA:414,39,1,0
BRDA:416,40,0,0
BRDA:416,40,1,0
BRDA:422,41,0,0
BRDA:422,41,1,0
BRDA:432,42,0,0
BRDA:432,42,1,0
BRDA:442,43,0,0
BRDA:442,43,1,0
BRDA:451,44,0,0
BRDA:451,44,1,0
BRDA:453,45,0,0
BRDA:453,45,1,0
BRDA:462,46,0,0
BRDA:462,46,1,0
BRDA:476,47,0,0
BRDA:476,47,1,0
BRDA:491,48,0,0
BRDA:491,48,1,0
BRDA:508,49,0,0
BRDA:508,49,1,0
BRDA:521,50,0,0
BRDA:521,50,1,0
BRDA:528,51,0,0
BRDA:528,51,1,0
BRDA:537,52,0,0
BRDA:537,52,1,0
BRDA:548,53,0,0
BRDA:548,53,1,0
BRDA:565,54,0,0
BRDA:565,54,1,0
BRDA:586,55,0,0
BRDA:586,55,1,0
BRDA:607,56,0,0
BRDA:607,56,1,0
BRDA:619,57,0,0
BRDA:619,57,1,0
BRDA:636,58,0,0
BRDA:636,58,1,0
BRDA:652,59,0,0
BRDA:652,59,1,0
BRDA:653,60,0,0
BRDA:653,60,1,0
BRDA:663,61,0,0
BRDA:663,61,1,0
BRDA:680,62,0,0
BRDA:680,62,1,0
BRF:128
BRH:0
end_of_record
TN:
SF:src\controllers\cartController.ts
FN:7,(anonymous_0)
FN:8,(anonymous_1)
FN:13,(anonymous_2)
FN:23,(anonymous_3)
FN:34,(anonymous_4)
FN:56,(anonymous_5)
FN:66,(anonymous_6)
FN:104,(anonymous_7)
FN:111,(anonymous_8)
FN:120,(anonymous_9)
FNF:10
FNH:1
FNDA:12,(anonymous_0)
FNDA:0,(anonymous_1)
FNDA:0,(anonymous_2)
FNDA:0,(anonymous_3)
FNDA:0,(anonymous_4)
FNDA:0,(anonymous_5)
FNDA:0,(anonymous_6)
FNDA:0,(anonymous_7)
FNDA:0,(anonymous_8)
FNDA:0,(anonymous_9)
DA:2,12
DA:3,12
DA:5,12
DA:7,12
DA:8,12
DA:9,0
DA:10,0
DA:13,12
DA:14,0
DA:15,0
DA:16,0
DA:19,0
DA:20,0
DA:23,12
DA:24,0
DA:25,0
DA:26,0
DA:29,0
DA:30,0
DA:34,12
DA:35,0
DA:36,0
DA:37,0
DA:38,0
DA:40,0
DA:41,0
DA:45,0
DA:46,0
DA:47,0
DA:49,0
DA:50,0
DA:52,0
DA:56,12
DA:57,0
DA:58,0
DA:59,0
DA:61,0
DA:62,0
DA:66,12
DA:67,0
DA:68,0
DA:69,0
DA:72,0
DA:73,0
DA:79,0
DA:80,0
DA:81,0
DA:86,0
DA:87,0
DA:91,0
DA:92,0
DA:95,0
DA:96,0
DA:98,0
DA:100,0
DA:104,12
DA:105,0
DA:106,0
DA:107,0
DA:108,0
DA:111,12
DA:112,0
DA:113,0
DA:116,0
DA:117,0
DA:120,12
DA:121,0
DA:122,0
LF:68
LH:13
BRDA:15,0,0,0
BRDA:15,0,1,0
BRDA:25,1,0,0
BRDA:25,1,1,0
BRDA:40,2,0,0
BRDA:40,2,1,0
BRDA:40,3,0,0
BRDA:40,3,1,0
BRDA:46,4,0,0
BRDA:46,4,1,0
BRDA:49,5,0,0
BRDA:49,5,1,0
BRDA:58,6,0,0
BRDA:58,6,1,0
BRDA:79,7,0,0
BRDA:79,7,1,0
BRDA:79,8,0,0
BRDA:79,8,1,0
BRDA:81,9,0,0
BRDA:81,9,1,0
BRDA:86,10,0,0
BRDA:86,10,1,0
BRDA:86,11,0,0
BRDA:86,11,1,0
BRDA:87,12,0,0
BRDA:87,12,1,0
BRDA:91,13,0,0
BRDA:91,13,1,0
BRDA:95,14,0,0
BRDA:95,14,1,0
BRDA:106,15,0,0
BRDA:106,15,1,0
BRDA:113,16,0,0
BRDA:113,16,1,0
BRF:34
BRH:0
end_of_record
TN:
SF:src\controllers\categoryController.ts
FN:9,(anonymous_9)
FN:10,(anonymous_10)
FN:28,(anonymous_11)
FN:33,(anonymous_12)
FN:42,(anonymous_13)
FN:68,(anonymous_14)
FN:92,(anonymous_15)
FN:112,(anonymous_16)
FN:117,(anonymous_17)
FN:126,(anonymous_18)
FNF:10
FNH:3
FNDA:12,(anonymous_9)
FNDA:0,(anonymous_10)
FNDA:1,(anonymous_11)
FNDA:1,(anonymous_12)
FNDA:0,(anonymous_13)
FNDA:0,(anonymous_14)
FNDA:0,(anonymous_15)
FNDA:0,(anonymous_16)
FNDA:0,(anonymous_17)
FNDA:0,(anonymous_18)
DA:2,12
DA:3,12
DA:7,12
DA:9,12
DA:10,12
DA:11,0
DA:12,0
DA:13,0
DA:15,0
DA:16,0
DA:17,0
DA:20,0
DA:22,0
DA:24,0
DA:28,12
DA:29,1
DA:30,1
DA:31,1
DA:33,1
DA:36,0
DA:38,1
DA:42,12
DA:43,0
DA:44,0
DA:45,0
DA:47,0
DA:48,0
DA:49,0
DA:51,0
DA:52,0
DA:57,0
DA:60,0
DA:62,0
DA:64,0
DA:68,12
DA:69,0
DA:70,0
DA:71,0
DA:74,0
DA:75,0
DA:76,0
DA:81,0
DA:84,0
DA:86,0
DA:88,0
DA:92,12
DA:93,0
DA:94,0
DA:95,0
DA:96,0
DA:101,0
DA:102,0
DA:103,0
DA:106,0
DA:108,0
DA:112,12
DA:113,0
DA:114,0
DA:115,0
DA:117,0
DA:120,0
DA:122,0
DA:126,12
DA:127,0
DA:128,0
DA:129,0
DA:131,0
LF:67
LH:16
BRDA:12,0,0,0
BRDA:12,0,1,0
BRDA:44,1,0,0
BRDA:44,1,1,0
BRDA:51,2,0,0
BRDA:51,2,1,0
BRDA:70,3,0,0
BRDA:70,3,1,0
BRDA:75,4,0,0
BRDA:75,4,1,0
BRDA:95,5,0,0
BRDA:95,5,1,0
BRDA:102,6,0,0
BRDA:102,6,1,0
BRF:14
BRH:0
end_of_record
TN:
SF:src\controllers\checklistController.ts
FN:12,(anonymous_1)
FN:76,(anonymous_2)
FN:132,(anonymous_3)
FN:193,(anonymous_4)
FN:194,(anonymous_5)
FN:216,(anonymous_6)
FN:288,(anonymous_7)
FN:301,(anonymous_8)
FN:317,(anonymous_9)
FN:335,(anonymous_10)
FN:407,(anonymous_11)
FN:449,(anonymous_12)
FN:468,(anonymous_13)
FN:484,(anonymous_14)
FN:491,(anonymous_15)
FN:510,(anonymous_16)
FNF:16
FNH:0
FNDA:0,(anonymous_1)
FNDA:0,(anonymous_2)
FNDA:0,(anonymous_3)
FNDA:0,(anonymous_4)
FNDA:0,(anonymous_5)
FNDA:0,(anonymous_6)
FNDA:0,(anonymous_7)
FNDA:0,(anonymous_8)
FNDA:0,(anonymous_9)
FNDA:0,(anonymous_10)
FNDA:0,(anonymous_11)
FNDA:0,(anonymous_12)
FNDA:0,(anonymous_13)
FNDA:0,(anonymous_14)
FNDA:0,(anonymous_15)
FNDA:0,(anonymous_16)
DA:2,12
DA:3,12
DA:10,12
DA:13,0
DA:14,0
DA:15,0
DA:17,0
DA:20,0
DA:53,0
DA:60,0
DA:70,0
DA:71,0
DA:77,0
DA:78,0
DA:79,0
DA:81,0
DA:120,0
DA:121,0
DA:124,0
DA:126,0
DA:127,0
DA:133,0
DA:134,0
DA:135,0
DA:136,0
DA:139,0
DA:146,0
DA:147,0
DA:150,0
DA:155,0
DA:156,0
DA:157,0
DA:158,0
DA:159,0
DA:160,0
DA:163,0
DA:164,0
DA:167,0
DA:182,0
DA:192,0
DA:193,0
DA:194,0
DA:196,0
DA:198,0
DA:208,0
DA:210,0
DA:211,0
DA:217,0
DA:218,0
DA:219,0
DA:220,0
DA:222,0
DA:229,0
DA:230,0
DA:233,0
DA:238,0
DA:239,0
DA:240,0
DA:241,0
DA:244,0
DA:245,0
DA:248,0
DA:276,0
DA:278,0
DA:279,0
DA:289,0
DA:290,0
DA:291,0
DA:294,0
DA:301,0
DA:315,0
DA:316,0
DA:317,0
DA:327,0
DA:329,0
DA:330,0
DA:336,0
DA:337,0
DA:339,0
DA:341,0
DA:384,0
DA:391,0
DA:401,0
DA:402,0
DA:408,0
DA:409,0
DA:410,0
DA:412,0
DA:440,0
DA:442,0
DA:447,0
DA:448,0
DA:449,0
DA:460,0
DA:462,0
DA:463,0
DA:469,0
DA:470,0
DA:472,0
DA:476,0
DA:478,0
DA:479,0
DA:485,0
DA:486,0
DA:487,0
DA:488,0
DA:490,0
DA:491,0
DA:502,0
DA:504,0
DA:505,0
DA:511,0
DA:512,0
DA:514,0
DA:521,0
DA:523,0
DA:524,0
LF:117
LH:3
BRDA:15,0,0,0
BRDA:15,1,0,0
BRDA:23,2,0,0
BRDA:23,2,1,0
BRDA:56,3,0,0
BRDA:56,3,1,0
BRDA:120,4,0,0
BRDA:120,4,1,0
BRDA:146,5,0,0
BRDA:146,5,1,0
BRDA:155,6,0,0
BRDA:155,6,1,0
BRDA:158,7,0,0
BRDA:158,7,1,0
BRDA:163,8,0,0
BRDA:163,8,1,0
BRDA:192,9,0,0
BRDA:192,9,1,0
BRDA:196,10,0,0
BRDA:196,10,1,0
BRDA:196,11,0,0
BRDA:196,11,1,0
BRDA:229,12,0,0
BRDA:229,12,1,0
BRDA:238,13,0,0
BRDA:238,13,1,0
BRDA:240,14,0,0
BRDA:240,14,1,0
BRDA:244,15,0,0
BRDA:244,15,1,0
BRDA:298,16,0,0
BRDA:298,16,1,0
BRDA:301,17,0,0
BRDA:301,17,1,0
BRDA:304,18,0,0
BRDA:304,18,1,0
BRDA:305,19,0,0
BRDA:305,19,1,0
BRDA:315,20,0,0
BRDA:315,20,1,0
BRDA:315,21,0,0
BRDA:315,21,1,0
BRDA:321,22,0,0
BRDA:321,22,1,0
BRDA:322,23,0,0
BRDA:322,23,1,0
BRDA:337,24,0,0
BRDA:337,25,0,0
BRDA:343,26,0,0
BRDA:343,26,1,0
BRDA:344,27,0,0
BRDA:344,27,1,0
BRDA:367,28,0,0
BRDA:367,28,1,0
BRDA:386,29,0,0
BRDA:386,29,1,0
BRDA:387,30,0,0
BRDA:387,30,1,0
BRDA:415,31,0,0
BRDA:415,31,1,0
BRDA:416,32,0,0
BRDA:416,32,1,0
BRDA:417,33,0,0
BRDA:417,33,1,0
BRDA:418,34,0,0
BRDA:418,34,1,0
BRDA:440,35,0,0
BRDA:440,35,1,0
BRDA:447,36,0,0
BRDA:447,36,1,0
BRDA:453,37,0,0
BRDA:453,37,1,0
BRDA:454,38,0,0
BRDA:454,38,1,0
BRDA:495,39,0,0
BRDA:495,39,1,0
BRDA:496,40,0,0
BRDA:496,40,1,0
BRF:78
BRH:0
end_of_record
TN:
SF:src\controllers\collaboratorController.ts
FN:70,(anonymous_1)
FN:114,(anonymous_2)
FN:131,(anonymous_3)
FN:164,(anonymous_4)
FN:195,(anonymous_5)
FN:222,(anonymous_6)
FN:254,(anonymous_7)
FN:281,(anonymous_8)
FN:308,(anonymous_9)
FN:333,(anonymous_10)
FN:359,(anonymous_11)
FN:388,(anonymous_12)
FN:415,(anonymous_13)
FN:457,(anonymous_14)
FN:511,(anonymous_15)
FN:535,(anonymous_16)
FN:578,(anonymous_17)
FN:608,(anonymous_18)
FN:625,(anonymous_19)
FN:687,(anonymous_20)
FN:729,(anonymous_21)
FN:746,(anonymous_22)
FN:766,(anonymous_23)
FN:782,(anonymous_24)
FN:798,(anonymous_25)
FN:815,(anonymous_26)
FN:832,(anonymous_27)
FN:878,(anonymous_28)
FN:919,(anonymous_29)
FN:936,(anonymous_30)
FN:955,(anonymous_31)
FN:975,(anonymous_32)
FN:996,(anonymous_33)
FNF:33
FNH:0
FNDA:0,(anonymous_1)
FNDA:0,(anonymous_2)
FNDA:0,(anonymous_3)
FNDA:0,(anonymous_4)
FNDA:0,(anonymous_5)
FNDA:0,(anonymous_6)
FNDA:0,(anonymous_7)
FNDA:0,(anonymous_8)
FNDA:0,(anonymous_9)
FNDA:0,(anonymous_10)
FNDA:0,(anonymous_11)
FNDA:0,(anonymous_12)
FNDA:0,(anonymous_13)
FNDA:0,(anonymous_14)
FNDA:0,(anonymous_15)
FNDA:0,(anonymous_16)
FNDA:0,(anonymous_17)
FNDA:0,(anonymous_18)
FNDA:0,(anonymous_19)
FNDA:0,(anonymous_20)
FNDA:0,(anonymous_21)
FNDA:0,(anonymous_22)
FNDA:0,(anonymous_23)
FNDA:0,(anonymous_24)
FNDA:0,(anonymous_25)
FNDA:0,(anonymous_26)
FNDA:0,(anonymous_27)
FNDA:0,(anonymous_28)
FNDA:0,(anonymous_29)
FNDA:0,(anonymous_30)
FNDA:0,(anonymous_31)
FNDA:0,(anonymous_32)
FNDA:0,(anonymous_33)
DA:2,12
DA:3,12
DA:4,12
DA:5,12
DA:7,12
DA:10,12
DA:35,12
DA:68,12
DA:71,0
DA:72,0
DA:75,0
DA:89,0
DA:91,0
DA:97,0
DA:99,0
DA:100,0
DA:107,0
DA:115,0
DA:116,0
DA:118,0
DA:123,0
DA:124,0
DA:132,0
DA:133,0
DA:135,0
DA:136,0
DA:142,0
DA:144,0
DA:145,0
DA:151,0
DA:156,0
DA:157,0
DA:165,0
DA:166,0
DA:167,0
DA:169,0
DA:170,0
DA:176,0
DA:181,0
DA:187,0
DA:188,0
DA:196,0
DA:197,0
DA:199,0
DA:200,0
DA:206,0
DA:208,0
DA:213,0
DA:214,0
DA:223,0
DA:224,0
DA:226,0
DA:231,0
DA:237,0
DA:239,0
DA:240,0
DA:247,0
DA:255,0
DA:256,0
DA:258,0
DA:259,0
DA:266,0
DA:268,0
DA:273,0
DA:274,0
DA:282,0
DA:283,0
DA:285,0
DA:286,0
DA:293,0
DA:295,0
DA:300,0
DA:301,0
DA:309,0
DA:310,0
DA:312,0
DA:313,0
DA:320,0
DA:325,0
DA:326,0
DA:334,0
DA:335,0
DA:337,0
DA:338,0
DA:345,0
DA:350,0
DA:351,0
DA:360,0
DA:361,0
DA:363,0
DA:372,0
DA:374,0
DA:380,0
DA:381,0
DA:389,0
DA:390,0
DA:392,0
DA:393,0
DA:399,0
DA:401,0
DA:406,0
DA:407,0
DA:416,0
DA:418,0
DA:420,0
DA:421,0
DA:425,0
DA:427,0
DA:429,0
DA:430,0
DA:431,0
DA:441,0
DA:442,0
DA:447,0
DA:449,0
DA:451,0
DA:452,0
DA:458,0
DA:460,0
DA:462,0
DA:463,0
DA:467,0
DA:469,0
DA:472,0
DA:473,0
DA:476,0
DA:498,0
DA:499,0
DA:503,0
DA:505,0
DA:506,0
DA:512,0
DA:513,0
DA:515,0
DA:516,0
DA:519,0
DA:521,0
DA:522,0
DA:525,0
DA:527,0
DA:529,0
DA:530,0
DA:536,0
DA:537,0
DA:539,0
DA:540,0
DA:543,0
DA:545,0
DA:546,0
DA:558,0
DA:560,0
DA:571,0
DA:573,0
DA:574,0
DA:579,0
DA:580,0
DA:582,0
DA:583,0
DA:589,0
DA:594,0
DA:599,0
DA:600,0
DA:609,0
DA:610,0
DA:612,0
DA:617,0
DA:618,0
DA:626,0
DA:627,0
DA:637,0
DA:638,0
DA:641,0
DA:642,0
DA:643,0
DA:644,0
DA:648,0
DA:649,0
DA:655,0
DA:664,0
DA:671,0
DA:672,0
DA:679,0
DA:680,0
DA:688,0
DA:689,0
DA:690,0
DA:698,0
DA:700,0
DA:701,0
DA:702,0
DA:705,0
DA:707,0
DA:713,0
DA:714,0
DA:721,0
DA:722,0
DA:730,0
DA:731,0
DA:732,0
DA:733,0
DA:738,0
DA:739,0
DA:747,0
DA:748,0
DA:749,0
DA:751,0
DA:756,0
DA:757,0
DA:767,0
DA:768,0
DA:769,0
DA:771,0
DA:772,0
DA:774,0
DA:775,0
DA:777,0
DA:778,0
DA:783,0
DA:784,0
DA:785,0
DA:787,0
DA:788,0
DA:790,0
DA:791,0
DA:793,0
DA:794,0
DA:799,0
DA:800,0
DA:801,0
DA:803,0
DA:804,0
DA:806,0
DA:807,0
DA:809,0
DA:810,0
DA:816,0
DA:817,0
DA:819,0
DA:824,0
DA:825,0
DA:833,0
DA:834,0
DA:845,0
DA:847,0
DA:857,0
DA:862,0
DA:863,0
DA:870,0
DA:871,0
DA:879,0
DA:880,0
DA:881,0
DA:889,0
DA:890,0
DA:891,0
DA:895,0
DA:896,0
DA:899,0
DA:901,0
DA:903,0
DA:904,0
DA:911,0
DA:912,0
DA:920,0
DA:921,0
DA:923,0
DA:928,0
DA:929,0
DA:937,0
DA:938,0
DA:940,0
DA:942,0
DA:947,0
DA:948,0
DA:956,0
DA:957,0
DA:959,0
DA:961,0
DA:966,0
DA:967,0
DA:976,0
DA:977,0
DA:978,0
DA:979,0
DA:982,0
DA:988,0
DA:990,0
DA:991,0
DA:997,0
DA:999,0
DA:1001,0
DA:1006,0
DA:1007,0
DA:1016,12
DA:1020,12
DA:1056,12
LF:296
LH:11
BRDA:99,0,0,0
BRDA:99,0,1,0
BRDA:135,1,0,0
BRDA:135,1,1,0
BRDA:144,2,0,0
BRDA:144,2,1,0
BRDA:169,3,0,0
BRDA:169,3,1,0
BRDA:199,4,0,0
BRDA:199,4,1,0
BRDA:239,5,0,0
BRDA:239,5,1,0
BRDA:258,6,0,0
BRDA:258,6,1,0
BRDA:285,7,0,0
BRDA:285,7,1,0
BRDA:312,8,0,0
BRDA:312,8,1,0
BRDA:337,9,0,0
BRDA:337,9,1,0
BRDA:361,10,0,0
BRDA:361,11,0,0
BRDA:392,12,0,0
BRDA:392,12,1,0
BRDA:420,13,0,0
BRDA:420,13,1,0
BRDA:427,14,0,0
BRDA:427,14,1,0
BRDA:462,15,0,0
BRDA:462,15,1,0
BRDA:469,16,0,0
BRDA:469,16,1,0
BRDA:515,17,0,0
BRDA:515,17,1,0
BRDA:521,18,0,0
BRDA:521,18,1,0
BRDA:539,19,0,0
BRDA:539,19,1,0
BRDA:545,20,0,0
BRDA:545,20,1,0
BRDA:563,21,0,0
BRDA:563,21,1,0
BRDA:564,22,0,0
BRDA:564,22,1,0
BRDA:565,23,0,0
BRDA:565,23,1,0
BRDA:566,24,0,0
BRDA:566,24,1,0
BRDA:567,25,0,0
BRDA:567,25,1,0
BRDA:568,26,0,0
BRDA:568,26,1,0
BRDA:582,27,0,0
BRDA:582,27,1,0
BRDA:641,28,0,0
BRDA:641,28,1,0
BRDA:641,29,0,0
BRDA:641,29,1,0
BRDA:643,30,0,0
BRDA:643,30,1,0
BRDA:648,31,0,0
BRDA:648,31,1,0
BRDA:671,32,0,0
BRDA:671,32,1,0
BRDA:701,33,0,0
BRDA:701,33,1,0
BRDA:713,34,0,0
BRDA:713,34,1,0
BRDA:769,35,0,0
BRDA:769,35,1,0
BRDA:772,36,0,0
BRDA:772,36,1,0
BRDA:785,37,0,0
BRDA:785,37,1,0
BRDA:788,38,0,0
BRDA:788,38,1,0
BRDA:801,39,0,0
BRDA:801,39,1,0
BRDA:804,40,0,0
BRDA:804,40,1,0
BRDA:852,41,0,0
BRDA:852,41,1,0
BRDA:862,42,0,0
BRDA:862,42,1,0
BRDA:890,43,0,0
BRDA:890,43,1,0
BRDA:895,44,0,0
BRDA:895,44,1,0
BRDA:903,45,0,0
BRDA:903,45,1,0
BRDA:978,46,0,0
BRDA:978,46,1,0
BRF:92
BRH:0
end_of_record
TN:
SF:src\controllers\collaboratorMessagesController.ts
FN:8,(anonymous_1)
FN:73,(anonymous_2)
FN:103,(anonymous_3)
FN:168,(anonymous_4)
FN:169,(anonymous_5)
FN:196,(anonymous_6)
FN:264,(anonymous_7)
FN:293,(anonymous_8)
FN:312,(anonymous_9)
FNF:9
FNH:0
FNDA:0,(anonymous_1)
FNDA:0,(anonymous_2)
FNDA:0,(anonymous_3)
FNDA:0,(anonymous_4)
FNDA:0,(anonymous_5)
FNDA:0,(anonymous_6)
FNDA:0,(anonymous_7)
FNDA:0,(anonymous_8)
FNDA:0,(anonymous_9)
DA:2,12
DA:3,12
DA:6,12
DA:9,0
DA:10,0
DA:12,0
DA:13,0
DA:16,0
DA:72,0
DA:74,0
DA:88,0
DA:95,0
DA:97,0
DA:98,0
DA:104,0
DA:105,0
DA:106,0
DA:107,0
DA:109,0
DA:110,0
DA:114,0
DA:121,0
DA:122,0
DA:125,0
DA:126,0
DA:127,0
DA:129,0
DA:159,0
DA:166,0
DA:168,0
DA:169,0
DA:177,0
DA:190,0
DA:191,0
DA:197,0
DA:198,0
DA:199,0
DA:200,0
DA:202,0
DA:203,0
DA:206,0
DA:207,0
DA:211,0
DA:218,0
DA:219,0
DA:222,0
DA:251,0
DA:256,0
DA:258,0
DA:259,0
DA:265,0
DA:266,0
DA:268,0
DA:269,0
DA:273,0
DA:282,0
DA:283,0
DA:287,0
DA:293,0
DA:300,0
DA:301,0
DA:305,0
DA:312,0
DA:331,0
DA:333,0
DA:334,0
DA:340,12
DA:344,12
LF:68
LH:5
BRDA:12,0,0,0
BRDA:12,0,1,0
BRDA:107,1,0,0
BRDA:107,2,0,0
BRDA:109,3,0,0
BRDA:109,3,1,0
BRDA:121,4,0,0
BRDA:121,4,1,0
BRDA:199,5,0,0
BRDA:202,6,0,0
BRDA:202,6,1,0
BRDA:206,7,0,0
BRDA:206,7,1,0
BRDA:206,8,0,0
BRDA:206,8,1,0
BRDA:218,9,0,0
BRDA:218,9,1,0
BRDA:268,10,0,0
BRDA:268,10,1,0
BRDA:282,11,0,0
BRDA:282,11,1,0
BRDA:300,12,0,0
BRDA:300,12,1,0
BRF:23
BRH:0
end_of_record
TN:
SF:src\controllers\contactController.ts
FN:8,(anonymous_0)
FN:10,(anonymous_1)
FN:20,(anonymous_2)
FN:29,(anonymous_3)
FNF:4
FNH:1
FNDA:24,(anonymous_0)
FNDA:0,(anonymous_1)
FNDA:0,(anonymous_2)
FNDA:0,(anonymous_3)
DA:4,12
DA:6,12
DA:8,12
DA:10,24
DA:11,0
DA:12,0
DA:13,0
DA:15,0
DA:20,24
DA:21,0
DA:22,0
DA:23,0
DA:25,0
DA:29,24
DA:30,0
DA:31,0
DA:32,0
DA:33,0
DA:35,0
DA:36,0
DA:38,0
LF:21
LH:6
BRDA:32,0,0,0
BRDA:32,0,1,0
BRF:2
BRH:0
end_of_record
TN:
SF:src\controllers\dashboardController.ts
FN:6,(anonymous_0)
FN:7,(anonymous_1)
FN:16,(anonymous_2)
FN:25,(anonymous_3)
FN:38,(anonymous_4)
FN:54,(anonymous_5)
FN:67,(anonymous_6)
FN:80,(anonymous_7)
FN:94,(anonymous_8)
FN:107,(anonymous_9)
FN:120,(anonymous_10)
FN:133,(anonymous_11)
FN:146,(anonymous_12)
FNF:13
FNH:1
FNDA:12,(anonymous_0)
FNDA:0,(anonymous_1)
FNDA:0,(anonymous_2)
FNDA:0,(anonymous_3)
FNDA:0,(anonymous_4)
FNDA:0,(anonymous_5)
FNDA:0,(anonymous_6)
FNDA:0,(anonymous_7)
FNDA:0,(anonymous_8)
FNDA:0,(anonymous_9)
FNDA:0,(anonymous_10)
FNDA:0,(anonymous_11)
FNDA:0,(anonymous_12)
DA:2,12
DA:4,12
DA:6,12
DA:7,12
DA:8,0
DA:9,0
DA:10,0
DA:12,0
DA:16,12
DA:17,0
DA:18,0
DA:19,0
DA:21,0
DA:25,12
DA:30,0
DA:31,0
DA:32,0
DA:34,0
DA:38,12
DA:43,0
DA:44,0
DA:47,0
DA:48,0
DA:50,0
DA:54,12
DA:59,0
DA:60,0
DA:61,0
DA:63,0
DA:67,12
DA:72,0
DA:73,0
DA:74,0
DA:76,0
DA:80,12
DA:85,0
DA:86,0
DA:87,0
DA:88,0
DA:90,0
DA:94,12
DA:99,0
DA:100,0
DA:101,0
DA:103,0
DA:107,12
DA:112,0
DA:113,0
DA:114,0
DA:116,0
DA:120,12
DA:125,0
DA:126,0
DA:127,0
DA:129,0
DA:133,12
DA:138,0
DA:139,0
DA:140,0
DA:142,0
DA:146,12
DA:151,0
DA:152,0
DA:153,0
DA:155,0
LF:65
LH:15
BRDA:44,0,0,0
BRDA:44,0,1,0
BRDA:86,1,0,0
BRDA:86,1,1,0
BRF:4
BRH:0
end_of_record
TN:
SF:src\controllers\enterpriseMonitoringController.ts
FN:5,(anonymous_1)
FN:8,(anonymous_2)
FN:19,(anonymous_3)
FN:34,(anonymous_4)
FN:54,(anonymous_5)
FN:68,(anonymous_6)
FN:82,(anonymous_7)
FN:93,(anonymous_8)
FN:119,(anonymous_9)
FN:134,(anonymous_10)
FN:153,(anonymous_11)
FNF:11
FNH:1
FNDA:12,(anonymous_1)
FNDA:0,(anonymous_2)
FNDA:0,(anonymous_3)
FNDA:0,(anonymous_4)
FNDA:0,(anonymous_5)
FNDA:0,(anonymous_6)
FNDA:0,(anonymous_7)
FNDA:0,(anonymous_8)
FNDA:0,(anonymous_9)
FNDA:0,(anonymous_10)
FNDA:0,(anonymous_11)
DA:2,12
DA:3,12
DA:5,12
DA:8,12
DA:9,0
DA:10,0
DA:11,0
DA:13,0
DA:14,0
DA:19,12
DA:20,0
DA:21,0
DA:22,0
DA:28,0
DA:29,0
DA:34,12
DA:35,0
DA:36,0
DA:39,0
DA:42,0
DA:44,0
DA:45,0
DA:54,12
DA:55,0
DA:56,0
DA:57,0
DA:62,0
DA:63,0
DA:68,12
DA:69,0
DA:70,0
DA:71,0
DA:76,0
DA:77,0
DA:82,12
DA:83,0
DA:84,0
DA:85,0
DA:87,0
DA:88,0
DA:93,12
DA:94,0
DA:95,0
DA:97,0
DA:98,0
DA:103,0
DA:104,0
DA:110,0
DA:111,0
DA:119,12
DA:120,0
DA:121,0
DA:122,0
DA:128,0
DA:129,0
DA:134,12
DA:135,0
DA:136,0
DA:137,0
DA:141,0
DA:147,0
DA:148,0
DA:153,12
DA:154,0
DA:155,0
DA:157,0
DA:167,0
DA:177,12
LF:68
LH:14
BRDA:39,0,0,0
BRDA:39,0,1,0
BRDA:40,1,0,0
BRDA:40,1,1,0
BRDA:97,2,0,0
BRDA:97,2,1,0
BRDA:113,3,0,0
BRDA:113,3,1,0
BRDA:136,4,0,0
BRDA:157,5,0,0
BRDA:157,5,1,0
BRF:11
BRH:0
end_of_record
TN:
SF:src\controllers\equipmentController.ts
FN:8,(anonymous_0)
FN:9,(anonymous_1)
FN:46,(anonymous_2)
FN:80,(anonymous_3)
FN:95,(anonymous_4)
FN:104,(anonymous_5)
FN:120,(anonymous_6)
FN:133,(anonymous_7)
FN:161,(anonymous_8)
FN:191,(anonymous_9)
FN:204,(anonymous_10)
FNF:11
FNH:3
FNDA:12,(anonymous_0)
FNDA:0,(anonymous_1)
FNDA:0,(anonymous_2)
FNDA:1,(anonymous_3)
FNDA:1,(anonymous_4)
FNDA:0,(anonymous_5)
FNDA:0,(anonymous_6)
FNDA:0,(anonymous_7)
FNDA:0,(anonymous_8)
FNDA:0,(anonymous_9)
FNDA:0,(anonymous_10)
DA:2,12
DA:3,12
DA:4,12
DA:6,12
DA:8,12
DA:9,12
DA:14,0
DA:15,0
DA:16,0
DA:19,0
DA:20,0
DA:25,0
DA:31,0
DA:33,0
DA:36,0
DA:38,0
DA:42,0
DA:46,12
DA:51,0
DA:52,0
DA:53,0
DA:55,0
DA:56,0
DA:57,0
DA:58,0
DA:60,0
DA:61,0
DA:62,0
DA:67,0
DA:70,0
DA:71,0
DA:74,0
DA:76,0
DA:80,12
DA:85,1
DA:86,1
DA:91,1
DA:93,1
DA:95,1
DA:98,0
DA:100,1
DA:104,12
DA:109,0
DA:110,0
DA:111,0
DA:112,0
DA:117,0
DA:118,0
DA:120,0
DA:124,0
DA:125,0
DA:127,0
DA:129,0
DA:133,12
DA:138,0
DA:139,0
DA:140,0
DA:143,0
DA:144,0
DA:145,0
DA:150,0
DA:153,0
DA:155,0
DA:157,0
DA:161,12
DA:166,0
DA:167,0
DA:168,0
DA:170,0
DA:171,0
DA:176,0
DA:177,0
DA:180,0
DA:185,0
DA:187,0
DA:191,12
DA:196,0
DA:197,0
DA:198,0
DA:200,0
DA:204,12
DA:209,0
DA:210,0
DA:212,0
DA:213,0
DA:218,0
DA:219,0
DA:221,0
LF:88
LH:19
BRDA:15,0,0,0
BRDA:15,0,1,0
BRDA:19,1,0,0
BRDA:19,1,1,0
BRDA:52,2,0,0
BRDA:52,2,1,0
BRDA:56,3,0,0
BRDA:56,3,1,0
BRDA:57,4,0,0
BRDA:57,4,1,0
BRDA:61,5,0,0
BRDA:61,5,1,0
BRDA:70,6,0,0
BRDA:70,6,1,0
BRDA:91,7,0,0
BRDA:91,7,1,1
BRDA:111,8,0,0
BRDA:111,8,1,0
BRDA:124,9,0,0
BRDA:124,9,1,0
BRDA:139,10,0,0
BRDA:139,10,1,0
BRDA:144,11,0,0
BRDA:144,11,1,0
BRDA:170,12,0,0
BRDA:170,12,1,0
BRDA:176,13,0,0
BRDA:176,13,1,0
BRDA:176,14,0,0
BRDA:176,14,1,0
BRDA:212,15,0,0
BRDA:212,15,1,0
BRF:32
BRH:1
end_of_record
TN:
SF:src\controllers\faqController.ts
FN:4,(anonymous_0)
FN:5,(anonymous_1)
FN:14,(anonymous_2)
FN:23,(anonymous_3)
FN:33,(anonymous_4)
FNF:5
FNH:2
FNDA:12,(anonymous_0)
FNDA:0,(anonymous_1)
FNDA:1,(anonymous_2)
FNDA:0,(anonymous_3)
FNDA:0,(anonymous_4)
DA:2,12
DA:4,12
DA:5,12
DA:6,0
DA:7,0
DA:8,0
DA:10,0
DA:14,12
DA:15,1
DA:16,1
DA:17,0
DA:19,1
DA:23,12
DA:24,0
DA:25,0
DA:26,0
DA:27,0
DA:29,0
DA:33,12
DA:34,0
DA:35,0
DA:36,0
DA:37,0
DA:39,0
LF:24
LH:9
BRF:0
BRH:0
end_of_record
TN:
SF:src\controllers\geminiController.ts
FN:8,(anonymous_0)
FN:13,(anonymous_1)
FNF:2
FNH:1
FNDA:12,(anonymous_0)
FNDA:0,(anonymous_1)
DA:4,12
DA:6,12
DA:8,12
DA:13,12
DA:18,0
DA:19,0
DA:20,0
DA:22,0
LF:8
LH:4
BRF:0
BRH:0
end_of_record
TN:
SF:src\controllers\healthController.ts
FN:46,healthCheck
FN:66,(anonymous_2)
FN:68,(anonymous_3)
FN:112,readinessCheck
FN:131,(anonymous_5)
FN:164,checkDatabase
FN:196,checkCache
FN:253,metricsEndpoint
FNF:8
FNH:0
FNDA:0,healthCheck
FNDA:0,(anonymous_2)
FNDA:0,(anonymous_3)
FNDA:0,readinessCheck
FNDA:0,(anonymous_5)
FNDA:0,checkDatabase
FNDA:0,checkCache
FNDA:0,metricsEndpoint
DA:2,12
DA:3,12
DA:4,12
DA:5,12
DA:46,12
DA:47,0
DA:49,0
DA:50,0
DA:60,0
DA:61,0
DA:65,0
DA:66,0
DA:67,0
DA:68,0
DA:69,0
DA:72,0
DA:74,0
DA:80,0
DA:82,0
DA:84,0
DA:89,0
DA:112,12
DA:113,0
DA:115,0
DA:116,0
DA:125,0
DA:126,0
DA:130,0
DA:131,0
DA:132,0
DA:135,0
DA:137,0
DA:143,0
DA:145,0
DA:147,0
DA:152,0
DA:165,0
DA:167,0
DA:169,0
DA:171,0
DA:174,0
DA:176,0
DA:182,0
DA:184,0
DA:197,0
DA:199,0
DA:200,0
DA:203,0
DA:204,0
DA:206,0
DA:207,0
DA:209,0
DA:211,0
DA:212,0
DA:220,0
DA:222,0
DA:228,0
DA:230,0
DA:253,12
DA:254,0
DA:255,0
DA:257,0
DA:259,0
DA:261,0
DA:263,0
DA:265,0
LF:66
LH:7
BRDA:60,0,0,0
BRDA:60,0,1,0
BRDA:66,1,0,0
BRDA:66,1,1,0
BRDA:68,2,0,0
BRDA:68,2,1,0
BRDA:72,3,0,0
BRDA:72,3,1,0
BRDA:82,4,0,0
BRDA:82,4,1,0
BRDA:125,5,0,0
BRDA:125,5,1,0
BRDA:131,6,0,0
BRDA:131,6,1,0
BRDA:131,7,0,0
BRDA:131,7,1,0
BRDA:135,8,0,0
BRDA:135,8,1,0
BRDA:145,9,0,0
BRDA:145,9,1,0
BRDA:174,10,0,0
BRDA:174,10,1,0
BRDA:179,11,0,0
BRDA:179,11,1,0
BRDA:182,12,0,0
BRDA:182,12,1,0
BRDA:211,13,0,0
BRDA:211,13,1,0
BRDA:220,14,0,0
BRDA:220,14,1,0
BRDA:225,15,0,0
BRDA:225,15,1,0
BRDA:228,16,0,0
BRDA:228,16,1,0
BRDA:261,17,0,0
BRDA:261,17,1,0
BRF:36
BRH:0
end_of_record
TN:
SF:src\controllers\inviteController.ts
FN:11,sendInvite
FN:59,registerFromInvite
FNF:2
FNH:2
FNDA:1,sendInvite
FNDA:1,registerFromInvite
DA:2,13
DA:3,13
DA:4,13
DA:5,13
DA:6,13
DA:9,13
DA:11,13
DA:12,1
DA:13,1
DA:14,1
DA:15,0
DA:19,1
DA:20,1
DA:22,1
DA:27,1
DA:28,1
DA:31,1
DA:32,1
DA:34,1
DA:35,1
DA:36,1
DA:37,1
DA:39,0
DA:42,1
DA:53,0
DA:54,0
DA:59,13
DA:60,1
DA:61,1
DA:62,1
DA:63,0
DA:66,1
DA:67,1
DA:68,0
DA:70,1
DA:71,0
DA:73,1
DA:74,0
DA:76,1
DA:77,0
DA:81,1
DA:82,1
DA:83,0
DA:86,1
DA:88,1
DA:98,1
DA:110,1
DA:112,1
DA:114,0
DA:115,0
LF:50
LH:38
BRDA:9,0,0,13
BRDA:9,0,1,13
BRDA:14,1,0,0
BRDA:14,1,1,1
BRDA:23,2,0,1
BRDA:23,2,1,0
BRDA:27,3,0,1
BRDA:27,3,1,0
BRDA:49,4,0,1
BRDA:49,4,1,0
BRDA:50,5,0,1
BRDA:50,5,1,0
BRDA:62,6,0,0
BRDA:62,6,1,1
BRDA:62,7,0,1
BRDA:62,7,1,1
BRDA:62,7,2,1
BRDA:62,7,3,1
BRDA:67,8,0,0
BRDA:67,8,1,1
BRDA:70,9,0,0
BRDA:70,9,1,1
BRDA:73,10,0,0
BRDA:73,10,1,1
BRDA:76,11,0,0
BRDA:76,11,1,1
BRDA:82,12,0,0
BRDA:82,12,1,1
BRF:28
BRH:17
end_of_record
TN:
SF:src\controllers\kitController.ts
FN:4,(anonymous_9)
FN:5,(anonymous_10)
FN:19,(anonymous_11)
FN:38,(anonymous_12)
FN:52,(anonymous_13)
FN:69,(anonymous_14)
FN:83,(anonymous_15)
FN:92,(anonymous_16)
FNF:8
FNH:2
FNDA:12,(anonymous_9)
FNDA:0,(anonymous_10)
FNDA:0,(anonymous_11)
FNDA:1,(anonymous_12)
FNDA:0,(anonymous_13)
FNDA:0,(anonymous_14)
FNDA:0,(anonymous_15)
FNDA:0,(anonymous_16)
DA:2,12
DA:4,12
DA:5,12
DA:6,0
DA:7,0
DA:12,0
DA:13,0
DA:15,0
DA:19,12
DA:20,0
DA:21,0
DA:22,0
DA:23,0
DA:26,0
DA:27,0
DA:28,0
DA:31,0
DA:32,0
DA:34,0
DA:38,12
DA:39,1
DA:43,1
DA:45,1
DA:46,0
DA:48,1
DA:52,12
DA:53,0
DA:54,0
DA:55,0
DA:56,0
DA:59,0
DA:60,0
DA:61,0
DA:63,0
DA:65,0
DA:69,12
DA:70,0
DA:71,0
DA:72,0
DA:73,0
DA:76,0
DA:77,0
DA:79,0
DA:83,12
DA:84,0
DA:85,0
DA:86,0
DA:88,0
DA:92,12
DA:93,0
DA:94,0
DA:95,0
DA:97,0
LF:53
LH:13
BRDA:22,0,0,0
BRDA:22,0,1,0
BRDA:27,1,0,0
BRDA:27,1,1,0
BRDA:43,2,0,0
BRDA:43,2,1,1
BRDA:55,3,0,0
BRDA:55,3,1,0
BRDA:60,4,0,0
BRDA:60,4,1,0
BRDA:72,5,0,0
BRDA:72,5,1,0
BRF:12
BRH:1
end_of_record
TN:
SF:src\controllers\logoController.ts
FN:8,(anonymous_1)
FNF:1
FNH:0
FNDA:0,(anonymous_1)
DA:2,12
DA:3,12
DA:4,12
DA:6,12
DA:8,12
DA:9,0
DA:10,0
DA:11,0
DA:19,0
DA:20,0
DA:21,0
DA:24,0
DA:26,0
DA:27,0
DA:29,0
DA:30,0
DA:31,0
DA:34,0
DA:35,0
DA:37,0
DA:38,0
DA:39,0
DA:40,0
DA:45,0
LF:24
LH:5
BRDA:19,0,0,0
BRDA:19,0,1,0
BRDA:29,1,0,0
BRDA:29,1,1,0
BRDA:38,2,0,0
BRDA:38,2,1,0
BRDA:39,3,0,0
BRDA:39,3,1,0
BRDA:45,4,0,0
BRDA:45,4,1,0
BRF:10
BRH:0
end_of_record
TN:
SF:src\controllers\newsletterController.ts
FN:7,(anonymous_1)
FN:51,(anonymous_2)
FN:64,(anonymous_3)
FNF:3
FNH:0
FNDA:0,(anonymous_1)
FNDA:0,(anonymous_2)
FNDA:0,(anonymous_3)
DA:2,12
DA:3,12
DA:4,12
DA:6,12
DA:8,0
DA:12,0
DA:14,0
DA:15,0
DA:16,0
DA:19,0
DA:20,0
DA:22,0
DA:26,0
DA:27,0
DA:29,0
DA:33,0
DA:34,0
DA:36,0
DA:37,0
DA:40,0
DA:44,0
DA:46,0
DA:47,0
DA:52,0
DA:53,0
DA:57,0
DA:59,0
DA:60,0
DA:66,0
DA:70,12
LF:30
LH:5
BRDA:14,0,0,0
BRDA:14,0,1,0
BRDA:26,1,0,0
BRDA:26,1,1,0
BRDA:27,2,0,0
BRDA:27,2,1,0
BRF:6
BRH:0
end_of_record
TN:
SF:src\controllers\paymentController.ts
FN:4,(anonymous_9)
FN:5,(anonymous_10)
FN:27,(anonymous_11)
FN:40,(anonymous_12)
FN:59,(anonymous_13)
FN:78,(anonymous_14)
FN:98,(anonymous_15)
FN:111,(anonymous_16)
FN:130,(anonymous_17)
FN:144,(anonymous_18)
FNF:10
FNH:1
FNDA:12,(anonymous_9)
FNDA:0,(anonymous_10)
FNDA:0,(anonymous_11)
FNDA:0,(anonymous_12)
FNDA:0,(anonymous_13)
FNDA:0,(anonymous_14)
FNDA:0,(anonymous_15)
FNDA:0,(anonymous_16)
FNDA:0,(anonymous_17)
FNDA:0,(anonymous_18)
DA:2,12
DA:4,12
DA:5,12
DA:10,0
DA:11,0
DA:12,0
DA:13,0
DA:17,0
DA:21,0
DA:23,0
DA:27,12
DA:32,0
DA:33,0
DA:34,0
DA:36,0
DA:40,12
DA:45,0
DA:46,0
DA:48,0
DA:49,0
DA:52,0
DA:53,0
DA:55,0
DA:59,12
DA:64,0
DA:65,0
DA:67,0
DA:68,0
DA:71,0
DA:72,0
DA:74,0
DA:78,12
DA:83,0
DA:84,0
DA:85,0
DA:87,0
DA:88,0
DA:91,0
DA:92,0
DA:94,0
DA:98,12
DA:103,0
DA:104,0
DA:105,0
DA:107,0
DA:111,12
DA:116,0
DA:117,0
DA:119,0
DA:120,0
DA:123,0
DA:124,0
DA:126,0
DA:130,12
DA:135,0
DA:136,0
DA:137,0
DA:138,0
DA:140,0
DA:144,12
DA:149,0
DA:150,0
DA:151,0
DA:153,0
LF:64
LH:11
BRDA:12,0,0,0
BRDA:12,0,1,0
BRDA:48,1,0,0
BRDA:48,1,1,0
BRDA:67,2,0,0
BRDA:67,2,1,0
BRDA:87,3,0,0
BRDA:87,3,1,0
BRDA:119,4,0,0
BRDA:119,4,1,0
BRF:10
BRH:0
end_of_record
TN:
SF:src\controllers\portfolioController.ts
FN:4,(anonymous_9)
FN:5,(anonymous_10)
FN:17,(anonymous_11)
FN:41,(anonymous_12)
FN:50,(anonymous_13)
FNF:5
FNH:2
FNDA:12,(anonymous_9)
FNDA:0,(anonymous_10)
FNDA:0,(anonymous_11)
FNDA:1,(anonymous_12)
FNDA:0,(anonymous_13)
DA:2,12
DA:4,12
DA:5,12
DA:6,0
DA:7,0
DA:8,0
DA:9,0
DA:11,0
DA:12,0
DA:14,0
DA:17,12
DA:18,0
DA:19,0
DA:21,0
DA:22,0
DA:27,0
DA:28,0
DA:30,0
DA:32,0
DA:33,0
DA:37,0
DA:41,12
DA:42,1
DA:43,1
DA:44,0
DA:46,1
DA:50,12
DA:51,0
DA:52,0
DA:53,0
DA:54,0
DA:57,0
DA:58,0
DA:60,0
LF:34
LH:9
BRDA:8,0,0,0
BRDA:8,0,1,0
BRDA:21,1,0,0
BRDA:21,1,1,0
BRDA:21,2,0,0
BRDA:21,2,1,0
BRDA:21,2,2,0
BRDA:30,3,0,0
BRDA:30,3,1,0
BRDA:32,4,0,0
BRDA:32,4,1,0
BRDA:32,5,0,0
BRDA:32,5,1,0
BRDA:53,6,0,0
BRDA:53,6,1,0
BRF:15
BRH:0
end_of_record
TN:
SF:src\controllers\profileController.ts
FN:30,(anonymous_10)
FN:69,(anonymous_11)
FN:101,(anonymous_12)
FN:149,(anonymous_13)
FN:196,(anonymous_14)
FN:242,(anonymous_15)
FN:261,(anonymous_16)
FN:291,(anonymous_17)
FNF:8
FNH:0
FNDA:0,(anonymous_10)
FNDA:0,(anonymous_11)
FNDA:0,(anonymous_12)
FNDA:0,(anonymous_13)
FNDA:0,(anonymous_14)
FNDA:0,(anonymous_15)
FNDA:0,(anonymous_16)
FNDA:0,(anonymous_17)
DA:1,12
DA:3,12
DA:23,12
DA:24,12
DA:25,12
DA:28,12
DA:31,0
DA:32,0
DA:33,0
DA:34,0
DA:37,0
DA:57,0
DA:58,0
DA:61,0
DA:63,0
DA:64,0
DA:70,0
DA:71,0
DA:72,0
DA:73,0
DA:76,0
DA:78,0
DA:93,0
DA:95,0
DA:96,0
DA:102,0
DA:104,0
DA:106,0
DA:120,0
DA:141,0
DA:143,0
DA:144,0
DA:150,0
DA:151,0
DA:153,0
DA:184,0
DA:185,0
DA:188,0
DA:190,0
DA:191,0
DA:197,0
DA:198,0
DA:199,0
DA:200,0
DA:203,0
DA:207,0
DA:208,0
DA:220,0
DA:222,0
DA:234,0
DA:236,0
DA:237,0
DA:243,0
DA:244,0
DA:245,0
DA:246,0
DA:248,0
DA:249,0
DA:250,0
DA:252,0
DA:253,0
DA:255,0
DA:256,0
DA:262,0
DA:263,0
DA:264,0
DA:265,0
DA:268,0
DA:272,0
DA:273,0
DA:281,0
DA:285,0
DA:286,0
DA:292,0
DA:293,0
DA:294,0
DA:295,0
DA:297,0
DA:298,0
DA:303,12
LF:80
LH:7
BRDA:33,0,0,0
BRDA:33,0,1,0
BRDA:57,1,0,0
BRDA:57,1,1,0
BRDA:72,2,0,0
BRDA:72,2,1,0
BRDA:109,3,0,0
BRDA:109,3,1,0
BRDA:110,4,0,0
BRDA:110,4,1,0
BRDA:111,5,0,0
BRDA:111,5,1,0
BRDA:112,6,0,0
BRDA:112,6,1,0
BRDA:113,7,0,0
BRDA:113,7,1,0
BRDA:115,8,0,0
BRDA:115,8,1,0
BRDA:184,9,0,0
BRDA:184,9,1,0
BRDA:199,10,0,0
BRDA:199,10,1,0
BRDA:199,11,0,0
BRDA:199,11,1,0
BRDA:207,12,0,0
BRDA:207,12,1,0
BRDA:229,13,0,0
BRDA:229,13,1,0
BRDA:230,14,0,0
BRDA:230,14,1,0
BRDA:245,15,0,0
BRDA:245,15,1,0
BRDA:249,16,0,0
BRDA:249,16,1,0
BRDA:264,17,0,0
BRDA:264,17,1,0
BRDA:272,18,0,0
BRDA:272,18,1,0
BRF:38
BRH:0
end_of_record
TN:
SF:src\controllers\prometheusController.ts
FN:25,metricsAuthMiddleware
FN:59,prometheusMetricsEndpoint
FNF:2
FNH:0
FNDA:0,metricsAuthMiddleware
FNDA:0,prometheusMetricsEndpoint
DA:15,12
DA:25,12
DA:26,0
DA:29,0
DA:30,0
DA:31,0
DA:32,0
DA:35,0
DA:36,0
DA:37,0
DA:38,0
DA:41,0
DA:42,0
DA:43,0
DA:45,0
DA:47,0
DA:48,0
DA:50,0
DA:59,12
DA:60,0
DA:62,0
DA:63,0
LF:22
LH:3
BRDA:30,0,0,0
BRDA:30,0,1,0
BRDA:35,1,0,0
BRDA:35,1,1,0
BRDA:35,2,0,0
BRDA:35,2,1,0
BRDA:45,3,0,0
BRDA:45,3,1,0
BRDA:47,4,0,0
BRDA:47,4,1,0
BRDA:47,5,0,0
BRDA:47,5,1,0
BRF:12
BRH:0
end_of_record
TN:
SF:src\controllers\quoteController.ts
FN:36,(anonymous_1)
FN:78,(anonymous_2)
FN:110,(anonymous_3)
FN:156,(anonymous_4)
FN:197,(anonymous_5)
FNF:5
FNH:0
FNDA:0,(anonymous_1)
FNDA:0,(anonymous_2)
FNDA:0,(anonymous_3)
FNDA:0,(anonymous_4)
FNDA:0,(anonymous_5)
DA:2,12
DA:3,12
DA:6,12
DA:20,12
DA:25,12
DA:32,12
DA:37,0
DA:38,0
DA:41,0
DA:49,0
DA:51,0
DA:57,0
DA:59,0
DA:60,0
DA:65,0
DA:68,0
DA:79,0
DA:81,0
DA:93,0
DA:99,0
DA:100,0
DA:111,0
DA:112,0
DA:115,0
DA:132,0
DA:133,0
DA:137,0
DA:140,0
DA:145,0
DA:146,0
DA:157,0
DA:158,0
DA:159,0
DA:162,0
DA:168,0
DA:170,0
DA:176,0
DA:178,0
DA:179,0
DA:184,0
DA:187,0
DA:198,0
DA:199,0
DA:200,0
DA:203,0
DA:211,0
DA:213,0
DA:219,0
DA:221,0
DA:222,0
DA:227,0
DA:230,0
LF:52
LH:6
BRDA:59,0,0,0
BRDA:59,0,1,0
BRDA:132,1,0,0
BRDA:132,1,1,0
BRDA:178,2,0,0
BRDA:178,2,1,0
BRDA:221,3,0,0
BRDA:221,3,1,0
BRF:8
BRH:0
end_of_record
TN:
SF:src\controllers\reviewController.ts
FN:7,(anonymous_9)
FN:16,(anonymous_10)
FN:26,(anonymous_11)
FN:36,(anonymous_12)
FN:47,(anonymous_13)
FN:73,(anonymous_14)
FN:86,(anonymous_15)
FN:99,(anonymous_16)
FN:112,(anonymous_17)
FN:125,(anonymous_18)
FN:134,(anonymous_19)
FNF:11
FNH:1
FNDA:0,(anonymous_9)
FNDA:1,(anonymous_10)
FNDA:0,(anonymous_11)
FNDA:0,(anonymous_12)
FNDA:0,(anonymous_13)
FNDA:0,(anonymous_14)
FNDA:0,(anonymous_15)
FNDA:0,(anonymous_16)
FNDA:0,(anonymous_17)
FNDA:0,(anonymous_18)
FNDA:0,(anonymous_19)
DA:2,12
DA:3,12
DA:4,12
DA:6,12
DA:8,0
DA:9,0
DA:10,0
DA:12,0
DA:17,1
DA:18,1
DA:19,1
DA:20,0
DA:22,1
DA:27,0
DA:28,0
DA:29,0
DA:30,0
DA:32,0
DA:37,0
DA:38,0
DA:39,0
DA:40,0
DA:41,0
DA:43,0
DA:48,0
DA:49,0
DA:50,0
DA:53,0
DA:60,0
DA:67,0
DA:69,0
DA:74,0
DA:75,0
DA:76,0
DA:77,0
DA:79,0
DA:80,0
DA:82,0
DA:87,0
DA:88,0
DA:89,0
DA:90,0
DA:92,0
DA:93,0
DA:95,0
DA:100,0
DA:101,0
DA:102,0
DA:103,0
DA:105,0
DA:106,0
DA:108,0
DA:113,0
DA:114,0
DA:115,0
DA:116,0
DA:118,0
DA:119,0
DA:121,0
DA:126,0
DA:127,0
DA:128,0
DA:130,0
DA:135,0
DA:136,0
DA:137,0
DA:138,0
DA:140,0
LF:68
LH:8
BRDA:39,0,0,0
BRDA:39,0,1,0
BRDA:49,1,0,0
BRDA:49,1,1,0
BRDA:79,2,0,0
BRDA:79,2,1,0
BRDA:79,3,0,0
BRDA:79,3,1,0
BRDA:92,4,0,0
BRDA:92,4,1,0
BRDA:92,5,0,0
BRDA:92,5,1,0
BRDA:105,6,0,0
BRDA:105,6,1,0
BRDA:105,7,0,0
BRDA:105,7,1,0
BRDA:118,8,0,0
BRDA:118,8,1,0
BRDA:118,9,0,0
BRDA:118,9,1,0
BRDA:136,10,0,0
BRDA:136,10,1,0
BRF:22
BRH:0
end_of_record
TN:
SF:src\controllers\settingsController.ts
FN:6,(anonymous_1)
FN:40,(anonymous_2)
FNF:2
FNH:0
FNDA:0,(anonymous_1)
FNDA:0,(anonymous_2)
DA:2,12
DA:3,12
DA:6,12
DA:7,0
DA:9,0
DA:13,0
DA:16,0
DA:17,0
DA:26,0
DA:28,0
DA:30,0
DA:40,12
DA:41,0
DA:42,0
DA:45,0
DA:49,0
DA:62,0
DA:64,0
DA:65,0
LF:19
LH:4
BRDA:13,0,0,0
BRDA:13,0,1,0
BRDA:50,1,0,0
BRDA:50,1,1,0
BRDA:58,2,0,0
BRDA:58,2,1,0
BRF:6
BRH:0
end_of_record
TN:
SF:src\controllers\sitemapController.ts
FN:6,(anonymous_1)
FN:43,(anonymous_2)
FN:49,(anonymous_3)
FN:59,(anonymous_4)
FN:72,(anonymous_5)
FN:83,(anonymous_6)
FN:94,(anonymous_7)
FNF:7
FNH:0
FNDA:0,(anonymous_1)
FNDA:0,(anonymous_2)
FNDA:0,(anonymous_3)
FNDA:0,(anonymous_4)
FNDA:0,(anonymous_5)
FNDA:0,(anonymous_6)
FNDA:0,(anonymous_7)
DA:2,12
DA:3,12
DA:5,12
DA:7,0
DA:8,0
DA:11,0
DA:24,0
DA:43,0
DA:45,0
DA:49,0
DA:50,0
DA:59,0
DA:60,0
DA:61,0
DA:72,0
DA:73,0
DA:83,0
DA:84,0
DA:94,0
DA:95,0
DA:104,0
DA:107,0
DA:108,0
DA:111,0
DA:112,0
DA:117,12
LF:26
LH:4
BRDA:8,0,0,0
BRDA:8,0,1,0
BRDA:54,1,0,0
BRDA:54,1,1,0
BRDA:60,2,0,0
BRDA:60,2,1,0
BRF:6
BRH:0
end_of_record
TN:
SF:src\controllers\uploadController.ts
FN:8,(anonymous_0)
FN:12,(anonymous_1)
FN:36,(anonymous_2)
FNF:3
FNH:1
FNDA:12,(anonymous_0)
FNDA:0,(anonymous_1)
FNDA:0,(anonymous_2)
DA:3,12
DA:5,12
DA:9,12
DA:12,12
DA:13,0
DA:14,0
DA:15,0
DA:18,0
DA:19,0
DA:22,0
DA:27,0
DA:32,0
DA:36,12
DA:37,0
DA:38,0
DA:39,0
DA:42,0
DA:43,0
DA:45,0
DA:50,0
LF:20
LH:5
BRDA:14,0,0,0
BRDA:14,0,1,0
BRDA:18,1,0,0
BRDA:18,1,1,0
BRDA:38,2,0,0
BRDA:38,2,1,0
BRF:6
BRH:0
end_of_record
TN:
SF:src\controllers\userController.ts
FN:12,register
FN:25,login
FN:38,getProfile
FN:48,updateProfile
FN:77,listUsers
FN:86,forgotPassword
FN:95,resetPassword
FN:104,getStats
FN:117,promoteVip
FNF:9
FNH:6
FNDA:2,register
FNDA:3,login
FNDA:1,getProfile
FNDA:1,updateProfile
FNDA:1,listUsers
FNDA:0,forgotPassword
FNDA:0,resetPassword
FNDA:0,getStats
FNDA:3,promoteVip
DA:2,13
DA:3,13
DA:4,13
DA:9,13
DA:12,13
DA:13,2
DA:14,2
DA:15,1
DA:17,1
DA:18,1
DA:19,1
DA:21,0
DA:25,13
DA:26,3
DA:27,3
DA:28,1
DA:30,2
DA:31,2
DA:32,1
DA:34,1
DA:38,13
DA:39,1
DA:40,1
DA:41,1
DA:42,0
DA:44,1
DA:48,13
DA:49,1
DA:50,1
DA:51,0
DA:53,1
DA:54,1
DA:56,1
DA:57,1
DA:59,0
DA:60,0
DA:62,0
DA:66,1
DA:71,0
DA:73,1
DA:77,13
DA:78,1
DA:79,1
DA:80,1
DA:82,0
DA:86,13
DA:87,0
DA:88,0
DA:89,0
DA:91,0
DA:95,13
DA:96,0
DA:97,0
DA:98,0
DA:100,0
DA:104,13
DA:105,0
DA:106,0
DA:107,0
DA:108,0
DA:113,0
DA:117,13
DA:118,3
DA:119,3
DA:120,3
DA:121,1
DA:123,2
DA:124,2
DA:125,1
DA:127,1
LF:70
LH:49
BRDA:14,0,0,1
BRDA:14,0,1,1
BRDA:27,1,0,1
BRDA:27,1,1,2
BRDA:50,2,0,0
BRDA:50,2,1,1
BRDA:57,3,0,0
BRDA:57,3,1,1
BRDA:57,4,0,1
BRDA:57,4,1,0
BRDA:59,5,0,0
BRDA:59,5,1,0
BRDA:124,6,0,1
BRDA:124,6,1,1
BRF:14
BRH:9
end_of_record
TN:
SF:src\middlewares\cacheMiddleware.ts
FN:14,cacheMiddleware
FN:25,createCacheMiddleware
FN:26,(anonymous_3)
FN:40,(anonymous_4)
FN:53,invalidateCache
FN:68,clearCache
FN:76,warmCache
FNF:7
FNH:4
FNDA:5,cacheMiddleware
FNDA:5,createCacheMiddleware
FNDA:5,(anonymous_3)
FNDA:2,(anonymous_4)
FNDA:0,invalidateCache
FNDA:0,clearCache
FNDA:0,warmCache
DA:2,13
DA:5,13
DA:8,13
DA:14,13
DA:19,5
DA:25,13
DA:26,5
DA:27,5
DA:28,1
DA:31,4
DA:32,4
DA:34,4
DA:35,1
DA:36,1
DA:39,3
DA:40,3
DA:41,2
DA:42,2
DA:43,2
DA:46,3
DA:53,13
DA:54,0
DA:55,0
DA:56,0
DA:57,0
DA:58,0
DA:61,0
DA:62,0
DA:68,13
DA:69,0
DA:70,0
DA:71,0
DA:72,0
DA:76,13
DA:80,0
DA:84,13
LF:36
LH:24
BRDA:25,0,0,0
BRDA:27,1,0,1
BRDA:27,1,1,4
BRDA:27,2,0,5
BRDA:27,2,1,5
BRDA:34,3,0,1
BRDA:34,3,1,3
BRDA:34,4,0,4
BRDA:34,4,1,1
BRDA:56,5,0,0
BRDA:56,5,1,0
BRF:11
BRH:8
end_of_record
TN:
SF:src\middlewares\compressionMiddleware.ts
FN:13,(anonymous_1)
FN:37,(anonymous_2)
FNF:2
FNH:1
FNDA:0,(anonymous_1)
FNDA:3,(anonymous_2)
DA:1,1
DA:5,1
DA:15,0
DA:16,0
DA:20,0
DA:24,0
DA:28,0
DA:37,1
DA:43,3
DA:45,2
DA:48,1
DA:49,1
DA:55,1
DA:56,1
DA:57,1
DA:62,3
DA:64,3
LF:17
LH:12
BRDA:15,0,0,0
BRDA:15,0,1,0
BRDA:20,1,0,0
BRDA:20,1,1,0
BRDA:21,2,0,0
BRDA:21,2,1,0
BRDA:43,3,0,2
BRDA:43,3,1,1
BRDA:45,4,0,1
BRDA:45,4,1,1
BRDA:55,5,0,1
BRDA:55,5,1,0
BRF:12
BRH:5
end_of_record
TN:
SF:src\middlewares\contentTypeValidation.ts
FN:12,validateJsonContentType
FN:52,validatePayloadSize
FN:53,(anonymous_3)
FNF:3
FNH:2
FNDA:5,validateJsonContentType
FNDA:12,validatePayloadSize
FNDA:0,(anonymous_3)
DA:7,12
DA:12,12
DA:18,5
DA:19,0
DA:23,5
DA:24,5
DA:25,0
DA:29,5
DA:30,0
DA:37,0
DA:46,5
DA:52,12
DA:53,12
DA:54,0
DA:56,0
DA:57,0
DA:65,0
DA:74,0
DA:81,12
LF:19
LH:10
BRDA:18,0,0,0
BRDA:18,0,1,5
BRDA:24,1,0,0
BRDA:24,1,1,5
BRDA:24,2,0,5
BRDA:24,2,1,5
BRDA:29,3,0,0
BRDA:29,3,1,5
BRDA:29,4,0,5
BRDA:29,4,1,5
BRDA:42,5,0,0
BRDA:42,5,1,0
BRDA:52,6,0,12
BRDA:56,7,0,0
BRDA:56,7,1,0
BRDA:56,8,0,0
BRDA:56,8,1,0
BRF:17
BRH:8
end_of_record
TN:
SF:src\middlewares\dto.middleware.ts
FN:10,transformPrismaData
FN:41,(anonymous_1)
FN:50,(anonymous_2)
FN:65,(anonymous_3)
FN:73,(anonymous_4)
FN:85,validatePriceFields
FNF:6
FNH:3
FNDA:13,transformPrismaData
FNDA:5,(anonymous_1)
FNDA:4,(anonymous_2)
FNDA:0,(anonymous_3)
FNDA:0,(anonymous_4)
FNDA:0,validatePriceFields
DA:2,1
DA:11,13
DA:12,0
DA:16,13
DA:17,4
DA:21,9
DA:22,1
DA:26,8
DA:27,5
DA:28,5
DA:29,7
DA:31,5
DA:35,3
DA:41,1
DA:47,5
DA:50,5
DA:52,4
DA:55,4
DA:58,5
DA:65,1
DA:66,0
DA:73,1
DA:74,0
DA:77,0
DA:86,0
DA:87,0
DA:88,0
DA:89,0
DA:90,0
DA:95,0
DA:96,0
DA:97,0
DA:98,0
DA:99,0
DA:104,0
DA:107,0
LF:36
LH:20
BRDA:11,0,0,0
BRDA:11,0,1,13
BRDA:11,1,0,13
BRDA:11,1,1,13
BRDA:16,2,0,4
BRDA:16,2,1,9
BRDA:21,3,0,1
BRDA:21,3,1,8
BRDA:26,4,0,5
BRDA:26,4,1,3
BRDA:86,5,0,0
BRDA:86,5,1,0
BRDA:86,6,0,0
BRDA:86,6,1,0
BRDA:88,7,0,0
BRDA:88,7,1,0
BRDA:90,8,0,0
BRDA:90,8,1,0
BRDA:96,9,0,0
BRDA:96,9,1,0
BRDA:98,10,0,0
BRDA:98,10,1,0
BRDA:98,11,0,0
BRDA:98,11,1,0
BRF:24
BRH:9
end_of_record
TN:
SF:src\middlewares\errorHandler.ts
FN:8,errorHandler
FNF:1
FNH:1
FNDA:8,errorHandler
DA:4,1
DA:5,1
DA:8,1
DA:16,8
DA:17,6
DA:25,2
DA:34,8
DA:35,1
DA:41,7
DA:42,6
DA:43,1
DA:45,5
DA:46,1
DA:48,4
DA:49,1
DA:51,3
DA:55,1
DA:57,2
DA:62,1
DA:66,1
DA:67,1
DA:76,1
LF:22
LH:22
BRDA:16,0,0,6
BRDA:16,0,1,2
BRDA:34,1,0,1
BRDA:34,1,1,7
BRDA:41,2,0,6
BRDA:41,2,1,1
BRDA:42,3,0,1
BRDA:42,3,1,5
BRDA:45,4,0,1
BRDA:45,4,1,4
BRDA:48,5,0,1
BRDA:48,5,1,3
BRDA:51,6,0,1
BRDA:51,6,1,2
BRDA:52,7,0,3
BRDA:52,7,1,2
BRDA:57,8,0,1
BRDA:57,8,1,1
BRDA:58,9,0,2
BRDA:58,9,1,2
BRDA:58,9,2,1
BRDA:66,10,0,1
BRDA:66,10,1,0
BRDA:70,11,0,0
BRDA:70,11,1,1
BRF:25
BRH:23
end_of_record
TN:
SF:src\middlewares\inputSanitization.ts
FN:26,inputSanitizationMiddleware
FN:68,sanitizeObject
FN:74,(anonymous_3)
FN:104,sanitizeString
FN:148,(anonymous_5)
FN:170,strictSanitizationMiddleware
FN:205,strictSanitizeObject
FN:211,(anonymous_8)
FNF:8
FNH:3
FNDA:22,inputSanitizationMiddleware
FNDA:80,sanitizeObject
FNDA:0,(anonymous_3)
FNDA:25,sanitizeString
FNDA:0,(anonymous_5)
FNDA:0,strictSanitizationMiddleware
FNDA:0,strictSanitizeObject
FNDA:0,(anonymous_8)
DA:2,12
DA:3,12
DA:4,12
DA:26,12
DA:27,22
DA:29,22
DA:30,11
DA:34,22
DA:35,22
DA:36,22
DA:37,0
DA:42,22
DA:43,22
DA:44,22
DA:45,0
DA:49,22
DA:51,0
DA:58,0
DA:69,80
DA:70,25
DA:73,55
DA:74,0
DA:77,55
DA:78,55
DA:80,55
DA:82,25
DA:83,25
DA:86,55
DA:90,0
DA:105,25
DA:106,0
DA:110,25
DA:150,0
DA:151,0
DA:156,0
DA:160,25
DA:170,12
DA:171,0
DA:172,0
DA:173,0
DA:176,0
DA:177,0
DA:178,0
DA:179,0
DA:183,0
DA:184,0
DA:185,0
DA:186,0
DA:190,0
DA:192,0
DA:198,0
DA:206,0
DA:207,0
DA:210,0
DA:211,0
DA:214,0
DA:215,0
DA:217,0
DA:218,0
DA:219,0
DA:222,0
DA:225,0
LF:62
LH:27
BRDA:29,0,0,11
BRDA:29,0,1,11
BRDA:29,1,0,22
BRDA:29,1,1,11
BRDA:34,2,0,22
BRDA:34,2,1,0
BRDA:34,3,0,22
BRDA:34,3,1,22
BRDA:42,4,0,22
BRDA:42,4,1,0
BRDA:42,5,0,22
BRDA:42,5,1,22
BRDA:53,6,0,0
BRDA:53,6,1,0
BRDA:69,7,0,25
BRDA:69,7,1,55
BRDA:73,8,0,0
BRDA:73,8,1,55
BRDA:77,9,0,55
BRDA:77,9,1,0
BRDA:77,10,0,55
BRDA:77,10,1,55
BRDA:105,11,0,0
BRDA:105,11,1,25
BRDA:105,12,0,25
BRDA:105,12,1,25
BRDA:150,13,0,0
BRDA:150,13,1,0
BRDA:150,14,0,0
BRDA:150,14,1,0
BRDA:172,15,0,0
BRDA:172,15,1,0
BRDA:172,16,0,0
BRDA:172,16,1,0
BRDA:176,17,0,0
BRDA:176,17,1,0
BRDA:176,18,0,0
BRDA:176,18,1,0
BRDA:183,19,0,0
BRDA:183,19,1,0
BRDA:183,20,0,0
BRDA:183,20,1,0
BRDA:194,21,0,0
BRDA:194,21,1,0
BRDA:206,22,0,0
BRDA:206,22,1,0
BRDA:210,23,0,0
BRDA:210,23,1,0
BRDA:214,24,0,0
BRDA:214,24,1,0
BRDA:214,25,0,0
BRDA:214,25,1,0
BRF:52
BRH:19
end_of_record
TN:
SF:src\middlewares\performanceMonitoring.ts
FN:9,performanceMonitoringMiddleware
FN:17,(anonymous_2)
FNF:2
FNH:2
FNDA:45,performanceMonitoringMiddleware
FNDA:45,(anonymous_2)
DA:2,13
DA:3,13
DA:9,13
DA:14,45
DA:17,45
DA:18,45
DA:21,45
DA:30,45
DA:31,0
DA:40,45
LF:10
LH:9
BRDA:30,0,0,0
BRDA:30,0,1,45
BRF:2
BRH:1
end_of_record
TN:
SF:src\middlewares\rateLimitMiddleware.ts
FN:12,(anonymous_10)
FN:58,(anonymous_11)
FN:70,(anonymous_12)
FN:85,(anonymous_13)
FN:98,(anonymous_14)
FN:116,(anonymous_15)
FN:137,(anonymous_16)
FN:152,(anonymous_17)
FN:167,(anonymous_18)
FN:182,(anonymous_19)
FNF:10
FNH:0
FNDA:0,(anonymous_10)
FNDA:0,(anonymous_11)
FNDA:0,(anonymous_12)
FNDA:0,(anonymous_13)
FNDA:0,(anonymous_14)
FNDA:0,(anonymous_15)
FNDA:0,(anonymous_16)
FNDA:0,(anonymous_17)
FNDA:0,(anonymous_18)
FNDA:0,(anonymous_19)
DA:1,12
DA:3,12
DA:7,12
DA:13,0
DA:18,0
DA:25,12
DA:32,12
DA:39,12
DA:46,12
DA:53,12
DA:62,0
DA:64,0
DA:65,0
DA:67,0
DA:71,0
DA:76,0
DA:83,12
DA:86,0
DA:87,0
DA:93,12
DA:99,0
DA:105,0
DA:106,0
DA:111,12
DA:117,0
DA:123,0
DA:132,12
DA:138,0
DA:147,12
DA:153,0
DA:162,12
DA:168,0
DA:177,12
DA:183,0
DA:191,12
LF:35
LH:16
BRDA:9,0,0,0
BRDA:9,0,1,12
BRDA:41,1,0,0
BRDA:41,1,1,12
BRDA:55,2,0,0
BRDA:55,2,1,12
BRDA:65,3,0,0
BRDA:65,3,1,0
BRDA:65,4,0,0
BRDA:65,4,1,0
BRDA:67,5,0,0
BRDA:67,5,1,0
BRDA:86,6,0,0
BRDA:86,6,1,0
BRDA:86,7,0,0
BRDA:86,7,1,0
BRDA:86,7,2,0
BRF:17
BRH:3
end_of_record
TN:
SF:src\middlewares\requestIdMiddleware.ts
FN:30,requestIdMiddleware
FN:55,(anonymous_2)
FN:72,createRequestLogger
FN:76,(anonymous_4)
FN:83,(anonymous_5)
FN:90,(anonymous_6)
FNF:6
FNH:2
FNDA:22,requestIdMiddleware
FNDA:22,(anonymous_2)
FNDA:0,createRequestLogger
FNDA:0,(anonymous_4)
FNDA:0,(anonymous_5)
FNDA:0,(anonymous_6)
DA:2,12
DA:3,12
DA:4,12
DA:30,12
DA:33,22
DA:37,22
DA:40,22
DA:43,22
DA:46,22
DA:55,22
DA:56,22
DA:72,12
DA:73,0
DA:75,0
DA:77,0
DA:78,0
DA:80,0
DA:84,0
DA:85,0
DA:87,0
DA:91,0
DA:92,0
DA:94,0
LF:23
LH:12
BRDA:33,0,0,22
BRDA:33,0,1,22
BRDA:37,1,0,22
BRDA:37,1,1,22
BRDA:50,2,0,22
BRDA:50,2,1,0
BRDA:77,3,0,0
BRDA:77,3,1,0
BRDA:80,4,0,0
BRDA:80,4,1,0
BRDA:84,5,0,0
BRDA:84,5,1,0
BRDA:87,6,0,0
BRDA:87,6,1,0
BRDA:91,7,0,0
BRDA:91,7,1,0
BRDA:94,8,0,0
BRDA:94,8,1,0
BRF:18
BRH:5
end_of_record
TN:
SF:src\middlewares\roleMiddleware.ts
FN:10,roleMiddleware
FN:11,(anonymous_1)
FN:24,adminOnly
FNF:3
FNH:3
FNDA:158,roleMiddleware
FNDA:2,(anonymous_1)
FNDA:2,adminOnly
DA:4,13
DA:10,13
DA:11,158
DA:13,2
DA:14,1
DA:16,1
DA:24,13
DA:25,2
DA:26,1
DA:30,1
LF:10
LH:10
BRDA:13,0,0,1
BRDA:13,0,1,1
BRDA:13,1,0,2
BRDA:13,1,1,2
BRDA:25,2,0,1
BRDA:25,2,1,1
BRF:6
BRH:6
end_of_record
TN:
SF:src\middlewares\unifiedAuth.ts
FN:58,(anonymous_1)
FN:68,(anonymous_2)
FN:80,authenticate
FN:184,authenticateWithDB
FN:285,optionalAuth
FN:314,requireRole
FN:315,(anonymous_7)
FN:341,requireAdmin
FN:355,requireCollaborator
FN:369,requireAdminOrCollaborator
FN:383,requireStaff
FN:400,requireManager
FN:417,requireSelfOrStaff
FN:418,(anonymous_14)
FN:450,hasMinimumRole
FN:470,rateLimitByUser
FN:473,(anonymous_17)
FN:508,generateToken
FNF:18
FNH:2
FNDA:0,(anonymous_1)
FNDA:3,(anonymous_2)
FNDA:3,authenticate
FNDA:0,authenticateWithDB
FNDA:0,optionalAuth
FNDA:0,requireRole
FNDA:0,(anonymous_7)
FNDA:0,requireAdmin
FNDA:0,requireCollaborator
FNDA:0,requireAdminOrCollaborator
FNDA:0,requireStaff
FNDA:0,requireManager
FNDA:0,requireSelfOrStaff
FNDA:0,(anonymous_14)
FNDA:0,hasMinimumRole
FNDA:0,rateLimitByUser
FNDA:0,(anonymous_17)
FNDA:0,generateToken
DA:15,12
DA:16,12
DA:17,12
DA:18,12
DA:20,12
DA:58,12
DA:59,0
DA:61,0
DA:63,0
DA:65,0
DA:68,12
DA:80,12
DA:81,3
DA:82,3
DA:85,3
DA:86,3
DA:89,3
DA:97,0
DA:99,0
DA:100,0
DA:104,0
DA:113,0
DA:114,0
DA:117,0
DA:118,0
DA:121,0
DA:129,0
DA:130,0
DA:132,0
DA:138,0
DA:141,0
DA:142,0
DA:146,0
DA:152,0
DA:153,0
DA:157,0
DA:164,0
DA:168,0
DA:169,0
DA:184,12
DA:189,0
DA:190,0
DA:192,0
DA:193,0
DA:200,0
DA:202,0
DA:203,0
DA:210,0
DA:211,0
DA:213,0
DA:214,0
DA:222,0
DA:227,0
DA:228,0
DA:232,0
DA:239,0
DA:245,0
DA:246,0
DA:248,0
DA:254,0
DA:256,0
DA:257,0
DA:262,0
DA:263,0
DA:269,0
DA:270,0
DA:285,12
DA:286,0
DA:288,0
DA:289,0
DA:292,0
DA:294,0
DA:295,0
DA:298,0
DA:299,0
DA:300,0
DA:301,0
DA:306,0
DA:314,12
DA:315,0
DA:316,0
DA:317,0
DA:324,0
DA:325,0
DA:334,0
DA:341,12
DA:342,0
DA:343,0
DA:349,0
DA:355,12
DA:356,0
DA:357,0
DA:363,0
DA:369,12
DA:370,0
DA:371,0
DA:377,0
DA:383,12
DA:384,0
DA:386,0
DA:387,0
DA:394,0
DA:400,12
DA:401,0
DA:403,0
DA:404,0
DA:411,0
DA:417,12
DA:418,0
DA:419,0
DA:420,0
DA:427,0
DA:428,0
DA:429,0
DA:433,0
DA:434,0
DA:441,0
DA:450,12
DA:451,0
DA:459,0
DA:460,0
DA:462,0
DA:470,12
DA:471,0
DA:473,0
DA:474,0
DA:475,0
DA:476,0
DA:479,0
DA:480,0
DA:481,0
DA:483,0
DA:484,0
DA:485,0
DA:486,0
DA:489,0
DA:490,0
DA:498,0
DA:499,0
DA:508,12
DA:509,0
DA:517,0
DA:522,12
DA:532,12
DA:533,12
DA:534,12
DA:535,12
DA:536,12
DA:537,12
DA:540,12
LF:150
LH:33
BRDA:59,0,0,0
BRDA:59,0,1,0
BRDA:63,1,0,0
BRDA:63,1,1,0
BRDA:63,2,0,0
BRDA:63,2,1,0
BRDA:69,3,0,3
BRDA:69,3,1,0
BRDA:69,3,2,0
BRDA:70,4,0,3
BRDA:70,4,1,3
BRDA:85,5,0,3
BRDA:85,5,1,0
BRDA:99,6,0,0
BRDA:99,6,1,0
BRDA:117,7,0,0
BRDA:117,7,1,0
BRDA:117,8,0,0
BRDA:117,8,1,0
BRDA:141,9,0,0
BRDA:141,9,1,0
BRDA:152,10,0,0
BRDA:152,10,1,0
BRDA:166,11,0,0
BRDA:166,11,1,0
BRDA:192,12,0,0
BRDA:192,12,1,0
BRDA:202,13,0,0
BRDA:202,13,1,0
BRDA:213,14,0,0
BRDA:213,14,1,0
BRDA:213,15,0,0
BRDA:213,15,1,0
BRDA:227,16,0,0
BRDA:227,16,1,0
BRDA:256,17,0,0
BRDA:256,17,1,0
BRDA:262,18,0,0
BRDA:262,18,1,0
BRDA:288,19,0,0
BRDA:288,19,1,0
BRDA:294,20,0,0
BRDA:294,20,1,0
BRDA:316,21,0,0
BRDA:316,21,1,0
BRDA:324,22,0,0
BRDA:324,22,1,0
BRDA:342,23,0,0
BRDA:342,23,1,0
BRDA:356,24,0,0
BRDA:356,24,1,0
BRDA:370,25,0,0
BRDA:370,25,1,0
BRDA:370,26,0,0
BRDA:370,26,1,0
BRDA:386,27,0,0
BRDA:386,27,1,0
BRDA:386,28,0,0
BRDA:386,28,1,0
BRDA:403,29,0,0
BRDA:403,29,1,0
BRDA:403,30,0,0
BRDA:403,30,1,0
BRDA:419,31,0,0
BRDA:419,31,1,0
BRDA:433,32,0,0
BRDA:433,32,1,0
BRDA:433,33,0,0
BRDA:433,33,1,0
BRDA:474,34,0,0
BRDA:474,34,1,0
BRDA:483,35,0,0
BRDA:483,35,1,0
BRDA:483,36,0,0
BRDA:483,36,1,0
BRDA:489,37,0,0
BRDA:489,37,1,0
BRF:77
BRH:4
end_of_record
TN:
SF:src\middlewares\upload.ts
FN:10,(anonymous_1)
FN:16,(anonymous_2)
FN:23,(anonymous_3)
FN:55,(anonymous_4)
FN:66,(anonymous_5)
FNF:5
FNH:5
FNDA:136,(anonymous_1)
FNDA:4,(anonymous_2)
FNDA:4,(anonymous_3)
FNDA:1,(anonymous_4)
FNDA:1,(anonymous_5)
DA:2,13
DA:3,13
DA:4,13
DA:7,13
DA:10,13
DA:12,136
DA:14,136
DA:16,136
DA:17,4
DA:18,4
DA:23,4
DA:24,4
DA:25,2
DA:31,2
DA:32,1
DA:33,1
DA:35,0
DA:39,1
DA:42,2
DA:49,2
DA:55,13
DA:57,1
DA:59,1
DA:63,13
DA:66,13
DA:67,1
DA:68,1
DA:70,1
DA:72,0
DA:73,0
DA:74,1
DA:76,0
DA:77,0
DA:79,0
DA:80,0
DA:82,0
DA:83,0
DA:84,0
DA:86,0
DA:88,1
DA:90,0
LF:41
LH:29
BRDA:10,0,0,0
BRDA:24,1,0,2
BRDA:24,1,1,2
BRDA:31,2,0,1
BRDA:31,2,1,1
BRDA:32,3,0,1
BRDA:32,3,1,0
BRDA:39,4,0,1
BRDA:39,4,1,0
BRDA:55,5,0,0
BRDA:55,6,0,0
BRDA:70,7,0,0
BRDA:70,7,1,1
BRDA:74,8,0,0
BRDA:74,8,1,1
BRDA:74,9,0,1
BRDA:74,9,1,0
BRDA:82,10,0,0
BRDA:82,10,1,0
BRF:19
BRH:9
end_of_record
TN:
SF:src\repositories\cartRepository.ts
FN:7,(anonymous_0)
FN:47,(anonymous_1)
FN:61,(anonymous_2)
FN:76,(anonymous_3)
FN:90,(anonymous_4)
FN:109,(anonymous_5)
FN:124,(anonymous_6)
FN:143,(anonymous_7)
FNF:8
FNH:0
FNDA:0,(anonymous_0)
FNDA:0,(anonymous_1)
FNDA:0,(anonymous_2)
FNDA:0,(anonymous_3)
FNDA:0,(anonymous_4)
FNDA:0,(anonymous_5)
FNDA:0,(anonymous_6)
FNDA:0,(anonymous_7)
DA:4,12
DA:6,12
DA:8,0
DA:20,0
DA:21,0
DA:44,0
DA:48,0
DA:63,0
DA:66,0
DA:67,0
DA:72,0
DA:76,0
DA:91,0
DA:110,0
DA:125,0
DA:144,0
LF:16
LH:2
BRDA:20,0,0,0
BRDA:20,0,1,0
BRDA:66,1,0,0
BRDA:66,1,1,0
BRF:4
BRH:0
end_of_record
TN:
SF:src\repositories\categoryRepository.ts
FN:4,(anonymous_0)
FN:10,(anonymous_1)
FN:20,(anonymous_2)
FN:24,(anonymous_3)
FN:30,(anonymous_4)
FN:36,(anonymous_5)
FN:45,(anonymous_6)
FN:57,(anonymous_7)
FNF:8
FNH:1
FNDA:0,(anonymous_0)
FNDA:0,(anonymous_1)
FNDA:1,(anonymous_2)
FNDA:0,(anonymous_3)
FNDA:0,(anonymous_4)
FNDA:0,(anonymous_5)
FNDA:0,(anonymous_6)
FNDA:0,(anonymous_7)
DA:1,12
DA:3,12
DA:7,0
DA:14,0
DA:21,1
DA:27,0
DA:33,0
DA:37,0
DA:46,0
DA:59,0
LF:10
LH:3
BRF:0
BRH:0
end_of_record
TN:
SF:src\repositories\collaboratorRepository.ts
FN:37,(anonymous_1)
FN:62,(anonymous_2)
FN:71,(anonymous_3)
FN:103,(anonymous_4)
FN:122,(anonymous_5)
FN:143,(anonymous_6)
FN:150,(anonymous_7)
FN:157,(anonymous_8)
FN:177,(anonymous_9)
FN:191,(anonymous_10)
FN:205,(anonymous_11)
FN:214,(anonymous_12)
FN:228,(anonymous_13)
FN:236,(anonymous_14)
FN:259,(anonymous_15)
FN:285,(anonymous_16)
FN:307,(anonymous_17)
FN:325,(anonymous_18)
FN:335,(anonymous_19)
FN:341,(anonymous_20)
FN:351,(anonymous_21)
FN:369,(anonymous_22)
FN:393,(anonymous_23)
FN:399,(anonymous_24)
FN:408,(anonymous_25)
FN:421,(anonymous_26)
FN:422,(anonymous_27)
FN:425,(anonymous_28)
FN:429,(anonymous_29)
FN:446,(anonymous_30)
FN:475,(anonymous_31)
FN:482,(anonymous_32)
FN:483,(anonymous_33)
FN:486,(anonymous_34)
FN:491,(anonymous_35)
FN:508,(anonymous_36)
FN:534,(anonymous_37)
FN:543,(anonymous_38)
FN:558,(anonymous_39)
FN:565,(anonymous_40)
FN:582,(anonymous_41)
FN:605,(anonymous_42)
FN:658,(anonymous_43)
FN:669,(anonymous_44)
FN:673,(anonymous_45)
FN:678,(anonymous_46)
FN:679,(anonymous_47)
FN:686,(anonymous_48)
FN:703,(anonymous_49)
FN:704,(anonymous_50)
FN:708,(anonymous_51)
FN:716,(anonymous_52)
FN:720,(anonymous_53)
FN:722,(anonymous_54)
FN:773,(anonymous_55)
FN:791,(anonymous_56)
FN:797,(anonymous_57)
FN:803,(anonymous_58)
FN:839,(anonymous_59)
FN:841,(anonymous_60)
FN:854,(anonymous_61)
FN:876,(anonymous_62)
FN:915,(anonymous_63)
FNF:63
FNH:0
FNDA:0,(anonymous_1)
FNDA:0,(anonymous_2)
FNDA:0,(anonymous_3)
FNDA:0,(anonymous_4)
FNDA:0,(anonymous_5)
FNDA:0,(anonymous_6)
FNDA:0,(anonymous_7)
FNDA:0,(anonymous_8)
FNDA:0,(anonymous_9)
FNDA:0,(anonymous_10)
FNDA:0,(anonymous_11)
FNDA:0,(anonymous_12)
FNDA:0,(anonymous_13)
FNDA:0,(anonymous_14)
FNDA:0,(anonymous_15)
FNDA:0,(anonymous_16)
FNDA:0,(anonymous_17)
FNDA:0,(anonymous_18)
FNDA:0,(anonymous_19)
FNDA:0,(anonymous_20)
FNDA:0,(anonymous_21)
FNDA:0,(anonymous_22)
FNDA:0,(anonymous_23)
FNDA:0,(anonymous_24)
FNDA:0,(anonymous_25)
FNDA:0,(anonymous_26)
FNDA:0,(anonymous_27)
FNDA:0,(anonymous_28)
FNDA:0,(anonymous_29)
FNDA:0,(anonymous_30)
FNDA:0,(anonymous_31)
FNDA:0,(anonymous_32)
FNDA:0,(anonymous_33)
FNDA:0,(anonymous_34)
FNDA:0,(anonymous_35)
FNDA:0,(anonymous_36)
FNDA:0,(anonymous_37)
FNDA:0,(anonymous_38)
FNDA:0,(anonymous_39)
FNDA:0,(anonymous_40)
FNDA:0,(anonymous_41)
FNDA:0,(anonymous_42)
FNDA:0,(anonymous_43)
FNDA:0,(anonymous_44)
FNDA:0,(anonymous_45)
FNDA:0,(anonymous_46)
FNDA:0,(anonymous_47)
FNDA:0,(anonymous_48)
FNDA:0,(anonymous_49)
FNDA:0,(anonymous_50)
FNDA:0,(anonymous_51)
FNDA:0,(anonymous_52)
FNDA:0,(anonymous_53)
FNDA:0,(anonymous_54)
FNDA:0,(anonymous_55)
FNDA:0,(anonymous_56)
FNDA:0,(anonymous_57)
FNDA:0,(anonymous_58)
FNDA:0,(anonymous_59)
FNDA:0,(anonymous_60)
FNDA:0,(anonymous_61)
FNDA:0,(anonymous_62)
FNDA:0,(anonymous_63)
DA:2,12
DA:3,12
DA:4,12
DA:35,12
DA:41,0
DA:54,0
DA:63,0
DA:72,0
DA:99,0
DA:100,0
DA:104,0
DA:111,0
DA:112,0
DA:123,0
DA:139,0
DA:140,0
DA:144,0
DA:151,0
DA:160,0
DA:172,0
DA:174,0
DA:181,0
DA:192,0
DA:200,0
DA:202,0
DA:206,0
DA:217,0
DA:231,0
DA:240,0
DA:269,0
DA:282,0
DA:289,0
DA:295,0
DA:308,0
DA:329,0
DA:336,0
DA:344,0
DA:352,0
DA:377,0
DA:386,0
DA:387,0
DA:390,0
DA:394,0
DA:402,0
DA:416,0
DA:420,0
DA:421,0
DA:422,0
DA:424,0
DA:425,0
DA:428,0
DA:429,0
DA:433,0
DA:435,0
DA:457,0
DA:467,0
DA:474,0
DA:475,0
DA:477,0
DA:478,0
DA:481,0
DA:482,0
DA:483,0
DA:485,0
DA:486,0
DA:490,0
DA:491,0
DA:494,0
DA:497,0
DA:499,0
DA:509,0
DA:511,0
DA:512,0
DA:515,0
DA:534,0
DA:535,0
DA:536,0
DA:538,0
DA:539,0
DA:543,0
DA:544,0
DA:545,0
DA:546,0
DA:547,0
DA:550,0
DA:552,0
DA:553,0
DA:555,0
DA:558,0
DA:560,0
DA:561,0
DA:566,0
DA:568,0
DA:583,0
DA:584,0
DA:585,0
DA:587,0
DA:606,0
DA:607,0
DA:611,0
DA:647,0
DA:648,0
DA:652,0
DA:653,0
DA:654,0
DA:657,0
DA:659,0
DA:660,0
DA:665,0
DA:666,0
DA:668,0
DA:670,0
DA:671,0
DA:673,0
DA:677,0
DA:678,0
DA:680,0
DA:681,0
DA:685,0
DA:687,0
DA:688,0
DA:689,0
DA:695,0
DA:696,0
DA:702,0
DA:703,0
DA:704,0
DA:707,0
DA:708,0
DA:712,0
DA:713,0
DA:715,0
DA:717,0
DA:718,0
DA:720,0
DA:722,0
DA:739,0
DA:773,0
DA:793,0
DA:799,0
DA:812,0
DA:839,0
DA:840,0
DA:842,0
DA:845,0
DA:855,0
DA:884,0
DA:887,0
DA:893,0
DA:903,0
DA:920,0
DA:926,0
DA:928,0
LF:153
LH:4
BRDA:47,0,0,0
BRDA:47,0,1,0
BRDA:99,1,0,0
BRDA:99,1,1,0
BRDA:111,2,0,0
BRDA:111,2,1,0
BRDA:139,3,0,0
BRDA:139,3,1,0
BRDA:163,4,0,0
BRDA:163,4,1,0
BRDA:243,5,0,0
BRDA:243,5,1,0
BRDA:272,6,0,0
BRDA:272,6,1,0
BRDA:274,7,0,0
BRDA:274,7,1,0
BRDA:275,8,0,0
BRDA:275,8,1,0
BRDA:278,9,0,0
BRDA:278,9,1,0
BRDA:297,10,0,0
BRDA:297,10,1,0
BRDA:300,11,0,0
BRDA:300,11,1,0
BRDA:302,12,0,0
BRDA:302,12,1,0
BRDA:381,13,0,0
BRDA:381,13,1,0
BRDA:386,14,0,0
BRDA:386,14,1,0
BRDA:433,15,0,0
BRDA:433,15,1,0
BRDA:462,16,0,0
BRDA:462,16,1,0
BRDA:477,17,0,0
BRDA:477,17,1,0
BRDA:477,17,2,0
BRDA:478,18,0,0
BRDA:478,18,1,0
BRDA:482,19,0,0
BRDA:482,19,1,0
BRDA:485,20,0,0
BRDA:485,20,1,0
BRDA:494,21,0,0
BRDA:494,21,1,0
BRDA:538,22,0,0
BRDA:538,22,1,0
BRDA:544,23,0,0
BRDA:544,23,1,0
BRDA:545,24,0,0
BRDA:545,24,1,0
BRDA:546,25,0,0
BRDA:546,25,1,0
BRDA:550,26,0,0
BRDA:550,26,1,0
[...]
FN:216,(anonymous_25)
FN:228,(anonymous_26)
FN:247,(anonymous_27)
FN:255,(anonymous_28)
FN:256,(anonymous_29)
FN:257,(anonymous_30)
FN:264,(anonymous_31)
FN:333,(anonymous_32)
FN:335,(anonymous_33)
FN:339,(anonymous_34)
FN:351,(anonymous_35)
FN:367,(anonymous_36)
FN:368,(anonymous_37)
FN:371,(anonymous_38)
FN:375,(anonymous_39)
FN:379,(anonymous_40)
FN:383,(anonymous_41)
FN:397,(anonymous_42)
FN:399,(anonymous_43)
FN:408,(anonymous_44)
FN:409,(anonymous_45)
FN:410,(anonymous_46)
FN:417,(anonymous_47)
FN:421,(anonymous_48)
FN:422,(anonymous_49)
FN:424,(anonymous_50)
FN:433,(anonymous_51)
FN:434,(anonymous_52)
FNF:43
FNH:2
FNDA:12,(anonymous_10)
FNDA:12,(anonymous_11)
FNDA:0,(anonymous_12)
FNDA:0,(anonymous_13)
FNDA:0,(anonymous_14)
FNDA:0,(anonymous_15)
FNDA:0,(anonymous_16)
FNDA:0,(anonymous_17)
FNDA:0,(anonymous_18)
FNDA:0,(anonymous_19)
FNDA:0,(anonymous_20)
FNDA:0,(anonymous_21)
FNDA:0,(anonymous_22)
FNDA:0,(anonymous_23)
FNDA:0,(anonymous_24)
FNDA:0,(anonymous_25)
FNDA:0,(anonymous_26)
FNDA:0,(anonymous_27)
FNDA:0,(anonymous_28)
FNDA:0,(anonymous_29)
FNDA:0,(anonymous_30)
FNDA:0,(anonymous_31)
FNDA:0,(anonymous_32)
FNDA:0,(anonymous_33)
FNDA:0,(anonymous_34)
FNDA:0,(anonymous_35)
FNDA:0,(anonymous_36)
FNDA:0,(anonymous_37)
FNDA:0,(anonymous_38)
FNDA:0,(anonymous_39)
FNDA:0,(anonymous_40)
FNDA:0,(anonymous_41)
FNDA:0,(anonymous_42)
FNDA:0,(anonymous_43)
FNDA:0,(anonymous_44)
FNDA:0,(anonymous_45)
FNDA:0,(anonymous_46)
FNDA:0,(anonymous_47)
FNDA:0,(anonymous_48)
FNDA:0,(anonymous_49)
FNDA:0,(anonymous_50)
FNDA:0,(anonymous_51)
FNDA:0,(anonymous_52)
DA:6,12
DA:7,12
DA:8,12
DA:9,12
DA:10,12
DA:51,12
DA:52,12
DA:53,12
DA:56,12
DA:57,12
DA:62,12
DA:64,12
DA:65,12
DA:66,0
DA:71,0
DA:73,0
DA:74,0
DA:75,0
DA:76,0
DA:79,0
DA:80,0
DA:83,0
DA:90,0
DA:97,0
DA:98,0
DA:99,0
DA:100,0
DA:101,0
DA:103,0
DA:105,0
DA:106,0
DA:117,0
DA:121,0
DA:123,0
DA:124,0
DA:126,0
DA:127,0
DA:129,0
DA:130,0
DA:132,0
DA:133,0
DA:135,0
DA:136,0
DA:138,0
DA:139,0
DA:141,0
DA:144,0
DA:145,0
DA:152,0
DA:153,0
DA:156,0
DA:158,0
DA:170,0
DA:174,0
DA:175,0
DA:176,0
DA:177,0
DA:178,0
DA:184,0
DA:185,0
DA:191,0
DA:192,0
DA:198,0
DA:199,0
DA:205,0
DA:206,0
DA:207,0
DA:208,0
DA:210,0
DA:214,0
DA:215,0
DA:216,0
DA:229,0
DA:230,0
DA:232,0
DA:233,0
DA:234,0
DA:235,0
DA:238,0
DA:239,0
DA:240,0
DA:244,0
DA:248,0
DA:249,0
DA:251,0
DA:255,0
DA:256,0
DA:257,0
DA:265,0
DA:267,0
DA:275,0
DA:305,0
DA:307,0
DA:308,0
DA:309,0
DA:310,0
DA:312,0
DA:334,0
DA:335,0
DA:337,0
DA:339,0
DA:352,0
DA:353,0
DA:355,0
DA:368,0
DA:372,0
DA:374,0
DA:375,0
DA:378,0
DA:379,0
DA:384,0
DA:393,0
DA:394,0
DA:398,0
DA:399,0
DA:400,0
DA:401,0
DA:402,0
DA:409,0
DA:410,0
DA:412,0
DA:413,0
DA:414,0
DA:418,0
DA:422,0
DA:423,0
DA:424,0
DA:425,0
DA:426,0
DA:427,0
DA:428,0
DA:434,0
DA:439,12
DA:440,12
LF:134
LH:15
BRDA:62,0,0,0
BRDA:62,0,1,12
BRDA:79,1,0,0
BRDA:79,1,1,0
BRDA:95,2,0,0
BRDA:100,3,0,0
BRDA:100,3,1,0
BRDA:100,4,0,0
BRDA:100,4,1,0
BRDA:105,5,0,0
BRDA:105,5,1,0
BRDA:124,6,0,0
BRDA:124,6,1,0
BRDA:124,6,2,0
BRDA:124,6,3,0
BRDA:124,6,4,0
BRDA:124,6,5,0
BRDA:147,7,0,0
BRDA:147,7,1,0
BRDA:177,8,0,0
BRDA:177,8,1,0
BRDA:184,9,0,0
BRDA:184,9,1,0
BRDA:184,10,0,0
BRDA:184,10,1,0
BRDA:191,11,0,0
BRDA:191,11,1,0
BRDA:191,12,0,0
BRDA:191,12,1,0
BRDA:198,13,0,0
BRDA:198,13,1,0
BRDA:234,14,0,0
BRDA:234,14,1,0
BRDA:234,15,0,0
BRDA:234,15,1,0
BRDA:291,16,0,0
BRDA:291,16,1,0
BRDA:292,17,0,0
BRDA:292,17,1,0
BRDA:293,18,0,0
BRDA:293,18,1,0
BRDA:302,19,0,0
BRDA:302,19,1,0
BRDA:316,20,0,0
BRDA:316,20,1,0
BRDA:371,21,0,0
BRDA:374,22,0,0
BRDA:374,22,1,0
BRDA:400,23,0,0
BRDA:400,23,1,0
BRDA:400,24,0,0
BRDA:400,24,1,0
BRDA:412,25,0,0
BRDA:412,25,1,0
BRDA:413,26,0,0
BRDA:413,26,1,0
BRF:56
BRH:1
end_of_record
TN:
SF:src\services\equipmentService.ts
FN:10,(anonymous_0)
FN:24,(anonymous_1)
FN:41,(anonymous_2)
FN:48,(anonymous_3)
FN:52,(anonymous_4)
FN:56,(anonymous_5)
FN:67,(anonymous_6)
FN:72,(anonymous_7)
FN:81,(anonymous_8)
FNF:9
FNH:1
FNDA:0,(anonymous_0)
FNDA:0,(anonymous_1)
FNDA:1,(anonymous_2)
FNDA:0,(anonymous_3)
FNDA:0,(anonymous_4)
FNDA:0,(anonymous_5)
FNDA:0,(anonymous_6)
FNDA:0,(anonymous_7)
FNDA:0,(anonymous_8)
DA:1,12
DA:9,12
DA:12,0
DA:14,0
DA:30,0
DA:32,0
DA:42,1
DA:49,0
DA:53,0
DA:58,0
DA:59,0
DA:69,0
DA:73,0
DA:82,0
LF:14
LH:3
BRDA:12,0,0,0
BRDA:12,0,1,0
BRDA:36,1,0,0
BRDA:36,1,1,0
BRDA:43,2,0,0
BRDA:43,2,1,1
BRDA:61,3,0,0
BRDA:61,3,1,0
BRDA:62,4,0,0
BRDA:62,4,1,0
BRF:10
BRH:1
end_of_record
TN:
SF:src\services\faqService.ts
FN:10,(anonymous_0)
FN:19,(anonymous_1)
FN:25,(anonymous_2)
FN:31,(anonymous_3)
FN:38,(anonymous_4)
FNF:5
FNH:1
FNDA:0,(anonymous_0)
FNDA:1,(anonymous_1)
FNDA:0,(anonymous_2)
FNDA:0,(anonymous_3)
FNDA:0,(anonymous_4)
DA:1,12
DA:9,12
DA:11,0
DA:20,1
DA:26,0
DA:32,0
DA:39,0
LF:7
LH:3
BRF:0
BRH:0
end_of_record
TN:
SF:src\services\geminiService.ts
FN:35,getMockSuggestion
FN:41,(anonymous_2)
FN:66,(anonymous_3)
FN:69,(anonymous_4)
FNF:4
FNH:0
FNDA:0,getMockSuggestion
FNDA:0,(anonymous_2)
FNDA:0,(anonymous_3)
FNDA:0,(anonymous_4)
DA:3,12
DA:4,12
DA:5,12
DA:9,12
DA:11,12
DA:12,12
DA:16,12
DA:17,12
DA:18,12
DA:19,12
DA:21,0
DA:22,0
DA:25,0
DA:28,12
DA:36,0
DA:37,0
DA:40,12
DA:43,0
DA:44,0
DA:45,0
DA:46,0
DA:49,0
DA:52,0
DA:54,0
DA:59,0
DA:65,0
DA:66,0
DA:68,0
DA:69,0
DA:72,0
DA:91,0
DA:92,0
DA:93,0
DA:94,0
DA:96,0
DA:99,0
DA:100,0
DA:103,0
DA:104,0
DA:105,0
DA:109,0
DA:110,0
DA:111,0
DA:113,0
DA:115,0
DA:116,0
DA:117,0
DA:125,0
LF:48
LH:12
BRDA:12,0,0,0
BRDA:12,0,1,12
BRDA:17,1,0,12
BRDA:17,1,1,0
BRDA:43,2,0,0
BRDA:43,2,1,0
BRDA:44,3,0,0
BRDA:44,3,1,0
BRDA:99,4,0,0
BRDA:99,4,1,0
BRDA:103,5,0,0
BRDA:103,5,1,0
BRDA:111,6,0,0
BRDA:111,6,1,0
BRDA:111,6,2,0
BRDA:113,7,0,0
BRDA:113,7,1,0
BRDA:116,8,0,0
BRDA:116,8,1,0
BRF:19
BRH:2
end_of_record
TN:
SF:src\services\googleCalendarService.ts
FN:10,(anonymous_1)
FN:19,(anonymous_2)
FN:29,(anonymous_3)
FN:62,(anonymous_4)
FNF:4
FNH:1
FNDA:12,(anonymous_1)
FNDA:0,(anonymous_2)
FNDA:0,(anonymous_3)
FNDA:0,(anonymous_4)
DA:1,12
DA:2,12
DA:3,12
DA:5,12
DA:7,12
DA:11,12
DA:20,0
DA:30,0
DA:31,0
DA:34,0
DA:43,0
DA:44,0
DA:45,0
DA:47,0
DA:48,0
DA:54,0
DA:56,0
DA:57,0
DA:63,0
DA:64,0
DA:69,0
DA:70,0
DA:71,0
DA:75,0
DA:79,0
DA:81,0
DA:93,0
DA:98,0
DA:100,0
DA:102,0
DA:107,12
LF:31
LH:7
BRDA:47,0,0,0
BRDA:47,0,1,0
BRDA:69,1,0,0
BRDA:69,1,1,0
BRF:4
BRH:0
end_of_record
TN:
SF:src\services\kitService.ts
FN:5,create
FN:15,(anonymous_1)
FN:22,update
FN:35,(anonymous_3)
FN:42,findAll
FN:46,findOne
FN:50,deleteKit
FN:54,findRecommended
FN:58,findPopular
FNF:9
FNH:1
FNDA:0,create
FNDA:0,(anonymous_1)
FNDA:0,update
FNDA:0,(anonymous_3)
FNDA:1,findAll
FNDA:0,findOne
FNDA:0,deleteKit
FNDA:0,findRecommended
FNDA:0,findPopular
DA:1,12
DA:3,12
DA:5,12
DA:6,0
DA:8,0
DA:9,0
DA:13,0
DA:14,0
DA:15,0
DA:17,0
DA:19,0
DA:22,12
DA:27,0
DA:29,0
DA:30,0
DA:33,0
DA:34,0
DA:35,0
DA:37,0
DA:39,0
DA:42,12
DA:43,1
DA:46,12
DA:47,0
DA:50,12
DA:51,0
DA:54,12
DA:55,0
DA:58,12
DA:59,0
LF:30
LH:10
BRDA:8,0,0,0
BRDA:8,0,1,0
BRDA:13,1,0,0
BRDA:13,1,1,0
BRDA:29,2,0,0
BRDA:29,2,1,0
BRDA:33,3,0,0
BRDA:33,3,1,0
BRF:8
BRH:0
end_of_record
TN:
SF:src\services\mailerService.ts
FN:6,(anonymous_1)
FN:36,sendMail
FNF:2
FNH:0
FNDA:0,(anonymous_1)
FNDA:0,sendMail
DA:1,13
DA:2,13
DA:4,13
DA:6,13
DA:7,0
DA:9,0
DA:10,0
DA:11,0
DA:12,0
DA:13,0
DA:15,0
DA:22,0
DA:33,0
DA:36,13
DA:43,0
DA:45,0
DA:46,0
DA:54,0
DA:55,0
DA:57,0
DA:58,0
DA:62,13
LF:22
LH:6
BRDA:7,0,0,0
BRDA:7,0,1,0
BRDA:9,1,0,0
BRDA:9,1,1,0
BRDA:10,2,0,0
BRDA:10,2,1,0
BRDA:11,3,0,0
BRDA:11,3,1,0
BRDA:12,4,0,0
BRDA:12,4,1,0
BRDA:13,5,0,0
BRDA:13,5,1,0
BRDA:19,6,0,0
BRDA:19,6,1,0
BRDA:26,7,0,0
BRDA:26,7,1,0
BRDA:26,8,0,0
BRDA:26,8,1,0
BRDA:43,9,0,0
BRDA:43,9,1,0
BRDA:43,9,2,0
BRDA:43,9,3,0
BRF:22
BRH:0
end_of_record
TN:
SF:src\services\paymentService.ts
FN:2,createCheckoutSession
FN:19,handleWebhookEvent
FN:27,createPaymentIntent
FN:40,confirmPayment
FN:58,refund
FN:71,getHistory
FN:95,getByBooking
FN:115,getAllPayments
FN:142,(anonymous_8)
FN:153,getPaymentStats
FNF:10
FNH:0
FNDA:0,createCheckoutSession
FNDA:0,handleWebhookEvent
FNDA:0,createPaymentIntent
FNDA:0,confirmPayment
FNDA:0,refund
FNDA:0,getHistory
FNDA:0,getByBooking
FNDA:0,getAllPayments
FNDA:0,(anonymous_8)
FNDA:0,getPaymentStats
DA:2,12
DA:7,0
DA:19,12
DA:24,0
DA:27,12
DA:29,0
DA:40,12
DA:42,0
DA:58,12
DA:60,0
DA:71,12
DA:73,0
DA:95,12
DA:97,0
DA:115,12
DA:117,0
DA:141,0
DA:142,0
DA:145,0
DA:153,12
DA:156,0
LF:21
LH:9
BRDA:63,0,0,0
BRDA:63,0,1,0
BRDA:141,1,0,0
BRDA:141,1,1,0
BRF:4
BRH:0
end_of_record
TN:
SF:src\services\portfolioService.ts
FN:6,updatePortfolio
FN:18,create
FN:66,findAll
FN:70,deletePortfolio
FNF:4
FNH:1
FNDA:0,updatePortfolio
FNDA:0,create
FNDA:1,findAll
FNDA:0,deletePortfolio
DA:1,12
DA:2,12
DA:6,12
DA:7,0
DA:8,0
DA:9,0
DA:10,0
DA:11,0
DA:12,0
DA:14,0
DA:15,0
DA:18,12
DA:27,0
DA:28,0
DA:32,0
DA:33,0
DA:37,0
DA:38,0
DA:39,0
DA:40,0
DA:43,0
DA:51,0
DA:58,0
DA:59,0
DA:61,0
DA:62,0
DA:66,12
DA:67,1
DA:70,12
DA:71,0
LF:30
LH:7
BRDA:8,0,0,0
BRDA:8,0,1,0
BRDA:9,1,0,0
BRDA:9,1,1,0
BRDA:10,2,0,0
BRDA:10,2,1,0
BRDA:11,3,0,0
BRDA:11,3,1,0
BRDA:12,4,0,0
BRDA:12,4,1,0
BRDA:14,5,0,0
BRDA:14,5,1,0
BRDA:27,6,0,0
BRDA:27,6,1,0
BRDA:27,7,0,0
BRDA:27,7,1,0
BRDA:27,7,2,0
BRDA:32,8,0,0
BRDA:32,8,1,0
BRDA:38,9,0,0
BRDA:38,9,1,0
BRDA:39,10,0,0
BRDA:39,10,1,0
BRF:23
BRH:0
end_of_record
TN:
SF:src\services\reviewService.ts
FN:16,findPublicReviews
FN:29,create
FN:95,findAll
FN:134,findByEquipment
FN:158,findByUser
FN:180,update
FN:200,deleteReview
FN:207,approve
FN:228,reject
FN:249,getStats
FN:280,getRecent
FNF:11
FNH:1
FNDA:0,findPublicReviews
FNDA:0,create
FNDA:1,findAll
FNDA:0,findByEquipment
FNDA:0,findByUser
FNDA:0,update
FNDA:0,deleteReview
FNDA:0,approve
FNDA:0,reject
FNDA:0,getStats
FNDA:0,getRecent
DA:1,12
DA:16,12
DA:17,0
DA:29,12
DA:44,0
DA:49,0
DA:50,0
DA:53,0
DA:54,0
DA:58,0
DA:59,0
DA:60,0
DA:64,0
DA:65,0
DA:66,0
DA:70,0
DA:95,12
DA:96,1
DA:98,1
DA:99,0
DA:102,1
DA:103,0
DA:112,1
DA:134,12
DA:135,0
DA:158,12
DA:159,0
DA:180,12
DA:181,0
DA:200,12
DA:201,0
DA:205,12
DA:207,12
DA:209,0
DA:228,12
DA:230,0
DA:249,12
DA:250,0
DA:251,0
DA:257,0
DA:264,0
DA:272,0
DA:280,12
DA:281,0
LF:44
LH:17
BRDA:49,0,0,0
BRDA:49,0,1,0
BRDA:53,1,0,0
BRDA:53,1,1,0
BRDA:59,2,0,0
BRDA:59,2,1,0
BRDA:59,3,0,0
BRDA:59,3,1,0
BRDA:65,4,0,0
BRDA:65,4,1,0
BRDA:74,5,0,0
BRDA:74,5,1,0
BRDA:75,6,0,0
BRDA:75,6,1,0
BRDA:98,7,0,0
BRDA:98,7,1,1
BRDA:102,8,0,0
BRDA:102,8,1,1
BRDA:274,9,0,0
BRDA:274,9,1,0
BRDA:280,10,0,0
BRF:21
BRH:2
end_of_record
TN:
SF:src\services\uploadService.ts
FN:8,(anonymous_1)
FN:22,(anonymous_2)
FN:11,(anonymous_3)
FN:50,(anonymous_4)
FN:55,(anonymous_5)
FN:56,(anonymous_6)
FN:123,(anonymous_7)
FN:151,(anonymous_8)
FN:152,(anonymous_9)
FN:162,(anonymous_10)
FNF:10
FNH:2
FNDA:49,(anonymous_1)
FNDA:0,(anonymous_2)
FNDA:157,(anonymous_3)
FNDA:0,(anonymous_4)
FNDA:0,(anonymous_5)
FNDA:0,(anonymous_6)
FNDA:0,(anonymous_7)
FNDA:0,(anonymous_8)
FNDA:0,(anonymous_9)
FNDA:0,(anonymous_10)
DA:1,13
DA:2,13
DA:3,13
DA:8,13
DA:12,157
DA:22,49
DA:23,0
DA:29,0
DA:35,0
DA:41,0
DA:42,0
DA:44,0
DA:45,0
DA:51,0
DA:56,0
DA:58,0
DA:61,0
DA:69,0
DA:79,0
DA:86,0
DA:96,0
DA:97,0
DA:98,0
DA:99,0
DA:101,0
DA:102,0
DA:103,0
DA:104,0
DA:105,0
DA:106,0
DA:107,0
DA:108,0
DA:109,0
DA:110,0
DA:111,0
DA:113,0
DA:114,0
DA:115,0
DA:119,0
DA:121,0
DA:124,0
DA:127,0
DA:132,0
DA:133,0
DA:134,0
DA:136,0
DA:137,0
DA:138,0
DA:139,0
DA:141,0
DA:142,0
DA:146,0
DA:152,0
DA:153,0
DA:163,0
DA:164,0
DA:165,0
DA:167,0
DA:170,0
LF:59
LH:6
BRDA:29,0,0,0
BRDA:29,0,1,0
BRDA:29,0,2,0
BRDA:29,0,3,0
BRDA:29,0,4,0
BRDA:41,1,0,0
BRDA:41,1,1,0
BRDA:50,2,0,0
BRDA:58,3,0,0
BRDA:58,3,1,0
BRDA:58,3,2,0
BRDA:75,4,0,0
BRDA:75,4,1,0
BRDA:97,5,0,0
BRDA:97,5,1,0
BRDA:104,6,0,0
BRDA:104,6,1,0
BRDA:119,7,0,0
BRDA:119,7,1,0
BRDA:122,8,0,0
BRDA:122,8,1,0
BRDA:124,9,0,0
BRDA:124,9,1,0
BRDA:132,10,0,0
BRDA:132,10,1,0
BRDA:136,11,0,0
BRDA:136,11,1,0
BRDA:163,12,0,0
BRDA:163,12,1,0
BRDA:167,13,0,0
BRDA:167,13,1,0
BRF:31
BRH:0
end_of_record
TN:
SF:src\services\userService.ts
FN:2,findAllClients
FN:10,deleteUser
FN:15,getUserById
FN:23,getAllUsers
FN:48,updateUserRole
FN:56,getTotalUsers
FN:61,requestPasswordReset
FN:90,(anonymous_17)
FN:105,generateEmailVerificationToken
FN:112,verifyEmailByToken
FN:119,resendEmailVerification
FN:127,(anonymous_21)
FN:134,changePassword
FN:171,register
FN:192,(anonymous_24)
FN:199,login
FN:254,getProfile
FN:273,updateProfile
FN:312,listUsers
FN:318,forgotPassword
FN:335,resetPassword
FN:356,(anonymous_31)
FN:368,getUserStats
FN:423,promoteToVip
FNF:24
FNH:4
FNDA:0,findAllClients
FNDA:0,deleteUser
FNDA:0,getUserById
FNDA:0,getAllUsers
FNDA:0,updateUserRole
FNDA:0,getTotalUsers
FNDA:0,requestPasswordReset
FNDA:0,(anonymous_17)
FNDA:0,generateEmailVerificationToken
FNDA:0,verifyEmailByToken
FNDA:0,resendEmailVerification
FNDA:0,(anonymous_21)
FNDA:0,changePassword
FNDA:3,register
FNDA:0,(anonymous_24)
FNDA:2,login
FNDA:0,getProfile
FNDA:1,updateProfile
FNDA:0,listUsers
FNDA:0,forgotPassword
FNDA:0,resetPassword
FNDA:0,(anonymous_31)
FNDA:0,getUserStats
FNDA:4,promoteToVip
DA:2,13
DA:3,0
DA:10,13
DA:11,0
DA:15,13
DA:16,0
DA:23,13
DA:24,0
DA:25,0
DA:27,0
DA:34,0
DA:44,0
DA:48,13
DA:49,0
DA:56,13
DA:57,0
DA:61,13
DA:64,0
DA:65,0
DA:66,0
DA:67,0
DA:71,0
DA:75,0
DA:76,0
DA:78,0
DA:87,0
DA:88,0
DA:89,0
DA:90,0
DA:98,0
DA:102,0
DA:105,13
DA:106,0
DA:107,0
DA:108,0
DA:109,0
DA:112,13
DA:113,0
DA:114,0
DA:115,0
DA:116,0
DA:119,13
DA:120,0
DA:121,0
DA:122,0
DA:123,0
DA:124,0
DA:125,0
DA:126,0
DA:127,0
DA:129,0
DA:131,0
DA:134,13
DA:135,0
DA:136,0
DA:137,0
DA:141,0
DA:142,0
DA:143,0
DA:147,0
DA:148,0
DA:153,0
DA:156,13
DA:158,13
DA:159,13
DA:160,13
DA:161,13
DA:162,13
DA:166,13
DA:171,13
DA:172,3
DA:175,0
DA:176,0
DA:177,0
DA:182,0
DA:183,0
DA:185,0
DA:188,0
DA:189,0
DA:190,0
DA:191,0
DA:192,0
DA:194,0
DA:196,0
DA:199,13
DA:200,2
DA:201,0
DA:202,0
DA:203,0
DA:205,0
DA:206,0
DA:207,0
DA:208,0
DA:210,0
DA:217,0
DA:224,0
DA:225,0
DA:226,0
DA:228,0
DA:229,0
DA:231,0
DA:232,0
DA:234,0
DA:235,0
DA:238,0
DA:241,0
DA:254,13
DA:255,0
DA:267,0
DA:268,0
DA:273,13
DA:278,1
DA:280,1
DA:281,0
DA:285,1
DA:286,1
DA:287,0
DA:289,1
DA:290,1
DA:303,0
DA:305,1
DA:306,0
DA:308,1
DA:312,13
DA:313,0
DA:318,13
DA:319,0
DA:320,0
DA:321,0
DA:322,0
DA:323,0
DA:332,0
DA:335,13
DA:336,0
DA:342,0
DA:344,0
DA:345,0
DA:355,0
DA:356,0
DA:362,0
DA:365,0
DA:368,13
DA:369,0
DA:370,0
DA:404,0
DA:411,0
DA:413,0
DA:423,13
DA:425,4
DA:426,4
DA:429,3
DA:432,2
DA:434,2
DA:436,1
DA:440,1
DA:442,1
LF:156
LH:45
BRDA:27,0,0,0
BRDA:27,0,1,0
BRDA:65,1,0,0
BRDA:65,1,1,0
BRDA:88,2,0,0
BRDA:88,2,1,0
BRDA:92,3,0,0
BRDA:92,3,1,0
BRDA:114,4,0,0
BRDA:114,4,1,0
BRDA:121,5,0,0
BRDA:121,5,1,0
BRDA:122,6,0,0
BRDA:122,6,1,0
BRDA:124,7,0,0
BRDA:124,7,1,0
BRDA:136,8,0,0
BRDA:136,8,1,0
BRDA:142,9,0,0
BRDA:142,9,1,0
BRDA:175,10,0,0
BRDA:175,10,1,0
BRDA:190,11,0,0
BRDA:190,11,1,0
BRDA:201,12,0,0
BRDA:201,12,1,0
BRDA:203,13,0,0
BRDA:203,13,1,0
BRDA:205,14,0,0
BRDA:205,14,1,0
BRDA:205,15,0,0
BRDA:205,15,1,0
BRDA:226,16,0,0
BRDA:226,16,1,0
BRDA:226,16,2,0
BRDA:226,16,3,0
BRDA:267,17,0,0
BRDA:267,17,1,0
BRDA:280,18,0,0
BRDA:280,18,1,1
BRDA:286,19,0,0
BRDA:286,19,1,1
BRDA:305,20,0,0
BRDA:305,20,1,1
BRDA:305,21,0,1
BRDA:305,21,1,1
BRDA:305,21,2,1
BRDA:320,22,0,0
BRDA:320,22,1,0
BRDA:342,23,0,0
BRDA:342,23,1,0
BRDA:358,24,0,0
BRDA:358,24,1,0
BRDA:406,25,0,0
BRDA:406,25,1,0
BRDA:426,26,0,1
BRDA:426,26,1,3
BRDA:429,27,0,1
BRDA:429,27,1,2
BRDA:434,28,0,1
BRDA:434,28,1,1
BRF:61
BRH:12
end_of_record
TN:
SF:src\templates\emailTemplates.ts
FN:27,(anonymous_0)
FN:208,(anonymous_1)
FNF:2
FNH:0
FNDA:0,(anonymous_0)
FNDA:0,(anonymous_1)
DA:17,10
DA:18,10
DA:19,10
DA:20,10
DA:21,10
DA:28,0
DA:30,0
DA:171,0
DA:198,0
DA:209,0
DA:281,0
DA:296,0
LF:12
LH:5
BRDA:104,0,0,0
BRDA:104,0,1,0
BRDA:104,1,0,0
BRDA:104,1,1,0
BRDA:110,2,0,0
BRDA:110,2,1,0
BRDA:115,3,0,0
BRDA:115,3,1,0
BRDA:183,4,0,0
BRDA:183,4,1,0
BRDA:184,5,0,0
BRDA:184,5,1,0
BRDA:245,6,0,0
BRDA:245,6,1,0
BRDA:287,7,0,0
BRDA:287,7,1,0
BRF:16
BRH:0
end_of_record
TN:
SF:src\types\common.ts
FN:19,createAppError
FN:27,isAppError
FN:31,getErrorMessage
FN:37,getErrorCode
FN:54,isPrismaError
FN:60,isPrismaValidationError
FN:243,hasMessage
FN:252,hasCode
FNF:8
FNH:3
FNDA:0,createAppError
FNDA:2,isAppError
FNDA:7,getErrorMessage
FNDA:2,getErrorCode
FNDA:0,isPrismaError
FNDA:0,isPrismaValidationError
FNDA:0,hasMessage
FNDA:0,hasCode
DA:7,14
DA:19,14
DA:20,0
DA:21,0
DA:22,0
DA:23,0
DA:24,0
DA:27,14
DA:28,2
DA:31,14
DA:32,7
DA:33,0
DA:34,0
DA:37,14
DA:38,2
DA:39,0
DA:54,14
DA:57,0
DA:60,14
DA:63,0
DA:243,14
DA:244,0
DA:252,14
DA:253,0
LF:24
LH:12
BRDA:23,0,0,0
BRDA:23,0,1,0
BRDA:32,1,0,7
BRDA:32,1,1,0
BRDA:33,2,0,0
BRDA:33,2,1,0
BRDA:38,3,0,2
BRDA:38,3,1,0
BRDA:245,4,0,0
BRDA:245,4,1,0
BRDA:245,4,2,0
BRDA:245,4,3,0
BRDA:254,5,0,0
BRDA:254,5,1,0
BRDA:254,5,2,0
BRDA:254,5,3,0
BRF:16
BRH:2
end_of_record
TN:
SF:src\utils\bookingErrors.ts
FN:2,(anonymous_0)
FN:9,(anonymous_1)
FN:16,(anonymous_2)
FN:23,(anonymous_3)
FN:30,(anonymous_4)
FNF:5
FNH:5
FNDA:2,(anonymous_0)
FNDA:1,(anonymous_1)
FNDA:1,(anonymous_2)
FNDA:1,(anonymous_3)
FNDA:1,(anonymous_4)
DA:1,16
DA:3,2
DA:4,2
DA:8,16
DA:10,1
DA:11,1
DA:15,16
DA:17,1
DA:18,1
DA:22,16
DA:24,1
DA:25,1
DA:29,16
DA:31,1
DA:32,1
LF:15
LH:15
BRDA:9,0,0,1
BRDA:23,1,0,1
BRF:2
BRH:2
end_of_record
TN:
SF:src\utils\safeFetch.ts
FN:15,safeFetch
FN:39,(anonymous_2)
FN:44,(anonymous_3)
FN:69,(anonymous_4)
FN:94,(anonymous_5)
FNF:5
FNH:3
FNDA:5,safeFetch
FNDA:0,(anonymous_2)
FNDA:4,(anonymous_3)
FNDA:5,(anonymous_4)
FNDA:0,(anonymous_5)
DA:1,14
DA:2,14
DA:3,14
DA:4,14
DA:6,14
DA:15,14
DA:16,5
DA:18,5
DA:19,5
DA:20,5
DA:23,5
DA:24,5
DA:25,0
DA:29,5
DA:30,0
DA:32,0
DA:33,0
DA:34,0
DA:38,5
DA:39,5
DA:42,5
DA:44,5
DA:45,4
DA:46,4
DA:47,4
DA:48,4
DA:49,4
DA:50,9
DA:51,9
DA:54,1
DA:56,0
DA:57,0
DA:58,0
DA:59,0
DA:60,0
DA:66,1
DA:69,5
DA:70,5
DA:71,4
DA:72,4
DA:73,4
DA:77,5
DA:78,5
DA:80,1
DA:82,1
DA:84,1
DA:85,1
DA:86,1
DA:87,1
DA:89,0
DA:90,0
DA:92,0
DA:94,0
DA:97,0
DA:98,0
DA:103,0
DA:104,0
DA:106,0
DA:109,1
DA:112,1
DA:113,1
DA:115,1
DA:116,1
DA:117,0
DA:118,0
DA:122,0
DA:123,0
DA:125,0
DA:129,0
DA:130,0
DA:134,0
DA:135,0
DA:139,0
DA:140,0
DA:141,0
DA:142,0
DA:147,0
DA:148,0
DA:149,0
DA:151,1
DA:152,1
DA:154,0
DA:156,4
DA:157,4
LF:84
LH:48
BRDA:15,0,0,1
BRDA:16,1,0,5
BRDA:16,2,0,5
BRDA:16,3,0,1
BRDA:19,4,0,0
BRDA:19,4,1,5
BRDA:19,5,0,5
BRDA:19,5,1,5
BRDA:20,6,0,0
BRDA:20,6,1,5
BRDA:24,7,0,0
BRDA:24,7,1,5
BRDA:29,8,0,0
BRDA:29,8,1,5
BRDA:33,9,0,0
BRDA:33,9,1,0
BRDA:47,10,0,4
BRDA:47,10,1,0
BRDA:51,11,0,3
BRDA:51,11,1,6
BRDA:54,12,0,0
BRDA:54,12,1,1
BRDA:56,13,0,0
BRDA:56,13,1,0
BRDA:60,14,0,0
BRDA:60,14,1,0
BRDA:70,15,0,1
BRDA:70,15,1,4
BRDA:73,16,0,3
BRDA:73,16,1,1
BRDA:80,17,0,0
BRDA:80,17,1,1
BRDA:85,18,0,1
BRDA:85,18,1,1
BRDA:87,19,0,0
BRDA:87,19,1,1
BRDA:90,20,0,0
BRDA:90,20,1,0
BRDA:90,21,0,0
BRDA:90,21,1,0
BRDA:103,22,0,0
BRDA:103,22,1,0
BRDA:113,23,0,0
BRDA:113,23,1,1
BRDA:116,24,0,0
BRDA:116,24,1,1
BRDA:116,25,0,1
BRDA:116,25,1,0
BRDA:118,26,0,0
BRDA:118,26,1,0
BRDA:129,27,0,0
BRDA:129,27,1,0
BRDA:134,28,0,0
BRDA:134,28,1,0
BRDA:139,29,0,0
BRDA:139,29,1,0
BRDA:141,30,0,0
BRDA:141,30,1,0
BRF:58
BRH:25
end_of_record
TN:
SF:src\validators\bookingSchema.ts
FN:24,(anonymous_0)
FN:30,(anonymous_1)
FN:73,(anonymous_2)
FN:83,(anonymous_3)
FN:93,(anonymous_4)
FNF:5
FNH:0
FNDA:0,(anonymous_0)
FNDA:0,(anonymous_1)
FNDA:0,(anonymous_2)
FNDA:0,(anonymous_3)
FNDA:0,(anonymous_4)
DA:1,12
DA:2,12
DA:5,12
DA:25,0
DA:26,0
DA:31,0
DA:32,0
DA:71,12
DA:75,0
DA:85,0
DA:95,0
DA:96,0
DA:97,0
DA:106,12
DA:119,12
DA:122,12
DA:127,12
DA:132,12
LF:18
LH:9
BRDA:75,0,0,0
BRDA:75,0,1,0
BRDA:75,0,2,0
BRDA:75,0,3,0
BRDA:85,1,0,0
BRDA:85,1,1,0
BRDA:85,1,2,0
BRF:7
BRH:0
end_of_record
TN:
SF:src\validators\categorySchema.ts
FNF:0
FNH:0
DA:1,12
DA:3,12
DA:7,12
LF:3
LH:3
BRF:0
BRH:0
end_of_record
TN:
SF:src\validators\equipmentSchema.ts
FNF:0
FNH:0
DA:1,12
DA:3,12
LF:2
LH:2
BRF:0
BRH:0
end_of_record
TN:
SF:src\validators\reviewSchema.ts
FNF:0
FNH:0
DA:1,12
DA:3,12
LF:2
LH:2
BRF:0
BRH:0
end_of_record
TN:
SF:src\validators\userSchema.ts
FNF:0
FNH:0
DA:1,13
DA:3,13
DA:22,13
DA:23,13
DA:30,13
DA:31,13
DA:33,13
DA:39,13
LF:8
LH:8
BRDA:31,0,0,0
BRDA:31,0,1,13
BRF:2
BRH:1
end_of_record
